[2016.03.03-12.53.10:007][  0]Log file open, 03/03/16 12:53:10
[2016.03.03-12.53.10:007][  0]LogInit:Display: Running engine for game: ForestTale
[2016.03.03-12.53.10:007][  0]LogPlatformFile: Not using cached read wrapper
[2016.03.03-12.53.10:007][  0]LogInit:Display: RandInit(-1485555377) SRandInit(-1485555374).
[2016.03.03-12.53.10:007][  0]LogTaskGraph: Started task graph with 4 named threads and 7 total threads.
[2016.03.03-12.53.10:007][  0]LogStats: Stats thread started at 3.193908
[2016.03.03-12.53.10:007][  0]LogInit: Version: 4.10.2-2818068+++depot+UE4-Releases+4.10
[2016.03.03-12.53.10:007][  0]LogInit: API Version: 2758231
[2016.03.03-12.53.10:007][  0]LogInit: Compiled (64-bit): Jan  6 2016 17:36:42
[2016.03.03-12.53.10:007][  0]LogInit: Compiled with Visual C++: 19.00.23026.00
[2016.03.03-12.53.10:007][  0]LogInit: Build Configuration: Development
[2016.03.03-12.53.10:007][  0]LogInit: Branch Name: ++depot+UE4-Releases+4.10
[2016.03.03-12.53.10:007][  0]LogInit: Command line:  
[2016.03.03-12.53.10:007][  0]LogInit: Base directory: E:/Programs/Epic Games/4.10/Engine/Binaries/Win64/
[2016.03.03-12.53.10:008][  0]LogInit: Rocket: 1
[2016.03.03-12.53.10:099][  0]LogInit: Using libcurl 7.41.0
[2016.03.03-12.53.10:099][  0]LogInit:  - built for x86_64-pc-win32
[2016.03.03-12.53.10:099][  0]LogInit:  - supports SSL with WinSSL
[2016.03.03-12.53.10:099][  0]LogInit:  - other features:
[2016.03.03-12.53.10:099][  0]LogInit:      CURL_VERSION_SSL
[2016.03.03-12.53.10:099][  0]LogInit:      CURL_VERSION_IPV6
[2016.03.03-12.53.10:099][  0]LogInit:      CURL_VERSION_ASYNCHDNS
[2016.03.03-12.53.10:099][  0]LogInit:      CURL_VERSION_LARGEFILE
[2016.03.03-12.53.10:099][  0]LogInit:      CURL_VERSION_IDN
[2016.03.03-12.53.10:100][  0]LogInit:  CurlRequestOptions (configurable via config and command line):
[2016.03.03-12.53.10:100][  0]LogInit:  - bVerifyPeer = true  - Libcurl will verify peer certificate
[2016.03.03-12.53.10:100][  0]LogInit:  - bUseHttpProxy = false  - Libcurl will NOT use HTTP proxy
[2016.03.03-12.53.10:100][  0]LogInit:  - bDontReuseConnections = false  - Libcurl will reuse connections
[2016.03.03-12.53.10:100][  0]LogInit:  - CertBundlePath = nullptr  - Libcurl will use whatever was configured at build time.
[2016.03.03-12.53.10:334][  0]LogInit: Presizing for 0 objects not considered by GC, pre-allocating 0 bytes.
[2016.03.03-12.53.10:518][  0]LogInit: Object subsystem initialized
[2016.03.03-12.53.10:732][  0]LogInit: Selected Device Profile: [Windows]
[2016.03.03-12.53.10:732][  0]LogInit: Applying CVar settings loaded from the selected device profile: [Windows]
[2016.03.03-12.53.10:852][  0]LogInit: Computer: JAC-PC
[2016.03.03-12.53.10:852][  0]LogInit: User: Jac
[2016.03.03-12.53.10:852][  0]LogInit: CPU Page size=4096, Cores=4
[2016.03.03-12.53.10:852][  0]LogInit: High frequency timer resolution =3.423916 MHz
[2016.03.03-12.53.10:852][  0]LogMemory: Memory total: Physical=7.9GB (8GB approx)
[2016.03.03-12.53.10:852][  0]LogMemory: Platform Memory Stats for Windows
[2016.03.03-12.53.10:852][  0]LogMemory: Process Physical Memory: 57.26 MB used, 57.26 MB peak
[2016.03.03-12.53.10:852][  0]LogMemory: Process Virtual Memory: 56.89 MB used, 56.89 MB peak
[2016.03.03-12.53.10:852][  0]LogMemory: Physical Memory: 4542.06 MB used, 8129.75 MB total
[2016.03.03-12.53.10:852][  0]LogMemory: Virtual Memory: 379.68 MB used, 134217728.00 MB total
[2016.03.03-12.53.11:958][  0]LogTextLocalizationManager: No specific translations for ('en-GB') exist, so ('en') translations will be used.
[2016.03.03-12.53.13:881][  0]LogD3D11RHI: Found D3D11 adapter 0: NVIDIA GeForce GTX 770 (Feature Level 11_0)
[2016.03.03-12.53.13:881][  0]LogD3D11RHI: Adapter has 4026MB of dedicated video memory, 0MB of dedicated system memory, and 4064MB of shared system memory, 2 output[s]
[2016.03.03-12.53.13:884][  0]LogD3D11RHI: Found D3D11 adapter 1: Microsoft Basic Render Driver (Feature Level 11_0)
[2016.03.03-12.53.13:884][  0]LogD3D11RHI: Adapter has 0MB of dedicated video memory, 0MB of dedicated system memory, and 4064MB of shared system memory, 0 output[s]
[2016.03.03-12.53.13:884][  0]LogD3D11RHI: Chosen D3D11 Adapter Id = 0
[2016.03.03-12.53.13:887][  0]LogD3D11RHI: !Direct3DDevice
[2016.03.03-12.53.13:887][  0]LogRHI: Texture pool is 1361 MB (70% of 1945 MB)
[2016.03.03-12.53.13:908][  0]LogD3D11RHI: Async texture creation enabled
[2016.03.03-12.53.14:807][  0]LogShaderCompilers: Guid format shader working directory is 3 characters bigger than the processId version (J:/Work/Uni/Year 2/Off The Map/ForestTale/Intermediate/Shaders/WorkingDirectory/3872/).
[2016.03.03-12.53.14:807][  0]LogShaderCompilers: Cleaned the shader compiler working directory 'C:/Users/Jac/AppData/Local/Temp/UnrealShaderWorkingDir/F8FB428F4D896F14AE8B079773DEB888/'.
[2016.03.03-12.53.14:812][  0]LogShaderCompilers:Display: Using Local Shader Compiler.
[2016.03.03-12.53.18:824][  0]LogTemp:Display: Loaded TP AllDesktopTargetPlatform
[2016.03.03-12.53.18:842][  0]LogTemp:Display: Loaded TP WindowsClientTargetPlatform
[2016.03.03-12.53.18:859][  0]LogTemp:Display: Loaded TP WindowsNoEditorTargetPlatform
[2016.03.03-12.53.18:871][  0]LogTemp:Display: Loaded TP WindowsServerTargetPlatform
[2016.03.03-12.53.18:913][  0]LogTemp:Display: Loaded TP WindowsTargetPlatform
[2016.03.03-12.53.18:926][  0]LogTemp:Display: Loaded TP Android_ASTCTargetPlatform
[2016.03.03-12.53.18:945][  0]LogTemp:Display: Loaded TP Android_ATCTargetPlatform
[2016.03.03-12.53.18:957][  0]LogTemp:Display: Loaded TP Android_DXTTargetPlatform
[2016.03.03-12.53.18:966][  0]LogTemp:Display: Loaded TP Android_ETC1TargetPlatform
[2016.03.03-12.53.18:974][  0]LogTemp:Display: Loaded TP Android_ETC2TargetPlatform
[2016.03.03-12.53.19:005][  0]LogTemp:Display: Loaded TP Android_MultiTargetPlatform
[2016.03.03-12.53.19:005][  0]LogTemp:Display: Loaded TP Android_PVRTCTargetPlatform
[2016.03.03-12.53.19:040][  0]LogTemp:Display: Loaded TP AndroidTargetPlatform
[2016.03.03-12.53.19:041][  0]LogTemp:Display: Loaded TP HTML5TargetPlatform
[2016.03.03-12.53.19:185][  0]LogTemp:Display: Loaded TP IOSTargetPlatform
[2016.03.03-12.53.19:201][  0]LogTemp:Display: Loaded TP LinuxNoEditorTargetPlatform
[2016.03.03-12.53.19:208][  0]LogTemp:Display: Loaded TP LinuxServerTargetPlatform
[2016.03.03-12.53.19:224][  0]LogTemp:Display: Loaded TP LinuxTargetPlatform
[2016.03.03-12.53.19:224][  0]LogTargetPlatformManager:Display: Building Assets For Windows
[2016.03.03-12.53.19:995][  0]LogDerivedDataCache:Display: Max Cache Size: 512 MB
[2016.03.03-12.53.20:240][  0]LogDerivedDataCache: Loaded boot cache 0.24s 41MB C:/Users/Jac/AppData/Local/UnrealEngine/4.10/DerivedDataCache/Boot.ddc.
[2016.03.03-12.53.20:240][  0]LogDerivedDataCache:Display: Loaded Boot cache: C:/Users/Jac/AppData/Local/UnrealEngine/4.10/DerivedDataCache/Boot.ddc
[2016.03.03-12.53.20:240][  0]LogDerivedDataCache: FDerivedDataBackendGraph:  Pak pak cache file J:/Work/Uni/Year 2/Off The Map/ForestTale/DerivedDataCache/DDC.ddp not found, will not use a pak cache.
[2016.03.03-12.53.20:240][  0]LogDerivedDataCache: Unable to find inner node Pak for hierarchical cache Hierarchy.
[2016.03.03-12.53.20:240][  0]LogDerivedDataCache: FDerivedDataBackendGraph:  CompressedPak pak cache file J:/Work/Uni/Year 2/Off The Map/ForestTale/DerivedDataCache/Compressed.ddp not found, will not use a pak cache.
[2016.03.03-12.53.20:240][  0]LogDerivedDataCache: Unable to find inner node CompressedPak for hierarchical cache Hierarchy.
[2016.03.03-12.53.20:342][  0]LogDerivedDataCache:Display: Pak cache opened for reading ../../../Engine/DerivedDataCache/Compressed.ddp.
[2016.03.03-12.53.20:354][  0]LogDerivedDataCache: Using Local data cache path C:/Users/Jac/AppData/Local/UnrealEngine/Common/DerivedDataCache: Writable
[2016.03.03-12.53.31:285][  0]LogInit: Selected Device Profile: [Windows]
[2016.03.03-12.53.31:458][  0]LogContentStreaming: Texture pool size is 0.000000MB
[2016.03.03-12.53.33:291][  0]LogMeshUtilities: No automatic mesh reduction module available
[2016.03.03-12.53.33:291][  0]LogMeshUtilities: No automatic mesh merging module available
[2016.03.03-12.53.37:545][  0]LogInit: WinSock: version 1.1 (2.2), MaxSocks=32767, MaxUdp=65467
[2016.03.03-12.53.53:917][  0]UdpMessaging: Initializing bridge on interface 0.0.0.0:0 to multicast group 230.0.0.1:6666.
[2016.03.03-12.53.54:183][  0]LogAssetRegistry: FAssetRegistry took 0.0145 seconds to start up
[2016.03.03-12.53.58:249][  0]SourceControl: Info Source control is disabled
[2016.03.03-12.53.58:251][  0]SourceControl: Info Source control is disabled
[2016.03.03-12.53.58:342][  0]SourceControl: Info Source control is disabled
[2016.03.03-12.53.58:450][  0]SourceControl: Info Source control is disabled
[2016.03.03-12.54.00:324][  0]LogObj: 28802 objects as part of root set at end of initial load.
[2016.03.03-12.54.00:324][  0]LogUObjectAllocator: 6129768 out of 0 bytes used by permanent object pool.
[2016.03.03-12.54.01:562][  0]LogEngine: Initializing Engine...
[2016.03.03-12.54.01:627][  0]LogHMD: Can't find Oculus library dev build: is proper Runtime installed? Version: 0.8.0.0
[2016.03.03-12.54.01:692][  0]LogHMD: SteamVR failed to initialize.  Err: 110
[2016.03.03-12.54.02:902][  0]LogAIModule: Creating AISystem for world NewWorld
[2016.03.03-12.54.03:356][  0]LogInit: XAudio2 using 'Speakers (Realtek High Definition Audio)' : 2 channels at 48 kHz using 32 bits per sample (channel mask 0x3)
[2016.03.03-12.54.03:422][  0]LogInit: FAudioDevice initialized.
[2016.03.03-12.54.03:442][  0]LogDerivedDataCache: Saved boot cache 0.02s 41MB C:/Users/Jac/AppData/Local/UnrealEngine/4.10/DerivedDataCache/Boot.ddc.
[2016.03.03-12.54.03:446][  0]LogInit: Texture streaming: Enabled
[2016.03.03-12.54.03:545][  0]LogAnalytics: Creating configured Analytics provider AnalyticsET
[2016.03.03-12.54.03:545][  0]LogAnalytics: [UEEditor.Rocket.Release] APIServer = http://et2.epicgames.com/ET2/. AppVersion = 4.10.2-2818068+++depot+UE4-Releases+4.10
[2016.03.03-12.54.03:545][  0]LogAnalytics: [UEEditor.Rocket.Release] SetUserId dd12ff064be2e9be779117ab2ef6d1ef|10581dceb00340ccaf11fbba5a70d17f|50ebcf47-d9ff-4ee8-b127-44504b2107d0
[2016.03.03-12.54.03:563][  0]LogAnalytics: [UEEditor.Rocket.Release] AnalyticsET::StartSession
[2016.03.03-12.54.03:789][  0]LogInit: Transaction tracking system initialized
[2016.03.03-12.54.04:209][  0]BlueprintLog: New page: Editor Load
[2016.03.03-12.54.06:290][  0]LocalizationService: Info Localization service is disabled
[2016.03.03-12.54.06:945][  0]LogLinker:Warning: Can't find file '/Game/FirstPersonBP/FirstPersonOverview'
[2016.03.03-12.54.06:951][  0]LogLinker:Warning: Can't find file '/Game/FirstPersonBP/FirstPersonOverview'
[2016.03.03-12.54.06:951][  0]LogUObjectGlobals:Warning: Failed to find object 'Class /Game/FirstPersonBP/FirstPersonOverview.FirstPersonOverview_C'
[2016.03.03-12.54.07:235][  0]LogConsoleResponse:Display: 
[2016.03.03-12.54.12:737][  0]LogFileCache: Scanning file cache for directory 'J:/Work/Uni/Year 2/Off The Map/ForestTale/Content/' took 0.24s
[2016.03.03-12.54.12:737][  0]LogCook:Display: Done creating registry. It took  0.00s.
[2016.03.03-12.54.18:729][  0]SourceControl: Info Source control is disabled
[2016.03.03-12.54.18:873][  0]Cmd: MAP LOAD FILE="J:/Work/Uni/Year 2/Off The Map/ForestTale/Content/Maps/ThirdPersonExampleMap.umap" TEMPLATE=0 SHOWPROGRESS=1 FEATURELEVEL=3
[2016.03.03-12.54.18:970][  0]LightingResults: New page: Lighting Build
[2016.03.03-12.54.19:613][  0]MapCheck: New page: Map Check
[2016.03.03-12.54.19:613][  0]LightingResults: New page: Lighting Build
[2016.03.03-12.54.20:244][  0]LogParticles: Destroying 0 GPU particle simulations for FXSystem 0x0000004F0DF1AAC0
[2016.03.03-12.54.20:475][  0]LogLinker:Warning: Asset 'J:/Work/Uni/Year 2/Off The Map/ForestTale/Content/Mannequin/Animations/ThirdPerson_AnimBP.uasset' has been saved with empty engine version. The asset will be loaded but may be incompatible.
[2016.03.03-12.54.20:484][  0]LogLinker:Warning: Asset 'J:/Work/Uni/Year 2/Off The Map/ForestTale/Content/Mannequin/Animations/ThirdPerson_Jump.uasset' has been saved with empty engine version. The asset will be loaded but may be incompatible.
[2016.03.03-12.54.20:504][  0]LogLinker:Warning: Asset 'J:/Work/Uni/Year 2/Off The Map/ForestTale/Content/Mannequin/Animations/ThirdPersonJump_Loop.uasset' has been saved with empty engine version. The asset will be loaded but may be incompatible.
[2016.03.03-12.54.20:509][  0]LogLinker:Warning: Asset 'J:/Work/Uni/Year 2/Off The Map/ForestTale/Content/Mannequin/Animations/ThirdPersonJump_Start.uasset' has been saved with empty engine version. The asset will be loaded but may be incompatible.
[2016.03.03-12.54.20:514][  0]LogLinker:Warning: Asset 'J:/Work/Uni/Year 2/Off The Map/ForestTale/Content/Mannequin/Animations/ThirdPerson_IdleRun_2D.uasset' has been saved with empty engine version. The asset will be loaded but may be incompatible.
[2016.03.03-12.54.20:525][  0]LogLinker:Warning: Asset 'J:/Work/Uni/Year 2/Off The Map/ForestTale/Content/Mannequin/Animations/ThirdPersonIdle.uasset' has been saved with empty engine version. The asset will be loaded but may be incompatible.
[2016.03.03-12.54.20:530][  0]LogLinker:Warning: Asset 'J:/Work/Uni/Year 2/Off The Map/ForestTale/Content/Mannequin/Animations/ThirdPersonRun.uasset' has been saved with empty engine version. The asset will be loaded but may be incompatible.
[2016.03.03-12.54.20:535][  0]LogLinker:Warning: Asset 'J:/Work/Uni/Year 2/Off The Map/ForestTale/Content/Mannequin/Animations/ThirdPersonWalk.uasset' has been saved with empty engine version. The asset will be loaded but may be incompatible.
[2016.03.03-12.54.24:114][  0]LogAIModule: Creating AISystem for world ThirdPersonExampleMap
[2016.03.03-12.54.24:611][  0]LogMaterial:Warning: Material /Engine/EditorMaterials/Cascade/CASC_RenderCross_MAT.CASC_RenderCross_MAT needed to have new flag set bUsedWithSplineMeshes !
[2016.03.03-12.54.24:626][  0]LogMaterial: Missing cached shader map for material CASC_RenderCross_MAT, compiling. 
[2016.03.03-12.54.24:744][  0]MapCheck:Warning: Warning CASC_RenderCross_MAT Material /Engine/EditorMaterials/Cascade/CASC_RenderCross_MAT.CASC_RenderCross_MAT was missing the usage flag bUsedWithSplineMeshes. If the material asset is not re-saved, it may not render correctly when run outside the editor. Fix
[2016.03.03-12.54.24:745][  0]LogMaterial: 0.000355 seconds spent updating 1 materials, 1 interfaces, 0 instances, 0 with static permutations.
[2016.03.03-12.54.25:680][  0]LogEditorServer: Finished looking for orphan Actors (0.000 secs)
[2016.03.03-12.54.25:796][  0]Cmd: MAP CHECKDEP NOCLEARLOG
[2016.03.03-12.54.25:900][  0]MapCheck: Info Map check complete: 0 Error(s), 1 Warning(s), took 103.696ms to complete.
[2016.03.03-12.54.26:091][  0]LogFileHelpers: Loading map 'ThirdPersonExampleMap' took 7.288
[2016.03.03-12.54.28:583][  0]LogCollectionManager: Loaded 0 collections in 0.002404 seconds
[2016.03.03-12.54.28:758][  0]LogFileCache: Scanning file cache for directory 'J:/Work/Uni/Year 2/Off The Map/ForestTale/Saved/Collections/' took 0.01s
[2016.03.03-12.54.28:758][  0]LogFileCache: Scanning file cache for directory 'J:/Work/Uni/Year 2/Off The Map/ForestTale/Content/Developers/Jac/Collections/' took 0.01s
[2016.03.03-12.54.28:758][  0]LogFileCache: Scanning file cache for directory 'J:/Work/Uni/Year 2/Off The Map/ForestTale/Content/Collections/' took 0.01s
[2016.03.03-12.54.28:758][  0]LogCollectionManager: Rebuilt the GUID cache for 0 collections in 0.000002 seconds
[2016.03.03-12.54.28:783][  0]LogContentBrowser: Native class hierarchy populated in 0.0154 seconds. Added 1908 classes and 344 folders.
[2016.03.03-12.54.28:957][  0]LogContentBrowser: Native class hierarchy updated for 'WidgetCarousel' in 0.0006 seconds. Added 0 classes and 0 folders.
[2016.03.03-12.54.30:484][  0]LogContentBrowser: Native class hierarchy updated for 'AddContentDialog' in 0.0004 seconds. Added 0 classes and 0 folders.
[2016.03.03-12.54.30:632][  0]LogContentBrowser: Native class hierarchy updated for 'SceneOutliner' in 0.0005 seconds. Added 1 classes and 2 folders.
[2016.03.03-12.54.32:066][  0]LogCrashTracker: Crashtracker disabled due to settings.
[2016.03.03-12.54.32:244][  0]LogUObjectGlobals:Warning: Failed to find object 'Class None.'
[2016.03.03-12.54.32:382][  0]LogLoad: Full Startup: 89.08 seconds (BP compile: 1.61 seconds)
[2016.03.03-12.54.32:900][  0]LogOcInput: Can't find Oculus library dev build: is proper Runtime installed? Version: 0.8.0.0
[2016.03.03-12.54.33:566][  0]LogContentStreaming: Texture pool size now 1000 MB
[2016.03.03-12.54.34:124][  0]LogRenderer: Reallocating scene render targets to support 1576x948 (Frame:2).
[2016.03.03-12.54.36:347][  4]LogEditorViewport: Clicking on Actor (context menu): StaticMeshActor (Floor)
[2016.03.03-12.54.38:972][  8]LogAssetRegistry: Asset discovery search completed in 44.8011 seconds
[2016.03.03-12.54.38:997][  8]LogCollectionManager: Rebuilt the object cache for 0 collections in 0.000001 seconds (found 0 objects)
[2016.03.03-12.54.38:997][  8]LogCollectionManager: Fixed up redirectors for 0 collections in 0.010724 seconds (updated 0 objects)
[2016.03.03-12.54.43:460][399]LogAIModule: Creating AISystem for world ArtAssets_Jac
[2016.03.03-12.54.43:856][399]Cmd: MAP LOAD FILE="J:/Work/Uni/Year 2/Off The Map/ForestTale/Content/Maps/ArtAssets_Jac.umap" TEMPLATE=0 SHOWPROGRESS=1 FEATURELEVEL=3
[2016.03.03-12.54.43:857][399]LightingResults: New page: Lighting Build
[2016.03.03-12.54.43:871][399]LoadErrors: New page: Loading map: ArtAssets_Jac.umap
[2016.03.03-12.54.44:050][399]MapCheck: New page: Map Check
[2016.03.03-12.54.44:050][399]LightingResults: New page: Lighting Build
[2016.03.03-12.54.44:124][399]LogParticles: Destroying 0 GPU particle simulations for FXSystem 0x0000004F12C26A20
[2016.03.03-12.54.45:293][399]LogEditorServer: Finished looking for orphan Actors (0.000 secs)
[2016.03.03-12.54.45:339][399]Cmd: MAP CHECKDEP NOCLEARLOG
[2016.03.03-12.54.45:376][399]MapCheck: Info Map check complete: 0 Error(s), 0 Warning(s), took 36.808ms to complete.
[2016.03.03-12.54.45:376][399]LogFileHelpers: Loading map 'ArtAssets_Jac' took 1.584
[2016.03.03-12.54.45:564][400]Cmd: UpdateLandscapeEditorData -warnings
[2016.03.03-12.54.45:804][400]Cmd: UpdateLandscapeEditorData
[2016.03.03-12.54.51:774][807]LogWindowsTextInputMethodSystem:Display: IME system now deactivated.
[2016.03.03-12.54.52:396][808]Cmd: QUIT_EDITOR
[2016.03.03-12.54.52:878][808]LogExit: Preparing to exit.
[2016.03.03-12.54.54:541][808]LogExit: Editor shut down
[2016.03.03-12.54.54:541][808]LogExit: Transaction tracking system shut down
[2016.03.03-12.54.54:543][808]LogParticles: Destroying 0 GPU particle simulations for FXSystem 0x0000004F1E4BAAC0
[2016.03.03-12.54.54:543][808]LogParticles: Destroying 0 GPU particle simulations for FXSystem 0x0000004F1C237100
[2016.03.03-12.54.54:543][808]LogParticles: Destroying 0 GPU particle simulations for FXSystem 0x0000004F22187920
[2016.03.03-12.54.54:543][808]LogParticles: Destroying 0 GPU particle simulations for FXSystem 0x0000004F13085BC0
[2016.03.03-12.54.54:615][808]LogParticles: Destroying 0 GPU particle simulations for FXSystem 0x0000004F1A49CF40
[2016.03.03-12.54.55:936][808]LogExit: Object subsystem successfully closed.
[2016.03.03-12.54.56:157][808]LogD3D11RHI: Shutdown
[2016.03.03-12.54.56:157][808]LogD3D11RHI: CleanupD3DDevice
[2016.03.03-12.54.56:236][808]LogD3D11RHI: ~FD3D11DynamicRHI
[2016.03.03-12.54.56:963][808]LogModuleManager: Shutting down and abandoning module CrashTracker (200)
[2016.03.03-12.54.56:963][808]LogModuleManager: Shutting down and abandoning module SceneOutliner (199)
[2016.03.03-12.54.56:963][808]LogModuleManager: Shutting down and abandoning module SuperSearch (198)
[2016.03.03-12.54.56:963][808]LogModuleManager: Shutting down and abandoning module WidgetCarousel (197)
[2016.03.03-12.54.56:974][808]LogModuleManager: Shutting down and abandoning module AddContentDialog (196)
[2016.03.03-12.54.57:004][808]LogModuleManager: Shutting down and abandoning module EditorWidgets (195)
[2016.03.03-12.54.57:004][808]LogModuleManager: Shutting down and abandoning module CollectionManager (194)
[2016.03.03-12.54.57:030][808]LogModuleManager: Shutting down and abandoning module StatsViewer (193)
[2016.03.03-12.54.57:051][808]LogModuleManager: Shutting down and abandoning module FoliageEdit (192)
[2016.03.03-12.54.57:064][808]LogModuleManager: Shutting down and abandoning module LandscapeEditor (191)
[2016.03.03-12.54.57:091][808]LogModuleManager: Shutting down and abandoning module ActorPickerMode (190)
[2016.03.03-12.54.57:091][808]LogModuleManager: Shutting down and abandoning module GeometryMode (189)
[2016.03.03-12.54.57:091][808]LogModuleManager: Shutting down and abandoning module TextureAlignMode (188)
[2016.03.03-12.54.57:091][808]LogModuleManager: Shutting down and abandoning module BspMode (187)
[2016.03.03-12.54.57:091][808]LogModuleManager: Shutting down and abandoning module PlacementMode (186)
[2016.03.03-12.54.57:091][808]LogModuleManager: Shutting down and abandoning module AutomationWorker (185)
[2016.03.03-12.54.57:091][808]LogModuleManager: Shutting down and abandoning module CharacterAI (184)
[2016.03.03-12.54.57:091][808]LogModuleManager: Shutting down and abandoning module SmartSnapping (183)
[2016.03.03-12.54.57:091][808]LogModuleManager: Shutting down and abandoning module ViewportSnapping (182)
[2016.03.03-12.54.57:091][808]LogModuleManager: Shutting down and abandoning module LogVisualizer (181)
[2016.03.03-12.54.57:116][808]LogModuleManager: Shutting down and abandoning module GameProjectGeneration (180)
[2016.03.03-12.54.57:130][808]LogModuleManager: Shutting down and abandoning module IntroTutorials (179)
[2016.03.03-12.54.57:152][808]LogModuleManager: Shutting down and abandoning module EditorLiveStreaming (178)
[2016.03.03-12.54.57:152][808]LogModuleManager: Shutting down and abandoning module IOSPlatformEditor (177)
[2016.03.03-12.54.57:164][808]LogModuleManager: Shutting down and abandoning module HTML5PlatformEditor (176)
[2016.03.03-12.54.57:164][808]LogModuleManager: Shutting down and abandoning module AndroidDeviceDetection (175)
[2016.03.03-12.54.57:633][808]LogModuleManager: Shutting down and abandoning module AndroidPlatformEditor (174)
[2016.03.03-12.54.57:633][808]LogModuleManager: Shutting down and abandoning module IOSRuntimeSettings (173)
[2016.03.03-12.54.57:633][808]LogModuleManager: Shutting down and abandoning module AndroidRuntimeSettings (172)
[2016.03.03-12.54.57:633][808]LogModuleManager: Shutting down and abandoning module MergeActors (171)
[2016.03.03-12.54.57:675][808]LogModuleManager: Shutting down and abandoning module SizeMap (170)
[2016.03.03-12.54.57:675][808]LogModuleManager: Shutting down and abandoning module TreeMap (169)
[2016.03.03-12.54.57:698][808]LogModuleManager: Shutting down and abandoning module ReferenceViewer (168)
[2016.03.03-12.54.57:711][808]LogModuleManager: Shutting down and abandoning module LocalizationService (167)
[2016.03.03-12.54.57:723][808]LogModuleManager: Shutting down and abandoning module LocalizationDashboard (166)
[2016.03.03-12.54.57:730][808]LogModuleManager: Shutting down and abandoning module HardwareTargeting (165)
[2016.03.03-12.54.57:732][808]LogModuleManager: Shutting down and abandoning module DeviceProfileEditor (164)
[2016.03.03-12.54.57:753][808]LogModuleManager: Shutting down and abandoning module UndoHistory (163)
[2016.03.03-12.54.57:762][808]LogModuleManager: Shutting down and abandoning module GameplayTagsEditor (162)
[2016.03.03-12.54.57:766][808]LogModuleManager: Shutting down and abandoning module UserFeedback (161)
[2016.03.03-12.54.57:766][808]LogModuleManager: Shutting down and abandoning module XmlParser (160)
[2016.03.03-12.54.57:766][808]LogModuleManager: Shutting down and abandoning module Blutility (159)
[2016.03.03-12.54.57:766][808]LogModuleManager: Shutting down and abandoning module ProjectTargetPlatformEditor (158)
[2016.03.03-12.54.57:772][808]LogModuleManager: Shutting down and abandoning module ProjectSettingsViewer (157)
[2016.03.03-12.54.57:772][808]LogModuleManager: Shutting down and abandoning module InputBindingEditor (156)
[2016.03.03-12.54.57:785][808]LogModuleManager: Shutting down and abandoning module EditorSettingsViewer (155)
[2016.03.03-12.54.57:785][808]LogModuleManager: Shutting down and abandoning module SettingsEditor (154)
[2016.03.03-12.54.57:808][808]LogModuleManager: Shutting down and abandoning module ProjectLauncher (153)
[2016.03.03-12.54.57:816][808]LogModuleManager: Shutting down and abandoning module SessionFrontend (152)
[2016.03.03-12.54.57:833][808]LogModuleManager: Shutting down and abandoning module ProfilerClient (151)
[2016.03.03-12.54.57:837][808]LogModuleManager: Shutting down and abandoning module TargetDeviceServices (150)
[2016.03.03-12.54.57:859][808]LogModuleManager: Shutting down and abandoning module DeviceManager (149)
[2016.03.03-12.54.57:870][808]LogModuleManager: Shutting down and abandoning module AutomationController (148)
[2016.03.03-12.54.57:880][808]LogModuleManager: Shutting down and abandoning module AutomationWindow (147)
[2016.03.03-12.54.57:892][808]LogModuleManager: Shutting down and abandoning module Layers (146)
[2016.03.03-12.54.57:932][808]LogModuleManager: Shutting down and abandoning module ComponentVisualizers (145)
[2016.03.03-12.54.57:932][808]LogModuleManager: Shutting down and abandoning module DetailCustomizations (144)
[2016.03.03-12.54.57:933][808]LogModuleManager: Shutting down and abandoning module PackagesDialog (143)
[2016.03.03-12.54.57:940][808]LogModuleManager: Shutting down and abandoning module Persona (142)
[2016.03.03-12.54.58:024][808]LogModuleManager: Shutting down and abandoning module Kismet (141)
[2016.03.03-12.54.58:040][808]LogModuleManager: Shutting down and abandoning module GraphEditor (140)
[2016.03.03-12.54.58:090][808]LogModuleManager: Shutting down and abandoning module ClassViewer (139)
[2016.03.03-12.54.58:098][808]LogModuleManager: Shutting down and abandoning module Toolbox (138)
[2016.03.03-12.54.58:098][808]LogModuleManager: Shutting down and abandoning module ModuleUI (137)
[2016.03.03-12.54.58:109][808]LogModuleManager: Shutting down and abandoning module MovieSceneTools (136)
[2016.03.03-12.54.58:124][808]LogModuleManager: Shutting down and abandoning module OutputLog (135)
[2016.03.03-12.54.58:124][808]LogModuleManager: Shutting down and abandoning module GammaUI (134)
[2016.03.03-12.54.58:127][808]LogModuleManager: Shutting down and abandoning module Documentation (133)
[2016.03.03-12.54.58:127][808]LogModuleManager: Shutting down and abandoning module GameLiveStreaming (132)
[2016.03.03-12.54.58:130][808]LogModuleManager: Shutting down and abandoning module StreamingPauseRendering (131)
[2016.03.03-12.54.58:130][808]LogModuleManager: Shutting down and abandoning module AnalyticsET (130)
[2016.03.03-12.54.58:130][808]LogModuleManager: Shutting down and abandoning module Analytics (129)
[2016.03.03-12.54.58:130][808]LogModuleManager: Shutting down and abandoning module AITestSuite (128)
[2016.03.03-12.54.58:143][808]LogModuleManager: Shutting down and abandoning module GameplayDebugger (127)
[2016.03.03-12.54.58:157][808]LogModuleManager: Shutting down and abandoning module AIModule (126)
[2016.03.03-12.54.58:168][808]LogModuleManager: Shutting down and abandoning module ProfilerService (125)
[2016.03.03-12.54.58:314][808]LogModuleManager: Shutting down and abandoning module TaskGraph (124)
[2016.03.03-12.54.58:347][808]LogModuleManager: Shutting down and abandoning module SubstanceEditor (123)
[2016.03.03-12.54.58:352][808]LogModuleManager: Shutting down and abandoning module SlateRemote (122)
[2016.03.03-12.54.58:352][808]LogModuleManager: Shutting down and abandoning module SteamVRController (121)
[2016.03.03-12.54.58:352][808]LogModuleManager: Shutting down and abandoning module SteamVR (120)
[2016.03.03-12.54.58:352][808]LogModuleManager: Shutting down and abandoning module ProceduralMeshComponent (119)
[2016.03.03-12.54.58:352][808]LogModuleManager: Shutting down and abandoning module OculusLibrary (118)
[2016.03.03-12.54.58:352][808]LogModuleManager: Shutting down and abandoning module OculusInput (117)
[2016.03.03-12.54.58:352][808]LogModuleManager: Shutting down and abandoning module LeapMotionController (116)
[2016.03.03-12.54.58:400][808]LogModuleManager: Shutting down and abandoning module CustomMeshComponent (115)
[2016.03.03-12.54.58:400][808]LogModuleManager: Shutting down and abandoning module CableComponent (114)
[2016.03.03-12.54.58:407][808]LogModuleManager: Shutting down and abandoning module ArchVisCharacter (113)
[2016.03.03-12.54.58:407][808]LogModuleManager: Shutting down and abandoning module MessagingDebugger (112)
[2016.03.03-12.54.58:445][808]LogModuleManager: Shutting down and abandoning module MediaPlayerEditor (111)
[2016.03.03-12.54.58:476][808]LogModuleManager: Shutting down and abandoning module HTML5Networking (110)
[2016.03.03-12.54.58:476][808]LogModuleManager: Shutting down and abandoning module SpeedTreeImporter (109)
[2016.03.03-12.54.58:476][808]LogModuleManager: Shutting down and abandoning module PluginBrowser (108)
[2016.03.03-12.54.58:505][808]LogModuleManager: Shutting down and abandoning module EpicSurvey (107)
[2016.03.03-12.54.58:513][808]LogModuleManager: Shutting down and abandoning module DesktopPlatform (106)
[2016.03.03-12.54.58:513][808]LogModuleManager: Shutting down and abandoning module VisualStudioSourceCodeAccess (105)
[2016.03.03-12.54.58:513][808]LogModuleManager: Shutting down and abandoning module UObjectPlugin (104)
[2016.03.03-12.54.58:513][808]LogModuleManager: Shutting down and abandoning module SubversionSourceControl (103)
[2016.03.03-12.54.58:524][808]LogModuleManager: Shutting down and abandoning module PerforceSourceControl (102)
[2016.03.03-12.54.58:558][808]LogModuleManager: Shutting down and abandoning module SourceControl (101)
[2016.03.03-12.54.58:585][808]LogModuleManager: Shutting down and abandoning module GitSourceControl (100)
[2016.03.03-12.54.58:593][808]LogModuleManager: Shutting down and abandoning module LightPropagationVolumeEditor (99)
[2016.03.03-12.54.58:593][808]LogModuleManager: Shutting down and abandoning module PaperTiledImporter (98)
[2016.03.03-12.54.58:603][808]LogModuleManager: Shutting down and abandoning module PaperSpriteSheetImporter (97)
[2016.03.03-12.54.58:604][808]LogModuleManager: Shutting down and abandoning module MeshPaint (96)
[2016.03.03-12.54.58:604][808]LogModuleManager: Shutting down and abandoning module SlateReflector (95)
[2016.03.03-12.54.58:634][808]LogModuleManager: Shutting down and abandoning module HotReload (94)
[2016.03.03-12.54.58:640][808]LogModuleManager: Shutting down and abandoning module MainFrame (93)
[2016.03.03-12.54.58:640][808]LogModuleManager: Shutting down and abandoning module LevelEditor (92)
[2016.03.03-12.54.58:655][808]LogModuleManager: Shutting down and abandoning module ContentBrowser (91)
[2016.03.03-12.54.58:657][808]LogModuleManager: Shutting down and abandoning module Paper2DEditor (90)
[2016.03.03-12.54.58:675][808]LogModuleManager: Shutting down and abandoning module DirectoryWatcher (89)
[2016.03.03-12.54.58:676][808]LogModuleManager: Shutting down and abandoning module AssetRegistry (88)
[2016.03.03-12.54.58:907][808]LogModuleManager: Shutting down and abandoning module SubstanceCore (87)
[2016.03.03-12.54.58:943][808]LogModuleManager: Shutting down and abandoning module UdpMessaging (86)
[2016.03.03-12.54.59:044][808]LogModuleManager: Shutting down and abandoning module LightPropagationVolumeRuntime (85)
[2016.03.03-12.54.59:044][808]LogModuleManager: Shutting down and abandoning module Paper2D (84)
[2016.03.03-12.54.59:062][808]LogModuleManager: Shutting down and abandoning module WindowsMoviePlayer (83)
[2016.03.03-12.54.59:065][808]LogModuleManager: Shutting down and abandoning module Media (82)
[2016.03.03-12.54.59:065][808]LogModuleManager: Shutting down and abandoning module WmfMedia (81)
[2016.03.03-12.54.59:072][808]LogModuleManager: Shutting down and abandoning module OnlineBlueprintSupport (80)
[2016.03.03-12.54.59:072][808]LogModuleManager: Shutting down and abandoning module GameplayTasksEditor (79)
[2016.03.03-12.54.59:072][808]LogModuleManager: Shutting down and abandoning module PropertyEditor (78)
[2016.03.03-12.54.59:072][808]LogModuleManager: Shutting down and abandoning module BehaviorTreeEditor (77)
[2016.03.03-12.54.59:100][808]LogModuleManager: Shutting down and abandoning module FunctionalTesting (76)
[2016.03.03-12.54.59:100][808]LogModuleManager: Shutting down and abandoning module CollisionAnalyzer (75)
[2016.03.03-12.54.59:112][808]LogModuleManager: Shutting down and abandoning module WorkspaceMenuStructure (74)
[2016.03.03-12.54.59:112][808]LogModuleManager: Shutting down and abandoning module MessageLog (73)
[2016.03.03-12.54.59:112][808]LogModuleManager: Shutting down and abandoning module Sequencer (72)
[2016.03.03-12.54.59:179][808]LogModuleManager: Shutting down and abandoning module AssetTools (71)
[2016.03.03-12.54.59:226][808]LogModuleManager: Shutting down and abandoning module UMGEditor (70)
[2016.03.03-12.54.59:255][808]LogModuleManager: Shutting down and abandoning module UMG (69)
[2016.03.03-12.54.59:277][808]LogModuleManager: Shutting down and abandoning module Slate (68)
[2016.03.03-12.54.59:277][808]LogModuleManager: Shutting down and abandoning module EditorStyle (67)
[2016.03.03-12.54.59:278][808]LogModuleManager: Shutting down and abandoning module SessionServices (66)
[2016.03.03-12.54.59:278][808]LogModuleManager: Shutting down and abandoning module SourceCodeAccess (65)
[2016.03.03-12.54.59:278][808]LogModuleManager: Shutting down and abandoning module HeadMountedDisplay (64)
[2016.03.03-12.54.59:278][808]LogModuleManager: Shutting down and abandoning module XAudio2 (63)
[2016.03.03-12.54.59:278][808]LogModuleManager: Shutting down and abandoning module Networking (61)
[2016.03.03-12.54.59:278][808]LogModuleManager: Shutting down and abandoning module Core (60)
[2016.03.03-12.54.59:278][808]LogModuleManager: Shutting down and abandoning module KismetCompiler (59)
[2016.03.03-12.54.59:279][808]LogModuleManager: Shutting down and abandoning module PhysXFormats (58)
[2016.03.03-12.54.59:279][808]LogModuleManager: Shutting down and abandoning module MeshUtilities (57)
[2016.03.03-12.54.59:319][808]LogModuleManager: Shutting down and abandoning module DerivedDataCache (56)
[2016.03.03-12.54.59:425][808]LogDerivedDataCache: Shutdown
[2016.03.03-12.54.59:425][808]LogModuleManager: Shutting down and abandoning module ShaderFormatOpenGL (55)
[2016.03.03-12.54.59:438][808]LogModuleManager: Shutting down and abandoning module ShaderFormatD3D (54)
[2016.03.03-12.54.59:438][808]LogModuleManager: Shutting down and abandoning module MetalShaderFormat (53)
[2016.03.03-12.54.59:446][808]LogModuleManager: Shutting down and abandoning module TextureFormatUncompressed (52)
[2016.03.03-12.54.59:446][808]LogModuleManager: Shutting down and abandoning module TextureFormatPVR (51)
[2016.03.03-12.54.59:446][808]LogModuleManager: Shutting down and abandoning module TextureFormatIntelISPCTexComp (50)
[2016.03.03-12.54.59:446][808]LogModuleManager: Shutting down and abandoning module TextureFormatDXT (49)
[2016.03.03-12.54.59:446][808]LogModuleManager: Shutting down and abandoning module ImageWrapper (48)
[2016.03.03-12.54.59:446][808]LogModuleManager: Shutting down and abandoning module TextureFormatASTC (47)
[2016.03.03-12.54.59:446][808]LogModuleManager: Shutting down and abandoning module TextureFormatAndroid (46)
[2016.03.03-12.54.59:446][808]LogModuleManager: Shutting down and abandoning module AudioFormatOpus (45)
[2016.03.03-12.54.59:450][808]LogModuleManager: Shutting down and abandoning module AudioFormatOgg (44)
[2016.03.03-12.54.59:450][808]LogModuleManager: Shutting down and abandoning module AudioFormatADPCM (43)
[2016.03.03-12.54.59:450][808]LogModuleManager: Shutting down and abandoning module LinuxTargetPlatform (42)
[2016.03.03-12.54.59:450][808]LogModuleManager: Shutting down and abandoning module LinuxServerTargetPlatform (41)
[2016.03.03-12.54.59:450][808]LogModuleManager: Shutting down and abandoning module LinuxNoEditorTargetPlatform (40)
[2016.03.03-12.54.59:451][808]LogModuleManager: Shutting down and abandoning module Messaging (39)
[2016.03.03-12.54.59:451][808]LogModuleManager: Shutting down and abandoning module IOSTargetPlatform (38)
[2016.03.03-12.54.59:451][808]LogModuleManager: Shutting down and abandoning module HTML5TargetPlatform (37)
[2016.03.03-12.54.59:451][808]LogModuleManager: Shutting down and abandoning module AndroidTargetPlatform (36)
[2016.03.03-12.54.59:451][808]LogModuleManager: Shutting down and abandoning module Android_PVRTCTargetPlatform (35)
[2016.03.03-12.54.59:451][808]LogModuleManager: Shutting down and abandoning module Android_MultiTargetPlatform (34)
[2016.03.03-12.54.59:451][808]LogModuleManager: Shutting down and abandoning module Android_ETC2TargetPlatform (33)
[2016.03.03-12.54.59:451][808]LogModuleManager: Shutting down and abandoning module Android_ETC1TargetPlatform (32)
[2016.03.03-12.54.59:451][808]LogModuleManager: Shutting down and abandoning module Android_DXTTargetPlatform (31)
[2016.03.03-12.54.59:451][808]LogModuleManager: Shutting down and abandoning module Android_ATCTargetPlatform (30)
[2016.03.03-12.54.59:451][808]LogModuleManager: Shutting down and abandoning module Android_ASTCTargetPlatform (29)
[2016.03.03-12.54.59:451][808]LogModuleManager: Shutting down and abandoning module WindowsTargetPlatform (28)
[2016.03.03-12.54.59:451][808]LogModuleManager: Shutting down and abandoning module WindowsServerTargetPlatform (27)
[2016.03.03-12.54.59:451][808]LogModuleManager: Shutting down and abandoning module WindowsNoEditorTargetPlatform (26)
[2016.03.03-12.54.59:451][808]LogModuleManager: Shutting down and abandoning module WindowsClientTargetPlatform (25)
[2016.03.03-12.54.59:451][808]LogModuleManager: Shutting down and abandoning module AllDesktopTargetPlatform (24)
[2016.03.03-12.54.59:451][808]LogModuleManager: Shutting down and abandoning module TargetPlatform (23)
[2016.03.03-12.54.59:451][808]LogModuleManager: Shutting down and abandoning module InputCore (22)
[2016.03.03-12.54.59:451][808]LogModuleManager: Shutting down and abandoning module Settings (21)
[2016.03.03-12.54.59:451][808]LogModuleManager: Shutting down and abandoning module OnlineSubsystem (19)
[2016.03.03-12.54.59:451][808]LogModuleManager: Shutting down and abandoning module HTTP (18)
[2016.03.03-12.55.01:455][808]LogModuleManager: Shutting down and abandoning module XMPP (17)
[2016.03.03-12.55.01:528][808]LogModuleManager: Shutting down and abandoning module OculusRift (16)
[2016.03.03-12.55.01:553][808]LogModuleManager: Shutting down and abandoning module ExampleDeviceProfileSelector (15)
[2016.03.03-12.55.01:553][808]LogModuleManager: Shutting down and abandoning module TextureCompressor (14)
[2016.03.03-12.55.01:565][808]LogModuleManager: Shutting down and abandoning module ShaderCore (13)
[2016.03.03-12.55.01:565][808]LogModuleManager: Shutting down and abandoning module Landscape (12)
[2016.03.03-12.55.01:565][808]LogModuleManager: Shutting down and abandoning module SlateRHIRenderer (11)
[2016.03.03-12.55.01:582][808]LogModuleManager: Shutting down and abandoning module OpenGLDrv (10)
[2016.03.03-12.55.01:586][808]LogModuleManager: Shutting down and abandoning module D3D11RHI (9)
[2016.03.03-12.55.01:586][808]LogModuleManager: Shutting down and abandoning module AnimGraphRuntime (8)
[2016.03.03-12.55.01:600][808]LogModuleManager: Shutting down and abandoning module Renderer (7)
[2016.03.03-12.55.01:600][808]LogModuleManager: Shutting down and abandoning module Engine (6)
[2016.03.03-12.55.01:600][808]LogModuleManager: Shutting down and abandoning module CoreUObject (5)
[2016.03.03-12.55.01:600][808]LogModuleManager: Shutting down and abandoning module NetworkFile (4)
[2016.03.03-12.55.01:609][808]LogModuleManager: Shutting down and abandoning module StreamingFile (3)
[2016.03.03-12.55.01:609][808]LogModuleManager: Shutting down and abandoning module SandboxFile (2)
[2016.03.03-12.55.01:613][808]LogModuleManager: Shutting down and abandoning module PakFile (1)
[2016.03.03-12.55.01:623][808]LogExit: Exiting.
[2016.03.03-12.55.01:674][808]Log file closed, 03/03/16 12:55:01
