[2016.02.25-11.16.27:279][  0]Log file open, 02/25/16 11:16:27
[2016.02.25-11.16.27:279][  0]LogInit:Display: Running engine for game: ForestTale
[2016.02.25-11.16.27:279][  0]LogPlatformFile: Not using cached read wrapper
[2016.02.25-11.16.27:279][  0]LogInit:Display: RandInit(1191111525) SRandInit(1191111526).
[2016.02.25-11.16.27:279][  0]LogTaskGraph: Started task graph with 4 named threads and 7 total threads.
[2016.02.25-11.16.27:279][  0]LogStats: Stats thread started at 3.215699
[2016.02.25-11.16.27:279][  0]LogInit: Version: 4.10.2-2818068+++depot+UE4-Releases+4.10
[2016.02.25-11.16.27:279][  0]LogInit: API Version: 2758231
[2016.02.25-11.16.27:279][  0]LogInit: Compiled (64-bit): Jan  6 2016 17:36:42
[2016.02.25-11.16.27:279][  0]LogInit: Compiled with Visual C++: 19.00.23026.00
[2016.02.25-11.16.27:279][  0]LogInit: Build Configuration: Development
[2016.02.25-11.16.27:279][  0]LogInit: Branch Name: ++depot+UE4-Releases+4.10
[2016.02.25-11.16.27:279][  0]LogInit: Command line:  
[2016.02.25-11.16.27:279][  0]LogInit: Base directory: E:/Programs/Epic Games/4.10/Engine/Binaries/Win64/
[2016.02.25-11.16.27:279][  0]LogInit: Rocket: 1
[2016.02.25-11.16.27:394][  0]LogInit: Using libcurl 7.41.0
[2016.02.25-11.16.27:394][  0]LogInit:  - built for x86_64-pc-win32
[2016.02.25-11.16.27:394][  0]LogInit:  - supports SSL with WinSSL
[2016.02.25-11.16.27:394][  0]LogInit:  - other features:
[2016.02.25-11.16.27:394][  0]LogInit:      CURL_VERSION_SSL
[2016.02.25-11.16.27:394][  0]LogInit:      CURL_VERSION_IPV6
[2016.02.25-11.16.27:394][  0]LogInit:      CURL_VERSION_ASYNCHDNS
[2016.02.25-11.16.27:394][  0]LogInit:      CURL_VERSION_LARGEFILE
[2016.02.25-11.16.27:394][  0]LogInit:      CURL_VERSION_IDN
[2016.02.25-11.16.27:395][  0]LogInit:  CurlRequestOptions (configurable via config and command line):
[2016.02.25-11.16.27:395][  0]LogInit:  - bVerifyPeer = true  - Libcurl will verify peer certificate
[2016.02.25-11.16.27:395][  0]LogInit:  - bUseHttpProxy = false  - Libcurl will NOT use HTTP proxy
[2016.02.25-11.16.27:395][  0]LogInit:  - bDontReuseConnections = false  - Libcurl will reuse connections
[2016.02.25-11.16.27:395][  0]LogInit:  - CertBundlePath = nullptr  - Libcurl will use whatever was configured at build time.
[2016.02.25-11.16.27:620][  0]LogInit: Presizing for 0 objects not considered by GC, pre-allocating 0 bytes.
[2016.02.25-11.16.27:792][  0]LogInit: Object subsystem initialized
[2016.02.25-11.16.27:994][  0]LogInit: Selected Device Profile: [Windows]
[2016.02.25-11.16.27:994][  0]LogInit: Applying CVar settings loaded from the selected device profile: [Windows]
[2016.02.25-11.16.28:091][  0]LogInit: Computer: JAC-PC
[2016.02.25-11.16.28:091][  0]LogInit: User: Jac
[2016.02.25-11.16.28:091][  0]LogInit: CPU Page size=4096, Cores=4
[2016.02.25-11.16.28:091][  0]LogInit: High frequency timer resolution =3.423918 MHz
[2016.02.25-11.16.28:091][  0]LogMemory: Memory total: Physical=7.9GB (8GB approx)
[2016.02.25-11.16.28:091][  0]LogMemory: Platform Memory Stats for Windows
[2016.02.25-11.16.28:091][  0]LogMemory: Process Physical Memory: 56.12 MB used, 56.12 MB peak
[2016.02.25-11.16.28:091][  0]LogMemory: Process Virtual Memory: 58.67 MB used, 58.67 MB peak
[2016.02.25-11.16.28:092][  0]LogMemory: Physical Memory: 5174.82 MB used, 8129.75 MB total
[2016.02.25-11.16.28:092][  0]LogMemory: Virtual Memory: 380.61 MB used, 134217728.00 MB total
[2016.02.25-11.16.29:208][  0]LogTextLocalizationManager: No specific translations for ('en-GB') exist, so ('en') translations will be used.
[2016.02.25-11.16.30:996][  0]LogD3D11RHI: Found D3D11 adapter 0: NVIDIA GeForce GTX 770 (Feature Level 11_0)
[2016.02.25-11.16.30:996][  0]LogD3D11RHI: Adapter has 4026MB of dedicated video memory, 0MB of dedicated system memory, and 4064MB of shared system memory, 2 output[s]
[2016.02.25-11.16.30:999][  0]LogD3D11RHI: Found D3D11 adapter 1: Microsoft Basic Render Driver (Feature Level 11_0)
[2016.02.25-11.16.30:999][  0]LogD3D11RHI: Adapter has 0MB of dedicated video memory, 0MB of dedicated system memory, and 4064MB of shared system memory, 0 output[s]
[2016.02.25-11.16.30:999][  0]LogD3D11RHI: Chosen D3D11 Adapter Id = 0
[2016.02.25-11.16.31:003][  0]LogD3D11RHI: !Direct3DDevice
[2016.02.25-11.16.31:003][  0]LogRHI: Texture pool is 1361 MB (70% of 1945 MB)
[2016.02.25-11.16.31:020][  0]LogD3D11RHI: Async texture creation enabled
[2016.02.25-11.16.31:914][  0]LogShaderCompilers: Guid format shader working directory is 3 characters bigger than the processId version (J:/Work/Uni/Year 2/Off The Map/ForestTale/Intermediate/Shaders/WorkingDirectory/7180/).
[2016.02.25-11.16.31:915][  0]LogShaderCompilers: Cleaned the shader compiler working directory 'C:/Users/Jac/AppData/Local/Temp/UnrealShaderWorkingDir/AAC195764A2D6A171536FC8DA2C51669/'.
[2016.02.25-11.16.31:930][  0]LogShaderCompilers:Display: Using Local Shader Compiler.
[2016.02.25-11.16.35:729][  0]LogTemp:Display: Loaded TP AllDesktopTargetPlatform
[2016.02.25-11.16.35:733][  0]LogTemp:Display: Loaded TP WindowsClientTargetPlatform
[2016.02.25-11.16.35:737][  0]LogTemp:Display: Loaded TP WindowsNoEditorTargetPlatform
[2016.02.25-11.16.35:741][  0]LogTemp:Display: Loaded TP WindowsServerTargetPlatform
[2016.02.25-11.16.35:762][  0]LogTemp:Display: Loaded TP WindowsTargetPlatform
[2016.02.25-11.16.35:778][  0]LogTemp:Display: Loaded TP Android_ASTCTargetPlatform
[2016.02.25-11.16.35:792][  0]LogTemp:Display: Loaded TP Android_ATCTargetPlatform
[2016.02.25-11.16.35:799][  0]LogTemp:Display: Loaded TP Android_DXTTargetPlatform
[2016.02.25-11.16.35:806][  0]LogTemp:Display: Loaded TP Android_ETC1TargetPlatform
[2016.02.25-11.16.35:812][  0]LogTemp:Display: Loaded TP Android_ETC2TargetPlatform
[2016.02.25-11.16.35:826][  0]LogTemp:Display: Loaded TP Android_MultiTargetPlatform
[2016.02.25-11.16.35:826][  0]LogTemp:Display: Loaded TP Android_PVRTCTargetPlatform
[2016.02.25-11.16.35:858][  0]LogTemp:Display: Loaded TP AndroidTargetPlatform
[2016.02.25-11.16.35:858][  0]LogTemp:Display: Loaded TP HTML5TargetPlatform
[2016.02.25-11.16.35:971][  0]LogTemp:Display: Loaded TP IOSTargetPlatform
[2016.02.25-11.16.35:992][  0]LogTemp:Display: Loaded TP LinuxNoEditorTargetPlatform
[2016.02.25-11.16.36:004][  0]LogTemp:Display: Loaded TP LinuxServerTargetPlatform
[2016.02.25-11.16.36:022][  0]LogTemp:Display: Loaded TP LinuxTargetPlatform
[2016.02.25-11.16.36:022][  0]LogTargetPlatformManager:Display: Building Assets For Windows
[2016.02.25-11.16.36:725][  0]LogDerivedDataCache:Display: Max Cache Size: 512 MB
[2016.02.25-11.16.36:887][  0]LogDerivedDataCache: Loaded boot cache 0.16s 41MB C:/Users/Jac/AppData/Local/UnrealEngine/4.10/DerivedDataCache/Boot.ddc.
[2016.02.25-11.16.36:887][  0]LogDerivedDataCache:Display: Loaded Boot cache: C:/Users/Jac/AppData/Local/UnrealEngine/4.10/DerivedDataCache/Boot.ddc
[2016.02.25-11.16.36:888][  0]LogDerivedDataCache: FDerivedDataBackendGraph:  Pak pak cache file J:/Work/Uni/Year 2/Off The Map/ForestTale/DerivedDataCache/DDC.ddp not found, will not use a pak cache.
[2016.02.25-11.16.36:888][  0]LogDerivedDataCache: Unable to find inner node Pak for hierarchical cache Hierarchy.
[2016.02.25-11.16.36:888][  0]LogDerivedDataCache: FDerivedDataBackendGraph:  CompressedPak pak cache file J:/Work/Uni/Year 2/Off The Map/ForestTale/DerivedDataCache/Compressed.ddp not found, will not use a pak cache.
[2016.02.25-11.16.36:888][  0]LogDerivedDataCache: Unable to find inner node CompressedPak for hierarchical cache Hierarchy.
[2016.02.25-11.16.37:055][  0]LogDerivedDataCache:Display: Pak cache opened for reading ../../../Engine/DerivedDataCache/Compressed.ddp.
[2016.02.25-11.16.37:068][  0]LogDerivedDataCache: Using Local data cache path C:/Users/Jac/AppData/Local/UnrealEngine/Common/DerivedDataCache: Writable
[2016.02.25-11.16.46:355][  0]LogInit: Selected Device Profile: [Windows]
[2016.02.25-11.16.46:461][  0]LogContentStreaming: Texture pool size is 0.000000MB
[2016.02.25-11.16.47:913][  0]LogMeshUtilities: No automatic mesh reduction module available
[2016.02.25-11.16.47:913][  0]LogMeshUtilities: No automatic mesh merging module available
[2016.02.25-11.16.51:358][  0]LogInit: WinSock: version 1.1 (2.2), MaxSocks=32767, MaxUdp=65467
[2016.02.25-11.17.07:092][  0]UdpMessaging: Initializing bridge on interface 0.0.0.0:0 to multicast group 230.0.0.1:6666.
[2016.02.25-11.17.07:316][  0]LogAssetRegistry: FAssetRegistry took 0.0151 seconds to start up
[2016.02.25-11.17.14:234][  0]SourceControl: Info Source control is disabled
[2016.02.25-11.17.14:274][  0]SourceControl: Info Source control is disabled
[2016.02.25-11.17.14:649][  0]SourceControl: Info Source control is disabled
[2016.02.25-11.17.14:912][  0]SourceControl: Info Source control is disabled
[2016.02.25-11.17.19:489][  0]LogObj: 28802 objects as part of root set at end of initial load.
[2016.02.25-11.17.19:489][  0]LogUObjectAllocator: 6129768 out of 0 bytes used by permanent object pool.
[2016.02.25-11.17.21:187][  0]LogEngine: Initializing Engine...
[2016.02.25-11.17.21:264][  0]LogHMD: Can't find Oculus library dev build: is proper Runtime installed? Version: 0.8.0.0
[2016.02.25-11.17.21:324][  0]LogHMD: SteamVR failed to initialize.  Err: 110
[2016.02.25-11.17.22:874][  0]LogAIModule: Creating AISystem for world NewWorld
[2016.02.25-11.17.23:240][  0]LogInit: XAudio2 using 'Speakers (Realtek High Definition Audio)' : 2 channels at 48 kHz using 32 bits per sample (channel mask 0x3)
[2016.02.25-11.17.23:272][  0]LogInit: FAudioDevice initialized.
[2016.02.25-11.17.23:295][  0]LogDerivedDataCache: Saved boot cache 0.02s 41MB C:/Users/Jac/AppData/Local/UnrealEngine/4.10/DerivedDataCache/Boot.ddc.
[2016.02.25-11.17.23:301][  0]LogInit: Texture streaming: Enabled
[2016.02.25-11.17.23:352][  0]LogAnalytics: Creating configured Analytics provider AnalyticsET
[2016.02.25-11.17.23:352][  0]LogAnalytics: [UEEditor.Rocket.Release] APIServer = http://et2.epicgames.com/ET2/. AppVersion = 4.10.2-2818068+++depot+UE4-Releases+4.10
[2016.02.25-11.17.23:353][  0]LogAnalytics: [UEEditor.Rocket.Release] SetUserId dd12ff064be2e9be779117ab2ef6d1ef|10581dceb00340ccaf11fbba5a70d17f|50ebcf47-d9ff-4ee8-b127-44504b2107d0
[2016.02.25-11.17.23:362][  0]LogAnalytics: [UEEditor.Rocket.Release] AnalyticsET::StartSession
[2016.02.25-11.17.23:510][  0]LogInit: Transaction tracking system initialized
[2016.02.25-11.17.23:921][  0]BlueprintLog: New page: Editor Load
[2016.02.25-11.17.25:302][  0]LocalizationService: Info Localization service is disabled
[2016.02.25-11.17.25:888][  0]LogLinker:Warning: Can't find file '/Game/FirstPersonBP/FirstPersonOverview'
[2016.02.25-11.17.25:889][  0]LogLinker:Warning: Can't find file '/Game/FirstPersonBP/FirstPersonOverview'
[2016.02.25-11.17.25:889][  0]LogUObjectGlobals:Warning: Failed to find object 'Class /Game/FirstPersonBP/FirstPersonOverview.FirstPersonOverview_C'
[2016.02.25-11.17.26:159][  0]LogConsoleResponse:Display: 
[2016.02.25-11.17.29:100][  0]LogFileCache: Scanning file cache for directory 'J:/Work/Uni/Year 2/Off The Map/ForestTale/Content/' took 0.02s
[2016.02.25-11.17.29:100][  0]LogCook:Display: Done creating registry. It took  0.00s.
[2016.02.25-11.17.34:959][  0]SourceControl: Info Source control is disabled
[2016.02.25-11.17.35:215][  0]Cmd: MAP LOAD FILE="../../../Engine/Content/Maps/Templates/Template_Default.umap" TEMPLATE=1 SHOWPROGRESS=1 FEATURELEVEL=3
[2016.02.25-11.17.35:284][  0]LightingResults: New page: Lighting Build
[2016.02.25-11.17.35:936][  0]MapCheck: New page: Map Check
[2016.02.25-11.17.35:936][  0]LightingResults: New page: Lighting Build
[2016.02.25-11.17.36:632][  0]LogParticles: Destroying 0 GPU particle simulations for FXSystem 0x00000025E1416AC0
[2016.02.25-11.17.38:133][  0]LogAIModule: Creating AISystem for world Untitled_1
[2016.02.25-11.17.38:824][  0]LogEditorServer: Finished looking for orphan Actors (0.000 secs)
[2016.02.25-11.17.38:918][  0]Cmd: MAP CHECKDEP NOCLEARLOG
[2016.02.25-11.17.38:975][  0]MapCheck: Info Map check complete: 0 Error(s), 0 Warning(s), took 57.731ms to complete.
[2016.02.25-11.17.38:976][  0]LogFileHelpers: Loading map 'Template_Default' took 3.840
[2016.02.25-11.17.40:590][  0]LogCollectionManager: Loaded 0 collections in 0.006665 seconds
[2016.02.25-11.17.40:785][  0]LogFileCache: Scanning file cache for directory 'J:/Work/Uni/Year 2/Off The Map/ForestTale/Saved/Collections/' took 0.01s
[2016.02.25-11.17.40:785][  0]LogFileCache: Scanning file cache for directory 'J:/Work/Uni/Year 2/Off The Map/ForestTale/Content/Developers/Jac/Collections/' took 0.01s
[2016.02.25-11.17.40:785][  0]LogFileCache: Scanning file cache for directory 'J:/Work/Uni/Year 2/Off The Map/ForestTale/Content/Collections/' took 0.01s
[2016.02.25-11.17.40:785][  0]LogCollectionManager: Rebuilt the GUID cache for 0 collections in 0.000005 seconds
[2016.02.25-11.17.40:819][  0]LogContentBrowser: Native class hierarchy populated in 0.0261 seconds. Added 1908 classes and 344 folders.
[2016.02.25-11.17.40:964][  0]LogContentBrowser: Native class hierarchy updated for 'WidgetCarousel' in 0.0004 seconds. Added 0 classes and 0 folders.
[2016.02.25-11.17.42:490][  0]LogContentBrowser: Native class hierarchy updated for 'AddContentDialog' in 0.0016 seconds. Added 0 classes and 0 folders.
[2016.02.25-11.17.42:634][  0]LogContentBrowser: Native class hierarchy updated for 'SceneOutliner' in 0.0016 seconds. Added 1 classes and 2 folders.
[2016.02.25-11.17.43:104][  0]LogCrashTracker: Crashtracker disabled due to settings.
[2016.02.25-11.17.43:339][  0]LogUObjectGlobals:Warning: Failed to find object 'Class None.'
[2016.02.25-11.17.43:458][  0]LogLoad: Full Startup: 82.64 seconds (BP compile: 0.68 seconds)
[2016.02.25-11.17.43:898][  0]LogOcInput: Can't find Oculus library dev build: is proper Runtime installed? Version: 0.8.0.0
[2016.02.25-11.17.44:593][  0]LogContentStreaming: Texture pool size now 1000 MB
[2016.02.25-11.17.45:182][  0]LogRenderer: Reallocating scene render targets to support 1576x760 (Frame:2).
[2016.02.25-11.17.48:061][  9]LogAssetRegistry: Asset discovery search completed in 40.7571 seconds
[2016.02.25-11.17.48:111][  9]LogCollectionManager: Rebuilt the object cache for 0 collections in 0.000001 seconds (found 0 objects)
[2016.02.25-11.17.48:111][  9]LogCollectionManager: Fixed up redirectors for 0 collections in 0.006301 seconds (updated 0 objects)
[2016.02.25-11.18.06:310][129]LogTexture:Display: Building textures: grass1_normal (AutoDXT)
[2016.02.25-11.18.06:429][129]LogTexture:Display: Building textures: grass1_basecolor (AutoDXT)
[2016.02.25-11.18.06:478][129]LogMaterial: Missing cached shader map for material grass, compiling. 
[2016.02.25-11.18.12:637][709]LogLinker:Warning: Asset 'J:/Work/Uni/Year 2/Off The Map/ForestTale/Content/Mannequin/Animations/ThirdPerson_AnimBP.uasset' has been saved with empty engine version. The asset will be loaded but may be incompatible.
[2016.02.25-11.18.12:643][709]LogLinker:Warning: Asset 'J:/Work/Uni/Year 2/Off The Map/ForestTale/Content/Mannequin/Animations/ThirdPerson_Jump.uasset' has been saved with empty engine version. The asset will be loaded but may be incompatible.
[2016.02.25-11.18.12:664][709]LogLinker:Warning: Asset 'J:/Work/Uni/Year 2/Off The Map/ForestTale/Content/Mannequin/Animations/ThirdPersonJump_Loop.uasset' has been saved with empty engine version. The asset will be loaded but may be incompatible.
[2016.02.25-11.18.12:668][709]LogLinker:Warning: Asset 'J:/Work/Uni/Year 2/Off The Map/ForestTale/Content/Mannequin/Animations/ThirdPersonJump_Start.uasset' has been saved with empty engine version. The asset will be loaded but may be incompatible.
[2016.02.25-11.18.12:673][709]LogLinker:Warning: Asset 'J:/Work/Uni/Year 2/Off The Map/ForestTale/Content/Mannequin/Animations/ThirdPerson_IdleRun_2D.uasset' has been saved with empty engine version. The asset will be loaded but may be incompatible.
[2016.02.25-11.18.12:684][709]LogLinker:Warning: Asset 'J:/Work/Uni/Year 2/Off The Map/ForestTale/Content/Mannequin/Animations/ThirdPersonIdle.uasset' has been saved with empty engine version. The asset will be loaded but may be incompatible.
[2016.02.25-11.18.12:690][709]LogLinker:Warning: Ass