[2016.03.14-13.30.37:940][  0]Log file open, 03/14/16 13:30:37
[2016.03.14-13.30.37:940][  0]LogInit:Display: Running engine for game: ForestTale
[2016.03.14-13.30.37:940][  0]LogPlatformFile: Not using cached read wrapper
[2016.03.14-13.30.37:940][  0]LogInit:Display: RandInit(-1429194662) SRandInit(-1429194661).
[2016.03.14-13.30.37:940][  0]LogTaskGraph: Started task graph with 4 named threads and 7 total threads.
[2016.03.14-13.30.37:940][  0]LogStats: Stats thread started at 3.027733
[2016.03.14-13.30.37:940][  0]LogInit: Version: 4.10.2-2818068+++depot+UE4-Releases+4.10
[2016.03.14-13.30.37:940][  0]LogInit: API Version: 2758231
[2016.03.14-13.30.37:940][  0]LogInit: Compiled (64-bit): Jan  6 2016 17:36:42
[2016.03.14-13.30.37:940][  0]LogInit: Compiled with Visual C++: 19.00.23026.00
[2016.03.14-13.30.37:940][  0]LogInit: Build Configuration: Development
[2016.03.14-13.30.37:940][  0]LogInit: Branch Name: ++depot+UE4-Releases+4.10
[2016.03.14-13.30.37:940][  0]LogInit: Command line:  
[2016.03.14-13.30.37:940][  0]LogInit: Base directory: E:/Programs/Epic Games/4.10/Engine/Binaries/Win64/
[2016.03.14-13.30.37:940][  0]LogInit: Rocket: 1
[2016.03.14-13.30.38:031][  0]LogInit: Using libcurl 7.41.0
[2016.03.14-13.30.38:031][  0]LogInit:  - built for x86_64-pc-win32
[2016.03.14-13.30.38:031][  0]LogInit:  - supports SSL with WinSSL
[2016.03.14-13.30.38:031][  0]LogInit:  - other features:
[2016.03.14-13.30.38:031][  0]LogInit:      CURL_VERSION_SSL
[2016.03.14-13.30.38:031][  0]LogInit:      CURL_VERSION_IPV6
[2016.03.14-13.30.38:031][  0]LogInit:      CURL_VERSION_ASYNCHDNS
[2016.03.14-13.30.38:031][  0]LogInit:      CURL_VERSION_LARGEFILE
[2016.03.14-13.30.38:031][  0]LogInit:      CURL_VERSION_IDN
[2016.03.14-13.30.38:032][  0]LogInit:  CurlRequestOptions (configurable via config and command line):
[2016.03.14-13.30.38:032][  0]LogInit:  - bVerifyPeer = true  - Libcurl will verify peer certificate
[2016.03.14-13.30.38:032][  0]LogInit:  - bUseHttpProxy = false  - Libcurl will NOT use HTTP proxy
[2016.03.14-13.30.38:033][  0]LogInit:  - bDontReuseConnections = false  - Libcurl will reuse connections
[2016.03.14-13.30.38:033][  0]LogInit:  - CertBundlePath = nullptr  - Libcurl will use whatever was configured at build time.
[2016.03.14-13.30.38:212][  0]LogInit: Presizing for 0 objects not considered by GC, pre-allocating 0 bytes.
[2016.03.14-13.30.38:371][  0]LogInit: Object subsystem initialized
[2016.03.14-13.30.38:575][  0]LogInit: Selected Device Profile: [Windows]
[2016.03.14-13.30.38:575][  0]LogInit: Applying CVar settings loaded from the selected device profile: [Windows]
[2016.03.14-13.30.38:673][  0]LogInit: Computer: JAC-PC
[2016.03.14-13.30.38:673][  0]LogInit: User: Jac
[2016.03.14-13.30.38:673][  0]LogInit: CPU Page size=4096, Cores=4
[2016.03.14-13.30.38:675][  0]LogInit: High frequency timer resolution =3.423917 MHz
[2016.03.14-13.30.38:675][  0]LogMemory: Memory total: Physical=7.9GB (8GB approx)
[2016.03.14-13.30.38:675][  0]LogMemory: Platform Memory Stats for Windows
[2016.03.14-13.30.38:675][  0]LogMemory: Process Physical Memory: 56.22 MB used, 56.22 MB peak
[2016.03.14-13.30.38:675][  0]LogMemory: Process Virtual Memory: 56.69 MB used, 56.69 MB peak
[2016.03.14-13.30.38:675][  0]LogMemory: Physical Memory: 5685.54 MB used, 8129.75 MB total
[2016.03.14-13.30.38:675][  0]LogMemory: Virtual Memory: 378.68 MB used, 134217728.00 MB total
[2016.03.14-13.30.39:774][  0]LogTextLocalizationManager: No specific translations for ('en-GB') exist, so ('en') translations will be used.
[2016.03.14-13.30.41:574][  0]LogD3D11RHI: Found D3D11 adapter 0: NVIDIA GeForce GTX 770 (Feature Level 11_0)
[2016.03.14-13.30.41:574][  0]LogD3D11RHI: Adapter has 4026MB of dedicated video memory, 0MB of dedicated system memory, and 4064MB of shared system memory, 2 output[s]
[2016.03.14-13.30.41:577][  0]LogD3D11RHI: Found D3D11 adapter 1: Microsoft Basic Render Driver (Feature Level 11_0)
[2016.03.14-13.30.41:577][  0]LogD3D11RHI: Adapter has 0MB of dedicated video memory, 0MB of dedicated system memory, and 4064MB of shared system memory, 0 output[s]
[2016.03.14-13.30.41:577][  0]LogD3D11RHI: Chosen D3D11 Adapter Id = 0
[2016.03.14-13.30.41:583][  0]LogD3D11RHI: !Direct3DDevice
[2016.03.14-13.30.41:583][  0]LogRHI: Texture pool is 1361 MB (70% of 1945 MB)
[2016.03.14-13.30.41:603][  0]LogD3D11RHI: Async texture creation enabled
[2016.03.14-13.30.42:497][  0]LogShaderCompilers: Guid format shader working directory is 3 characters bigger than the processId version (J:/Work/Uni/Year 2/Off The Map/ForestTale/Intermediate/Shaders/WorkingDirectory/6536/).
[2016.03.14-13.30.42:497][  0]LogShaderCompilers: Cleaned the shader compiler working directory 'C:/Users/Jac/AppData/Local/Temp/UnrealShaderWorkingDir/78BE0D1E4F4B515F26907ABB08AB7EC1/'.
[2016.03.14-13.30.42:501][  0]LogShaderCompilers:Display: Using Local Shader Compiler.
[2016.03.14-13.30.46:300][  0]LogTemp:Display: Loaded TP AllDesktopTargetPlatform
[2016.03.14-13.30.46:304][  0]LogTemp:Display: Loaded TP WindowsClientTargetPlatform
[2016.03.14-13.30.46:308][  0]LogTemp:Display: Loaded TP WindowsNoEditorTargetPlatform
[2016.03.14-13.30.46:312][  0]LogTemp:Display: Loaded TP WindowsServerTargetPlatform
[2016.03.14-13.30.46:326][  0]LogTemp:Display: Loaded TP WindowsTargetPlatform
[2016.03.14-13.30.46:338][  0]LogTemp:Display: Loaded TP Android_ASTCTargetPlatform
[2016.03.14-13.30.46:348][  0]LogTemp:Display: Loaded TP Android_ATCTargetPlatform
[2016.03.14-13.30.46:355][  0]LogTemp:Display: Loaded TP Android_DXTTargetPlatform
[2016.03.14-13.30.46:364][  0]LogTemp:Display: Loaded TP Android_ETC1TargetPlatform
[2016.03.14-13.30.46:372][  0]LogTemp:Display: Loaded TP Android_ETC2TargetPlatform
[2016.03.14-13.30.46:387][  0]LogTemp:Display: Loaded TP Android_MultiTargetPlatform
[2016.03.14-13.30.46:387][  0]LogTemp:Display: Loaded TP Android_PVRTCTargetPlatform
[2016.03.14-13.30.46:419][  0]LogTemp:Display: Loaded TP AndroidTargetPlatform
[2016.03.14-13.30.46:420][  0]LogTemp:Display: Loaded TP HTML5TargetPlatform
[2016.03.14-13.30.46:541][  0]LogTemp:Display: Loaded TP IOSTargetPlatform
[2016.03.14-13.30.46:556][  0]LogTemp:Display: Loaded TP LinuxNoEditorTargetPlatform
[2016.03.14-13.30.46:562][  0]LogTemp:Display: Loaded TP LinuxServerTargetPlatform
[2016.03.14-13.30.46:580][  0]LogTemp:Display: Loaded TP LinuxTargetPlatform
[2016.03.14-13.30.46:580][  0]LogTargetPlatformManager:Display: Building Assets For Windows
[2016.03.14-13.30.47:196][  0]LogDerivedDataCache:Display: Max Cache Size: 512 MB
[2016.03.14-13.30.47:352][  0]LogDerivedDataCache: Loaded boot cache 0.15s 41MB C:/Users/Jac/AppData/Local/UnrealEngine/4.10/DerivedDataCache/Boot.ddc.
[2016.03.14-13.30.47:353][  0]LogDerivedDataCache:Display: Loaded Boot cache: C:/Users/Jac/AppData/Local/UnrealEngine/4.10/DerivedDataCache/Boot.ddc
[2016.03.14-13.30.47:353][  0]LogDerivedDataCache: FDerivedDataBackendGraph:  Pak pak cache file J:/Work/Uni/Year 2/Off The Map/ForestTale/DerivedDataCache/DDC.ddp not found, will not use a pak cache.
[2016.03.14-13.30.47:353][  0]LogDerivedDataCache: Unable to find inner node Pak for hierarchical cache Hierarchy.
[2016.03.14-13.30.47:353][  0]LogDerivedDataCache: FDerivedDataBackendGraph:  CompressedPak pak cache file J:/Work/Uni/Year 2/Off The Map/ForestTale/DerivedDataCache/Compressed.ddp not found, will not use a pak cache.
[2016.03.14-13.30.47:353][  0]LogDerivedDataCache: Unable to find inner node CompressedPak for hierarchical cache Hierarchy.
[2016.03.14-13.30.47:456][  0]LogDerivedDataCache:Display: Pak cache opened for reading ../../../Engine/DerivedDataCache/Compressed.ddp.
[2016.03.14-13.30.47:469][  0]LogDerivedDataCache: Using Local data cache path C:/Users/Jac/AppData/Local/UnrealEngine/Common/DerivedDataCache: Writable
[2016.03.14-13.30.56:039][  0]LogInit: Selected Device Profile: [Windows]
[2016.03.14-13.30.56:168][  0]LogContentStreaming: Texture pool size is 0.000000MB
[2016.03.14-13.30.57:386][  0]LogMeshUtilities: No automatic mesh reduction module available
[2016.03.14-13.30.57:387][  0]LogMeshUtilities: No automatic mesh merging module available
[2016.03.14-13.31.00:390][  0]LogInit: WinSock: version 1.1 (2.2), MaxSocks=32767, MaxUdp=65467
[2016.03.14-13.31.15:726][  0]UdpMessaging: Initializing bridge on interface 0.0.0.0:0 to multicast group 230.0.0.1:6666.
[2016.03.14-13.31.15:960][  0]LogAssetRegistry: FAssetRegistry took 0.0144 seconds to start up
[2016.03.14-13.31.27:110][  0]SourceControl: Info Source control is disabled
[2016.03.14-13.31.27:148][  0]SourceControl: Info Source control is disabled
[2016.03.14-13.31.27:644][  0]SourceControl: Info Source control is disabled
[2016.03.14-13.31.27:863][  0]SourceControl: Info Source control is disabled
[2016.03.14-13.31.32:828][  0]LogObj: 28802 objects as part of root set at end of initial load.
[2016.03.14-13.31.32:828][  0]LogUObjectAllocator: 6129768 out of 0 bytes used by permanent object pool.
[2016.03.14-13.31.34:044][  0]LogEngine: Initializing Engine...
[2016.03.14-13.31.34:098][  0]LogHMD: Can't find Oculus library dev build: is proper Runtime installed? Version: 0.8.0.0
[2016.03.14-13.31.34:151][  0]LogHMD: SteamVR failed to initialize.  Err: 110
[2016.03.14-13.31.35:043][  0]LogAIModule: Creating AISystem for world NewWorld
[2016.03.14-13.31.35:653][  0]LogInit: XAudio2 using 'Speakers (Realtek High Definition Audio)' : 2 channels at 48 kHz using 32 bits per sample (channel mask 0x3)
[2016.03.14-13.31.35:677][  0]LogInit: FAudioDevice initialized.
[2016.03.14-13.31.35:710][  0]LogDerivedDataCache: Saved boot cache 0.03s 41MB C:/Users/Jac/AppData/Local/UnrealEngine/4.10/DerivedDataCache/Boot.ddc.
[2016.03.14-13.31.35:715][  0]LogInit: Texture streaming: Enabled
[2016.03.14-13.31.35:838][  0]LogAnalytics: Creating configured Analytics provider AnalyticsET
[2016.03.14-13.31.35:839][  0]LogAnalytics: [UEEditor.Rocket.Release] APIServer = http://et2.epicgames.com/ET2/. AppVersion = 4.10.2-2818068+++depot+UE4-Releases+4.10
[2016.03.14-13.31.35:839][  0]LogAnalytics: [UEEditor.Rocket.Release] SetUserId dd12ff064be2e9be779117ab2ef6d1ef|10581dceb00340ccaf11fbba5a70d17f|50ebcf47-d9ff-4ee8-b127-44504b2107d0
[2016.03.14-13.31.35:856][  0]LogAnalytics: [UEEditor.Rocket.Release] AnalyticsET::StartSession
[2016.03.14-13.31.35:942][  0]LogWindowsTextInputMethodSystem:Display: IME system now deactivated.
[2016.03.14-13.31.36:504][  0]LogInit: Transaction tracking system initialized
[2016.03.14-13.31.38:299][  0]BlueprintLog: New page: Editor Load
[2016.03.14-13.31.46:959][  0]LocalizationService: Info Localization service is disabled
[2016.03.14-13.31.49:378][  0]LogLinker:Warning: Can't find file '/Game/FirstPersonBP/FirstPersonOverview'
[2016.03.14-13.31.49:429][  0]LogLinker:Warning: Can't find file '/Game/FirstPersonBP/FirstPersonOverview'
[2016.03.14-13.31.49:429][  0]LogUObjectGlobals:Warning: Failed to find object 'Class /Game/FirstPersonBP/FirstPersonOverview.FirstPersonOverview_C'
[2016.03.14-13.31.50:499][  0]LogConsoleResponse:Display: 
[2016.03.14-13.31.56:112][  0]LogFileCache: Scanning file cache for directory 'J:/Work/Uni/Year 2/Off The Map/ForestTale/Content/' took 0.19s
[2016.03.14-13.31.56:112][  0]LogCook:Display: Done creating registry. It took  0.00s.
[2016.03.14-13.32.03:565][  0]SourceControl: Info Source control is disabled
[2016.03.14-13.32.57:296][  0]LogWindowsTextInputMethodSystem:Display: IME system now deactivated.
[2016.03.14-13.32.57:368][  0]LogWindowsTextInputMethodSystem:Display: IME system now deactivated.
[2016.03.14-13.32.57:453][  0]Cmd: MAP LOAD FILE="J:/Work/Uni/Year 2/Off The Map/ForestTale/Content/Maps/ThirdPersonExampleMap.umap" TEMPLATE=0 SHOWPROGRESS=1 FEATURELEVEL=3
[2016.03.14-13.32.57:488][  0]LightingResults: New page: Lighting Build
[2016.03.14-13.32.57:887][  0]MapCheck: New page: Map Check
[2016.03.14-13.32.57:887][  0]LightingResults: New page: Lighting Build
[2016.03.14-13.32.58:633][  0]LogParticles: Destroying 0 GPU particle simulations for FXSystem 0x0000007F4642EAC0
[2016.03.14-13.32.58:967][  0]LogLinker:Warning: Asset 'J:/Work/Uni/Year 2/Off The Map/ForestTale/Content/Mannequin/Animations/ThirdPerson_AnimBP.uasset' has been saved with empty engine version. The asset will be loaded but may be incompatible.
[2016.03.14-13.32.58:968][  0]LogLinker:Warning: Asset 'J:/Work/Uni/Year 2/Off The Map/ForestTale/Content/Mannequin/Animations/ThirdPerson_Jump.uasset' has been saved with empty engine version. The asset will be loaded but may be incompatible.
[2016.03.14-13.32.58:970][  0]LogLinker:Warning: Asset 'J:/Work/Uni/Year 2/Off The Map/ForestTale/Content/Mannequin/Animations/ThirdPersonJump_Loop.uasset' has been saved with empty engine version. The asset will be loaded but may be incompatible.
[2016.03.14-13.32.58:971][  0]LogLinker:Warning: Asset 'J:/Work/Uni/Year 2/Off The Map/ForestTale/Content/Mannequin/Animations/ThirdPersonJump_Start.uasset' has been saved with empty engine version. The asset will be loaded but may be incompatible.
[2016.03.14-13.32.58:971][  0]LogLinker:Warning: Asset 'J:/Work/Uni/Year 2/Off The Map/ForestTale/Content/Mannequin/Animations/ThirdPerson_IdleRun_2D.uasset' has been saved with empty engine version. The asset will be loaded but may be incompatible.
[2016.03.14-13.32.58:972][  0]LogLinker:Warning: Asset 'J:/Work/Uni/Year 2/Off The Map/ForestTale/Content/Mannequin/Animations/ThirdPersonIdle.uasset' has been saved with empty engine version. The asset will be loaded but may be incompatible.
[2016.03.14-13.32.58:972][  0]LogLinker:Warning: Asset 'J:/Work/Uni/Year 2/Off The Map/ForestTale/Content/Mannequin/Animations/ThirdPersonRun.uasset' has been saved with empty engine version. The asset will be loaded but may be incompatible.
[2016.03.14-13.32.58:973][  0]LogLinker:Warning: Asset 'J:/Work/Uni/Year 2/Off The Map/ForestTale/Content/Mannequin/Animations/ThirdPersonWalk.uasset' has been saved with empty engine version. The asset will be loaded but may be incompatible.
[2016.03.14-13.33.02:423][  0]LogAIModule: Creating AISystem for world ThirdPersonExampleMap
[2016.03.14-13.33.03:161][  0]LogMaterial:Warning: Material /Engine/EditorMaterials/Cascade/CASC_RenderCross_MAT.CASC_RenderCross_MAT needed to have new flag set bUsedWithSplineMeshes !
[2016.03.14-13.33.03:163][  0]LogMaterial: Missing cached shader map for material CASC_RenderCross_MAT, compiling. 
[2016.03.14-13.33.03:328][  0]MapCheck:Warning: Warning CASC_RenderCross_MAT Material /Engine/EditorMaterials/Cascade/CASC_RenderCross_MAT.CASC_RenderCross_MAT was missing the usage flag bUsedWithSplineMeshes. If the material asset is not re-saved, it may not render correctly when run outside the editor. Fix
[2016.03.14-13.33.03:328][  0]LogMaterial: 0.000262 seconds spent updating 1 materials, 1 interfaces, 0 instances, 0 with static permutations.
[2016.03.14-13.33.04:773][  0]LogEditorServer: Finished looking for orphan Actors (0.027 secs)
[2016.03.14-13.33.05:059][  0]Cmd: MAP CHECKDEP NOCLEARLOG
[2016.03.14-13.33.05:209][  0]MapCheck: Info Map check complete: 0 Error(s), 1 Warning(s), took 149.488ms to complete.
[2016.03.14-13.33.05:391][  0]LogFileHelpers: Loading map 'ThirdPersonExampleMap' took 7.990
[2016.03.14-13.33.08:371][  0]LogCollectionManager: Loaded 0 collections in 0.002051 seconds
[2016.03.14-13.33.08:588][  0]LogFileCache: Scanning file cache for directory 'J:/Work/Uni/Year 2/Off The Map/ForestTale/Saved/Collections/' took 0.01s
[2016.03.14-13.33.08:588][  0]LogFileCache: Scanning file cache for directory 'J:/Work/Uni/Year 2/Off The Map/ForestTale/Content/Developers/Jac/Collections/' took 0.01s
[2016.03.14-13.33.08:588][  0]LogFileCache: Scanning file cache for directory 'J:/Work/Uni/Year 2/Off The Map/ForestTale/Content/Collections/' took 0.01s
[2016.03.14-13.33.08:588][  0]LogCollectionManager: Rebuilt the GUID cache for 0 collections in 0.000005 seconds
[2016.03.14-13.33.08:602][  0]LogContentBrowser: Native class hierarchy populated in 0.0129 seconds. Added 1908 classes and 344 folders.
[2016.03.14-13.33.08:844][  0]LogContentBrowser: Native class hierarchy updated for 'WidgetCarousel' in 0.0007 seconds. Added 0 classes and 0 folders.
[2016.03.14-13.33.10:449][  0]LogContentBrowser: Native class hierarchy updated for 'AddContentDialog' in 0.0006 seconds. Added 0 classes and 0 folders.
[2016.03.14-13.33.10:630][  0]LogContentBrowser: Native class hierarchy updated for 'SceneOutliner' in 0.0005 seconds. Added 1 classes and 2 folders.
[2016.03.14-13.33.12:218][  0]LogCrashTracker: Crashtracker disabled due to settings.
[2016.03.14-13.33.12:596][  0]LogUObjectGlobals:Warning: Failed to find object 'Class None.'
[2016.03.14-13.33.12:716][  0]LogStats:Warning: MetaData mismatch. Did you assign a stat to two groups? New //STATGROUP_Threads//SplashScreenThread///Thread_2d0c_0///####STATCAT_Advanced#### old //STATGROUP_Threads//SplashScreenThread///Thread_5f8_0///####STATCAT_Advanced####
[2016.03.14-13.33.12:724][  0]LogLoad: Full Startup: 161.41 seconds (BP compile: 1.41 seconds)
[2016.03.14-13.33.12:818][  0]LogOcInput: Can't find Oculus library dev build: is proper Runtime installed? Version: 0.8.0.0
[2016.03.14-13.33.13:880][  0]LogContentStreaming: Texture pool size now 1000 MB
[2016.03.14-13.33.15:045][  0]LogRenderer: Reallocating scene render targets to support 1576x1020 (Frame:2).
[2016.03.14-13.33.16:278][  7]LogAssetRegistry: Asset discovery search completed in 120.3300 seconds
[2016.03.14-13.33.16:339][  7]LogCollectionManager: Rebuilt the object cache for 0 collections in 0.000001 seconds (found 0 objects)
[2016.03.14-13.33.16:339][  7]LogCollectionManager: Fixed up redirectors for 0 collections in 0.028382 seconds (updated 0 objects)
[2016.03.14-13.33.53:101][881]LogAIModule: Creating AISystem for world ArtAssets_Jac
[2016.03.14-13.33.53:305][881]LogActorComponent: UnregisterComponent: (/Engine/Transient.CharMoveComp) Not registered. Aborting.
[2016.03.14-13.33.53:555][881]Cmd: MAP LOAD FILE="J:/Work/Uni/Year 2/Off The Map/ForestTale/Content/Maps/ArtAssets_Jac.umap" TEMPLATE=0 SHOWPROGRESS=1 FEATURELEVEL=3
[2016.03.14-13.33.53:557][881]LightingResults: New page: Lighting Build
[2016.03.14-13.33.53:581][881]LoadErrors: New page: Loading map: ArtAssets_Jac.umap
[2016.03.14-13.33.53:635][881]MapCheck: New page: Map Check
[2016.03.14-13.33.53:635][881]LightingResults: New page: Lighting Build
[2016.03.14-13.33.53:713][881]LogParticles: Destroying 0 GPU particle simulations for FXSystem 0x0000007F340B3060
[2016.03.14-13.33.54:923][881]LogEditorServer: Finished looking for orphan Actors (0.000 secs)
[2016.03.14-13.33.54:964][881]Cmd: MAP CHECKDEP NOCLEARLOG
[2016.03.14-13.33.55:005][881]MapCheck: Info Map check complete: 0 Error(s), 0 Warning(s), took 40.917ms to complete.
[2016.03.14-13.33.55:005][881]LogFileHelpers: Loading map 'ArtAssets_Jac' took 1.515
[2016.03.14-13.33.55:217][882]Cmd: UpdateLandscapeEditorData -warnings
[2016.03.14-13.33.55:534][882]Cmd: UpdateLandscapeEditorData
[2016.03.14-13.34.11:783][453]LogTexture:Display: Building textures: Theseus_spec (AutoDXT)
[2016.03.14-13.34.12:963][453]LogTexture:Display: Building textures: Theseus_mid_nm (BC5)
[2016.03.14-13.34.13:362][453]LogMaterial: Missing cached shader map for material _Body_Mid, compiling. 
[2016.03.14-13.34.13:428][453]LogMaterial: Missing cached shader map for material mushroom, compiling. 
[2016.03.14-13.34.13:655][453]LogTexture:Display: Building textures: Texture2D_4 (BGRA8)
[2016.03.14-13.34.13:673][453]LogTexture:Display: Building textures: Texture2D_5 (BGRA8)
[2016.03.14-13.34.13:694][453]LogTexture:Display: Building textures: Texture2D_6 (BGRA8)
[2016.03.14-13.34.13:715][453]LogTexture:Display: Building textures: Texture2D_7 (BGRA8)
[2016.03.14-13.34.13:746][453]LogAIModule: Creating AISystem for world TheForest
[2016.03.14-13.34.13:761][453]LogMaterial:Warning: Material /Engine/EngineMaterials/DefaultMaterial.DefaultMaterial needed to have new flag set bUsedWithSplineMeshes !
[2016.03.14-13.34.13:767][453]LogMaterial: Missing cached shader map for material DefaultMaterial, compiling. 
[2016.03.14-13.34.13:808][453]MapCheck:Warning: Warning DefaultMaterial Material /Engine/EngineMaterials/DefaultMaterial.DefaultMaterial was missing the usage flag bUsedWithSplineMeshes. If the material asset is not re-saved, it may not render correctly when run outside the editor. Fix
[2016.03.14-13.34.13:861][453]LogMaterial: 0.000145 seconds spent updating 1 materials, 1 interfaces, 0 instances, 0 with static permutations.
[2016.03.14-13.34.13:882][453]LogActorComponent: UnregisterComponent: (/Engine/Transient.CharMoveComp) Not registered. Aborting.
[2016.03.14-13.34.13:944][453]Cmd: MAP LOAD FILE="J:/Work/Uni/Year 2/Off The Map/ForestTale/Content/Maps/TheForest.umap" TEMPLATE=0 SHOWPROGRESS=1 FEATURELEVEL=3
[2016.03.14-13.34.13:944][453]LightingResults: New page: Lighting Build
[2016.03.14-13.34.13:974][453]LoadErrors: New page: Loading map: TheForest.umap
[2016.03.14-13.34.13:990][453]MapCheck: New page: Map Check
[2016.03.14-13.34.13:991][453]LightingResults: New page: Lighting Build
[2016.03.14-13.34.14:028][453]LogParticles: Destroying 0 GPU particle simulations for FXSystem 0x0000007F1BC49C60
[2016.03.14-13.34.14:788][453]LogEditorServer: Finished looking for orphan Actors (0.000 secs)
[2016.03.14-13.34.14:834][453]Cmd: MAP CHECKDEP NOCLEARLOG
[2016.03.14-13.34.14:908][453]MapCheck: Info Map check complete: 0 Error(s), 0 Warning(s), took 73.703ms to complete.
[2016.03.14-13.34.14:908][453]LogFileHelpers: Loading map 'TheForest' took 0.966
[2016.03.14-13.34.15:026][454]Cmd: UpdateLandscapeEditorData -warnings
[2016.03.14-13.34.15:028][454]Cmd: UpdateLandscapeEditorData
[2016.03.14-13.34.49:139][956]LogActorComponent: UnregisterComponent: (/Engine/Transient.CharMoveComp) Not registered. Aborting.
[2016.03.14-13.34.49:487][956]LogWindowsTextInputMethodSystem:Display: IME system now deactivated.
[2016.03.14-13.34.50:352][957]Cmd: QUIT_EDITOR
[2016.03.14-13.34.51:092][957]LogExit: Preparing to exit.
[2016.03.14-13.34.52:417][957]LogExit: Editor shut down
[2016.03.14-13.34.52:417][957]LogExit: Transaction tracking system shut down
[2016.03.14-13.34.52:490][957]LogParticles: Destroying 0 GPU particle simulations for FXSystem 0x0000007F45BDCFE0
[2016.03.14-13.34.52:491][957]LogParticles: Destroying 0 GPU particle simulations for FXSystem 0x0000007F4D832AC0
[2016.03.14-13.34.52:491][957]LogParticles: Destroying 0 GPU particle simulations for FXSystem 0x0000007F4D692840
[2016.03.14-13.34.52:491][957]LogParticles: Destroying 0 GPU particle simulations for FXSystem 0x0000007F63665080
[2016.03.14-13.34.52:491][957]LogParticles: Destroying 0 GPU particle simulations for FXSystem 0x0000007F0C0D8C20
[2016.03.14-13.34.53:766][957]LogExit: Object subsystem successfully closed.
[2016.03.14-13.34.53:976][957]LogD3D11RHI: Shutdown
[2016.03.14-13.34.53:976][957]LogD3D11RHI: CleanupD3DDevice
[2016.03.14-13.34.54:104][957]LogD3D11RHI: ~FD3D11DynamicRHI
[2016.03.14-13.34.54:816][957]LogModuleManager: Shutting down and abandoning module CrashTracker (200)
[2016.03.14-13.34.54:816][957]LogModuleManager: Shutting down and abandoning module SceneOutliner (199)
[2016.03.14-13.34.54:816][957]LogModuleManager: Shutting down and abandoning module SuperSearch (198)
[2016.03.14-13.34.54:816][957]LogModuleManager: Shutting down and abandoning module WidgetCarousel (197)
[2016.03.14-13.34.54:827][957]LogModuleManager: Shutting down and abandoning module AddContentDialog (196)
[2016.03.14-13.34.54:855][957]LogModuleManager: Shutting down and abandoning module EditorWidgets (195)
[2016.03.14-13.34.54:855][957]LogModuleManager: Shutting down and abandoning module CollectionManager (194)
[2016.03.14-13.34.54:882][957]LogModuleManager: Shutting down and abandoning module StatsViewer (193)
[2016.03.14-13.34.54:903][957]LogModuleManager: Shutting down and abandoning module FoliageEdit (192)
[2016.03.14-13.34.54:917][957]LogModuleManager: Shutting down and abandoning module LandscapeEditor (191)
[2016.03.14-13.34.54:953][957]LogModuleManager: Shutting down and abandoning module ActorPickerMode (190)
[2016.03.14-13.34.54:954][957]LogModuleManager: Shutting down and abandoning module GeometryMode (189)
[2016.03.14-13.34.54:954][957]LogModuleManager: Shutting down and abandoning module TextureAlignMode (188)
[2016.03.14-13.34.54:954][957]LogModuleManager: Shutting down and abandoning module BspMode (187)
[2016.03.14-13.34.54:954][957]LogModuleManager: Shutting down and abandoning module PlacementMode (186)
[2016.03.14-13.34.54:954][957]LogModuleManager: Shutting down and abandoning module AutomationWorker (185)
[2016.03.14-13.34.54:954][957]LogModuleManager: Shutting down and abandoning module CharacterAI (184)
[2016.03.14-13.34.54:954][957]LogModuleManager: Shutting down and abandoning module SmartSnapping (183)
[2016.03.14-13.34.54:954][957]LogModuleManager: Shutting down and abandoning module ViewportSnapping (182)
[2016.03.14-13.34.54:954][957]LogModuleManager: Shutting down and abandoning module LogVisualizer (181)
[2016.03.14-13.34.54:980][957]LogModuleManager: Shutting down and abandoning module GameProjectGeneration (180)
[2016.03.14-13.34.55:017][957]LogModuleManager: Shutting down and abandoning module IntroTutorials (179)
[2016.03.14-13.34.55:039][957]LogModuleManager: Shutting down and abandoning module EditorLiveStreaming (178)
[2016.03.14-13.34.55:039][957]LogModuleManager: Shutting down and abandoning module IOSPlatformEditor (177)
[2016.03.14-13.34.55:051][957]LogModuleManager: Shutting down and abandoning module HTML5PlatformEditor (176)
[2016.03.14-13.34.55:051][957]LogModuleManager: Shutting down and abandoning module AndroidDeviceDetection (175)
[2016.03.14-13.34.55:419][957]LogModuleManager: Shutting down and abandoning module AndroidPlatformEditor (174)
[2016.03.14-13.34.55:419][957]LogModuleManager: Shutting down and abandoning module IOSRuntimeSettings (173)
[2016.03.14-13.34.55:419][957]LogModuleManager: Shutting down and abandoning module AndroidRuntimeSettings (172)
[2016.03.14-13.34.55:420][957]LogModuleManager: Shutting down and abandoning module MergeActors (171)
[2016.03.14-13.34.55:461][957]LogModuleManager: Shutting down and abandoning module SizeMap (170)
[2016.03.14-13.34.55:461][957]LogModuleManager: Shutting down and abandoning module TreeMap (169)
[2016.03.14-13.34.55:485][957]LogModuleManager: Shutting down and abandoning module ReferenceViewer (168)
[2016.03.14-13.34.55:498][957]LogModuleManager: Shutting down and abandoning module LocalizationService (167)
[2016.03.14-13.34.55:510][957]LogModuleManager: Shutting down and abandoning module LocalizationDashboard (166)
[2016.03.14-13.34.55:516][957]LogModuleManager: Shutting down and abandoning module HardwareTargeting (165)
[2016.03.14-13.34.55:519][957]LogModuleManager: Shutting down and abandoning module DeviceProfileEditor (164)
[2016.03.14-13.34.55:540][957]LogModuleManager: Shutting down and abandoning module UndoHistory (163)
[2016.03.14-13.34.55:548][957]LogModuleManager: Shutting down and abandoning module GameplayTagsEditor (162)
[2016.03.14-13.34.55:553][957]LogModuleManager: Shutting down and abandoning module UserFeedback (161)
[2016.03.14-13.34.55:553][957]LogModuleManager: Shutting down and abandoning module XmlParser (160)
[2016.03.14-13.34.55:553][957]LogModuleManager: Shutting down and abandoning module Blutility (159)
[2016.03.14-13.34.55:553][957]LogModuleManager: Shutting down and abandoning module ProjectTargetPlatformEditor (158)
[2016.03.14-13.34.55:559][957]LogModuleManager: Shutting down and abandoning module ProjectSettingsViewer (157)
[2016.03.14-13.34.55:559][957]LogModuleManager: Shutting down and abandoning module InputBindingEditor (156)
[2016.03.14-13.34.55:614][957]LogModuleManager: Shutting down and abandoning module EditorSettingsViewer (155)
[2016.03.14-13.34.55:614][957]LogModuleManager: Shutting down and abandoning module SettingsEditor (154)
[2016.03.14-13.34.55:682][957]LogModuleManager: Shutting down and abandoning module ProjectLauncher (153)
[2016.03.14-13.34.55:692][957]LogModuleManager: Shutting down and abandoning module SessionFrontend (152)
[2016.03.14-13.34.55:709][957]LogModuleManager: Shutting down and abandoning module ProfilerClient (151)
[2016.03.14-13.34.55:713][957]LogModuleManager: Shutting down and abandoning module TargetDeviceServices (150)
[2016.03.14-13.34.55:734][957]LogModuleManager: Shutting down and abandoning module DeviceManager (149)
[2016.03.14-13.34.55:745][957]LogModuleManager: Shutting down and abandoning module AutomationController (148)
[2016.03.14-13.34.55:755][957]LogModuleManager: Shutting down and abandoning module AutomationWindow (147)
[2016.03.14-13.34.55:767][957]LogModuleManager: Shutting down and abandoning module Layers (146)
[2016.03.14-13.34.55:797][957]LogModuleManager: Shutting down and abandoning module ComponentVisualizers (145)
[2016.03.14-13.34.55:797][957]LogModuleManager: Shutting down and abandoning module DetailCustomizations (144)
[2016.03.14-13.34.55:806][957]LogModuleManager: Shutting down and abandoning module PackagesDialog (143)
[2016.03.14-13.34.55:816][957]LogModuleManager: Shutting down and abandoning module Persona (142)
[2016.03.14-13.34.55:888][957]LogModuleManager: Shutting down and abandoning module Kismet (141)
[2016.03.14-13.34.55:893][957]LogModuleManager: Shutting down and abandoning module GraphEditor (140)
[2016.03.14-13.34.55:942][957]LogModuleManager: Shutting down and abandoning module ClassViewer (139)
[2016.03.14-13.34.55:951][957]LogModuleManager: Shutting down and abandoning module Toolbox (138)
[2016.03.14-13.34.55:951][957]LogModuleManager: Shutting down and abandoning module ModuleUI (137)
[2016.03.14-13.34.55:962][957]LogModuleManager: Shutting down and abandoning module MovieSceneTools (136)
[2016.03.14-13.34.55:977][957]LogModuleManager: Shutting down and abandoning module OutputLog (135)
[2016.03.14-13.34.55:977][957]LogModuleManager: Shutting down and abandoning module GammaUI (134)
[2016.03.14-13.34.55:980][957]LogModuleManager: Shutting down and abandoning module Documentation (133)
[2016.03.14-13.34.55:980][957]LogModuleManager: Shutting down and abandoning module GameLiveStreaming (132)
[2016.03.14-13.34.55:984][957]LogModuleManager: Shutting down and abandoning module StreamingPauseRendering (131)
[2016.03.14-13.34.55:984][957]LogModuleManager: Shutting down and abandoning module AnalyticsET (130)
[2016.03.14-13.34.55:984][957]LogModuleManager: Shutting down and abandoning module Analytics (129)
[2016.03.14-13.34.55:984][957]LogModuleManager: Shutting down and abandoning module AITestSuite (128)
[2016.03.14-13.34.56:007][957]LogModuleManager: Shutting down and abandoning module GameplayDebugger (127)
[2016.03.14-13.34.56:021][957]LogModuleManager: Shutting down and abandoning module AIModule (126)
[2016.03.14-13.34.56:032][957]LogModuleManager: Shutting down and abandoning module ProfilerService (125)
[2016.03.14-13.34.56:289][957]LogModuleManager: Shutting down and abandoning module TaskGraph (124)
[2016.03.14-13.34.56:322][957]LogModuleManager: Shutting down and abandoning module SubstanceEditor (123)
[2016.03.14-13.34.56:327][957]LogModuleManager: Shutting down and abandoning module SlateRemote (122)
[2016.03.14-13.34.56:327][957]LogModuleManager: Shutting down and abandoning module SteamVRController (121)
[2016.03.14-13.34.56:327][957]LogModuleManager: Shutting down and abandoning module SteamVR (120)
[2016.03.14-13.34.56:327][957]LogModuleManager: Shutting down and abandoning module ProceduralMeshComponent (119)
[2016.03.14-13.34.56:327][957]LogModuleManager: Shutting down and abandoning module OculusLibrary (118)
[2016.03.14-13.34.56:327][957]LogModuleManager: Shutting down and abandoning module OculusInput (117)
[2016.03.14-13.34.56:327][957]LogModuleManager: Shutting down and abandoning module LeapMotionController (116)
[2016.03.14-13.34.56:364][957]LogModuleManager: Shutting down and abandoning module CustomMeshComponent (115)
[2016.03.14-13.34.56:364][957]LogModuleManager: Shutting down and abandoning module CableComponent (114)
[2016.03.14-13.34.56:371][957]LogModuleManager: Shutting down and abandoning module ArchVisCharacter (113)
[2016.03.14-13.34.56:371][957]LogModuleManager: Shutting down and abandoning module MessagingDebugger (112)
[2016.03.14-13.34.56:409][957]LogModuleManager: Shutting down and abandoning module MediaPlayerEditor (111)
[2016.03.14-13.34.56:440][957]LogModuleManager: Shutting down and abandoning module HTML5Networking (110)
[2016.03.14-13.34.56:440][957]LogModuleManager: Shutting down and abandoning module SpeedTreeImporter (109)
[2016.03.14-13.34.56:440][957]LogModuleManager: Shutting down and abandoning module PluginBrowser (108)
[2016.03.14-13.34.56:469][957]LogModuleManager: Shutting down and abandoning module EpicSurvey (107)
[2016.03.14-13.34.56:482][957]LogModuleManager: Shutting down and abandoning module DesktopPlatform (106)
[2016.03.14-13.34.56:491][957]LogModuleManager: Shutting down and abandoning module VisualStudioSourceCodeAccess (105)
[2016.03.14-13.34.56:491][957]LogModuleManager: Shutting down and abandoning module UObjectPlugin (104)
[2016.03.14-13.34.56:491][957]LogModuleManager: Shutting down and abandoning module SubversionSourceControl (103)
[2016.03.14-13.34.56:517][957]LogModuleManager: Shutting down and abandoning module PerforceSourceControl (102)
[2016.03.14-13.34.56:544][957]LogModuleManager: Shutting down and abandoning module SourceControl (101)
[2016.03.14-13.34.56:571][957]LogModuleManager: Shutting down and abandoning module GitSourceControl (100)
[2016.03.14-13.34.56:579][957]LogModuleManager: Shutting down and abandoning module LightPropagationVolumeEditor (99)
[2016.03.14-13.34.56:579][957]LogModuleManager: Shutting down and abandoning module PaperTiledImporter (98)
[2016.03.14-13.34.56:590][957]LogModuleManager: Shutting down and abandoning module PaperSpriteSheetImporter (97)
[2016.03.14-13.34.56:590][957]LogModuleManager: Shutting down and abandoning module MeshPaint (96)
[2016.03.14-13.34.56:590][957]LogModuleManager: Shutting down and abandoning module SlateReflector (95)
[2016.03.14-13.34.56:620][957]LogModuleManager: Shutting down and abandoning module HotReload (94)
[2016.03.14-13.34.56:626][957]LogModuleManager: Shutting down and abandoning module MainFrame (93)
[2016.03.14-13.34.56:626][957]LogModuleManager: Shutting down and abandoning module LevelEditor (92)
[2016.03.14-13.34.56:640][957]LogModuleManager: Shutting down and abandoning module ContentBrowser (91)
[2016.03.14-13.34.56:641][957]LogModuleManager: Shutting down and abandoning module Paper2DEditor (90)
[2016.03.14-13.34.56:677][957]LogModuleManager: Shutting down and abandoning module DirectoryWatcher (89)
[2016.03.14-13.34.56:678][957]LogModuleManager: Shutting down and abandoning module AssetRegistry (88)
[2016.03.14-13.34.56:909][957]LogModuleManager: Shutting down and abandoning module SubstanceCore (87)
[2016.03.14-13.34.56:941][957]LogModuleManager: Shutting down and abandoning module UdpMessaging (86)
[2016.03.14-13.34.57:042][957]LogModuleManager: Shutting down and abandoning module LightPropagationVolumeRuntime (85)
[2016.03.14-13.34.57:042][957]LogModuleManager: Shutting down and abandoning module Paper2D (84)
[2016.03.14-13.34.57:059][957]LogModuleManager: Shutting down and abandoning module WindowsMoviePlayer (83)
[2016.03.14-13.34.57:062][957]LogModuleManager: Shutting down and abandoning module Media (82)
[2016.03.14-13.34.57:062][957]LogModuleManager: Shutting down and abandoning module WmfMedia (81)
[2016.03.14-13.34.57:080][957]LogModuleManager: Shutting down and abandoning module OnlineBlueprintSupport (80)
[2016.03.14-13.34.57:080][957]LogModuleManager: Shutting down and abandoning module GameplayTasksEditor (79)
[2016.03.14-13.34.57:080][957]LogModuleManager: Shutting down and abandoning module PropertyEditor (78)
[2016.03.14-13.34.57:080][957]LogModuleManager: Shutting down and abandoning module BehaviorTreeEditor (77)
[2016.03.14-13.34.57:108][957]LogModuleManager: Shutting down and abandoning module FunctionalTesting (76)
[2016.03.14-13.34.57:108][957]LogModuleManager: Shutting down and abandoning module CollisionAnalyzer (75)
[2016.03.14-13.34.57:119][957]LogModuleManager: Shutting down and abandoning module WorkspaceMenuStructure (74)
[2016.03.14-13.34.57:120][957]LogModuleManager: Shutting down and abandoning module MessageLog (73)
[2016.03.14-13.34.57:120][957]LogModuleManager: Shutting down and abandoning module Sequencer (72)
[2016.03.14-13.34.57:186][957]LogModuleManager: Shutting down and abandoning module AssetTools (71)
[2016.03.14-13.34.57:310][957]LogModuleManager: Shutting down and abandoning module UMGEditor (70)
[2016.03.14-13.34.57:384][957]LogModuleManager: Shutting down and abandoning module UMG (69)
[2016.03.14-13.34.57:417][957]LogModuleManager: Shutting down and abandoning module Slate (68)
[2016.03.14-13.34.57:417][957]LogModuleManager: Shutting down and abandoning module EditorStyle (67)
[2016.03.14-13.34.57:444][957]LogModuleManager: Shutting down and abandoning module SessionServices (66)
[2016.03.14-13.34.57:444][957]LogModuleManager: Shutting down and abandoning module SourceCodeAccess (65)
[2016.03.14-13.34.57:444][957]LogModuleManager: Shutting down and abandoning module HeadMountedDisplay (64)
[2016.03.14-13.34.57:444][957]LogModuleManager: Shutting down and abandoning module XAudio2 (63)
[2016.03.14-13.34.57:444][957]LogModuleManager: Shutting down and abandoning module Networking (61)
[2016.03.14-13.34.57:444][957]LogModuleManager: Shutting down and abandoning module Core (60)
[2016.03.14-13.34.57:444][957]LogModuleManager: Shutting down and abandoning module KismetCompiler (59)
[2016.03.14-13.34.57:444][957]LogModuleManager: Shutting down and abandoning module PhysXFormats (58)
[2016.03.14-13.34.57:444][957]LogModuleManager: Shutting down and abandoning module MeshUtilities (57)
[2016.03.14-13.34.57:492][957]LogModuleManager: Shutting down and abandoning module DerivedDataCache (56)
[2016.03.14-13.34.57:520][957]LogDerivedDataCache: Shutdown
[2016.03.14-13.34.57:520][957]LogModuleManager: Shutting down and abandoning module ShaderFormatOpenGL (55)
[2016.03.14-13.34.57:534][957]LogModuleManager: Shutting down and abandoning module ShaderFormatD3D (54)
[2016.03.14-13.34.57:537][957]LogModuleManager: Shutting down and abandoning module MetalShaderFormat (53)
[2016.03.14-13.34.57:542][957]LogModuleManager: Shutting down and abandoning module TextureFormatUncompressed (52)
[2016.03.14-13.34.57:542][957]LogModuleManager: Shutting down and abandoning module TextureFormatPVR (51)
[2016.03.14-13.34.57:555][957]LogModuleManager: Shutting down and abandoning module TextureFormatIntelISPCTexComp (50)
[2016.03.14-13.34.57:563][957]LogModuleManager: Shutting down and abandoning module TextureFormatDXT (49)
[2016.03.14-13.34.57:563][957]LogModuleManager: Shutting down and abandoning module ImageWrapper (48)
[2016.03.14-13.34.57:563][957]LogModuleManager: Shutting down and abandoning module TextureFormatASTC (47)
[2016.03.14-13.34.57:563][957]LogModuleManager: Shutting down and abandoning module TextureFormatAndroid (46)
[2016.03.14-13.34.57:563][957]LogModuleManager: Shutting down and abandoning module AudioFormatOpus (45)
[2016.03.14-13.34.57:568][957]LogModuleManager: Shutting down and abandoning module AudioFormatOgg (44)
[2016.03.14-13.34.57:574][957]LogModuleManager: Shutting down and abandoning module AudioFormatADPCM (43)
[2016.03.14-13.34.57:582][957]LogModuleManager: Shutting down and abandoning module LinuxTargetPlatform (42)
[2016.03.14-13.34.57:583][957]LogModuleManager: Shutting down and abandoning module LinuxServerTargetPlatform (41)
[2016.03.14-13.34.57:593][957]LogModuleManager: Shutting down and abandoning module LinuxNoEditorTargetPlatform (40)
[2016.03.14-13.34.57:597][957]LogModuleManager: Shutting down and abandoning module Messaging (39)
[2016.03.14-13.34.57:597][957]LogModuleManager: Shutting down and abandoning module IOSTargetPlatform (38)
[2016.03.14-13.34.57:597][957]LogModuleManager: Shutting down and abandoning module HTML5TargetPlatform (37)
[2016.03.14-13.34.57:597][957]LogModuleManager: Shutting down and abandoning module AndroidTargetPlatform (36)
[2016.03.14-13.34.57:597][957]LogModuleManager: Shutting down and abandoning module Android_PVRTCTargetPlatform (35)
[2016.03.14-13.34.57:597][957]LogModuleManager: Shutting down and abandoning module Android_MultiTargetPlatform (34)
[2016.03.14-13.34.57:597][957]LogModuleManager: Shutting down and abandoning module Android_ETC2TargetPlatform (33)
[2016.03.14-13.34.57:597][957]LogModuleManager: Shutting down and abandoning module Android_ETC1TargetPlatform (32)
[2016.03.14-13.34.57:597][957]LogModuleManager: Shutting down and abandoning module Android_DXTTargetPlatform (31)
[2016.03.14-13.34.57:597][957]LogModuleManager: Shutting down and abandoning module Android_ATCTargetPlatform (30)
[2016.03.14-13.34.57:597][957]LogModuleManager: Shutting down and abandoning module Android_ASTCTargetPlatform (29)
[2016.03.14-13.34.57:597][957]LogModuleManager: Shutting down and abandoning module WindowsTargetPlatform (28)
[2016.03.14-13.34.57:597][957]LogModuleManager: Shutting down and abandoning module WindowsServerTargetPlatform (27)
[2016.03.14-13.34.57:606][957]LogModuleManager: Shutting down and abandoning module WindowsNoEditorTargetPlatform (26)
[2016.03.14-13.34.57:611][957]LogModuleManager: Shutting down and abandoning module WindowsClientTargetPlatform (25)
[2016.03.14-13.34.57:616][957]LogModuleManager: Shutting down and abandoning module AllDesktopTargetPlatform (24)
[2016.03.14-13.34.57:616][957]LogModuleManager: Shutting down and abandoning module TargetPlatform (23)
[2016.03.14-13.34.57:616][957]LogModuleManager: Shutting down and abandoning module InputCore (22)
[2016.03.14-13.34.57:616][957]LogModuleManager: Shutting down and abandoning module Settings (21)
[2016.03.14-13.34.57:621][957]LogModuleManager: Shutting down and abandoning module OnlineSubsystem (19)
[2016.03.14-13.34.57:622][957]LogModuleManager: Shutting down and abandoning module HTTP (18)
[2016.03.14-13.34.58:623][957]LogModuleManager: Shutting down and abandoning module XMPP (17)
[2016.03.14-13.34.58:694][957]LogModuleManager: Shutting down and abandoning module OculusRift (16)
[2016.03.14-13.34.58:708][957]LogModuleManager: Shutting down and abandoning module ExampleDeviceProfileSelector (15)
[2016.03.14-13.34.58:708][957]LogModuleManager: Shutting down and abandoning module TextureCompressor (14)
[2016.03.14-13.34.58:708][957]LogModuleManager: Shutting down and abandoning module ShaderCore (13)
[2016.03.14-13.34.58:708][957]LogModuleManager: Shutting down and abandoning module Landscape (12)
[2016.03.14-13.34.58:708][957]LogModuleManager: Shutting down and abandoning module SlateRHIRenderer (11)
[2016.03.14-13.34.58:737][957]LogModuleManager: Shutting down and abandoning module OpenGLDrv (10)
[2016.03.14-13.34.58:741][957]LogModuleManager: Shutting down and abandoning module D3D11RHI (9)
[2016.03.14-13.34.58:741][957]LogModuleManager: Shutting down and abandoning module AnimGraphRuntime (8)
[2016.03.14-13.34.58:755][957]LogModuleManager: Shutting down and abandoning module Renderer (7)
[2016.03.14-13.34.58:755][957]LogModuleManager: Shutting down and abandoning module Engine (6)
[2016.03.14-13.34.58:755][957]LogModuleManager: Shutting down and abandoning module CoreUObject (5)
[2016.03.14-13.34.58:755][957]LogModuleManager: Shutting down and abandoning module NetworkFile (4)
[2016.03.14-13.34.58:764][957]LogModuleManager: Shutting down and abandoning module StreamingFile (3)
[2016.03.14-13.34.58:767][957]LogModuleManager: Shutting down and abandoning module SandboxFile (2)
[2016.03.14-13.34.58:780][957]LogModuleManager: Shutting down and abandoning module PakFile (1)
[2016.03.14-13.34.58:790][957]LogExit: Exiting.
[2016.03.14-13.34.58:796][957]Log file closed, 03/14/16 13:34:58
