[2016.03.03-16.59.31:240][  0]Log file open, 03/03/16 16:59:31
[2016.03.03-16.59.31:240][  0]LogInit:Display: Running engine for game: ForestTale
[2016.03.03-16.59.31:240][  0]LogPlatformFile: Not using cached read wrapper
[2016.03.03-16.59.31:240][  0]LogInit:Display: RandInit(-626256010) SRandInit(-626256009).
[2016.03.03-16.59.31:240][  0]LogTaskGraph: Started task graph with 4 named threads and 7 total threads.
[2016.03.03-16.59.31:240][  0]LogStats: Stats thread started at 0.082007
[2016.03.03-16.59.31:240][  0]LogInit: Version: 4.10.1-2791327+++depot+UE4-Releases+4.10
[2016.03.03-16.59.31:240][  0]LogInit: API Version: 2758231
[2016.03.03-16.59.31:240][  0]LogInit: Compiled (64-bit): Dec  4 2015 19:44:40
[2016.03.03-16.59.31:240][  0]LogInit: Compiled with Visual C++: 19.00.23026.00
[2016.03.03-16.59.31:240][  0]LogInit: Build Configuration: Development
[2016.03.03-16.59.31:240][  0]LogInit: Branch Name: ++depot+UE4-Releases+4.10
[2016.03.03-16.59.31:240][  0]LogInit: Command line:  
[2016.03.03-16.59.31:240][  0]LogInit: Base directory: C:/Program Files/Epic Games/4.10/Engine/Binaries/Win64/
[2016.03.03-16.59.31:240][  0]LogInit: Rocket: 1
[2016.03.03-16.59.31:258][  0]LogInit: Using libcurl 7.41.0
[2016.03.03-16.59.31:258][  0]LogInit:  - built for x86_64-pc-win32
[2016.03.03-16.59.31:258][  0]LogInit:  - supports SSL with WinSSL
[2016.03.03-16.59.31:258][  0]LogInit:  - other features:
[2016.03.03-16.59.31:258][  0]LogInit:      CURL_VERSION_SSL
[2016.03.03-16.59.31:258][  0]LogInit:      CURL_VERSION_IPV6
[2016.03.03-16.59.31:258][  0]LogInit:      CURL_VERSION_ASYNCHDNS
[2016.03.03-16.59.31:258][  0]LogInit:      CURL_VERSION_LARGEFILE
[2016.03.03-16.59.31:258][  0]LogInit:      CURL_VERSION_IDN
[2016.03.03-16.59.31:258][  0]LogInit:  CurlRequestOptions (configurable via config and command line):
[2016.03.03-16.59.31:258][  0]LogInit:  - bVerifyPeer = true  - Libcurl will verify peer certificate
[2016.03.03-16.59.31:258][  0]LogInit:  - bUseHttpProxy = false  - Libcurl will NOT use HTTP proxy
[2016.03.03-16.59.31:258][  0]LogInit:  - bDontReuseConnections = false  - Libcurl will reuse connections
[2016.03.03-16.59.31:258][  0]LogInit:  - CertBundlePath = nullptr  - Libcurl will use whatever was configured at build time.
[2016.03.03-16.59.31:301][  0]LogInit: Presizing for 0 objects not considered by GC, pre-allocating 0 bytes.
[2016.03.03-16.59.31:308][  0]LogInit: Object subsystem initialized
[2016.03.03-16.59.31:326][  0]LogInit: Selected Device Profile: [Windows]
[2016.03.03-16.59.31:326][  0]LogInit: Applying CVar settings loaded from the selected device profile: [Windows]
[2016.03.03-16.59.31:353][  0]LogInit: Computer: CAA112-15
[2016.03.03-16.59.31:353][  0]LogInit: User: 14065746
[2016.03.03-16.59.31:353][  0]LogInit: CPU Page size=4096, Cores=4
[2016.03.03-16.59.31:353][  0]LogInit: High frequency timer resolution =3.312841 MHz
[2016.03.03-16.59.31:354][  0]LogMemory: Memory total: Physical=16.0GB (16GB approx)
[2016.03.03-16.59.31:354][  0]LogMemory: Platform Memory Stats for Windows
[2016.03.03-16.59.31:354][  0]LogMemory: Process Physical Memory: 56.93 MB used, 56.93 MB peak
[2016.03.03-16.59.31:354][  0]LogMemory: Process Virtual Memory: 58.71 MB used, 58.71 MB peak
[2016.03.03-16.59.31:354][  0]LogMemory: Physical Memory: 3985.57 MB used, 16337.51 MB total
[2016.03.03-16.59.31:354][  0]LogMemory: Virtual Memory: 351.88 MB used, 8388608.00 MB total
[2016.03.03-16.59.31:660][  0]LogTextLocalizationManager: No specific translations for ('en-GB') exist, so ('en') translations will be used.
[2016.03.03-16.59.32:742][  0]LogD3D11RHI: Found D3D11 adapter 0: NVIDIA GeForce GTX 970 (Feature Level 11_0)
[2016.03.03-16.59.32:742][  0]LogD3D11RHI: Adapter has 4008MB of dedicated video memory, 0MB of dedicated system memory, and 7912MB of shared system memory, 2 output[s]
[2016.03.03-16.59.32:742][  0]LogD3D11RHI: Chosen D3D11 Adapter Id = 0
[2016.03.03-16.59.32:746][  0]LogD3D11RHI: !Direct3DDevice
[2016.03.03-16.59.32:746][  0]LogRHI: Texture pool is 1361 MB (70% of 1945 MB)
[2016.03.03-16.59.32:756][  0]LogD3D11RHI: Async texture creation enabled
[2016.03.03-16.59.32:770][  0]LogShaderCompilers: Guid format shader working directory is -9 characters bigger than the processId version (E:/Student Files/Andrea D'Acunzo/Experimental Games/ForestTale/Intermediate/Shaders/WorkingDirectory/8692/).
[2016.03.03-16.59.32:770][  0]LogShaderCompilers: Cleaned the shader compiler working directory 'C:/Users/14065746.UNI/AppData/Local/Temp/UnrealShaderWorkingDir/9B23A96E401E0D6C5A74B0B0C17D54C0/'.
[2016.03.03-16.59.32:770][  0]LogShaderCompilers:Display: Using Local Shader Compiler.
[2016.03.03-16.59.35:556][  0]LogTemp:Display: Loaded TP AllDesktopTargetPlatform
[2016.03.03-16.59.35:560][  0]LogTemp:Display: Loaded TP WindowsClientTargetPlatform
[2016.03.03-16.59.35:564][  0]LogTemp:Display: Loaded TP WindowsNoEditorTargetPlatform
[2016.03.03-16.59.35:568][  0]LogTemp:Display: Loaded TP WindowsServerTargetPlatform
[2016.03.03-16.59.35:572][  0]LogTemp:Display: Loaded TP WindowsTargetPlatform
[2016.03.03-16.59.35:577][  0]LogTemp:Display: Loaded TP AndroidTargetPlatform
[2016.03.03-16.59.35:579][  0]LogTemp:Display: Loaded TP Android_ASTCTargetPlatform
[2016.03.03-16.59.35:582][  0]LogTemp:Display: Loaded TP Android_ATCTargetPlatform
[2016.03.03-16.59.35:584][  0]LogTemp:Display: Loaded TP Android_DXTTargetPlatform
[2016.03.03-16.59.35:587][  0]LogTemp:Display: Loaded TP Android_ETC1TargetPlatform
[2016.03.03-16.59.35:590][  0]LogTemp:Display: Loaded TP Android_ETC2TargetPlatform
[2016.03.03-16.59.35:595][  0]LogTemp:Display: Loaded TP Android_MultiTargetPlatform
[2016.03.03-16.59.35:595][  0]LogTemp:Display: Loaded TP Android_PVRTCTargetPlatform
[2016.03.03-16.59.35:596][  0]LogTemp:Display: Loaded TP HTML5TargetPlatform
[2016.03.03-16.59.35:620][  0]LogTemp:Display: Loaded TP IOSTargetPlatform
[2016.03.03-16.59.35:622][  0]LogTemp:Display: Loaded TP LinuxNoEditorTargetPlatform
[2016.03.03-16.59.35:624][  0]LogTemp:Display: Loaded TP LinuxServerTargetPlatform
[2016.03.03-16.59.35:649][  0]LogTemp:Display: Loaded TP LinuxTargetPlatform
[2016.03.03-16.59.35:649][  0]LogTargetPlatformManager:Display: Building Assets For Windows
[2016.03.03-16.59.36:134][  0]LogDerivedDataCache:Display: Max Cache Size: 512 MB
[2016.03.03-16.59.36:134][  0]LogDerivedDataCache:Display: Starting with empty Boot cache
[2016.03.03-16.59.36:134][  0]LogDerivedDataCache: FDerivedDataBackendGraph:  Pak pak cache file E:/Student Files/Andrea D'Acunzo/Experimental Games/ForestTale/DerivedDataCache/DDC.ddp not found, will not use a pak cache.
[2016.03.03-16.59.36:134][  0]LogDerivedDataCache: Unable to find inner node Pak for hierarchical cache Hierarchy.
[2016.03.03-16.59.36:134][  0]LogDerivedDataCache: FDerivedDataBackendGraph:  CompressedPak pak cache file E:/Student Files/Andrea D'Acunzo/Experimental Games/ForestTale/DerivedDataCache/Compressed.ddp not found, will not use a pak cache.
[2016.03.03-16.59.36:134][  0]LogDerivedDataCache: Unable to find inner node CompressedPak for hierarchical cache Hierarchy.
[2016.03.03-16.59.36:252][  0]LogDerivedDataCache:Display: Pak cache opened for reading ../../../Engine/DerivedDataCache/Compressed.ddp.
[2016.03.03-16.59.36:264][  0]LogDerivedDataCache: Using Local data cache path C:/Users/14065746.UNI/AppData/Local/UnrealEngine/Common/DerivedDataCache: Writable
[2016.03.03-16.59.42:698][  0]LogInit: Selected Device Profile: [Windows]
[2016.03.03-16.59.42:707][  0]LogContentStreaming: Texture pool size is 0.000000MB
[2016.03.03-16.59.42:895][  0]LogMeshUtilities: No automatic mesh reduction module available
[2016.03.03-16.59.42:895][  0]LogMeshUtilities: No automatic mesh merging module available
[2016.03.03-16.59.45:942][  0]LogInit: WinSock: version 1.1 (2.2), MaxSocks=32767, MaxUdp=65467
[2016.03.03-16.59.52:583][  0]LogAssetRegistry: FAssetRegistry took 0.0100 seconds to start up
[2016.03.03-16.59.52:594][  0]UdpMessaging: Initializing bridge on interface 0.0.0.0:0 to multicast group 230.0.0.1:6666.
[2016.03.03-16.59.55:064][  0]SourceControl: Info Source control is disabled
[2016.03.03-16.59.55:065][  0]SourceControl: Info Source control is disabled
[2016.03.03-16.59.55:078][  0]SourceControl: Info Source control is disabled
[2016.03.03-16.59.55:087][  0]SourceControl: Info Source control is disabled
[2016.03.03-16.59.56:278][  0]LogObj: 28802 objects as part of root set at end of initial load.
[2016.03.03-16.59.56:278][  0]LogUObjectAllocator: 6129768 out of 0 bytes used by permanent object pool.
[2016.03.03-16.59.56:632][  0]LogEngine: Initializing Engine...
[2016.03.03-16.59.56:634][  0]LogHMD: Can't find Oculus library dev build: is proper Runtime installed? Version: 0.8.0.0
[2016.03.03-16.59.56:660][  0]LogHMD: SteamVR failed to initialize.  Err: 110
[2016.03.03-16.59.58:586][  0]LogAIModule: Creating AISystem for world NewWorld
[2016.03.03-16.59.58:593][  0]LogInit: XAudio2 using 'Speakers (Realtek High Definition Audio)' : 2 channels at 48 kHz using 32 bits per sample (channel mask 0x3)
[2016.03.03-16.59.58:620][  0]LogInit: FAudioDevice initialized.
[2016.03.03-16.59.58:636][  0]LogDerivedDataCache: Saved boot cache 0.02s 41MB C:/Users/14065746.UNI/AppData/Local/UnrealEngine/4.10/DerivedDataCache/Boot.ddc.
[2016.03.03-16.59.58:644][  0]LogInit: Texture streaming: Enabled
[2016.03.03-16.59.58:678][  0]LogAnalytics: Creating configured Analytics provider AnalyticsET
[2016.03.03-16.59.58:678][  0]LogAnalytics: [UEEditor.Rocket.Release] APIServer = http://et2.epicgames.com/ET2/. AppVersion = 4.10.1-2791327+++depot+UE4-Releases+4.10
[2016.03.03-16.59.58:678][  0]LogAnalytics: [UEEditor.Rocket.Release] SetUserId 2de706504eb9964a45b9249fd3fce68e|1a9fd4cccc794e438b183d4a2d921f67|ce26eb47-d805-412a-875b-9923c0a2b4bb
[2016.03.03-16.59.58:678][  0]LogAnalytics: [UEEditor.Rocket.Release] AnalyticsET::StartSession
[2016.03.03-16.59.58:696][  0]LogInit: Transaction tracking system initialized
[2016.03.03-16.59.58:720][  0]BlueprintLog: New page: Editor Load
[2016.03.03-16.59.58:829][  0]LocalizationService: Info Localization service is disabled
[2016.03.03-16.59.59:126][  0]LogConsoleResponse:Display: 
[2016.03.03-17.00.01:674][  0]LogFileCache: Scanning file cache for directory 'E:/Student Files/Andrea D'Acunzo/Experimental Games/ForestTale/Content/' took 0.02s
[2016.03.03-17.00.01:674][  0]LogCook:Display: Done creating registry. It took  0.00s.
[2016.03.03-17.00.01:947][  0]SourceControl: Info Source control is disabled
[2016.03.03-17.00.01:947][  0]Cmd: MAP LOAD FILE="E:/Student Files/Andrea D'Acunzo/Experimental Games/ForestTale/Content/Maps/ThirdPersonExampleMap.umap" TEMPLATE=0 SHOWPROGRESS=1 FEATURELEVEL=3
[2016.03.03-17.00.01:962][  0]LightingResults: New page: Lighting Build
[2016.03.03-17.00.01:966][  0]MapCheck: New page: Map Check
[2016.03.03-17.00.01:966][  0]LightingResults: New page: Lighting Build
[2016.03.03-17.00.01:980][  0]LogParticles: Destroying 0 GPU particle simulations for FXSystem 0x000000001AAFEAC0
[2016.03.03-17.00.02:066][  0]LogLinker:Warning: Asset 'E:/Student Files/Andrea D'Acunzo/Experimental Games/ForestTale/Content/Mannequin/Animations/ThirdPerson_AnimBP.uasset' has been saved with empty engine version. The asset will be loaded but may be incompatible.
[2016.03.03-17.00.02:072][  0]LogLinker:Warning: Asset 'E:/Student Files/Andrea D'Acunzo/Experimental Games/ForestTale/Content/Mannequin/Animations/ThirdPerson_Jump.uasset' has been saved with empty engine version. The asset will be loaded but may be incompatible.
[2016.03.03-17.00.02:081][  0]LogLinker:Warning: Asset 'E:/Student Files/Andrea D'Acunzo/Experimental Games/ForestTale/Content/Mannequin/Animations/ThirdPersonJump_Loop.uasset' has been saved with empty engine version. The asset will be loaded but may be incompatible.
[2016.03.03-17.00.02:096][  0]LogLinker:Warning: Asset 'E:/Student Files/Andrea D'Acunzo/Experimental Games/ForestTale/Content/Mannequin/Animations/ThirdPersonJump_Start.uasset' has been saved with empty engine version. The asset will be loaded but may be incompatible.
[2016.03.03-17.00.02:100][  0]LogLinker:Warning: Asset 'E:/Student Files/Andrea D'Acunzo/Experimental Games/ForestTale/Content/Mannequin/Animations/ThirdPerson_IdleRun_2D.uasset' has been saved with empty engine version. The asset will be loaded but may be incompatible.
[2016.03.03-17.00.02:104][  0]LogLinker:Warning: Asset 'E:/Student Files/Andrea D'Acunzo/Experimental Games/ForestTale/Content/Mannequin/Animations/ThirdPersonIdle.uasset' has been saved with empty engine version. The asset will be loaded but may be incompatible.
[2016.03.03-17.00.02:109][  0]LogLinker:Warning: Asset 'E:/Student Files/Andrea D'Acunzo/Experimental Games/ForestTale/Content/Mannequin/Animations/ThirdPersonRun.uasset' has been saved with empty engine version. The asset will be loaded but may be incompatible.
[2016.03.03-17.00.02:114][  0]LogLinker:Warning: Asset 'E:/Student Files/Andrea D'Acunzo/Experimental Games/ForestTale/Content/Mannequin/Animations/ThirdPersonWalk.uasset' has been saved with empty engine version. The asset will be loaded but may be incompatible.
[2016.03.03-17.00.06:209][  0]LogStaticMesh: Building static mesh Lever_mesh...
[2016.03.03-17.00.06:612][  0]LogStaticMesh: Built static mesh [0.440126.2s] /Game/Assets/Lever_mesh.Lever_mesh
[2016.03.03-17.00.06:737][  0]LogMaterial: Missing cached shader map for material WoodBase_mat, compiling. 
[2016.03.03-17.00.07:076][  0]LogStaticMesh: Building static mesh Handle...
[2016.03.03-17.00.07:082][  0]LogStaticMesh: Built static mesh [0.006346.2s] /Game/Meshes/Handle.Handle
[2016.03.03-17.00.07:083][  0]LogStaticMesh: Building static mesh Lid...
[2016.03.03-17.00.07:093][  0]LogStaticMesh: Built static mesh [0.009674.2s] /Game/Meshes/Lid.Lid
[2016.03.03-17.00.07:094][  0]LogStaticMesh: Building static mesh Mouth...
[2016.03.03-17.00.07:101][  0]LogStaticMesh: Built static mesh [0.006420.2s] /Game/Meshes/Mouth.Mouth
[2016.03.03-17.00.07:103][  0]LogStaticMesh: Building static mesh Body...
[2016.03.03-17.00.07:119][  0]LogStaticMesh: Built static mesh [0.016775.2s] /Game/Meshes/Body.Body
[2016.03.03-17.00.08:121][  0]LogTexture:Display: Building textures: HQ_Lightmap0_1 (AutoDXT)
[2016.03.03-17.00.08:597][  0]LogTexture:Display: Building textures: HQ_Lightmap0_2 (AutoDXT)
[2016.03.03-17.00.08:799][  0]LogTexture:Display: Building textures: HQ_Lightmap0_3 (AutoDXT)
[2016.03.03-17.00.08:869][  0]LogTexture:Display: Building textures: HQ_Lightmap0_4 (AutoDXT)
[2016.03.03-17.00.08:923][  0]LogTexture:Display: Building textures: HQ_Lightmap0_5 (AutoDXT)
[2016.03.03-17.00.08:989][  0]LogTexture:Display: Building textures: HQ_Lightmap0_6 (AutoDXT)
[2016.03.03-17.00.09:002][  0]LogTexture:Display: Building textures: LQ_Lightmap_1_1 (DXT1)
[2016.03.03-17.00.09:129][  0]LogTexture:Display: Building textures: LQ_Lightmap_1_2 (DXT1)
[2016.03.03-17.00.09:219][  0]LogTexture:Display: Building textures: LQ_Lightmap_1_3 (DXT1)
[2016.03.03-17.00.09:254][  0]LogTexture:Display: Building textures: LQ_Lightmap_1_4 (DXT1)
[2016.03.03-17.00.09:286][  0]LogTexture:Display: Building textures: LQ_Lightmap_1_5 (DXT1)
[2016.03.03-17.00.09:314][  0]LogTexture:Display: Building textures: LQ_Lightmap_1_6 (DXT1)
[2016.03.03-17.00.09:326][  0]LogTexture:Display: Building textures: SkyOcclusion1_1 (AutoDXT)
[2016.03.03-17.00.09:492][  0]LogTexture:Display: Building textures: SkyOcclusion1_2 (AutoDXT)
[2016.03.03-17.00.09:580][  0]LogTexture:Display: Building textures: SkyOcclusion1_3 (AutoDXT)
[2016.03.03-17.00.09:616][  0]LogTexture:Display: Building textures: SkyOcclusion1_4 (AutoDXT)
[2016.03.03-17.00.09:651][  0]LogTexture:Display: Building textures: SkyOcclusion1_5 (AutoDXT)
[2016.03.03-17.00.09:678][  0]LogTexture:Display: Building textures: SkyOcclusion1_6 (AutoDXT)
[2016.03.03-17.00.09:684][  0]LogTexture:Display: Building textures: ShadowMapTexture2D_0 (G8)
[2016.03.03-17.00.09:710][  0]LogTexture:Display: Building textures: ShadowMapTexture2D_1 (G8)
[2016.03.03-17.00.09:731][  0]LogTexture:Display: Building textures: ShadowMapTexture2D_2 (G8)
[2016.03.03-17.00.09:738][  0]LogTexture:Display: Building textures: ShadowMapTexture2D_3 (G8)
[2016.03.03-17.00.09:745][  0]LogTexture:Display: Building textures: ShadowMapTexture2D_4 (G8)
[2016.03.03-17.00.09:750][  0]LogTexture:Display: Building textures: ShadowMapTexture2D_5 (G8)
[2016.03.03-17.00.09:799][  0]LogStaticMesh: Building static mesh cyl...
[2016.03.03-17.00.09:812][  0]LogStaticMesh: Built static mesh [0.013136.2s] /Game/Meshes/cyl.cyl
[2016.03.03-17.00.09:985][  0]LogMaterial: Missing cached shader map for material Glass, compiling. 
[2016.03.03-17.00.10:227][  0]LogAIModule: Creating AISystem for world ThirdPersonExampleMap
[2016.03.03-17.00.10:273][  0]LogMaterial:Warning: Material /Engine/EditorMaterials/Cascade/CASC_RenderCross_MAT.CASC_RenderCross_MAT needed to have new flag set bUsedWithSplineMeshes !
[2016.03.03-17.00.10:290][  0]LogMaterial: Missing cached shader map for material CASC_RenderCross_MAT, compiling. 
[2016.03.03-17.00.10:298][  0]MapCheck:Warning: Warning CASC_RenderCross_MAT Material /Engine/EditorMaterials/Cascade/CASC_RenderCross_MAT.CASC_RenderCross_MAT was missing the usage flag bUsedWithSplineMeshes. If the material asset is not re-saved, it may not render correctly when run outside the editor. Fix
[2016.03.03-17.00.10:345][  0]LogMaterial: 0.035538 seconds spent updating 1 materials, 1 interfaces, 0 instances, 0 with static permutations.
[2016.03.03-17.00.10:629][  0]LogEditorServer: Finished looking for orphan Actors (0.000 secs)
[2016.03.03-17.00.10:630][  0]Cmd: MAP CHECKDEP NOCLEARLOG
[2016.03.03-17.00.15:629][  0]MapCheck: Info Map check complete: 0 Error(s), 1 Warning(s), took 4,999.306ms to complete.
[2016.03.03-17.00.16:086][  0]LogFileHelpers: Loading map 'ThirdPersonExampleMap' took 14.139
[2016.03.03-17.00.18:025][  0]LogCollectionManager: Loaded 0 collections in 0.002773 seconds
[2016.03.03-17.00.18:563][  0]LogFileCache: Scanning file cache for directory 'E:/Student Files/Andrea D'Acunzo/Experimental Games/ForestTale/Saved/Collections/' took 0.01s
[2016.03.03-17.00.18:563][  0]LogFileCache: Scanning file cache for directory 'E:/Student Files/Andrea D'Acunzo/Experimental Games/ForestTale/Content/Developers/14065746/Collections/' took 0.01s
[2016.03.03-17.00.18:563][  0]LogFileCache: Scanning file cache for directory 'E:/Student Files/Andrea D'Acunzo/Experimental Games/ForestTale/Content/Collections/' took 0.01s
[2016.03.03-17.00.18:563][  0]LogCollectionManager: Rebuilt the GUID cache for 0 collections in 0.000002 seconds
[2016.03.03-17.00.18:575][  0]LogContentBrowser: Native class hierarchy populated in 0.0096 seconds. Added 1908 classes and 344 folders.
[2016.03.03-17.00.18:667][  0]LogContentBrowser: Native class hierarchy updated for 'WidgetCarousel' in 0.0005 seconds. Added 0 classes and 0 folders.
[2016.03.03-17.00.24:793][  0]LogContentBrowser: Native class hierarchy updated for 'AddContentDialog' in 0.0004 seconds. Added 0 classes and 0 folders.
[2016.03.03-17.00.24:994][  0]LogContentBrowser: Native class hierarchy updated for 'SceneOutliner' in 0.0005 seconds. Added 1 classes and 2 folders.
[2016.03.03-17.00.25:672][  0]LogCrashTracker: Crashtracker disabled due to settings.
[2016.03.03-17.00.25:822][  0]LogUObjectGlobals:Warning: Failed to find object 'Class None.'
[2016.03.03-17.00.25:933][  0]LogLoad: Full Startup: 56.00 seconds (BP compile: 1.34 seconds)
[2016.03.03-17.00.26:276][  0]LogOcInput: Can't find Oculus library dev build: is proper Runtime installed? Version: 0.8.0.0
[2016.03.03-17.00.27:152][  0]LogContentStreaming: Texture pool size now 1000 MB
[2016.03.03-17.00.28:073][  0]LogRenderer: Reallocating scene render targets to support 1616x572 (Frame:2).
[2016.03.03-17.00.36:966][206]LogAssetRegistry: Asset discovery search completed in 44.3952 seconds
[2016.03.03-17.00.36:966][206]LogCollectionManager: Rebuilt the object cache for 0 collections in 0.000003 seconds (found 0 objects)
[2016.03.03-17.00.36:966][206]LogCollectionManager: Fixed up redirectors for 0 collections in 0.000028 seconds (updated 0 objects)
[2016.03.03-17.00.47:765][340]LogEditorViewport: Clicking on Actor (LMB): Body_BP_C (Body_BP)
[2016.03.03-17.00.50:034][520]LogMaterial: Missing cached shader map for material WorldGridMaterial, compiling. 
[2016.03.03-17.00.50:428][520]LogMaterial: Missing cached shader map for material WorldGridMaterial, compiling. Is special engine material.
[2016.03.03-17.00.50:530][520]LogMaterial: 0.000119 seconds spent updating 1 materials, 1 interfaces, 0 instances, 0 with static permutations.
[2016.03.03-17.00.50:553][520]LogMaterial: Missing cached shader map for material FMatExpressionPreview MaterialExpressionTextureSample_26, compiling. 
[2016.03.03-17.00.50:555][520]LogMaterial: Missing cached shader map for material FMatExpressionPreview MaterialExpressionTextureSample_27, compiling. 
[2016.03.03-17.00.50:558][520]LogMaterial: Missing cached shader map for material FMatExpressionPreview MaterialExpressionTextureSample_28, compiling. 
[2016.03.03-17.00.50:561][520]LogMaterial: Missing cached shader map for material FMatExpressionPreview MaterialExpressionConstant3Vector_6, compiling. 
[2016.03.03-17.00.50:563][520]LogMaterial: Missing cached shader map for material FMatExpressionPreview MaterialExpressionTextureSample_29, compiling. 
[2016.03.03-17.00.53:729][654]MaterialEditorStats: Info Base pass shader with only dynamic lighting: 71 instructions
[2016.03.03-17.00.53:729][654]MaterialEditorStats: Info Vertex shader: 33 instructions
[2016.03.03-17.00.53:729][654]MaterialEditorStats: Info Texture samplers: 4/16
[2016.03.03-17.00.56:488][869]LogMaterial: Missing cached shader map for material WorldGridMaterial, compiling. Is special engine material.
[2016.03.03-17.00.56:508][869]LogMaterial: Missing cached shader map for material WorldGridMaterial, compiling. Is special engine material.
[2016.03.03-17.00.56:518][869]LogMaterial: 0.000033 seconds spent updating 1 materials, 1 interfaces, 0 instances, 0 with static permutations.
[2016.03.03-17.00.58:049][935]LogMaterialEditor: Applying material WorldGridMaterial
[2016.03.03-17.00.58:615][935]LogMaterial: Missing cached shader map for material WorldGridMaterial, compiling. Is special engine material.
[2016.03.03-17.00.58:662][935]LogMaterial: 0.000025 seconds spent updating 1 materials, 1 interfaces, 0 instances, 0 with static permutations.
[2016.03.03-17.00.58:705][935]LogMaterial: Missing cached shader map for material WorldGridMaterial, compiling. 
[2016.03.03-17.01.02:338][935]LogMaterial: Missing cached shader map for material WorldGridMaterial, compiling. Is special engine material.
[2016.03.03-17.01.41:997][935]LogMaterial: 0.000821 seconds spent updating 1 materials, 1 interfaces, 0 instances, 0 with static permutations.
[2016.03.03-17.01.42:014][935]MaterialEditorStats: Info Base pass shader with only dynamic lighting: 98 instructions
[2016.03.03-17.01.42:014][935]MaterialEditorStats: Info Vertex shader: 33 instructions
[2016.03.03-17.01.42:014][935]MaterialEditorStats: Info Texture samplers: 6/16
[2016.03.03-17.02.06:804][206]LogMaterial: Missing cached shader map for material TutorialMaterial, compiling. 
[2016.03.03-17.02.06:811][206]LogSlate:Warning: Slate: Had to block on waiting for a draw buffer
[2016.03.03-17.02.06:862][206]LogMaterial: Missing cached shader map for material TutorialMaterial, compiling. 
[2016.03.03-17.02.06:865][206]LogMaterial: 0.000029 seconds spent updating 1 materials, 1 interfaces, 0 instances, 0 with static permutations.
[2016.03.03-17.02.07:966][241]MaterialEditorStats: Info Base pass shader with only dynamic lighting: 31 instructions
[2016.03.03-17.02.07:966][241]MaterialEditorStats: Info Vertex shader: 31 instructions
[2016.03.03-17.02.07:966][241]MaterialEditorStats: Info Texture samplers: 0/16
[2016.03.03-17.02.37:057][119]LogUObjectGlobals:Warning: Failed to find object 'Object None.MaterialEditor_MaterialProperties'
[2016.03.03-17.02.37:058][119]LogUObjectGlobals:Warning: Failed to find object 'Object None.MaterialEditor_MaterialProperties'
[2016.03.03-17.02.52:616][243]LogUObjectGlobals:Warning: Failed to find object 'Object None.GraphEditorPanel'
[2016.03.03-17.02.52:617][243]LogUObjectGlobals:Warning: Failed to find object 'Object None.GraphEditorPanel'
[2016.03.03-17.02.57:461][567]LogUObjectGlobals:Warning: Failed to find object 'Object None.GraphEditorPanel'
[2016.03.03-17.02.57:462][567]LogUObjectGlobals:Warning: Failed to find object 'Object None.GraphEditorPanel'
[2016.03.03-17.03.00:848][760]LogUObjectGlobals:Warning: Failed to find object 'Object None.MaterialPalette'
[2016.03.03-17.03.00:849][760]LogUObjectGlobals:Warning: Failed to find object 'Object None.MaterialPalette'
[2016.03.03-17.03.06:956][166]LogUObjectGlobals:Warning: Failed to find object 'Object None.GraphEditorPanel'
[2016.03.03-17.03.06:957][166]LogUObjectGlobals:Warning: Failed to find object 'Object None.GraphEditorPanel'
[2016.03.03-17.04.53:085][930]LogMaterial: Missing cached shader map for material TutorialMaterial, compiling. 
[2016.03.03-17.04.53:088][930]LogMaterial: 0.000049 seconds spent updating 1 materials, 1 interfaces, 0 instances, 0 with static permutations.
[2016.03.03-17.04.53:089][930]LogMaterial: Missing cached shader map for material FMatExpressionPreview MaterialExpressionConstant3Vector_0, compiling. 
[2016.03.03-17.04.54:162][979]MaterialEditorStats: Info Base pass shader with only dynamic lighting: 31 instructions
[2016.03.03-17.04.54:162][979]MaterialEditorStats: Info Vertex shader: 31 instructions
[2016.03.03-17.04.54:162][979]MaterialEditorStats: Info Texture samplers: 0/16
[2016.03.03-17.05.29:217][245]LogMaterial: Missing cached shader map for material TutorialMaterial, compiling. 
[2016.03.03-17.05.29:220][245]LogMaterial: 0.000045 seconds spent updating 1 materials, 1 interfaces, 0 instances, 0 with static permutations.
[2016.03.03-17.05.29:248][245]LogMaterial: Missing cached shader map for material FMatExpressionPreview MaterialExpressionConstant3Vector_0, compiling. 
[2016.03.03-17.05.30:263][289]MaterialEditorStats: Info Base pass shader with only dynamic lighting: 31 instructions
[2016.03.03-17.05.30:263][289]MaterialEditorStats: Info Vertex shader: 31 instructions
[2016.03.03-17.05.30:263][289]MaterialEditorStats: Info Texture samplers: 0/16
[2016.03.03-17.05.39:962][845]LogMaterial: Missing cached shader map for material TutorialMaterial, compiling. 
[2016.03.03-17.05.39:966][845]LogMaterial: 0.000060 seconds spent updating 1 materials, 1 interfaces, 0 instances, 0 with static permutations.
[2016.03.03-17.05.39:991][845]LogMaterial: Missing cached shader map for material FMatExpressionPreview MaterialExpressionConstant3Vector_0, compiling. 
[2016.03.03-17.05.40:698][878]MaterialEditorStats: Info Base pass shader with only dynamic lighting: 31 instructions
[2016.03.03-17.05.40:698][878]MaterialEditorStats: Info Vertex shader: 31 instructions
[2016.03.03-17.05.40:698][878]MaterialEditorStats: Info Texture samplers: 0/16
[2016.03.03-17.05.57:135][920]LogMaterial: Missing cached shader map for material TutorialMaterial, compiling. 
[2016.03.03-17.05.57:139][920]LogMaterial: 0.000049 seconds spent updating 1 materials, 1 interfaces, 0 instances, 0 with static permutations.
[2016.03.03-17.05.57:867][948]MaterialEditorStats: Info Base pass shader with only dynamic lighting: 31 instructions
[2016.03.03-17.05.57:867][948]MaterialEditorStats: Info Vertex shader: 31 instructions
[2016.03.03-17.05.57:867][948]MaterialEditorStats: Info Texture samplers: 0/16
[2016.03.03-17.06.30:126][828]LogMaterial: Missing cached shader map for material TutorialMaterial, compiling. 
[2016.03.03-17.06.30:130][828]LogMaterial: 0.000086 seconds spent updating 1 materials, 1 interfaces, 0 instances, 0 with static permutations.
[2016.03.03-17.06.30:537][850]LogMaterial: Missing cached shader map for material TutorialMaterial, compiling. 
[2016.03.03-17.06.30:543][850]LogMaterial: 0.000040 seconds spent updating 1 materials, 1 interfaces, 0 instances, 0 with static permutations.
[2016.03.03-17.06.31:382][882]MaterialEditorStats: Info Base pass shader with only dynamic lighting: 31 instructions
[2016.03.03-17.06.31:383][882]MaterialEditorStats: Info Vertex shader: 31 instructions
[2016.03.03-17.06.31:383][882]MaterialEditorStats: Info Texture samplers: 0/16
[2016.03.03-17.06.47:017][845]LogMaterial: Missing cached shader map for material TutorialMaterial, compiling. 
[2016.03.03-17.06.47:021][845]LogMaterial: 0.000046 seconds spent updating 1 materials, 1 interfaces, 0 instances, 0 with static permutations.
[2016.03.03-17.06.47:048][845]LogMaterial: Missing cached shader map for material FMatExpressionPreview MaterialExpressionConstant3Vector_0, compiling. 
[2016.03.03-17.06.47:783][873]MaterialEditorStats: Info Base pass shader with only dynamic lighting: 31 instructions
[2016.03.03-17.06.47:783][873]MaterialEditorStats: Info Vertex shader: 31 instructions
[2016.03.03-17.06.47:783][873]MaterialEditorStats: Info Texture samplers: 0/16
[2016.03.03-17.06.55:986][405]LogMaterial: Missing cached shader map for material TutorialMaterial, compiling. 
[2016.03.03-17.06.55:990][405]LogMaterial: 0.000044 seconds spent updating 1 materials, 1 interfaces, 0 instances, 0 with static permutations.
[2016.03.03-17.06.56:735][436]MaterialEditorStats: Info Base pass shader with only dynamic lighting: 31 instructions
[2016.03.03-17.06.56:735][436]MaterialEditorStats: Info Vertex shader: 31 instructions
[2016.03.03-17.06.56:735][436]MaterialEditorStats: Info Texture samplers: 0/16
[2016.03.03-17.06.57:657][484]LogMaterial: Missing cached shader map for material TutorialMaterial, compiling. 
[2016.03.03-17.06.57:660][484]LogMaterial: 0.000045 seconds spent updating 1 materials, 1 interfaces, 0 instances, 0 with static permutations.
[2016.03.03-17.06.58:355][515]MaterialEditorStats: Info Base pass shader with only dynamic lighting: 30 instructions
[2016.03.03-17.06.58:355][515]MaterialEditorStats: Info Vertex shader: 31 instructions
[2016.03.03-17.06.58:355][515]MaterialEditorStats: Info Texture samplers: 0/16
[2016.03.03-17.06.59:417][572]LogMaterial: Missing cached shader map for material TutorialMaterial, compiling. 
[2016.03.03-17.06.59:420][572]LogMaterial: 0.000043 seconds spent updating 1 materials, 1 interfaces, 0 instances, 0 with static permutations.
[2016.03.03-17.07.00:123][606]MaterialEditorStats: Info Base pass shader with only dynamic lighting: 30 instructions
[2016.03.03-17.07.00:123][606]MaterialEditorStats: Info Vertex shader: 31 instructions
[2016.03.03-17.07.00:123][606]MaterialEditorStats: Info Texture samplers: 0/16
[2016.03.03-17.08.32:682][794]LogMaterial: Missing cached shader map for material TutorialMaterial, compiling. 
[2016.03.03-17.08.32:686][794]LogMaterial: 0.000083 seconds spent updating 1 materials, 1 interfaces, 0 instances, 0 with static permutations.
[2016.03.03-17.08.33:744][848]MaterialEditorStats: Info Base pass shader with only dynamic lighting: 30 instructions
[2016.03.03-17.08.33:744][848]MaterialEditorStats: Info Vertex shader: 31 instructions
[2016.03.03-17.08.33:744][848]MaterialEditorStats: Info Texture samplers: 0/16
[2016.03.03-17.08.37:337][ 61]LogMaterial: Missing cached shader map for material TutorialMaterial, compiling. 
[2016.03.03-17.08.37:340][ 61]LogMaterial: 0.000055 seconds spent updating 1 materials, 1 interfaces, 0 instances, 0 with static permutations.
[2016.03.03-17.08.38:078][ 99]MaterialEditorStats: Info Base pass shader with only dynamic lighting: 30 instructions
[2016.03.03-17.08.38:078][ 99]MaterialEditorStats: Info Vertex shader: 31 instructions
[2016.03.03-17.08.38:078][ 99]MaterialEditorStats: Info Texture samplers: 0/16
[2016.03.03-17.08.43:380][443]LogMaterial: Missing cached shader map for material TutorialMaterial, compiling. 
[2016.03.03-17.08.43:384][443]LogMaterial: 0.000056 seconds spent updating 1 materials, 1 interfaces, 0 instances, 0 with static permutations.
[2016.03.03-17.08.44:072][475]MaterialEditorStats: Info Base pass shader with only dynamic lighting: 30 instructions
[2016.03.03-17.08.44:072][475]MaterialEditorStats: Info Vertex shader: 31 instructions
[2016.03.03-17.08.44:072][475]MaterialEditorStats: Info Texture samplers: 0/16
[2016.03.03-17.11.05:848][144]LogActorComponent: UnregisterComponent: (/Engine/Transient.CharMoveComp) Not registered. Aborting.
[2016.03.03-17.11.05:885][144]LogFileHelpers: Editor autosave (incl. sublevels) for '/Game/Maps/ThirdPersonExampleMap' took 0.048
[2016.03.03-17.11.05:890][144]OBJ SavePackage: Generating thumbnails for [1] asset(s) in package [/Engine/EngineMaterials/WorldGridMaterial] ([1] browsable assets)...
[2016.03.03-17.11.05:905][144]OBJ SavePackage:     Rendered thumbnail for [Material /Engine/EngineMaterials/WorldGridMaterial.WorldGridMaterial]
[2016.03.03-17.11.05:905][144]OBJ SavePackage: Finished generating thumbnails for package [/Engine/EngineMaterials/WorldGridMaterial]
[2016.03.03-17.11.05:973][144]LogSavePackage: Save=31.181091ms
[2016.03.03-17.11.05:973][144]LogSavePackage: Moving 'E:/Student Files/Andrea D'Acunzo/Experimental Games/ForestTale/Saved/WorldGridMaterial_Auto19A8EC24543C34777069E9AAD95CBF0F2.tmp' to 'E:/Student Files/Andrea D'Acunzo/Experimental Games/ForestTale/Saved/Autosaves/Engine/EngineMaterials/WorldGridMaterial_Auto1.uasset'
[2016.03.03-17.11.05:973][144]LogSavePackage: Total save time: 66.614121ms
[2016.03.03-17.11.05:973][144]LogSavePackage:Display: Finished SavePackage E:/Student Files/Andrea D'Acunzo/Experimental Games/ForestTale/Saved/Autosaves/Engine/EngineMaterials/WorldGridMaterial_Auto1.uasset
[2016.03.03-17.11.05:973][144]LogFileHelpers: Auto-saving content packages took 0.087
[2016.03.03-17.14.14:220][482]LogMaterialEditor: Saving and Compiling material WorldGridMaterial
[2016.03.03-17.14.14:265][482]Cmd: OBJ SAVEPACKAGE PACKAGE="/Engine/EngineMaterials/WorldGridMaterial" FILE="../../../Engine/Content/EngineMaterials/WorldGridMaterial.uasset" SILENT=true
[2016.03.03-17.14.18:790][482]EditorErrors: New page: Save Output
[2016.03.03-17.14.18:790][482]EditorErrors:Warning: Warning Cannot save asset '../../../Engine/Content/EngineMaterials/WorldGridMaterial.uasset' as user opted not to save this startup asset
[2016.03.03-17.14.18:790][482]EditorErrors:Warning: Warning Asset '../../../Engine/Content/EngineMaterials/WorldGridMaterial.uasset' is not allowed to save (see log for reason)
[2016.03.03-17.14.25:444][ 75]LogEditorViewport: Clicking on Actor (LMB): Body_BP_C (Body_BP)
[2016.03.03-17.14.25:631][ 93]Cmd: CAMERA ALIGN ACTIVEVIEWPORTONLY
[2016.03.03-17.28.11:154][685]LogEditorViewport: Clicking on Actor (LMB): Spline_C (Spline2)
[2016.03.03-17.28.33:533][609]LogMaterial:Warning: Material /Engine/MapTemplates/Materials/BasicAsset01.BasicAsset01 needed to have new flag set bUsedWithSplineMeshes !
[2016.03.03-17.28.33:537][609]LogMaterial: Missing cached shader map for material BasicAsset01, compiling. 
[2016.03.03-17.28.33:554][609]LogMaterial: 0.000219 seconds spent updating 1 materials, 1 interfaces, 0 instances, 0 with static permutations.
[2016.03.03-17.29.24:752][699]LogEditorViewport: Clicking on Actor (LMB): Spline_C (Spline3)
[2016.03.03-17.29.29:397][223]LogEditorViewport: Clicking on Actor (LMB): Spline_C (Spline3)
[2016.03.03-17.30.29:073][514]LogActorComponent: UnregisterComponent: (/Engine/Transient.CharMoveComp) Not registered. Aborting.
[2016.03.03-17.30.29:091][514]LogParticles: Destroying 0 GPU particle simulations for FXSystem 0x0000000051293740
[2016.03.03-17.30.29:091][514]LogParticles: Destroying 0 GPU particle simulations for FXSystem 0x000000004FA06CA0
[2016.03.03-17.30.29:691][514]LogSavePackage: Save=560.813232ms
[2016.03.03-17.30.29:691][514]LogSavePackage: Moving 'E:/Student Files/Andrea D'Acunzo/Experimental Games/ForestTale/Saved/ThirdPersonExampleMap_Auto258DFD8D74361D1C4BB381C91CA17977F.tmp' to 'E:/Student Files/Andrea D'Acunzo/Experimental Games/ForestTale/Saved/Autosaves/Game/Maps/ThirdPersonExampleMap_Auto2.umap'
[2016.03.03-17.30.29:692][514]LogSavePackage: Total save time: 581.071351ms
[2016.03.03-17.30.29:692][514]LogSavePackage:Display: Finished SavePackage E:/Student Files/Andrea D'Acunzo/Experimental Games/ForestTale/Saved/Autosaves/Game/Maps/ThirdPersonExampleMap_Auto2.umap
[2016.03.03-17.30.29:706][514]LogFileHelpers: Editor autosave (incl. sublevels) for '/Game/Maps/ThirdPersonExampleMap' took 0.634
[2016.03.03-17.30.29:706][514]LogFileHelpers: Editor autosave (incl. sublevels) for all levels took 0.634
[2016.03.03-17.30.29:711][514]OBJ SavePackage: Generating thumbnails for [1] asset(s) in package [/Engine/MapTemplates/Materials/BasicAsset01] ([1] browsable assets)...
[2016.03.03-17.30.29:725][514]OBJ SavePackage:     Rendered thumbnail for [Material /Engine/MapTemplates/Materials/BasicAsset01.BasicAsset01]
[2016.03.03-17.30.29:726][514]OBJ SavePackage: Finished generating thumbnails for package [/Engine/MapTemplates/Materials/BasicAsset01]
[2016.03.03-17.30.29:745][514]LogSavePackage: Save=13.608863ms
[2016.03.03-17.30.29:745][514]LogSavePackage: Moving 'E:/Student Files/Andrea D'Acunzo/Experimental Games/ForestTale/Saved/BasicAsset01_Auto254B56DAD4EC433D9840EE2B90792D2A6.tmp' to 'E:/Student Files/Andrea D'Acunzo/Experimental Games/ForestTale/Saved/Autosaves/Engine/MapTemplates/Materials/BasicAsset01_Auto2.uasset'
[2016.03.03-17.30.29:746][514]LogSavePackage: Total save time: 18.810444ms
[2016.03.03-17.30.29:746][514]LogSavePackage:Display: Finished SavePackage E:/Student Files/Andrea D'Acunzo/Experimental Games/ForestTale/Saved/Autosaves/Engine/MapTemplates/Materials/BasicAsset01_Auto2.uasset
[2016.03.03-17.30.29:746][514]LogFileHelpers: Auto-saving content packages took 0.038
[2016.03.03-17.31.40:478][745]Cmd: TRANSACTION UNDO
[2016.03.03-17.31.40:478][745]LogEditorTransaction: Undo Edit Spline Mesh
[2016.03.03-17.31.41:119][773]Cmd: TRANSACTION UNDO
[2016.03.03-17.31.41:119][773]LogEditorTransaction: Undo Edit Spline Mesh
[2016.03.03-17.31.41:695][809]Cmd: TRANSACTION UNDO
[2016.03.03-17.31.41:695][809]LogEditorTransaction: Undo Edit Spline Mesh
[2016.03.03-17.31.50:990][580]LogLinker:Warning: Asset '../../../Engine/Content/ArtTools/RenderToTexture/Macros/RenderToTextureMacros.uasset' has been saved with empty engine version. The asset will be loaded but may be incompatible.
[2016.03.03-17.31.51:539][580]LogContentBrowser: Native class hierarchy updated for 'BlueprintGraph' in 0.0008 seconds. Added 107 classes and 0 folders.
[2016.03.03-17.33.11:187][992]BlueprintLog: New page: Compile Spline
[2016.03.03-17.33.11:268][992]LogActorComponent: UnregisterComponent: (/Engine/Transient.CharMoveComp) Not registered. Aborting.
[2016.03.03-17.33.11:302][992]BlueprintEditorCompileResults: Info [2021.23] Compile of Spline successful! [in 115 ms]
[2016.03.03-17.33.43:423][919]LogEditorViewport: Clicking on Actor (LMB): Body_BP_C (Body_BP)
[2016.03.03-17.33.44:374][ 27]Cmd: CAMERA ALIGN ACTIVEVIEWPORTONLY
[2016.03.03-17.33.46:955][302]Cmd: TRANSACTION UNDO
[2016.03.03-17.33.46:955][302]LogEditorTransaction: Undo Rotate Actors
[2016.03.03-17.33.50:522][537]LogEditorViewport: Clicking on Actor (LMB): PlayerStart (NetworkPlayerStart)
[2016.03.03-17.33.53:465][882]Cmd: DELETE
[2016.03.03-17.33.53:465][882]Cmd: ACTOR DELETE
[2016.03.03-17.33.53:488][882]LogEditorActor: Deleted Actor: PlayerStart
[2016.03.03-17.33.53:540][882]LogEditorActor: Deleted 1 Actors (0.075 secs)
[2016.03.03-17.33.54:674][996]LogBlueprintUserMessages: Early PlayInEditor Detection: Level '/Game/Maps/ThirdPersonExampleMap.ThirdPersonExampleMap:PersistentLevel' has LevelScriptBlueprint '/Game/Maps/ThirdPersonExampleMap.ThirdPersonExampleMap:PersistentLevel.ThirdPersonExampleMap' with GeneratedClass '/Game/Maps/ThirdPersonExampleMap.ThirdPersonExampleMap_C' with ClassGeneratedBy '/Game/Maps/ThirdPersonExampleMap.ThirdPersonExampleMap:PersistentLevel.ThirdPersonExampleMap'
[2016.03.03-17.33.54:675][996]LogPlayLevel: PlayLevel: No blueprints needed recompiling
[2016.03.03-17.33.54:702][996]PIE: New page: PIE session: ThirdPersonExampleMap (3 Mar 2016 17:33:54)
[2016.03.03-17.33.54:702][996]LogPlayLevel: Creating play world package: /Game/Maps/UEDPIE_0_ThirdPersonExampleMap
[2016.03.03-17.33.54:755][996]LogPlayLevel: PIE: StaticDuplicateObject took: (0.053394s)
[2016.03.03-17.33.54:756][996]LogAIModule: Creating AISystem for world ThirdPersonExampleMap
[2016.03.03-17.33.54:756][996]LogPlayLevel: PIE: World Init took: (0.001060s)
[2016.03.03-17.33.54:756][996]LogPlayLevel: PIE: Created PIE world by copying editor world from /Game/Maps/ThirdPersonExampleMap.ThirdPersonExampleMap to /Game/Maps/UEDPIE_0_ThirdPersonExampleMap.ThirdPersonExampleMap (0.054711s)
[2016.03.03-17.33.54:793][996]LogInit: XAudio2 using 'Speakers (Realtek High Definition Audio)' : 2 channels at 48 kHz using 32 bits per sample (channel mask 0x3)
[2016.03.03-17.33.54:801][996]LogInit: FAudioDevice initialized.
[2016.03.03-17.33.54:865][996]LogWorld: Game class is 'GameMode'
[2016.03.03-17.33.54:980][996]LogWorld: Bringing World /Game/Maps/UEDPIE_0_ThirdPersonExampleMap.ThirdPersonExampleMap up for play (max tick rate 0) at 2016.03.03-17.33.54
[2016.03.03-17.33.54:980][996]LogActor:Warning: GameSession /Game/Maps/UEDPIE_0_ThirdPersonExampleMap.ThirdPersonExampleMap:PersistentLevel.GameSession_0 has natively added scene component(s), but none of them were set as the actor's RootComponent - picking one arbitrarily
[2016.03.03-17.33.54:981][996]LogActor:Warning: GameNetworkManager /Game/Maps/UEDPIE_0_ThirdPersonExampleMap.ThirdPersonExampleMap:PersistentLevel.GameNetworkManager_0 has natively added scene component(s), but none of them were set as the actor's RootComponent - picking one arbitrarily
[2016.03.03-17.33.55:042][996]LogWorld: Bringing up level for play took: 0.066145
[2016.03.03-17.33.55:137][996]PIE: Info Play in editor start time for /Game/Maps/UEDPIE_0_ThirdPersonExampleMap -0.044
[2016.03.03-17.33.55:137][996]LogBlueprintUserMessages: Late PlayInEditor Detection: Level '/Game/Maps/ThirdPersonExampleMap.ThirdPersonExampleMap:PersistentLevel' has LevelScriptBlueprint '/Game/Maps/ThirdPersonExampleMap.ThirdPersonExampleMap:PersistentLevel.ThirdPersonExampleMap' with GeneratedClass '/Game/Maps/ThirdPersonExampleMap.ThirdPersonExampleMap_C' with ClassGeneratedBy '/Game/Maps/ThirdPersonExampleMap.ThirdPersonExampleMap:PersistentLevel.ThirdPersonExampleMap'
[2016.03.03-17.33.58:838][409]LogBlueprintUserMessages: [ThirdPersonCharacter_C_14] MovableObj
[2016.03.03-17.34.03:695][991]LogBlueprintUserMessages: [ThirdPersonCharacter_C_14] MovableObj
[2016.03.03-17.34.14:922][335]LogBlueprintUserMessages: Early EndPlayMap Detection: Level '/Game/Maps/ThirdPersonExampleMap.ThirdPersonExampleMap:PersistentLevel' has LevelScriptBlueprint '/Game/Maps/ThirdPersonExampleMap.ThirdPersonExampleMap:PersistentLevel.ThirdPersonExampleMap' with GeneratedClass '/Game/Maps/ThirdPersonExampleMap.ThirdPersonExampleMap_C' with ClassGeneratedBy '/Game/Maps/ThirdPersonExampleMap.ThirdPersonExampleMap:PersistentLevel.ThirdPersonExampleMap'
[2016.03.03-17.34.14:997][335]LogBlueprintUserMessages: Late EndPlayMap Detection: Level '/Game/Maps/ThirdPersonExampleMap.ThirdPersonExampleMap:PersistentLevel' has LevelScriptBlueprint '/Game/Maps/ThirdPersonExampleMap.ThirdPersonExampleMap:PersistentLevel.ThirdPersonExampleMap' with GeneratedClass '/Game/Maps/ThirdPersonExampleMap.ThirdPersonExampleMap_C' with ClassGeneratedBy '/Game/Maps/ThirdPersonExampleMap.ThirdPersonExampleMap:PersistentLevel.ThirdPersonExampleMap'
[2016.03.03-17.34.15:054][336]LogParticles: Destroying 0 GPU particle simulations for FXSystem 0x000000006FE4FCE0
[2016.03.03-17.40.50:817][324]LogActorComponent: UnregisterComponent: (/Engine/Transient.CharMoveComp) Not registered. Aborting.
[2016.03.03-17.40.51:257][324]LogSavePackage: Save=386.075867ms
[2016.03.03-17.40.51:257][324]LogSavePackage: Moving 'E:/Student Files/Andrea D'Acunzo/Experimental Games/ForestTale/Saved/ThirdPersonExampleMap_Auto3F63C66BC4C42FA8DAD5475AB0476EE0B.tmp' to 'E:/Student Files/Andrea D'Acunzo/Experimental Games/ForestTale/Saved/Autosaves/Game/Maps/ThirdPersonExampleMap_Auto3.umap'
[2016.03.03-17.40.51:258][324]LogSavePackage: Total save time: 401.100144ms
[2016.03.03-17.40.51:258][324]LogSavePackage:Display: Finished SavePackage E:/Student Files/Andrea D'Acunzo/Experimental Games/ForestTale/Saved/Autosaves/Game/Maps/ThirdPersonExampleMap_Auto3.umap
[2016.03.03-17.40.51:259][324]LogFileHelpers: Editor autosave (incl. sublevels) for '/Game/Maps/ThirdPersonExampleMap' took 0.442
[2016.03.03-17.40.51:259][324]LogFileHelpers: Editor autosave (incl. sublevels) for all levels took 0.442
[2016.03.03-17.40.51:265][324]OBJ SavePackage: Generating thumbnails for [0] asset(s) in package [/Game/Blueprints/Spline] ([1] browsable assets)...
[2016.03.03-17.40.51:265][324]OBJ SavePackage: Finished generating thumbnails for package [/Game/Blueprints/Spline]
[2016.03.03-17.40.51:364][324]LogSavePackage: Save=91.687164ms
[2016.03.03-17.40.51:364][324]LogSavePackage: Moving 'E:/Student Files/Andrea D'Acunzo/Experimental Games/ForestTale/Saved/Spline_Auto33C5889364D1031058119C8B9207A413B.tmp' to 'E:/Student Files/Andrea D'Acunzo/Experimental Games/ForestTale/Saved/Autosaves/Game/Blueprints/Spline_Auto3.uasset'
[2016.03.03-17.40.51:365][324]LogSavePackage: Total save time: 98.537177ms
[2016.03.03-17.40.51:365][324]LogSavePackage:Display: Finished SavePackage E:/Student Files/Andrea D'Acunzo/Experimental Games/ForestTale/Saved/Autosaves/Game/Blueprints/Spline_Auto3.uasset
[2016.03.03-17.40.51:365][324]LogFileHelpers: Auto-saving content packages took 0.104
[2016.03.03-18.04.16:091][835]Cmd: OBJ SAVEPACKAGE PACKAGE="/Game/Blueprints/Spline" FILE="E:/Student Files/Andrea D'Acunzo/Experimental Games/ForestTale/Content/Blueprints/Spline.uasset" SILENT=true
[2016.03.03-18.04.16:174][835]LogSavePackage: Save=74.684540ms
[2016.03.03-18.04.16:174][835]LogSavePackage: Moving 'E:/Student Files/Andrea D'Acunzo/Experimental Games/ForestTale/Saved/Spline67DE08314449F559B11B60A938115556.tmp' to 'E:/Student Files/Andrea D'Acunzo/Experimental Games/ForestTale/Content/Blueprints/Spline.uasset'
[2016.03.03-18.04.16:178][835]LogSavePackage: Total save time: 84.578764ms
[2016.03.03-18.04.16:178][835]LogSavePackage:Display: Finished SavePackage E:/Student Files/Andrea D'Acunzo/Experimental Games/ForestTale/Content/Blueprints/Spline.uasset
[2016.03.03-18.04.18:934][ 46]LogActorComponent: UnregisterComponent: (/Engine/Transient.CharMoveComp) Not registered. Aborting.
[2016.03.03-18.04.19:413][ 46]LogSavePackage: Save=335.301331ms
[2016.03.03-18.04.19:413][ 46]LogSavePackage: Moving 'E:/Student Files/Andrea D'Acunzo/Experimental Games/ForestTale/Saved/ThirdPersonExampleMapB51A278844C958B7CB7D9A865D96A5B4.tmp' to 'E:/Student Files/Andrea D'Acunzo/Experimental Games/ForestTale/Content/Maps/ThirdPersonExampleMap.umap'
[2016.03.03-18.04.19:416][ 46]LogSavePackage: Total save time: 351.026203ms
[2016.03.03-18.04.19:416][ 46]LogSavePackage:Display: Finished SavePackage E:/Student Files/Andrea D'Acunzo/Experimental Games/ForestTale/Content/Maps/ThirdPersonExampleMap.umap
[2016.03.03-18.04.19:456][ 46]LogFileHelpers: Saving map 'ThirdPersonExampleMap' took 0.483
[2016.03.03-18.04.19:464][ 46]Cmd: OBJ SAVEPACKAGE PACKAGE="/Engine/EngineMaterials/WorldGridMaterial" FILE="../../../Engine/Content/EngineMaterials/WorldGridMaterial.uasset" SILENT=true
[2016.03.03-18.04.23:708][ 46]Cmd: OBJ SAVEPACKAGE PACKAGE="/Engine/MapTemplates/Materials/BasicAsset01" FILE="../../../Engine/Content/MapTemplates/Materials/BasicAsset01.uasset" SILENT=true
[2016.03.03-18.04.23:718][ 46]LogSavePackage: Save=4.314726ms
[2016.03.03-18.04.23:718][ 46]LogSavePackage: Moving 'E:/Student Files/Andrea D'Acunzo/Experimental Games/ForestTale/Saved/BasicAsset01178ECA104F6D066EAD53B3B468985072.tmp' to '../../../Engine/Content/MapTemplates/Materials/BasicAsset01.uasset'
[2016.03.03-18.04.23:729][ 46]LogSavePackage: Total save time: 19.654728ms
[2016.03.03-18.04.23:729][ 46]LogSavePackage:Display: Finished SavePackage ../../../Engine/Content/MapTemplates/Materials/BasicAsset01.uasset
[2016.03.03-18.04.23:731][ 46]EditorErrors: New page: Save Output
[2016.03.03-18.04.23:731][ 46]EditorErrors:Warning: Warning Cannot save asset '../../../Engine/Content/EngineMaterials/WorldGridMaterial.uasset' as user opted not to save this startup asset
[2016.03.03-18.04.23:731][ 46]EditorErrors:Warning: Warning Asset '../../../Engine/Content/EngineMaterials/WorldGridMaterial.uasset' is not allowed to save (see log for reason)
[2016.03.03-18.04.30:349][294]Cmd: QUIT_EDITOR
[2016.03.03-18.04.30:492][294]LogExit: Preparing to exit.
[2016.03.03-18.04.31:074][294]LogExit: Editor shut down
[2016.03.03-18.04.31:074][294]LogExit: Transaction tracking system shut down
[2016.03.03-18.04.31:078][294]LogParticles: Destroying 0 GPU particle simulations for FXSystem 0x000000002BEC1260
[2016.03.03-18.04.31:078][294]LogParticles: Destroying 0 GPU particle simulations for FXSystem 0x0000000065807BA0
[2016.03.03-18.04.31:079][294]LogParticles: Destroying 0 GPU particle simulations for FXSystem 0x000000001E64C7C0
[2016.03.03-18.04.31:079][294]LogParticles: Destroying 0 GPU particle simulations for FXSystem 0x000000001E561580
[2016.03.03-18.04.31:079][294]LogParticles: Destroying 0 GPU particle simulations for FXSystem 0x000000002BF15440
[2016.03.03-18.04.31:079][294]LogParticles: Destroying 0 GPU particle simulations for FXSystem 0x0000000065806B60
[2016.03.03-18.04.31:263][294]LogExit: Object subsystem successfully closed.
[2016.03.03-18.04.31:275][294]LogD3D11RHI: Shutdown
[2016.03.03-18.04.31:275][294]LogD3D11RHI: CleanupD3DDevice
[2016.03.03-18.04.31:342][294]LogD3D11RHI: ~FD3D11DynamicRHI
[2016.03.03-18.04.31:356][294]LogModuleManager: Shutting down and abandoning module BlueprintGraph (203)
[2016.03.03-18.04.31:356][294]LogModuleManager: Shutting down and abandoning module CookingStats (202)
[2016.03.03-18.04.31:356][294]LogModuleManager: Shutting down and abandoning module MaterialEditor (201)
[2016.03.03-18.04.31:356][294]LogModuleManager: Shutting down and abandoning module CrashTracker (200)
[2016.03.03-18.04.31:356][294]LogModuleManager: Shutting down and abandoning module SceneOutliner (199)
[2016.03.03-18.04.31:356][294]LogModuleManager: Shutting down and abandoning module SuperSearch (198)
[2016.03.03-18.04.31:356][294]LogModuleManager: Shutting down and abandoning module WidgetCarousel (197)
[2016.03.03-18.04.31:356][294]LogModuleManager: Shutting down and abandoning module AddContentDialog (196)
[2016.03.03-18.04.31:357][294]LogModuleManager: Shutting down and abandoning module EditorWidgets (195)
[2016.03.03-18.04.31:357][294]LogModuleManager: Shutting down and abandoning module CollectionManager (194)
[2016.03.03-18.04.31:357][294]LogModuleManager: Shutting down and abandoning module StatsViewer (193)
[2016.03.03-18.04.31:357][294]LogModuleManager: Shutting down and abandoning module FoliageEdit (192)
[2016.03.03-18.04.31:357][294]LogModuleManager: Shutting down and abandoning module LandscapeEditor (191)
[2016.03.03-18.04.31:358][294]LogModuleManager: Shutting down and abandoning module ActorPickerMode (190)
[2016.03.03-18.04.31:358][294]LogModuleManager: Shutting down and abandoning module GeometryMode (189)
[2016.03.03-18.04.31:358][294]LogModuleManager: Shutting down and abandoning module TextureAlignMode (188)
[2016.03.03-18.04.31:358][294]LogModuleManager: Shutting down and abandoning module BspMode (187)
[2016.03.03-18.04.31:358][294]LogModuleManager: Shutting down and abandoning module PlacementMode (186)
[2016.03.03-18.04.31:358][294]LogModuleManager: Shutting down and abandoning module AutomationWorker (185)
[2016.03.03-18.04.31:358][294]LogModuleManager: Shutting down and abandoning module CharacterAI (184)
[2016.03.03-18.04.31:358][294]LogModuleManager: Shutting down and abandoning module SmartSnapping (183)
[2016.03.03-18.04.31:358][294]LogModuleManager: Shutting down and abandoning module ViewportSnapping (182)
[2016.03.03-18.04.31:358][294]LogModuleManager: Shutting down and abandoning module LogVisualizer (181)
[2016.03.03-18.04.31:358][294]LogModuleManager: Shutting down and abandoning module GameProjectGeneration (180)
[2016.03.03-18.04.31:358][294]LogModuleManager: Shutting down and abandoning module IntroTutorials (179)
[2016.03.03-18.04.31:358][294]LogModuleManager: Shutting down and abandoning module EditorLiveStreaming (178)
[2016.03.03-18.04.31:358][294]LogModuleManager: Shutting down and abandoning module IOSPlatformEditor (177)
[2016.03.03-18.04.31:358][294]LogModuleManager: Shutting down and abandoning module HTML5PlatformEditor (176)
[2016.03.03-18.04.31:358][294]LogModuleManager: Shutting down and abandoning module AndroidDeviceDetection (175)
[2016.03.03-18.04.31:369][294]LogModuleManager: Shutting down and abandoning module AndroidPlatformEditor (174)
[2016.03.03-18.04.31:369][294]LogModuleManager: Shutting down and abandoning module IOSRuntimeSettings (173)
[2016.03.03-18.04.31:369][294]LogModuleManager: Shutting down and abandoning module AndroidRuntimeSettings (172)
[2016.03.03-18.04.31:369][294]LogModuleManager: Shutting down and abandoning module MergeActors (171)
[2016.03.03-18.04.31:369][294]LogModuleManager: Shutting down and abandoning module SizeMap (170)
[2016.03.03-18.04.31:369][294]LogModuleManager: Shutting down and abandoning module TreeMap (169)
[2016.03.03-18.04.31:369][294]LogModuleManager: Shutting down and abandoning module ReferenceViewer (168)
[2016.03.03-18.04.31:369][294]LogModuleManager: Shutting down and abandoning module LocalizationService (167)
[2016.03.03-18.04.31:369][294]LogModuleManager: Shutting down and abandoning module LocalizationDashboard (166)
[2016.03.03-18.04.31:369][294]LogModuleManager: Shutting down and abandoning module HardwareTargeting (165)
[2016.03.03-18.04.31:369][294]LogModuleManager: Shutting down and abandoning module DeviceProfileEditor (164)
[2016.03.03-18.04.31:369][294]LogModuleManager: Shutting down and abandoning module UndoHistory (163)
[2016.03.03-18.04.31:369][294]LogModuleManager: Shutting down and abandoning module GameplayTagsEditor (162)
[2016.03.03-18.04.31:369][294]LogModuleManager: Shutting down and abandoning module UserFeedback (161)
[2016.03.03-18.04.31:369][294]LogModuleManager: Shutting down and abandoning module XmlParser (160)
[2016.03.03-18.04.31:369][294]LogModuleManager: Shutting down and abandoning module Blutility (159)
[2016.03.03-18.04.31:369][294]LogModuleManager: Shutting down and abandoning module ProjectTargetPlatformEditor (158)
[2016.03.03-18.04.31:369][294]LogModuleManager: Shutting down and abandoning module ProjectSettingsViewer (157)
[2016.03.03-18.04.31:369][294]LogModuleManager: Shutting down and abandoning module InputBindingEditor (156)
[2016.03.03-18.04.31:369][294]LogModuleManager: Shutting down and abandoning module EditorSettingsViewer (155)
[2016.03.03-18.04.31:369][294]LogModuleManager: Shutting down and abandoning module SettingsEditor (154)
[2016.03.03-18.04.31:369][294]LogModuleManager: Shutting down and abandoning module ProjectLauncher (153)
[2016.03.03-18.04.31:369][294]LogModuleManager: Shutting down and abandoning module SessionFrontend (152)
[2016.03.03-18.04.31:369][294]LogModuleManager: Shutting down and abandoning module ProfilerClient (151)
[2016.03.03-18.04.31:369][294]LogModuleManager: Shutting down and abandoning module TargetDeviceServices (150)
[2016.03.03-18.04.31:370][294]LogModuleManager: Shutting down and abandoning module DeviceManager (149)
[2016.03.03-18.04.31:370][294]LogModuleManager: Shutting down and abandoning module AutomationController (148)
[2016.03.03-18.04.31:370][294]LogModuleManager: Shutting down and abandoning module AutomationWindow (147)
[2016.03.03-18.04.31:370][294]LogModuleManager: Shutting down and abandoning module Layers (146)
[2016.03.03-18.04.31:370][294]LogModuleManager: Shutting down and abandoning module ComponentVisualizers (145)
[2016.03.03-18.04.31:370][294]LogModuleManager: Shutting down and abandoning module DetailCustomizations (144)
[2016.03.03-18.04.31:370][294]LogModuleManager: Shutting down and abandoning module PackagesDialog (143)
[2016.03.03-18.04.31:370][294]LogModuleManager: Shutting down and abandoning module Persona (142)
[2016.03.03-18.04.31:370][294]LogModuleManager: Shutting down and abandoning module Kismet (141)
[2016.03.03-18.04.31:370][294]LogModuleManager: Shutting down and abandoning module GraphEditor (140)
[2016.03.03-18.04.31:370][294]LogModuleManager: Shutting down and abandoning module ClassViewer (139)
[2016.03.03-18.04.31:370][294]LogModuleManager: Shutting down and abandoning module Toolbox (138)
[2016.03.03-18.04.31:370][294]LogModuleManager: Shutting down and abandoning module ModuleUI (137)
[2016.03.03-18.04.31:370][294]LogModuleManager: Shutting down and abandoning module MovieSceneTools (136)
[2016.03.03-18.04.31:370][294]LogModuleManager: Shutting down and abandoning module OutputLog (135)
[2016.03.03-18.04.31:370][294]LogModuleManager: Shutting down and abandoning module GammaUI (134)
[2016.03.03-18.04.31:370][294]LogModuleManager: Shutting down and abandoning module Documentation (133)
[2016.03.03-18.04.31:370][294]LogModuleManager: Shutting down and abandoning module GameLiveStreaming (132)
[2016.03.03-18.04.31:370][294]LogModuleManager: Shutting down and abandoning module StreamingPauseRendering (131)
[2016.03.03-18.04.31:370][294]LogModuleManager: Shutting down and abandoning module AnalyticsET (130)
[2016.03.03-18.04.31:370][294]LogModuleManager: Shutting down and abandoning module Analytics (129)
[2016.03.03-18.04.31:370][294]LogModuleManager: Shutting down and abandoning module AITestSuite (128)
[2016.03.03-18.04.31:370][294]LogModuleManager: Shutting down and abandoning module GameplayDebugger (127)
[2016.03.03-18.04.31:370][294]LogModuleManager: Shutting down and abandoning module AIModule (126)
[2016.03.03-18.04.31:370][294]LogModuleManager: Shutting down and abandoning module ProfilerService (125)
[2016.03.03-18.04.31:456][294]LogModuleManager: Shutting down and abandoning module TaskGraph (124)
[2016.03.03-18.04.31:456][294]LogModuleManager: Shutting down and abandoning module SubstanceEditor (123)
[2016.03.03-18.04.31:469][294]LogModuleManager: Shutting down and abandoning module SlateRemote (122)
[2016.03.03-18.04.31:469][294]LogModuleManager: Shutting down and abandoning module SteamVRController (121)
[2016.03.03-18.04.31:469][294]LogModuleManager: Shutting down and abandoning module SteamVR (120)
[2016.03.03-18.04.31:469][294]LogModuleManager: Shutting down and abandoning module ProceduralMeshComponent (119)
[2016.03.03-18.04.31:469][294]LogModuleManager: Shutting down and abandoning module OculusLibrary (118)
[2016.03.03-18.04.31:469][294]LogModuleManager: Shutting down and abandoning module OculusInput (117)
[2016.03.03-18.04.31:469][294]LogModuleManager: Shutting down and abandoning module LeapMotionController (116)
[2016.03.03-18.04.31:477][294]LogModuleManager: Shutting down and abandoning module CustomMeshComponent (115)
[2016.03.03-18.04.31:477][294]LogModuleManager: Shutting down and abandoning module CableComponent (114)
[2016.03.03-18.04.31:477][294]LogModuleManager: Shutting down and abandoning module ArchVisCharacter (113)
[2016.03.03-18.04.31:477][294]LogModuleManager: Shutting down and abandoning module MessagingDebugger (112)
[2016.03.03-18.04.31:477][294]LogModuleManager: Shutting down and abandoning module MediaPlayerEditor (111)
[2016.03.03-18.04.31:477][294]LogModuleManager: Shutting down and abandoning module HTML5Networking (110)
[2016.03.03-18.04.31:477][294]LogModuleManager: Shutting down and abandoning module SpeedTreeImporter (109)
[2016.03.03-18.04.31:477][294]LogModuleManager: Shutting down and abandoning module PluginBrowser (108)
[2016.03.03-18.04.31:477][294]LogModuleManager: Shutting down and abandoning module EpicSurvey (107)
[2016.03.03-18.04.31:477][294]LogModuleManager: Shutting down and abandoning module DesktopPlatform (106)
[2016.03.03-18.04.31:477][294]LogModuleManager: Shutting down and abandoning module VisualStudioSourceCodeAccess (105)
[2016.03.03-18.04.31:477][294]LogModuleManager: Shutting down and abandoning module UObjectPlugin (104)
[2016.03.03-18.04.31:477][294]LogModuleManager: Shutting down and abandoning module SubversionSourceControl (103)
[2016.03.03-18.04.31:477][294]LogModuleManager: Shutting down and abandoning module PerforceSourceControl (102)
[2016.03.03-18.04.31:477][294]LogModuleManager: Shutting down and abandoning module SourceControl (101)
[2016.03.03-18.04.31:477][294]LogModuleManager: Shutting down and abandoning module GitSourceControl (100)
[2016.03.03-18.04.31:477][294]LogModuleManager: Shutting down and abandoning module LightPropagationVolumeEditor (99)
[2016.03.03-18.04.31:477][294]LogModuleManager: Shutting down and abandoning module PaperTiledImporter (98)
[2016.03.03-18.04.31:477][294]LogModuleManager: Shutting down and abandoning module PaperSpriteSheetImporter (97)
[2016.03.03-18.04.31:477][294]LogModuleManager: Shutting down and abandoning module MeshPaint (96)
[2016.03.03-18.04.31:477][294]LogModuleManager: Shutting down and abandoning module SlateReflector (95)
[2016.03.03-18.04.31:477][294]LogModuleManager: Shutting down and abandoning module HotReload (94)
[2016.03.03-18.04.31:477][294]LogModuleManager: Shutting down and abandoning module MainFrame (93)
[2016.03.03-18.04.31:477][294]LogModuleManager: Shutting down and abandoning module LevelEditor (92)
[2016.03.03-18.04.31:478][294]LogModuleManager: Shutting down and abandoning module ContentBrowser (91)
[2016.03.03-18.04.31:479][294]LogModuleManager: Shutting down and abandoning module Paper2DEditor (90)
[2016.03.03-18.04.31:479][294]LogModuleManager: Shutting down and abandoning module UdpMessaging (89)
[2016.03.03-18.04.31:579][294]LogModuleManager: Shutting down and abandoning module DirectoryWatcher (88)
[2016.03.03-18.04.31:579][294]LogModuleManager: Shutting down and abandoning module AssetRegistry (87)
[2016.03.03-18.04.31:661][294]LogModuleManager: Shutting down and abandoning module SubstanceCore (86)
[2016.03.03-18.04.31:661][294]LogModuleManager: Shutting down and abandoning module LightPropagationVolumeRuntime (85)
[2016.03.03-18.04.31:661][294]LogModuleManager: Shutting down and abandoning module Paper2D (84)
[2016.03.03-18.04.31:661][294]LogModuleManager: Shutting down and abandoning module WindowsMoviePlayer (83)
[2016.03.03-18.04.31:664][294]LogModuleManager: Shutting down and abandoning module Media (82)
[2016.03.03-18.04.31:664][294]LogModuleManager: Shutting down and abandoning module WmfMedia (81)
[2016.03.03-18.04.31:664][294]LogModuleManager: Shutting down and abandoning module OnlineBlueprintSupport (80)
[2016.03.03-18.04.31:664][294]LogModuleManager: Shutting down and abandoning module GameplayTasksEditor (79)
[2016.03.03-18.04.31:664][294]LogModuleManager: Shutting down and abandoning module PropertyEditor (78)
[2016.03.03-18.04.31:664][294]LogModuleManager: Shutting down and abandoning module BehaviorTreeEditor (77)
[2016.03.03-18.04.31:664][294]LogModuleManager: Shutting down and abandoning module FunctionalTesting (76)
[2016.03.03-18.04.31:664][294]LogModuleManager: Shutting down and abandoning module CollisionAnalyzer (75)
[2016.03.03-18.04.31:664][294]LogModuleManager: Shutting down and abandoning module WorkspaceMenuStructure (74)
[2016.03.03-18.04.31:664][294]LogModuleManager: Shutting down and abandoning module MessageLog (73)
[2016.03.03-18.04.31:664][294]LogModuleManager: Shutting down and abandoning module Sequencer (72)
[2016.03.03-18.04.31:664][294]LogModuleManager: Shutting down and abandoning module AssetTools (71)
[2016.03.03-18.04.31:665][294]LogModuleManager: Shutting down and abandoning module UMGEditor (70)
[2016.03.03-18.04.31:665][294]LogModuleManager: Shutting down and abandoning module UMG (69)
[2016.03.03-18.04.31:665][294]LogModuleManager: Shutting down and abandoning module Slate (68)
[2016.03.03-18.04.31:665][294]LogModuleManager: Shutting down and abandoning module EditorStyle (67)
[2016.03.03-18.04.31:666][294]LogModuleManager: Shutting down and abandoning module SessionServices (66)
[2016.03.03-18.04.31:666][294]LogModuleManager: Shutting down and abandoning module SourceCodeAccess (65)
[2016.03.03-18.04.31:666][294]LogModuleManager: Shutting down and abandoning module HeadMountedDisplay (64)
[2016.03.03-18.04.31:666][294]LogModuleManager: Shutting down and abandoning module XAudio2 (63)
[2016.03.03-18.04.31:666][294]LogModuleManager: Shutting down and abandoning module Networking (61)
[2016.03.03-18.04.31:666][294]LogModuleManager: Shutting down and abandoning module Core (60)
[2016.03.03-18.04.31:667][294]LogModuleManager: Shutting down and abandoning module KismetCompiler (59)
[2016.03.03-18.04.31:667][294]LogModuleManager: Shutting down and abandoning module PhysXFormats (58)
[2016.03.03-18.04.31:667][294]LogModuleManager: Shutting down and abandoning module MeshUtilities (57)
[2016.03.03-18.04.31:667][294]LogModuleManager: Shutting down and abandoning module DerivedDataCache (56)
[2016.03.03-18.04.31:757][294]LogDerivedDataCache: Shutdown
[2016.03.03-18.04.31:757][294]LogModuleManager: Shutting down and abandoning module ShaderFormatOpenGL (55)
[2016.03.03-18.04.31:757][294]LogModuleManager: Shutting down and abandoning module ShaderFormatD3D (54)
[2016.03.03-18.04.31:757][294]LogModuleManager: Shutting down and abandoning module MetalShaderFormat (53)
[2016.03.03-18.04.31:757][294]LogModuleManager: Shutting down and abandoning module TextureFormatUncompressed (52)
[2016.03.03-18.04.31:757][294]LogModuleManager: Shutting down and abandoning module TextureFormatPVR (51)
[2016.03.03-18.04.31:757][294]LogModuleManager: Shutting down and abandoning module TextureFormatIntelISPCTexComp (50)
[2016.03.03-18.04.31:757][294]LogModuleManager: Shutting down and abandoning module TextureFormatDXT (49)
[2016.03.03-18.04.31:757][294]LogModuleManager: Shutting down and abandoning module ImageWrapper (48)
[2016.03.03-18.04.31:757][294]LogModuleManager: Shutting down and abandoning module TextureFormatASTC (47)
[2016.03.03-18.04.31:757][294]LogModuleManager: Shutting down and abandoning module TextureFormatAndroid (46)
[2016.03.03-18.04.31:757][294]LogModuleManager: Shutting down and abandoning module AudioFormatOpus (45)
[2016.03.03-18.04.31:757][294]LogModuleManager: Shutting down and abandoning module AudioFormatOgg (44)
[2016.03.03-18.04.31:757][294]LogModuleManager: Shutting down and abandoning module AudioFormatADPCM (43)
[2016.03.03-18.04.31:758][294]LogModuleManager: Shutting down and abandoning module LinuxTargetPlatform (42)
[2016.03.03-18.04.31:758][294]LogModuleManager: Shutting down and abandoning module LinuxServerTargetPlatform (41)
[2016.03.03-18.04.31:758][294]LogModuleManager: Shutting down and abandoning module LinuxNoEditorTargetPlatform (40)
[2016.03.03-18.04.31:758][294]LogModuleManager: Shutting down and abandoning module Messaging (39)
[2016.03.03-18.04.31:758][294]LogModuleManager: Shutting down and abandoning module IOSTargetPlatform (38)
[2016.03.03-18.04.31:758][294]LogModuleManager: Shutting down and abandoning module HTML5TargetPlatform (37)
[2016.03.03-18.04.31:758][294]LogModuleManager: Shutting down and abandoning module Android_PVRTCTargetPlatform (36)
[2016.03.03-18.04.31:758][294]LogModuleManager: Shutting down and abandoning module Android_MultiTargetPlatform (35)
[2016.03.03-18.04.31:758][294]LogModuleManager: Shutting down and abandoning module Android_ETC2TargetPlatform (34)
[2016.03.03-18.04.31:758][294]LogModuleManager: Shutting down and abandoning module Android_ETC1TargetPlatform (33)
[2016.03.03-18.04.31:758][294]LogModuleManager: Shutting down and abandoning module Android_DXTTargetPlatform (32)
[2016.03.03-18.04.31:758][294]LogModuleManager: Shutting down and abandoning module Android_ATCTargetPlatform (31)
[2016.03.03-18.04.31:758][294]LogModuleManager: Shutting down and abandoning module Android_ASTCTargetPlatform (30)
[2016.03.03-18.04.31:758][294]LogModuleManager: Shutting down and abandoning module AndroidTargetPlatform (29)
[2016.03.03-18.04.31:758][294]LogModuleManager: Shutting down and abandoning module WindowsTargetPlatform (28)
[2016.03.03-18.04.31:758][294]LogModuleManager: Shutting down and abandoning module WindowsServerTargetPlatform (27)
[2016.03.03-18.04.31:758][294]LogModuleManager: Shutting down and abandoning module WindowsNoEditorTargetPlatform (26)
[2016.03.03-18.04.31:758][294]LogModuleManager: Shutting down and abandoning module WindowsClientTargetPlatform (25)
[2016.03.03-18.04.31:758][294]LogModuleManager: Shutting down and abandoning module AllDesktopTargetPlatform (24)
[2016.03.03-18.04.31:758][294]LogModuleManager: Shutting down and abandoning module TargetPlatform (23)
[2016.03.03-18.04.31:758][294]LogModuleManager: Shutting down and abandoning module InputCore (22)
[2016.03.03-18.04.31:758][294]LogModuleManager: Shutting down and abandoning module Settings (21)
[2016.03.03-18.04.31:758][294]LogModuleManager: Shutting down and abandoning module OnlineSubsystem (19)
[2016.03.03-18.04.31:758][294]LogModuleManager: Shutting down and abandoning module HTTP (18)
[2016.03.03-18.04.33:759][294]LogModuleManager: Shutting down and abandoning module XMPP (17)
[2016.03.03-18.04.33:759][294]LogModuleManager: Shutting down and abandoning module OculusRift (16)
[2016.03.03-18.04.33:759][294]LogModuleManager: Shutting down and abandoning module ExampleDeviceProfileSelector (15)
[2016.03.03-18.04.33:759][294]LogModuleManager: Shutting down and abandoning module TextureCompressor (14)
[2016.03.03-18.04.33:759][294]LogModuleManager: Shutting down and abandoning module ShaderCore (13)
[2016.03.03-18.04.33:759][294]LogModuleManager: Shutting down and abandoning module Landscape (12)
[2016.03.03-18.04.33:759][294]LogModuleManager: Shutting down and abandoning module SlateRHIRenderer (11)
[2016.03.03-18.04.33:778][294]LogModuleManager: Shutting down and abandoning module OpenGLDrv (10)
[2016.03.03-18.04.33:778][294]LogModuleManager: Shutting down and abandoning module D3D11RHI (9)
[2016.03.03-18.04.33:778][294]LogModuleManager: Shutting down and abandoning module AnimGraphRuntime (8)
[2016.03.03-18.04.33:778][294]LogModuleManager: Shutting down and abandoning module Renderer (7)
[2016.03.03-18.04.33:778][294]LogModuleManager: Shutting down and abandoning module Engine (6)
[2016.03.03-18.04.33:778][294]LogModuleManager: Shutting down and abandoning module CoreUObject (5)
[2016.03.03-18.04.33:778][294]LogModuleManager: Shutting down and abandoning module NetworkFile (4)
[2016.03.03-18.04.33:778][294]LogModuleManager: Shutting down and abandoning module StreamingFile (3)
[2016.03.03-18.04.33:778][294]LogModuleManager: Shutting down and abandoning module SandboxFile (2)
[2016.03.03-18.04.33:778][294]LogModuleManager: Shutting down and abandoning module PakFile (1)
[2016.03.03-18.04.33:780][294]LogExit: Exiting.
[2016.03.03-18.04.33:795][294]Log file closed, 03/03/16 18:04:33
