[2016.02.22-14.42.12:801][  0]Log file open, 02/22/16 14:42:12
[2016.02.22-14.42.12:801][  0]LogInit:Display: Running engine for game: ForestTale
[2016.02.22-14.42.12:801][  0]LogPlatformFile: Not using cached read wrapper
[2016.02.22-14.42.12:801][  0]LogInit:Display: RandInit(-257888545) SRandInit(-257888544).
[2016.02.22-14.42.12:801][  0]LogTaskGraph: Started task graph with 4 named threads and 7 total threads.
[2016.02.22-14.42.12:801][  0]LogStats: Stats thread started at 0.077966
[2016.02.22-14.42.12:801][  0]LogInit: Version: 4.10.3-2866931+++depot+UE4-Releases+4.10
[2016.02.22-14.42.12:801][  0]LogInit: API Version: 2758231
[2016.02.22-14.42.12:801][  0]LogInit: Compiled (64-bit): Feb 15 2016 08:20:45
[2016.02.22-14.42.12:801][  0]LogInit: Compiled with Visual C++: 19.00.23026.00
[2016.02.22-14.42.12:801][  0]LogInit: Build Configuration: Development
[2016.02.22-14.42.12:801][  0]LogInit: Branch Name: ++depot+UE4-Releases+4.10
[2016.02.22-14.42.12:801][  0]LogInit: Command line:  
[2016.02.22-14.42.12:801][  0]LogInit: Base directory: C:/Program Files/Epic Games/4.10/Engine/Binaries/Win64/
[2016.02.22-14.42.12:801][  0]LogInit: Rocket: 1
[2016.02.22-14.42.12:834][  0]LogInit: Using libcurl 7.41.0
[2016.02.22-14.42.12:835][  0]LogInit:  - built for x86_64-pc-win32
[2016.02.22-14.42.12:835][  0]LogInit:  - supports SSL with WinSSL
[2016.02.22-14.42.12:835][  0]LogInit:  - other features:
[2016.02.22-14.42.12:835][  0]LogInit:      CURL_VERSION_SSL
[2016.02.22-14.42.12:835][  0]LogInit:      CURL_VERSION_IPV6
[2016.02.22-14.42.12:835][  0]LogInit:      CURL_VERSION_ASYNCHDNS
[2016.02.22-14.42.12:835][  0]LogInit:      CURL_VERSION_LARGEFILE
[2016.02.22-14.42.12:835][  0]LogInit:      CURL_VERSION_IDN
[2016.02.22-14.42.12:835][  0]LogInit:  CurlRequestOptions (configurable via config and command line):
[2016.02.22-14.42.12:835][  0]LogInit:  - bVerifyPeer = true  - Libcurl will verify peer certificate
[2016.02.22-14.42.12:835][  0]LogInit:  - bUseHttpProxy = false  - Libcurl will NOT use HTTP proxy
[2016.02.22-14.42.12:835][  0]LogInit:  - bDontReuseConnections = false  - Libcurl will reuse connections
[2016.02.22-14.42.12:835][  0]LogInit:  - CertBundlePath = nullptr  - Libcurl will use whatever was configured at build time.
[2016.02.22-14.42.12:845][  0]LogInit: Presizing for 0 objects not considered by GC, pre-allocating 0 bytes.
[2016.02.22-14.42.12:855][  0]LogInit: Object subsystem initialized
[2016.02.22-14.42.12:856][  0]LogInit: Selected Device Profile: [Windows]
[2016.02.22-14.42.12:856][  0]LogInit: Applying CVar settings loaded from the selected device profile: [Windows]
[2016.02.22-14.42.12:890][  0]LogInit: Computer: PHOENIX
[2016.02.22-14.42.12:890][  0]LogInit: User: Beren
[2016.02.22-14.42.12:890][  0]LogInit: CPU Page size=4096, Cores=4
[2016.02.22-14.42.12:890][  0]LogInit: High frequency timer resolution =2.734394 MHz
[2016.02.22-14.42.12:890][  0]LogMemory: Memory total: Physical=8.0GB (8GB approx)
[2016.02.22-14.42.12:890][  0]LogMemory: Platform Memory Stats for Windows
[2016.02.22-14.42.12:890][  0]LogMemory: Process Physical Memory: 56.38 MB used, 56.38 MB peak
[2016.02.22-14.42.12:890][  0]LogMemory: Process Virtual Memory: 59.95 MB used, 59.95 MB peak
[2016.02.22-14.42.12:890][  0]LogMemory: Physical Memory: 4914.91 MB used, 8150.99 MB total
[2016.02.22-14.42.12:890][  0]LogMemory: Virtual Memory: 350.17 MB used, 8388608.00 MB total
[2016.02.22-14.42.12:950][  0]LogTextLocalizationManager: No specific translations for ('en-GB') exist, so ('en') translations will be used.
[2016.02.22-14.42.13:709][  0]LogD3D11RHI: Found D3D11 adapter 0: AMD Radeon HD 6900 Series (Feature Level 11_0)
[2016.02.22-14.42.13:709][  0]LogD3D11RHI: Adapter has 2032MB of dedicated video memory, 0MB of dedicated system memory, and 3819MB of shared system memory, 2 output[s]
[2016.02.22-14.42.13:709][  0]LogD3D11RHI: Chosen D3D11 Adapter Id = 0
[2016.02.22-14.42.13:715][  0]LogD3D11RHI: !Direct3DDevice
[2016.02.22-14.42.13:715][  0]LogRHI: Texture pool is 1361 MB (70% of 1945 MB)
[2016.02.22-14.42.13:723][  0]LogD3D11RHI: Async texture creation disabled: no driver support
[2016.02.22-14.42.13:734][  0]LogShaderCompilers: Guid format shader working directory is -63 characters bigger than the processId version (../../../../../../Users/Beren/Documents/University/Year 2/Projects Files/Unreal Projects/OffTheMap/ForestTale/Intermediate/Shaders/WorkingDirectory/2732/).
[2016.02.22-14.42.13:734][  0]LogShaderCompilers: Cleaned the shader compiler working directory 'C:/Users/Beren/AppData/Local/Temp/UnrealShaderWorkingDir/CEF9421C49A9ECCCC9A39598353D95FD/'.
[2016.02.22-14.42.13:734][  0]LogShaderCompilers:Display: Using Local Shader Compiler.
[2016.02.22-14.42.14:962][  0]LogTemp:Display: Loaded TP AllDesktopTargetPlatform
[2016.02.22-14.42.14:968][  0]LogTemp:Display: Loaded TP WindowsClientTargetPlatform
[2016.02.22-14.42.14:974][  0]LogTemp:Display: Loaded TP WindowsNoEditorTargetPlatform
[2016.02.22-14.42.14:980][  0]LogTemp:Display: Loaded TP WindowsServerTargetPlatform
[2016.02.22-14.42.14:986][  0]LogTemp:Display: Loaded TP WindowsTargetPlatform
[2016.02.22-14.42.14:990][  0]LogTemp:Display: Loaded TP AndroidTargetPlatform
[2016.02.22-14.42.14:994][  0]LogTemp:Display: Loaded TP Android_ASTCTargetPlatform
[2016.02.22-14.42.14:997][  0]LogTemp:Display: Loaded TP Android_ATCTargetPlatform
[2016.02.22-14.42.15:001][  0]LogTemp:Display: Loaded TP Android_DXTTargetPlatform
[2016.02.22-14.42.15:005][  0]LogTemp:Display: Loaded TP Android_ETC1TargetPlatform
[2016.02.22-14.42.15:008][  0]LogTemp:Display: Loaded TP Android_ETC2TargetPlatform
[2016.02.22-14.42.15:016][  0]LogTemp:Display: Loaded TP Android_MultiTargetPlatform
[2016.02.22-14.42.15:016][  0]LogTemp:Display: Loaded TP Android_PVRTCTargetPlatform
[2016.02.22-14.42.15:017][  0]LogTemp:Display: Loaded TP HTML5TargetPlatform
[2016.02.22-14.42.15:035][  0]LogTemp:Display: Loaded TP IOSTargetPlatform
[2016.02.22-14.42.15:039][  0]LogTemp:Display: Loaded TP LinuxNoEditorTargetPlatform
[2016.02.22-14.42.15:042][  0]LogTemp:Display: Loaded TP LinuxServerTargetPlatform
[2016.02.22-14.42.15:046][  0]LogTemp:Display: Loaded TP LinuxTargetPlatform
[2016.02.22-14.42.15:046][  0]LogTargetPlatformManager:Display: Building Assets For Windows
[2016.02.22-14.42.15:143][  0]LogDerivedDataCache:Display: Max Cache Size: 512 MB
[2016.02.22-14.42.15:210][  0]LogDerivedDataCache: Loaded boot cache 0.07s 41MB C:/Users/Beren/AppData/Local/UnrealEngine/4.10/DerivedDataCache/Boot.ddc.
[2016.02.22-14.42.15:210][  0]LogDerivedDataCache:Display: Loaded Boot cache: C:/Users/Beren/AppData/Local/UnrealEngine/4.10/DerivedDataCache/Boot.ddc
[2016.02.22-14.42.15:210][  0]LogDerivedDataCache: FDerivedDataBackendGraph:  Pak pak cache file ../../../../../../Users/Beren/Documents/University/Year 2/Projects Files/Unreal Projects/OffTheMap/ForestTale/DerivedDataCache/DDC.ddp not found, will not use a pak cache.
[2016.02.22-14.42.15:210][  0]LogDerivedDataCache: Unable to find inner node Pak for hierarchical cache Hierarchy.
[2016.02.22-14.42.15:210][  0]LogDerivedDataCache: FDerivedDataBackendGraph:  CompressedPak pak cache file ../../../../../../Users/Beren/Documents/University/Year 2/Projects Files/Unreal Projects/OffTheMap/ForestTale/DerivedDataCache/Compressed.ddp not found, will not use a pak cache.
[2016.02.22-14.42.15:210][  0]LogDerivedDataCache: Unable to find inner node CompressedPak for hierarchical cache Hierarchy.
[2016.02.22-14.42.15:289][  0]LogDerivedDataCache:Display: Pak cache opened for reading ../../../Engine/DerivedDataCache/Compressed.ddp.
[2016.02.22-14.42.15:305][  0]LogDerivedDataCache: Using Local data cache path C:/Users/Beren/AppData/Local/UnrealEngine/Common/DerivedDataCache: Writable
[2016.02.22-14.42.15:552][  0]LogInit: Selected Device Profile: [Windows]
[2016.02.22-14.42.15:553][  0]LogContentStreaming: Texture pool size is 0.000000MB
[2016.02.22-14.42.15:622][  0]LogMeshUtilities: No automatic mesh reduction module available
[2016.02.22-14.42.15:622][  0]LogMeshUtilities: No automatic mesh merging module available
[2016.02.22-14.42.16:045][  0]LogInit: WinSock: version 1.1 (2.2), MaxSocks=32767, MaxUdp=65467
[2016.02.22-14.42.16:944][  0]LogAssetRegistry: FAssetRegistry took 0.0102 seconds to start up
[2016.02.22-14.42.16:958][  0]UdpMessaging: Initializing bridge on interface 0.0.0.0:0 to multicast group 230.0.0.1:6666.
[2016.02.22-14.42.17:344][  0]SourceControl: Info Source control is disabled
[2016.02.22-14.42.18:841][  0]SourceControl: Info Source control is disabled
[2016.02.22-14.42.18:853][  0]SourceControl: Info Source control is disabled
[2016.02.22-14.42.18:864][  0]SourceControl: Info Source control is disabled
[2016.02.22-14.42.19:133][  0]LogObj: 28802 objects as part of root set at end of initial load.
[2016.02.22-14.42.19:133][  0]LogUObjectAllocator: 6129768 out of 0 bytes used by permanent object pool.
[2016.02.22-14.42.19:201][  0]LogEngine: Initializing Engine...
[2016.02.22-14.42.19:204][  0]LogHMD: Can't find Oculus library dev build: is proper Runtime installed? Version: 0.8.0.0
[2016.02.22-14.42.19:205][  0]LogHMD: SteamVR failed to initialize.  Err: 110
[2016.02.22-14.42.19:346][  0]LogAIModule: Creating AISystem for world NewWorld
[2016.02.22-14.42.19:357][  0]LogInit: XAudio2 using 'Speakers (VIA HD Audio)' : 2 channels at 48 kHz using 32 bits per sample (channel mask 0x3)
[2016.02.22-14.42.19:396][  0]LogInit: FAudioDevice initialized.
[2016.02.22-14.42.19:424][  0]LogDerivedDataCache: Saved boot cache 0.03s 41MB C:/Users/Beren/AppData/Local/UnrealEngine/4.10/DerivedDataCache/Boot.ddc.
[2016.02.22-14.42.19:432][  0]LogInit: Texture streaming: Enabled
[2016.02.22-14.42.19:439][  0]LogAnalytics: Creating configured Analytics provider AnalyticsET
[2016.02.22-14.42.19:439][  0]LogAnalytics: [UEEditor.Rocket.Release] APIServer = http://et2.epicgames.com/ET2/. AppVersion = 4.10.3-2866931+++depot+UE4-Releases+4.10
[2016.02.22-14.42.19:439][  0]LogAnalytics: [UEEditor.Rocket.Release] SetUserId 3ab26a0a4fcf02a9d7a1c0b18ce06c6d|1a9fd4cccc794e438b183d4a2d921f67|3d9614c9-529e-4188-9376-3f0e091b9e40
[2016.02.22-14.42.19:439][  0]LogAnalytics: [UEEditor.Rocket.Release] AnalyticsET::StartSession
[2016.02.22-14.42.19:447][  0]LogInit: Transaction tracking system initialized
[2016.02.22-14.42.19:476][  0]BlueprintLog: New page: Editor Load
[2016.02.22-14.42.19:637][  0]LocalizationService: Info Localization service is disabled
[2016.02.22-14.42.19:799][  0]LogConsoleResponse:Display: 
[2016.02.22-14.42.19:950][  0]LogCook:Display: Done creating registry. It took  0.00s.
[2016.02.22-14.42.20:012][  0]LogFileCache: Scanning file cache for directory 'C:/Users/Beren/Documents/University/Year 2/Projects Files/Unreal Projects/OffTheMap/ForestTale/Content/' took 0.01s
[2016.02.22-14.42.20:012][  0]SourceControl: Info Source control is disabled
[2016.02.22-14.42.20:012][  0]Cmd: MAP LOAD FILE="../../../Engine/Content/Maps/Templates/Template_Default.umap" TEMPLATE=1 SHOWPROGRESS=1 FEATURELEVEL=3
[2016.02.22-14.42.20:012][  0]LightingResults: New page: Lighting Build
[2016.02.22-14.42.20:016][  0]MapCheck: New page: Map Check
[2016.02.22-14.42.20:016][  0]LightingResults: New page: Lighting Build
[2016.02.22-14.42.20:028][  0]LogParticles: Destroying 0 GPU particle simulations for FXSystem 0x00000000213EAAC0
[2016.02.22-14.42.21:025][  0]LogAIModule: Creating AISystem for world Untitled_1
[2016.02.22-14.42.21:031][  0]LogEditorServer: Finished looking for orphan Actors (0.000 secs)
[2016.02.22-14.42.21:065][  0]Cmd: MAP CHECKDEP NOCLEARLOG
[2016.02.22-14.42.21:116][  0]MapCheck: Info Map check complete: 0 Error(s), 0 Warning(s), took 50.979ms to complete.
[2016.02.22-14.42.21:117][  0]LogFileHelpers: Loading map 'Template_Default' took 1.105
[2016.02.22-14.42.21:264][  0]LogCollectionManager: Loaded 0 collections in 0.002399 seconds
[2016.02.22-14.42.21:312][  0]LogFileCache: Scanning file cache for directory 'C:/Users/Beren/Documents/University/Year 2/Projects Files/Unreal Projects/OffTheMap/ForestTale/Saved/Collections/' took 0.01s
[2016.02.22-14.42.21:312][  0]LogFileCache: Scanning file cache for directory 'C:/Users/Beren/Documents/University/Year 2/Projects Files/Unreal Projects/OffTheMap/ForestTale/Content/Developers/Beren/Collections/' took 0.01s
[2016.02.22-14.42.21:312][  0]LogFileCache: Scanning file cache for directory 'C:/Users/Beren/Documents/University/Year 2/Projects Files/Unreal Projects/OffTheMap/ForestTale/Content/Collections/' took 0.01s
[2016.02.22-14.42.21:312][  0]LogCollectionManager: Rebuilt the GUID cache for 0 collections in 0.000002 seconds
[2016.02.22-14.42.21:322][  0]LogContentBrowser: Native class hierarchy populated in 0.0101 seconds. Added 1908 classes and 344 folders.
[2016.02.22-14.42.21:357][  0]LogContentBrowser: Native class hierarchy updated for 'WidgetCarousel' in 0.0004 seconds. Added 0 classes and 0 folders.
[2016.02.22-14.42.21:401][  0]LogContentBrowser: Native class hierarchy updated for 'AddContentDialog' in 0.0004 seconds. Added 0 classes and 0 folders.
[2016.02.22-14.42.21:405][  0]LogContentBrowser: Native class hierarchy updated for 'SceneOutliner' in 0.0003 seconds. Added 1 classes and 2 folders.
[2016.02.22-14.42.21:431][  0]LogCrashTracker: Crashtracker disabled due to settings.
[2016.02.22-14.42.21:436][  0]LogUObjectGlobals:Warning: Failed to find object 'Class None.'
[2016.02.22-14.42.21:474][  0]LogLoad: Full Startup: 9.74 seconds (BP compile: 0.05 seconds)
[2016.02.22-14.42.21:815][  0]LogOcInput: Can't find Oculus library dev build: is proper Runtime installed? Version: 0.8.0.0
[2016.02.22-14.42.21:862][  0]LogContentStreaming: Texture pool size now 1000 MB
[2016.02.22-14.42.22:036][  0]LogRenderer: Reallocating scene render targets to support 1112x572 (Frame:2).
[2016.02.22-14.42.24:614][  8]LogAssetRegistry: Asset discovery search completed in 7.6802 seconds
[2016.02.22-14.42.24:615][  8]LogCollectionManager: Rebuilt the object cache for 0 collections in 0.000001 seconds (found 0 objects)
[2016.02.22-14.42.24:615][  8]LogCollectionManager: Fixed up redirectors for 0 collections in 0.000024 seconds (updated 0 objects)
[2016.02.22-14.43.08:616][294]LogLinker:Warning: Asset '../../../../../../Users/Beren/Documents/University/Year 2/Projects Files/Unreal Projects/OffTheMap/ForestTale/Content/Mannequin/Animations/ThirdPerson_AnimBP.uasset' has been saved with empty engine version. The asset will be loaded but may be incompatible.
[2016.02.22-14.43.08:618][294]LogLinker:Warning: Asset '../../../../../../Users/Beren/Documents/University/Year 2/Projects Files/Unreal Projects/OffTheMap/ForestTale/Content/Mannequin/Animations/ThirdPerson_Jump.uasset' has been saved with empty engine version. The asset will be loaded but may be incompatible.
[2016.02.22-14.43.08:619][294]LogLinker:Warning: Asset '../../../../../../Users/Beren/Documents/University/Year 2/Projects Files/Unreal Projects/OffTheMap/ForestTale/Content/Mannequin/Animations/ThirdPersonJump_Loop.uasset' has been saved with empty engine version. The asset will be loaded but may be incompatible.
[2016.02.22-14.43.08:621][294]LogLinker:Warning: Asset '../../../../../../Users/Beren/Documents/University/Year 2/Projects Files/Unreal Projects/OffTheMap/ForestTale/Content/Mannequin/Animations/ThirdPersonJump_Start.uasset' has been saved with empty engine version. The asset will be loaded but may be incompatible.
[2016.02.22-14.43.08:622][294]LogLinker:Warning: Asset '../../../../../../Users/Beren/Documents/University/Year 2/Projects Files/Unreal Projects/OffTheMap/ForestTale/Content/Mannequin/Animations/ThirdPerson_IdleRun_2D.uasset' has been saved with empty engine version. The asset will be loaded but may be incompatible.
[2016.02.22-14.43.08:622][294]LogLinker:Warning: Asset '../../../../../../Users/Beren/Documents/University/Year 2/Projects Files/Unreal Projects/OffTheMap/ForestTale/Content/Mannequin/Animations/ThirdPersonIdle.uasset' has been saved with empty engine version. The asset will be loaded but may be incompatible.
[2016.02.22-14.43.08:624][294]LogLinker:Warning: Asset '../../../../../../Users/Beren/Documents/University/Year 2/Projects Files/Unreal Projects/OffTheMap/ForestTale/Content/Mannequin/Animations/ThirdPersonRun.uasset' has been saved with empty engine version. The asset will be loaded but may be incompatible.
[2016.02.22-14.43.08:625][294]LogLinker:Warning: Asset '../../../../../../Users/Beren/Documents/University/Year 2/Projects Files/Unreal Projects/OffTheMap/ForestTale/Content/Mannequin/Animations/ThirdPersonWalk.uasset' has been saved with empty engine version. The asset will be loaded but may be incompatible.
[2016.02.22-14.43.13:348][294]LogAIModule: Creating AISystem for world ThirdPersonExampleMap
[2016.02.22-14.43.13:402][294]LightingResults: New page: Lighting Build
[2016.02.22-14.43.13:422][294]LoadErrors: New page: Loading map: ThirdPersonExampleMap.umap
[2016.02.22-14.43.13:422][294]MapCheck: New page: Map Check
[2016.02.22-14.43.13:422][294]LightingResults: New page: Lighting Build
[2016.02.22-14.43.13:436][294]LogParticles: Destroying 0 GPU particle simulations for FXSystem 0x0000000011E4B1A0
[2016.02.22-14.43.13:464][294]LogEditorServer: Finished looking for orphan Actors (0.000 secs)
[2016.02.22-14.43.13:497][294]Cmd: MAP CHECKDEP NOCLEARLOG
[2016.02.22-14.43.13:557][294]MapCheck: Info Map check complete: 0 Error(s), 0 Warning(s), took 60.238ms to complete.
[2016.02.22-14.43.13:557][294]LogFileHelpers: Loading map 'ThirdPersonExampleMap' took 0.157
[2016.02.22-14.43.20:987][474]LogActorComponent: UnregisterComponent: (/Engine/Transient.CharMoveComp) Not registered. Aborting.
[2016.02.22-14.43.21:003][474]LogMetaData: Removing '/Game/Blueprints/Spline.Spline:UserConstructionScript.K2Node_FunctionEntry_50' ref from Metadata '/Game/ThirdPersonBP/Blueprints/Spline.PackageMetaData'
[2016.02.22-14.43.21:003][474]LogMetaData: Removing '/Game/Blueprints/Spline.Spline_C' ref from Metadata '/Game/ThirdPersonBP/Blueprints/Spline.PackageMetaData'
[2016.02.22-14.43.21:003][474]LogMetaData: Removing '/Game/Blueprints/Spline.Spline:EventGraph.K2Node_Event_3' ref from Metadata '/Game/ThirdPersonBP/Blueprints/Spline.PackageMetaData'
[2016.02.22-14.43.21:003][474]LogMetaData: Removing '/Game/Blueprints/Spline.Spline:EventGraph.K2Node_Event_4' ref from Metadata '/Game/ThirdPersonBP/Blueprints/Spline.PackageMetaData'
[2016.02.22-14.43.21:003][474]LogMetaData: Removing '/Game/Blueprints/Spline.Spline:EventGraph.K2Node_Event_5' ref from Metadata '/Game/ThirdPersonBP/Blueprints/Spline.PackageMetaData'
[2016.02.22-14.43.21:003][474]LogMetaData: Removing '/Game/Blueprints/Spline.SKEL_Spline_C' ref from Metadata '/Game/ThirdPersonBP/Blueprints/Spline.PackageMetaData'
[2016.02.22-14.43.21:105][474]LogSavePackage: Save=59.777412ms
[2016.02.22-14.43.21:106][474]LogSavePackage: Moving '../../../../../../Users/Beren/Documents/University/Year 2/Projects Files/Unreal Projects/OffTheMap/ForestTale/Saved/SplineAE07C0B149C2D99DCDDD7398DCBA4637.tmp' to '../../../../../../Users/Beren/Documents/University/Year 2/Projects Files/Unreal Projects/OffTheMap/ForestTale/Content/Blueprints/Spline.uasset'
[2016.02.22-14.43.21:113][474]LogSavePackage: Total save time: 70.336606ms
[2016.02.22-14.43.21:113][474]LogSavePackage:Display: Finished SavePackage ../../../../../../Users/Beren/Documents/University/Year 2/Projects Files/Unreal Projects/OffTheMap/ForestTale/Content/Blueprints/Spline.uasset
[2016.02.22-14.43.44:742][ 54]LogActorComponent: UnregisterComponent: (/Engine/Transient.CharMoveComp) Not registered. Aborting.
[2016.02.22-14.46.00:478][198]LogActorComponent: UnregisterComponent: (/Engine/Transient.CharMoveComp) Not registered. Aborting.
[2016.02.22-14.46.01:088][199]Cmd: QUIT_EDITOR
[2016.02.22-14.46.01:268][199]LogExit: Preparing to exit.
[2016.02.22-14.46.02:126][199]LogExit: Editor shut down
[2016.02.22-14.46.02:127][199]LogExit: Transaction tracking system shut down
[2016.02.22-14.46.02:128][199]LogParticles: Destroying 0 GPU particle simulations for FXSystem 0x0000000024D36DE0
[2016.02.22-14.46.02:128][199]LogParticles: Destroying 0 GPU particle simulations for FXSystem 0x000000002E0C6340
[2016.02.22-14.46.02:129][199]LogParticles: Destroying 0 GPU particle simulations for FXSystem 0x0000000024BF54E0
[2016.02.22-14.46.02:306][199]LogParticles: Destroying 0 GPU particle simulations for FXSystem 0x0000000024BF6A20
[2016.02.22-14.46.02:306][199]LogExit: Object subsystem successfully closed.
[2016.02.22-14.46.02:319][199]LogD3D11RHI: Shutdown
[2016.02.22-14.46.02:319][199]LogD3D11RHI: CleanupD3DDevice
[2016.02.22-14.46.02:367][199]LogD3D11RHI: ~FD3D11DynamicRHI
[2016.02.22-14.46.02:389][199]LogModuleManager: Shutting down and abandoning module CookingStats (201)
[2016.02.22-14.46.02:389][199]LogModuleManager: Shutting down and abandoning module CrashTracker (200)
[2016.02.22-14.46.02:389][199]LogModuleManager: Shutting down and abandoning module SceneOutliner (199)
[2016.02.22-14.46.02:389][199]LogModuleManager: Shutting down and abandoning module SuperSearch (198)
[2016.02.22-14.46.02:389][199]LogModuleManager: Shutting down and abandoning module WidgetCarousel (197)
[2016.02.22-14.46.02:389][199]LogModuleManager: Shutting down and abandoning module AddContentDialog (196)
[2016.02.22-14.46.02:390][199]LogModuleManager: Shutting down and abandoning module EditorWidgets (195)
[2016.02.22-14.46.02:390][199]LogModuleManager: Shutting down and abandoning module CollectionManager (194)
[2016.02.22-14.46.02:391][199]LogModuleManager: Shutting down and abandoning module StatsViewer (193)
[2016.02.22-14.46.02:391][199]LogModuleManager: Shutting down and abandoning module FoliageEdit (192)
[2016.02.22-14.46.02:391][199]LogModuleManager: Shutting down and abandoning module LandscapeEditor (191)
[2016.02.22-14.46.02:391][199]LogModuleManager: Shutting down and abandoning module ActorPickerMode (190)
[2016.02.22-14.46.02:391][199]LogModuleManager: Shutting down and abandoning module GeometryMode (189)
[2016.02.22-14.46.02:391][199]LogModuleManager: Shutting down and abandoning module TextureAlignMode (188)
[2016.02.22-14.46.02:391][199]LogModuleManager: Shutting down and abandoning module BspMode (187)
[2016.02.22-14.46.02:391][199]LogModuleManager: Shutting down and abandoning module PlacementMode (186)
[2016.02.22-14.46.02:391][199]LogModuleManager: Shutting down and abandoning module AutomationWorker (185)
[2016.02.22-14.46.02:391][199]LogModuleManager: Shutting down and abandoning module CharacterAI (184)
[2016.02.22-14.46.02:391][199]LogModuleManager: Shutting down and abandoning module SmartSnapping (183)
[2016.02.22-14.46.02:391][199]LogModuleManager: Shutting down and abandoning module ViewportSnapping (182)
[2016.02.22-14.46.02:391][199]LogModuleManager: Shutting down and abandoning module LogVisualizer (181)
[2016.02.22-14.46.02:391][199]LogModuleManager: Shutting down and abandoning module GameProjectGeneration (180)
[2016.02.22-14.46.02:391][199]LogModuleManager: Shutting down and abandoning module IntroTutorials (179)
[2016.02.22-14.46.02:391][199]LogModuleManager: Shutting down and abandoning module EditorLiveStreaming (178)
[2016.02.22-14.46.02:391][199]LogModuleManager: Shutting down and abandoning module IOSPlatformEditor (177)
[2016.02.22-14.46.02:391][199]LogModuleManager: Shutting down and abandoning module HTML5PlatformEditor (176)
[2016.02.22-14.46.02:391][199]LogModuleManager: Shutting down and abandoning module AndroidDeviceDetection (175)
[2016.02.22-14.46.02:696][199]LogModuleManager: Shutting down and abandoning module AndroidPlatformEditor (174)
[2016.02.22-14.46.02:696][199]LogModuleManager: Shutting down and abandoning module IOSRuntimeSettings (173)
[2016.02.22-14.46.02:696][199]LogModuleManager: Shutting down and abandoning module AndroidRuntimeSettings (172)
[2016.02.22-14.46.02:696][199]LogModuleManager: Shutting down and abandoning module MergeActors (171)
[2016.02.22-14.46.02:696][199]LogModuleManager: Shutting down and abandoning module SizeMap (170)
[2016.02.22-14.46.02:696][199]LogModuleManager: Shutting down and abandoning module TreeMap (169)
[2016.02.22-14.46.02:696][199]LogModuleManager: Shutting down and abandoning module ReferenceViewer (168)
[2016.02.22-14.46.02:696][199]LogModuleManager: Shutting down and abandoning module LocalizationService (167)
[2016.02.22-14.46.02:696][199]LogModuleManager: Shutting down and abandoning module LocalizationDashboard (166)
[2016.02.22-14.46.02:696][199]LogModuleManager: Shutting down and abandoning module HardwareTargeting (165)
[2016.02.22-14.46.02:696][199]LogModuleManager: Shutting down and abandoning module DeviceProfileEditor (164)
[2016.02.22-14.46.02:696][199]LogModuleManager: Shutting down and abandoning module UndoHistory (163)
[2016.02.22-14.46.02:696][199]LogModuleManager: Shutting down and abandoning module GameplayTagsEditor (162)
[2016.02.22-14.46.02:696][199]LogModuleManager: Shutting down and abandoning module UserFeedback (161)
[2016.02.22-14.46.02:696][199]LogModuleManager: Shutting down and abandoning module XmlParser (160)
[2016.02.22-14.46.02:696][199]LogModuleManager: Shutting down and abandoning module Blutility (159)
[2016.02.22-14.46.02:696][199]LogModuleManager: Shutting down and abandoning module ProjectTargetPlatformEditor (158)
[2016.02.22-14.46.02:697][199]LogModuleManager: Shutting down and abandoning module ProjectSettingsViewer (157)
[2016.02.22-14.46.02:697][199]LogModuleManager: Shutting down and abandoning module InputBindingEditor (156)
[2016.02.22-14.46.02:697][199]LogModuleManager: Shutting down and abandoning module EditorSettingsViewer (155)
[2016.02.22-14.46.02:697][199]LogModuleManager: Shutting down and abandoning module SettingsEditor (154)
[2016.02.22-14.46.02:697][199]LogModuleManager: Shutting down and abandoning module ProjectLauncher (153)
[2016.02.22-14.46.02:697][199]LogModuleManager: Shutting down and abandoning module SessionFrontend (152)
[2016.02.22-14.46.02:697][199]LogModuleManager: Shutting down and abandoning module ProfilerClient (151)
[2016.02.22-14.46.02:697][199]LogModuleManager: Shutting down and abandoning module TargetDeviceServices (150)
[2016.02.22-14.46.02:697][199]LogModuleManager: Shutting down and abandoning module DeviceManager (149)
[2016.02.22-14.46.02:697][199]LogModuleManager: Shutting down and abandoning module AutomationController (148)
[2016.02.22-14.46.02:697][199]LogModuleManager: Shutting down and abandoning module AutomationWindow (147)
[2016.02.22-14.46.02:697][199]LogModuleManager: Shutting down and abandoning module Layers (146)
[2016.02.22-14.46.02:697][199]LogModuleManager: Shutting down and abandoning module ComponentVisualizers (145)
[2016.02.22-14.46.02:697][199]LogModuleManager: Shutting down and abandoning module DetailCustomizations (144)
[2016.02.22-14.46.02:697][199]LogModuleManager: Shutting down and abandoning module PackagesDialog (143)
[2016.02.22-14.46.02:697][199]LogModuleManager: Shutting down and abandoning module Persona (142)
[2016.02.22-14.46.02:697][199]LogModuleManager: Shutting down and abandoning module Kismet (141)
[2016.02.22-14.46.02:697][199]LogModuleManager: Shutting down and abandoning module GraphEditor (140)
[2016.02.22-14.46.02:697][199]LogModuleManager: Shutting down and abandoning module ClassViewer (139)
[2016.02.22-14.46.02:697][199]LogModuleManager: Shutting down and abandoning module Toolbox (138)
[2016.02.22-14.46.02:698][199]LogModuleManager: Shutting down and abandoning module ModuleUI (137)
[2016.02.22-14.46.02:698][199]LogModuleManager: Shutting down and abandoning module MovieSceneTools (136)
[2016.02.22-14.46.02:698][199]LogModuleManager: Shutting down and abandoning module OutputLog (135)
[2016.02.22-14.46.02:698][199]LogModuleManager: Shutting down and abandoning module GammaUI (134)
[2016.02.22-14.46.02:698][199]LogModuleManager: Shutting down and abandoning module Documentation (133)
[2016.02.22-14.46.02:698][199]LogModuleManager: Shutting down and abandoning module GameLiveStreaming (132)
[2016.02.22-14.46.02:698][199]LogModuleManager: Shutting down and abandoning module StreamingPauseRendering (131)
[2016.02.22-14.46.02:698][199]LogModuleManager: Shutting down and abandoning module AnalyticsET (130)
[2016.02.22-14.46.02:698][199]LogModuleManager: Shutting down and abandoning module Analytics (129)
[2016.02.22-14.46.02:698][199]LogModuleManager: Shutting down and abandoning module AITestSuite (128)
[2016.02.22-14.46.02:698][199]LogModuleManager: Shutting down and abandoning module GameplayDebugger (127)
[2016.02.22-14.46.02:698][199]LogModuleManager: Shutting down and abandoning module AIModule (126)
[2016.02.22-14.46.02:698][199]LogModuleManager: Shutting down and abandoning module ProfilerService (125)
[2016.02.22-14.46.02:701][199]LogModuleManager: Shutting down and abandoning module TaskGraph (124)
[2016.02.22-14.46.02:701][199]LogModuleManager: Shutting down and abandoning module SubstanceEditor (123)
[2016.02.22-14.46.02:701][199]LogModuleManager: Shutting down and abandoning module SlateRemote (122)
[2016.02.22-14.46.02:701][199]LogModuleManager: Shutting down and abandoning module SteamVRController (121)
[2016.02.22-14.46.02:701][199]LogModuleManager: Shutting down and abandoning module SteamVR (120)
[2016.02.22-14.46.02:701][199]LogModuleManager: Shutting down and abandoning module ProceduralMeshComponent (119)
[2016.02.22-14.46.02:701][199]LogModuleManager: Shutting down and abandoning module OculusLibrary (118)
[2016.02.22-14.46.02:701][199]LogModuleManager: Shutting down and abandoning module OculusInput (117)
[2016.02.22-14.46.02:701][199]LogModuleManager: Shutting down and abandoning module LeapMotionController (116)
[2016.02.22-14.46.02:713][199]LogModuleManager: Shutting down and abandoning module CustomMeshComponent (115)
[2016.02.22-14.46.02:713][199]LogModuleManager: Shutting down and abandoning module CableComponent (114)
[2016.02.22-14.46.02:713][199]LogModuleManager: Shutting down and abandoning module ArchVisCharacter (113)
[2016.02.22-14.46.02:713][199]LogModuleManager: Shutting down and abandoning module MessagingDebugger (112)
[2016.02.22-14.46.02:713][199]LogModuleManager: Shutting down and abandoning module MediaPlayerEditor (111)
[2016.02.22-14.46.02:713][199]LogModuleManager: Shutting down and abandoning module HTML5Networking (110)
[2016.02.22-14.46.02:713][199]LogModuleManager: Shutting down and abandoning module SpeedTreeImporter (109)
[2016.02.22-14.46.02:713][199]LogModuleManager: Shutting down and abandoning module PluginBrowser (108)
[2016.02.22-14.46.02:713][199]LogModuleManager: Shutting down and abandoning module EpicSurvey (107)
[2016.02.22-14.46.02:713][199]LogModuleManager: Shutting down and abandoning module DesktopPlatform (106)
[2016.02.22-14.46.02:713][199]LogModuleManager: Shutting down and abandoning module VisualStudioSourceCodeAccess (105)
[2016.02.22-14.46.02:713][199]LogModuleManager: Shutting down and abandoning module UObjectPlugin (104)
[2016.02.22-14.46.02:713][199]LogModuleManager: Shutting down and abandoning module SubversionSourceControl (103)
[2016.02.22-14.46.02:713][199]LogModuleManager: Shutting down and abandoning module PerforceSourceControl (102)
[2016.02.22-14.46.02:713][199]LogModuleManager: Shutting down and abandoning module SourceControl (101)
[2016.02.22-14.46.02:713][199]LogModuleManager: Shutting down and abandoning module GitSourceControl (100)
[2016.02.22-14.46.02:713][199]LogModuleManager: Shutting down and abandoning module LightPropagationVolumeEditor (99)
[2016.02.22-14.46.02:713][199]LogModuleManager: Shutting down and abandoning module PaperTiledImporter (98)
[2016.02.22-14.46.02:713][199]LogModuleManager: Shutting down and abandoning module PaperSpriteSheetImporter (97)
[2016.02.22-14.46.02:713][199]LogModuleManager: Shutting down and abandoning module MeshPaint (96)
[2016.02.22-14.46.02:714][199]LogModuleManager: Shutting down and abandoning module SlateReflector (95)
[2016.02.22-14.46.02:714][199]LogModuleManager: Shutting down and abandoning module HotReload (94)
[2016.02.22-14.46.02:714][199]LogModuleManager: Shutting down and abandoning module MainFrame (93)
[2016.02.22-14.46.02:714][199]LogModuleManager: Shutting down and abandoning module LevelEditor (92)
[2016.02.22-14.46.02:715][199]LogModuleManager: Shutting down and abandoning module ContentBrowser (91)
[2016.02.22-14.46.02:715][199]LogModuleManager: Shutting down and abandoning module Paper2DEditor (90)
[2016.02.22-14.46.02:715][199]LogModuleManager: Shutting down and abandoning module UdpMessaging (89)
[2016.02.22-14.46.02:815][199]LogModuleManager: Shutting down and abandoning module DirectoryWatcher (88)
[2016.02.22-14.46.02:816][199]LogModuleManager: Shutting down and abandoning module AssetRegistry (87)
[2016.02.22-14.46.02:990][199]LogModuleManager: Shutting down and abandoning module SubstanceCore (86)
[2016.02.22-14.46.02:990][199]LogModuleManager: Shutting down and abandoning module LightPropagationVolumeRuntime (85)
[2016.02.22-14.46.02:990][199]LogModuleManager: Shutting down and abandoning module Paper2D (84)
[2016.02.22-14.46.02:990][199]LogModuleManager: Shutting down and abandoning module WindowsMoviePlayer (83)
[2016.02.22-14.46.02:994][199]LogModuleManager: Shutting down and abandoning module Media (82)
[2016.02.22-14.46.02:994][199]LogModuleManager: Shutting down and abandoning module WmfMedia (81)
[2016.02.22-14.46.02:994][199]LogModuleManager: Shutting down and abandoning module OnlineBlueprintSupport (80)
[2016.02.22-14.46.02:994][199]LogModuleManager: Shutting down and abandoning module GameplayTasksEditor (79)
[2016.02.22-14.46.02:994][199]LogModuleManager: Shutting down and abandoning module PropertyEditor (78)
[2016.02.22-14.46.02:994][199]LogModuleManager: Shutting down and abandoning module BehaviorTreeEditor (77)
[2016.02.22-14.46.02:994][199]LogModuleManager: Shutting down and abandoning module FunctionalTesting (76)
[2016.02.22-14.46.02:994][199]LogModuleManager: Shutting down and abandoning module CollisionAnalyzer (75)
[2016.02.22-14.46.02:994][199]LogModuleManager: Shutting down and abandoning module WorkspaceMenuStructure (74)
[2016.02.22-14.46.02:994][199]LogModuleManager: Shutting down and abandoning module MessageLog (73)
[2016.02.22-14.46.02:994][199]LogModuleManager: Shutting down and abandoning module Sequencer (72)
[2016.02.22-14.46.02:994][199]LogModuleManager: Shutting down and abandoning module AssetTools (71)
[2016.02.22-14.46.02:995][199]LogModuleManager: Shutting down and abandoning module UMGEditor (70)
[2016.02.22-14.46.02:995][199]LogModuleManager: Shutting down and abandoning module UMG (69)
[2016.02.22-14.46.02:995][199]LogModuleManager: Shutting down and abandoning module Slate (68)
[2016.02.22-14.46.02:995][199]LogModuleManager: Shutting down and abandoning module EditorStyle (67)
[2016.02.22-14.46.02:997][199]LogModuleManager: Shutting down and abandoning module SessionServices (66)
[2016.02.22-14.46.02:997][199]LogModuleManager: Shutting down and abandoning module SourceCodeAccess (65)
[2016.02.22-14.46.02:997][199]LogModuleManager: Shutting down and abandoning module HeadMountedDisplay (64)
[2016.02.22-14.46.02:997][199]LogModuleManager: Shutting down and abandoning module XAudio2 (63)
[2016.02.22-14.46.02:997][199]LogModuleManager: Shutting down and abandoning module Networking (61)
[2016.02.22-14.46.02:997][199]LogModuleManager: Shutting down and abandoning module Core (60)
[2016.02.22-14.46.02:997][199]LogModuleManager: Shutting down and abandoning module KismetCompiler (59)
[2016.02.22-14.46.02:997][199]LogModuleManager: Shutting down and abandoning module PhysXFormats (58)
[2016.02.22-14.46.02:997][199]LogModuleManager: Shutting down and abandoning module MeshUtilities (57)
[2016.02.22-14.46.02:997][199]LogModuleManager: Shutting down and abandoning module DerivedDataCache (56)
[2016.02.22-14.46.03:021][199]LogDerivedDataCache: Shutdown
[2016.02.22-14.46.03:021][199]LogModuleManager: Shutting down and abandoning module ShaderFormatOpenGL (55)
[2016.02.22-14.46.03:021][199]LogModuleManager: Shutting down and abandoning module ShaderFormatD3D (54)
[2016.02.22-14.46.03:021][199]LogModuleManager: Shutting down and abandoning module MetalShaderFormat (53)
[2016.02.22-14.46.03:021][199]LogModuleManager: Shutting down and abandoning module TextureFormatUncompressed (52)
[2016.02.22-14.46.03:021][199]LogModuleManager: Shutting down and abandoning module TextureFormatPVR (51)
[2016.02.22-14.46.03:021][199]LogModuleManager: Shutting down and abandoning module TextureFormatIntelISPCTexComp (50)
[2016.02.22-14.46.03:021][199]LogModuleManager: Shutting down and abandoning module TextureFormatDXT (49)
[2016.02.22-14.46.03:021][199]LogModuleManager: Shutting down and abandoning module ImageWrapper (48)
[2016.02.22-14.46.03:021][199]LogModuleManager: Shutting down and abandoning module TextureFormatASTC (47)
[2016.02.22-14.46.03:021][199]LogModuleManager: Shutting down and abandoning module TextureFormatAndroid (46)
[2016.02.22-14.46.03:021][199]LogModuleManager: Shutting down and abandoning module AudioFormatOpus (45)
[2016.02.22-14.46.03:021][199]LogModuleManager: Shutting down and abandoning module AudioFormatOgg (44)
[2016.02.22-14.46.03:021][199]LogModuleManager: Shutting down and abandoning module AudioFormatADPCM (43)
[2016.02.22-14.46.03:021][199]LogModuleManager: Shutting down and abandoning module LinuxTargetPlatform (42)
[2016.02.22-14.46.03:021][199]LogModuleManager: Shutting down and abandoning module LinuxServerTargetPlatform (41)
[2016.02.22-14.46.03:021][199]LogModuleManager: Shutting down and abandoning module LinuxNoEditorTargetPlatform (40)
[2016.02.22-14.46.03:021][199]LogModuleManager: Shutting down and abandoning module Messaging (39)
[2016.02.22-14.46.03:021][199]LogModuleManager: Shutting down and abandoning module IOSTargetPlatform (38)
[2016.02.22-14.46.03:021][199]LogModuleManager: Shutting down and abandoning module HTML5TargetPlatform (37)
[2016.02.22-14.46.03:022][199]LogModuleManager: Shutting down and abandoning module Android_PVRTCTargetPlatform (36)
[2016.02.22-14.46.03:022][199]LogModuleManager: Shutting down and abandoning module Android_MultiTargetPlatform (35)
[2016.02.22-14.46.03:022][199]LogModuleManager: Shutting down and abandoning module Android_ETC2TargetPlatform (34)
[2016.02.22-14.46.03:022][199]LogModuleManager: Shutting down and abandoning module Android_ETC1TargetPlatform (33)
[2016.02.22-14.46.03:022][199]LogModuleManager: Shutting down and abandoning module Android_DXTTargetPlatform (32)
[2016.02.22-14.46.03:022][199]LogModuleManager: Shutting down and abandoning module Android_ATCTargetPlatform (31)
[2016.02.22-14.46.03:022][199]LogModuleManager: Shutting down and abandoning module Android_ASTCTargetPlatform (30)
[2016.02.22-14.46.03:022][199]LogModuleManager: Shutting down and abandoning module AndroidTargetPlatform (29)
[2016.02.22-14.46.03:022][199]LogModuleManager: Shutting down and abandoning module WindowsTargetPlatform (28)
[2016.02.22-14.46.03:022][199]LogModuleManager: Shutting down and abandoning module WindowsServerTargetPlatform (27)
[2016.02.22-14.46.03:022][199]LogModuleManager: Shutting down and abandoning module WindowsNoEditorTargetPlatform (26)
[2016.02.22-14.46.03:022][199]LogModuleManager: Shutting down and abandoning module WindowsClientTargetPlatform (25)
[2016.02.22-14.46.03:022][199]LogModuleManager: Shutting down and abandoning module AllDesktopTargetPlatform (24)
[2016.02.22-14.46.03:022][199]LogModuleManager: Shutting down and abandoning module TargetPlatform (23)
[2016.02.22-14.46.03:022][199]LogModuleManager: Shutting down and abandoning module InputCore (22)
[2016.02.22-14.46.03:022][199]LogModuleManager: Shutting down and abandoning module Settings (21)
[2016.02.22-14.46.03:022][199]LogModuleManager: Shutting down and abandoning module OnlineSubsystem (19)
[2016.02.22-14.46.03:022][199]LogModuleManager: Shutting down and abandoning module HTTP (18)
[2016.02.22-14.46.05:522][199]LogModuleManager: Shutting down and abandoning module XMPP (17)
[2016.02.22-14.46.05:522][199]LogModuleManager: Shutting down and abandoning module OculusRift (16)
[2016.02.22-14.46.05:522][199]LogModuleManager: Shutting down and abandoning module ExampleDeviceProfileSelector (15)
[2016.02.22-14.46.05:522][199]LogModuleManager: Shutting down and abandoning module TextureCompressor (14)
[2016.02.22-14.46.05:522][199]LogModuleManager: Shutting down and abandoning module ShaderCore (13)
[2016.02.22-14.46.05:522][199]LogModuleManager: Shutting down and abandoning module Landscape (12)
[2016.02.22-14.46.05:522][199]LogModuleManager: Shutting down and abandoning module SlateRHIRenderer (11)
[2016.02.22-14.46.05:523][199]LogModuleManager: Shutting down and abandoning module OpenGLDrv (10)
[2016.02.22-14.46.05:523][199]LogModuleManager: Shutting down and abandoning module D3D11RHI (9)
[2016.02.22-14.46.05:523][199]LogModuleManager: Shutting down and abandoning module AnimGraphRuntime (8)
[2016.02.22-14.46.05:523][199]LogModuleManager: Shutting down and abandoning module Renderer (7)
[2016.02.22-14.46.05:523][199]LogModuleManager: Shutting down and abandoning module Engine (6)
[2016.02.22-14.46.05:524][199]LogModuleManager: Shutting down and abandoning module CoreUObject (5)
[2016.02.22-14.46.05:524][199]LogModuleManager: Shutting down and abandoning module NetworkFile (4)
[2016.02.22-14.46.05:524][199]LogModuleManager: Shutting down and abandoning module StreamingFile (3)
[2016.02.22-14.46.05:524][199]LogModuleManager: Shutting down and abandoning module SandboxFile (2)
[2016.02.22-14.46.05:524][199]LogModuleManager: Shutting down and abandoning module PakFile (1)
[2016.02.22-14.46.05:525][199]LogExit: Exiting.
[2016.02.22-14.46.05:542][199]Log file closed, 02/22/16 14:46:05
