[2016.02.29-09.12.05:517][  0]Log file open, 02/29/16 09:12:05
[2016.02.29-09.12.05:517][  0]LogInit:Display: Running engine for game: ForestTale
[2016.02.29-09.12.05:517][  0]LogPlatformFile: Not using cached read wrapper
[2016.02.29-09.12.05:517][  0]LogInit:Display: RandInit(570162075) SRandInit(570162077).
[2016.02.29-09.12.05:517][  0]LogTaskGraph: Started task graph with 4 named threads and 7 total threads.
[2016.02.29-09.12.05:517][  0]LogStats: Stats thread started at 3.182660
[2016.02.29-09.12.05:517][  0]LogInit: Version: 4.10.2-2818068+++depot+UE4-Releases+4.10
[2016.02.29-09.12.05:517][  0]LogInit: API Version: 2758231
[2016.02.29-09.12.05:517][  0]LogInit: Compiled (64-bit): Jan  6 2016 17:36:42
[2016.02.29-09.12.05:517][  0]LogInit: Compiled with Visual C++: 19.00.23026.00
[2016.02.29-09.12.05:517][  0]LogInit: Build Configuration: Development
[2016.02.29-09.12.05:517][  0]LogInit: Branch Name: ++depot+UE4-Releases+4.10
[2016.02.29-09.12.05:517][  0]LogInit: Command line:  
[2016.02.29-09.12.05:517][  0]LogInit: Base directory: E:/Programs/Epic Games/4.10/Engine/Binaries/Win64/
[2016.02.29-09.12.05:517][  0]LogInit: Rocket: 1
[2016.02.29-09.12.05:621][  0]LogInit: Using libcurl 7.41.0
[2016.02.29-09.12.05:621][  0]LogInit:  - built for x86_64-pc-win32
[2016.02.29-09.12.05:621][  0]LogInit:  - supports SSL with WinSSL
[2016.02.29-09.12.05:621][  0]LogInit:  - other features:
[2016.02.29-09.12.05:621][  0]LogInit:      CURL_VERSION_SSL
[2016.02.29-09.12.05:621][  0]LogInit:      CURL_VERSION_IPV6
[2016.02.29-09.12.05:621][  0]LogInit:      CURL_VERSION_ASYNCHDNS
[2016.02.29-09.12.05:621][  0]LogInit:      CURL_VERSION_LARGEFILE
[2016.02.29-09.12.05:621][  0]LogInit:      CURL_VERSION_IDN
[2016.02.29-09.12.05:622][  0]LogInit:  CurlRequestOptions (configurable via config and command line):
[2016.02.29-09.12.05:622][  0]LogInit:  - bVerifyPeer = true  - Libcurl will verify peer certificate
[2016.02.29-09.12.05:622][  0]LogInit:  - bUseHttpProxy = false  - Libcurl will NOT use HTTP proxy
[2016.02.29-09.12.05:622][  0]LogInit:  - bDontReuseConnections = false  - Libcurl will reuse connections
[2016.02.29-09.12.05:622][  0]LogInit:  - CertBundlePath = nullptr  - Libcurl will use whatever was configured at build time.
[2016.02.29-09.12.05:813][  0]LogInit: Presizing for 0 objects not considered by GC, pre-allocating 0 bytes.
[2016.02.29-09.12.05:975][  0]LogInit: Object subsystem initialized
[2016.02.29-09.12.06:176][  0]LogInit: Selected Device Profile: [Windows]
[2016.02.29-09.12.06:176][  0]LogInit: Applying CVar settings loaded from the selected device profile: [Windows]
[2016.02.29-09.12.06:285][  0]LogInit: Computer: JAC-PC
[2016.02.29-09.12.06:285][  0]LogInit: User: Jac
[2016.02.29-09.12.06:285][  0]LogInit: CPU Page size=4096, Cores=4
[2016.02.29-09.12.06:285][  0]LogInit: High frequency timer resolution =3.423908 MHz
[2016.02.29-09.12.06:285][  0]LogMemory: Memory total: Physical=7.9GB (8GB approx)
[2016.02.29-09.12.06:286][  0]LogMemory: Platform Memory Stats for Windows
[2016.02.29-09.12.06:286][  0]LogMemory: Process Physical Memory: 55.91 MB used, 55.91 MB peak
[2016.02.29-09.12.06:286][  0]LogMemory: Process Virtual Memory: 58.60 MB used, 58.60 MB peak
[2016.02.29-09.12.06:286][  0]LogMemory: Physical Memory: 3267.42 MB used, 8129.75 MB total
[2016.02.29-09.12.06:286][  0]LogMemory: Virtual Memory: 380.61 MB used, 134217728.00 MB total
[2016.02.29-09.12.07:396][  0]LogTextLocalizationManager: No specific translations for ('en-GB') exist, so ('en') translations will be used.
[2016.02.29-09.12.09:130][  0]LogD3D11RHI: Found D3D11 adapter 0: NVIDIA GeForce GTX 770 (Feature Level 11_0)
[2016.02.29-09.12.09:130][  0]LogD3D11RHI: Adapter has 4026MB of dedicated video memory, 0MB of dedicated system memory, and 4064MB of shared system memory, 2 output[s]
[2016.02.29-09.12.09:136][  0]LogD3D11RHI: Found D3D11 adapter 1: Microsoft Basic Render Driver (Feature Level 11_0)
[2016.02.29-09.12.09:136][  0]LogD3D11RHI: Adapter has 0MB of dedicated video memory, 0MB of dedicated system memory, and 4064MB of shared system memory, 0 output[s]
[2016.02.29-09.12.09:137][  0]LogD3D11RHI: Chosen D3D11 Adapter Id = 0
[2016.02.29-09.12.09:141][  0]LogD3D11RHI: !Direct3DDevice
[2016.02.29-09.12.09:141][  0]LogRHI: Texture pool is 1361 MB (70% of 1945 MB)
[2016.02.29-09.12.09:159][  0]LogD3D11RHI: Async texture creation enabled
[2016.02.29-09.12.09:975][  0]LogShaderCompilers: Guid format shader working directory is 7 characters bigger than the processId version (G:/work/Year 2/Off The Map/ForestTale/Intermediate/Shaders/WorkingDirectory/3712/).
[2016.02.29-09.12.09:976][  0]LogShaderCompilers: Cleaned the shader compiler working directory 'C:/Users/Jac/AppData/Local/Temp/UnrealShaderWorkingDir/60F9E67B4B9A6D63BBA724BB2C9DCA11/'.
[2016.02.29-09.12.09:980][  0]LogShaderCompilers:Display: Using Local Shader Compiler.
[2016.02.29-09.12.13:790][  0]LogTemp:Display: Loaded TP AllDesktopTargetPlatform
[2016.02.29-09.12.13:794][  0]LogTemp:Display: Loaded TP WindowsClientTargetPlatform
[2016.02.29-09.12.13:798][  0]LogTemp:Display: Loaded TP WindowsNoEditorTargetPlatform
[2016.02.29-09.12.13:801][  0]LogTemp:Display: Loaded TP WindowsServerTargetPlatform
[2016.02.29-09.12.13:825][  0]LogTemp:Display: Loaded TP WindowsTargetPlatform
[2016.02.29-09.12.13:839][  0]LogTemp:Display: Loaded TP Android_ASTCTargetPlatform
[2016.02.29-09.12.13:849][  0]LogTemp:Display: Loaded TP Android_ATCTargetPlatform
[2016.02.29-09.12.13:856][  0]LogTemp:Display: Loaded TP Android_DXTTargetPlatform
[2016.02.29-09.12.13:865][  0]LogTemp:Display: Loaded TP Android_ETC1TargetPlatform
[2016.02.29-09.12.13:872][  0]LogTemp:Display: Loaded TP Android_ETC2TargetPlatform
[2016.02.29-09.12.13:887][  0]LogTemp:Display: Loaded TP Android_MultiTargetPlatform
[2016.02.29-09.12.13:887][  0]LogTemp:Display: Loaded TP Android_PVRTCTargetPlatform
[2016.02.29-09.12.13:918][  0]LogTemp:Display: Loaded TP AndroidTargetPlatform
[2016.02.29-09.12.13:919][  0]LogTemp:Display: Loaded TP HTML5TargetPlatform
[2016.02.29-09.12.14:043][  0]LogTemp:Display: Loaded TP IOSTargetPlatform
[2016.02.29-09.12.14:056][  0]LogTemp:Display: Loaded TP LinuxNoEditorTargetPlatform
[2016.02.29-09.12.14:063][  0]LogTemp:Display: Loaded TP LinuxServerTargetPlatform
[2016.02.29-09.12.14:077][  0]LogTemp:Display: Loaded TP LinuxTargetPlatform
[2016.02.29-09.12.14:078][  0]LogTargetPlatformManager:Display: Building Assets For Windows
[2016.02.29-09.12.14:742][  0]LogDerivedDataCache:Display: Max Cache Size: 512 MB
[2016.02.29-09.12.14:909][  0]LogDerivedDataCache: Loaded boot cache 0.17s 41MB C:/Users/Jac/AppData/Local/UnrealEngine/4.10/DerivedDataCache/Boot.ddc.
[2016.02.29-09.12.14:909][  0]LogDerivedDataCache:Display: Loaded Boot cache: C:/Users/Jac/AppData/Local/UnrealEngine/4.10/DerivedDataCache/Boot.ddc
[2016.02.29-09.12.14:909][  0]LogDerivedDataCache: FDerivedDataBackendGraph:  Pak pak cache file G:/work/Year 2/Off The Map/ForestTale/DerivedDataCache/DDC.ddp not found, will not use a pak cache.
[2016.02.29-09.12.14:909][  0]LogDerivedDataCache: Unable to find inner node Pak for hierarchical cache Hierarchy.
[2016.02.29-09.12.14:909][  0]LogDerivedDataCache: FDerivedDataBackendGraph:  CompressedPak pak cache file G:/work/Year 2/Off The Map/ForestTale/DerivedDataCache/Compressed.ddp not found, will not use a pak cache.
[2016.02.29-09.12.14:909][  0]LogDerivedDataCache: Unable to find inner node CompressedPak for hierarchical cache Hierarchy.
[2016.02.29-09.12.15:013][  0]LogDerivedDataCache:Display: Pak cache opened for reading ../../../Engine/DerivedDataCache/Compressed.ddp.
[2016.02.29-09.12.15:025][  0]LogDerivedDataCache: Using Local data cache path C:/Users/Jac/AppData/Local/UnrealEngine/Common/DerivedDataCache: Writable
[2016.02.29-09.12.23:608][  0]LogInit: Selected Device Profile: [Windows]
[2016.02.29-09.12.23:703][  0]LogContentStreaming: Texture pool size is 0.000000MB
[2016.02.29-09.12.25:296][  0]LogMeshUtilities: No automatic mesh reduction module available
[2016.02.29-09.12.25:296][  0]LogMeshUtilities: No automatic mesh merging module available
[2016.02.29-09.12.28:266][  0]LogInit: WinSock: version 1.1 (2.2), MaxSocks=32767, MaxUdp=65467
[2016.02.29-09.12.43:515][  0]UdpMessaging: Initializing bridge on interface 0.0.0.0:0 to multicast group 230.0.0.1:6666.
[2016.02.29-09.12.43:662][  0]LogAssetRegistry: FAssetRegistry took 0.0153 seconds to start up
[2016.02.29-09.12.47:000][  0]SourceControl: Info Source control is disabled
[2016.02.29-09.12.47:009][  0]SourceControl: Info Source control is disabled
[2016.02.29-09.12.47:056][  0]SourceControl: Info Source control is disabled
[2016.02.29-09.12.47:085][  0]SourceControl: Info Source control is disabled
[2016.02.29-09.12.48:516][  0]LogObj: 28802 objects as part of root set at end of initial load.
[2016.02.29-09.12.48:516][  0]LogUObjectAllocator: 6129768 out of 0 bytes used by permanent object pool.
[2016.02.29-09.12.49:263][  0]LogEngine: Initializing Engine...
[2016.02.29-09.12.49:330][  0]LogHMD: Can't find Oculus library dev build: is proper Runtime installed? Version: 0.8.0.0
[2016.02.29-09.12.49:396][  0]LogHMD: SteamVR failed to initialize.  Err: 110
[2016.02.29-09.12.50:275][  0]LogAIModule: Creating AISystem for world NewWorld
[2016.02.29-09.12.50:548][  0]LogInit: XAudio2 using 'Speakers (Realtek High Definition Audio)' : 2 channels at 48 kHz using 32 bits per sample (channel mask 0x3)
[2016.02.29-09.12.50:689][  0]LogInit: FAudioDevice initialized.
[2016.02.29-09.12.50:718][  0]LogDerivedDataCache: Saved boot cache 0.03s 41MB C:/Users/Jac/AppData/Local/UnrealEngine/4.10/DerivedDataCache/Boot.ddc.
[2016.02.29-09.12.50:724][  0]LogInit: Texture streaming: Enabled
[2016.02.29-09.12.50:743][  0]LogAnalytics: Creating configured Analytics provider AnalyticsET
[2016.02.29-09.12.50:743][  0]LogAnalytics: [UEEditor.Rocket.Release] APIServer = http://et2.epicgames.com/ET2/. AppVersion = 4.10.2-2818068+++depot+UE4-Releases+4.10
[2016.02.29-09.12.50:743][  0]LogAnalytics: [UEEditor.Rocket.Release] SetUserId dd12ff064be2e9be779117ab2ef6d1ef|10581dceb00340ccaf11fbba5a70d17f|50ebcf47-d9ff-4ee8-b127-44504b2107d0
[2016.02.29-09.12.50:751][  0]LogAnalytics: [UEEditor.Rocket.Release] AnalyticsET::StartSession
[2016.02.29-09.12.50:816][  0]LogWindowsTextInputMethodSystem:Display: IME system now deactivated.
[2016.02.29-09.12.51:286][  0]LogInit: Transaction tracking system initialized
[2016.02.29-09.12.52:650][  0]BlueprintLog: New page: Editor Load
[2016.02.29-09.12.57:420][  0]LocalizationService: Info Localization service is disabled
[2016.02.29-09.12.58:049][  0]LogLinker:Warning: Can't find file '/Game/FirstPersonBP/FirstPersonOverview'
[2016.02.29-09.12.58:050][  0]LogLinker:Warning: Can't find file '/Game/FirstPersonBP/FirstPersonOverview'
[2016.02.29-09.12.58:050][  0]LogUObjectGlobals:Warning: Failed to find object 'Class /Game/FirstPersonBP/FirstPersonOverview.FirstPersonOverview_C'
[2016.02.29-09.12.59:151][  0]LogConsoleResponse:Display: 
[2016.02.29-09.13.05:503][  0]LogCook:Display: Done creating registry. It took  0.00s.
[2016.02.29-09.13.06:047][  0]LogFileCache: Scanning file cache for directory 'G:/work/Year 2/Off The Map/ForestTale/Content/' took 0.05s
[2016.02.29-09.13.09:289][  0]SourceControl: Info Source control is disabled
[2016.02.29-09.13.09:413][  0]Cmd: MAP LOAD FILE="../../../Engine/Content/Maps/Templates/Template_Default.umap" TEMPLATE=1 SHOWPROGRESS=1 FEATURELEVEL=3
[2016.02.29-09.13.09:603][  0]LightingResults: New page: Lighting Build
[2016.02.29-09.13.10:035][  0]MapCheck: New page: Map Check
[2016.02.29-09.13.10:035][  0]LightingResults: New page: Lighting Build
[2016.02.29-09.13.10:897][  0]LogParticles: Destroying 0 GPU particle simulations for FXSystem 0x000000B6940FEAC0
[2016.02.29-09.13.15:530][  0]LogAIModule: Creating AISystem for world Untitled_1
[2016.02.29-09.13.17:327][  0]LogEditorServer: Finished looking for orphan Actors (0.000 secs)
[2016.02.29-09.13.17:709][  0]Cmd: MAP CHECKDEP NOCLEARLOG
[2016.02.29-09.13.17:934][  0]MapCheck: Info Map check complete: 0 Error(s), 0 Warning(s), took 224.549ms to complete.
[2016.02.29-09.13.17:935][  0]LogFileHelpers: Loading map 'Template_Default' took 8.580
[2016.02.29-09.13.22:747][  0]LogCollectionManager: Loaded 0 collections in 0.002145 seconds
[2016.02.29-09.13.23:947][  0]LogFileCache: Scanning file cache for directory 'G:/work/Year 2/Off The Map/ForestTale/Saved/Collections/' took 0.01s
[2016.02.29-09.13.23:948][  0]LogFileCache: Scanning file cache for directory 'G:/work/Year 2/Off The Map/ForestTale/Content/Developers/Jac/Collections/' took 0.01s
[2016.02.29-09.13.23:948][  0]LogFileCache: Scanning file cache for directory 'G:/work/Year 2/Off The Map/ForestTale/Content/Collections/' took 0.01s
[2016.02.29-09.13.23:948][  0]LogCollectionManager: Rebuilt the GUID cache for 0 collections in 0.000003 seconds
[2016.02.29-09.13.24:044][  0]LogContentBrowser: Native class hierarchy populated in 0.0705 seconds. Added 1908 classes and 344 folders.
[2016.02.29-09.13.24:666][  0]LogContentBrowser: Native class hierarchy updated for 'WidgetCarousel' in 0.0004 seconds. Added 0 classes and 0 folders.
[2016.02.29-09.13.28:463][  0]LogContentBrowser: Native class hierarchy updated for 'AddContentDialog' in 0.0004 seconds. Added 0 classes and 0 folders.
[2016.02.29-09.13.28:787][  0]LogContentBrowser: Native class hierarchy updated for 'SceneOutliner' in 0.0006 seconds. Added 1 classes and 2 folders.
[2016.02.29-09.13.35:701][  0]LogCrashTracker: Crashtracker disabled due to settings.
[2016.02.29-09.13.37:219][  0]LogUObjectGlobals:Warning: Failed to find object 'Class None.'
[2016.02.29-09.13.37:746][  0]LogLoad: Full Startup: 99.07 seconds (BP compile: 1.06 seconds)
[2016.02.29-09.13.38:050][  0]LogOcInput: Can't find Oculus library dev build: is proper Runtime installed? Version: 0.8.0.0
[2016.02.29-09.13.40:065][  0]LogContentStreaming: Texture pool size now 1000 MB
[2016.02.29-09.13.45:814][  0]LogRenderer: Reallocating scene render targets to support 1576x948 (Frame:2).
[2016.02.29-09.13.50:909][  7]LogAssetRegistry: Asset discovery search completed in 67.2603 seconds
[2016.02.29-09.13.50:969][  7]LogCollectionManager: Rebuilt the object cache for 0 collections in 0.000004 seconds (found 0 objects)
[2016.02.29-09.13.50:970][  7]LogCollectionManager: Fixed up redirectors for 0 collections in 0.060255 seconds (updated 0 objects)
[2016.02.29-09.14.00:412][ 30]LogWindowsTextInputMethodSystem:Display: IME system now deactivated.
[2016.02.29-09.14.02:293][ 31]Cmd: QUIT_EDITOR
[2016.02.29-09.14.02:798][ 31]LogExit: Preparing to exit.
[2016.02.29-09.14.04:311][ 31]LogExit: Editor shut down
[2016.02.29-09.14.04:311][ 31]LogExit: Transaction tracking system shut down
[2016.02.29-09.14.04:384][ 31]LogParticles: Destroying 0 GPU particle simulations for FXSystem 0x000000B6FF5B79C0
[2016.02.29-09.14.04:385][ 31]LogParticles: Destroying 0 GPU particle simulations for FXSystem 0x000000B69D5F6A20
[2016.02.29-09.14.04:385][ 31]LogParticles: Destroying 0 GPU particle simulations for FXSystem 0x000000B69E512480
[2016.02.29-09.14.05:750][ 31]LogExit: Object subsystem successfully closed.
[2016.02.29-09.14.05:961][ 31]LogD3D11RHI: Shutdown
[2016.02.29-09.14.05:961][ 31]LogD3D11RHI: CleanupD3DDevice
[2016.02.29-09.14.06:041][ 31]LogD3D11RHI: ~FD3D11DynamicRHI
[2016.02.29-09.14.06:754][ 31]LogModuleManager: Shutting down and abandoning module CrashTracker (200)
[2016.02.29-09.14.06:754][ 31]LogModuleManager: Shutting down and abandoning module SceneOutliner (199)
[2016.02.29-09.14.06:754][ 31]LogModuleManager: Shutting down and abandoning module SuperSearch (198)
[2016.02.29-09.14.06:754][ 31]LogModuleManager: Shutting down and abandoning module WidgetCarousel (197)
[2016.02.29-09.14.06:765][ 31]LogModuleManager: Shutting down and abandoning module AddContentDialog (196)
[2016.02.29-09.14.06:793][ 31]LogModuleManager: Shutting down and abandoning module EditorWidgets (195)
[2016.02.29-09.14.06:793][ 31]LogModuleManager: Shutting down and abandoning module CollectionManager (194)
[2016.02.29-09.14.06:820][ 31]LogModuleManager: Shutting down and abandoning module StatsViewer (193)
[2016.02.29-09.14.06:842][ 31]LogModuleManager: Shutting down and abandoning module FoliageEdit (192)
[2016.02.29-09.14.06:856][ 31]LogModuleManager: Shutting down and abandoning module LandscapeEditor (191)
[2016.02.29-09.14.06:892][ 31]LogModuleManager: Shutting down and abandoning module ActorPickerMode (190)
[2016.02.29-09.14.06:892][ 31]LogModuleManager: Shutting down and abandoning module GeometryMode (189)
[2016.02.29-09.14.06:892][ 31]LogModuleManager: Shutting down and abandoning module TextureAlignMode (188)
[2016.02.29-09.14.06:892][ 31]LogModuleManager: Shutting down and abandoning module BspMode (187)
[2016.02.29-09.14.06:892][ 31]LogModuleManager: Shutting down and abandoning module PlacementMode (186)
[2016.02.29-09.14.06:892][ 31]LogModuleManager: Shutting down and abandoning module AutomationWorker (185)
[2016.02.29-09.14.06:892][ 31]LogModuleManager: Shutting down and abandoning module CharacterAI (184)
[2016.02.29-09.14.06:892][ 31]LogModuleManager: Shutting down and abandoning module SmartSnapping (183)
[2016.02.29-09.14.06:892][ 31]LogModuleManager: Shutting down and abandoning module ViewportSnapping (182)
[2016.02.29-09.14.06:892][ 31]LogModuleManager: Shutting down and abandoning module LogVisualizer (181)
[2016.02.29-09.14.06:918][ 31]LogModuleManager: Shutting down and abandoning module GameProjectGeneration (180)
[2016.02.29-09.14.06:954][ 31]LogModuleManager: Shutting down and abandoning module IntroTutorials (179)
[2016.02.29-09.14.06:988][ 31]LogModuleManager: Shutting down and abandoning module EditorLiveStreaming (178)
[2016.02.29-09.14.06:988][ 31]LogModuleManager: Shutting down and abandoning module IOSPlatformEditor (177)
[2016.02.29-09.14.07:000][ 31]LogModuleManager: Shutting down and abandoning module HTML5PlatformEditor (176)
[2016.02.29-09.14.07:000][ 31]LogModuleManager: Shutting down and abandoning module AndroidDeviceDetection (175)
[2016.02.29-09.14.07:599][ 31]LogModuleManager: Shutting down and abandoning module AndroidPlatformEditor (174)
[2016.02.29-09.14.07:599][ 31]LogModuleManager: Shutting down and abandoning module IOSRuntimeSettings (173)
[2016.02.29-09.14.07:599][ 31]LogModuleManager: Shutting down and abandoning module AndroidRuntimeSettings (172)
[2016.02.29-09.14.07:599][ 31]LogModuleManager: Shutting down and abandoning module MergeActors (171)
[2016.02.29-09.14.07:643][ 31]LogModuleManager: Shutting down and abandoning module SizeMap (170)
[2016.02.29-09.14.07:643][ 31]LogModuleManager: Shutting down and abandoning module TreeMap (169)
[2016.02.29-09.14.07:657][ 31]LogModuleManager: Shutting down and abandoning module ReferenceViewer (168)
[2016.02.29-09.14.07:680][ 31]LogModuleManager: Shutting down and abandoning module LocalizationService (167)
[2016.02.29-09.14.07:692][ 31]LogModuleManager: Shutting down and abandoning module LocalizationDashboard (166)
[2016.02.29-09.14.07:698][ 31]LogModuleManager: Shutting down and abandoning module HardwareTargeting (165)
[2016.02.29-09.14.07:700][ 31]LogModuleManager: Shutting down and abandoning module DeviceProfileEditor (164)
[2016.02.29-09.14.07:721][ 31]LogModuleManager: Shutting down and abandoning module UndoHistory (163)
[2016.02.29-09.14.07:730][ 31]LogModuleManager: Shutting down and abandoning module GameplayTagsEditor (162)
[2016.02.29-09.14.07:735][ 31]LogModuleManager: Shutting down and abandoning module UserFeedback (161)
[2016.02.29-09.14.07:735][ 31]LogModuleManager: Shutting down and abandoning module XmlParser (160)
[2016.02.29-09.14.07:735][ 31]LogModuleManager: Shutting down and abandoning module Blutility (159)
[2016.02.29-09.14.07:735][ 31]LogModuleManager: Shutting down and abandoning module ProjectTargetPlatformEditor (158)
[2016.02.29-09.14.07:741][ 31]LogModuleManager: Shutting down and abandoning module ProjectSettingsViewer (157)
[2016.02.29-09.14.07:741][ 31]LogModuleManager: Shutting down and abandoning module InputBindingEditor (156)
[2016.02.29-09.14.07:762][ 31]LogModuleManager: Shutting down and abandoning module EditorSettingsViewer (155)
[2016.02.29-09.14.07:763][ 31]LogModuleManager: Shutting down and abandoning module SettingsEditor (154)
[2016.02.29-09.14.07:787][ 31]LogModuleManager: Shutting down and abandoning module ProjectLauncher (153)
[2016.02.29-09.14.07:796][ 31]LogModuleManager: Shutting down and abandoning module SessionFrontend (152)
[2016.02.29-09.14.07:813][ 31]LogModuleManager: Shutting down and abandoning module ProfilerClient (151)
[2016.02.29-09.14.07:817][ 31]LogModuleManager: Shutting down and abandoning module TargetDeviceServices (150)
[2016.02.29-09.14.07:839][ 31]LogModuleManager: Shutting down and abandoning module DeviceManager (149)
[2016.02.29-09.14.07:850][ 31]LogModuleManager: Shutting down and abandoning module AutomationController (148)
[2016.02.29-09.14.07:860][ 31]LogModuleManager: Shutting down and abandoning module AutomationWindow (147)
[2016.02.29-09.14.07:871][ 31]LogModuleManager: Shutting down and abandoning module Layers (146)
[2016.02.29-09.14.07:901][ 31]LogModuleManager: Shutting down and abandoning module ComponentVisualizers (145)
[2016.02.29-09.14.07:901][ 31]LogModuleManager: Shutting down and abandoning module DetailCustomizations (144)
[2016.02.29-09.14.07:907][ 31]LogModuleManager: Shutting down and abandoning module PackagesDialog (143)
[2016.02.29-09.14.07:920][ 31]LogModuleManager: Shutting down and abandoning module Persona (142)
[2016.02.29-09.14.07:993][ 31]LogModuleManager: Shutting down and abandoning module Kismet (141)
[2016.02.29-09.14.08:008][ 31]LogModuleManager: Shutting down and abandoning module GraphEditor (140)
[2016.02.29-09.14.08:058][ 31]LogModuleManager: Shutting down and abandoning module ClassViewer (139)
[2016.02.29-09.14.08:067][ 31]LogModuleManager: Shutting down and abandoning module Toolbox (138)
[2016.02.29-09.14.08:067][ 31]LogModuleManager: Shutting down and abandoning module ModuleUI (137)
[2016.02.29-09.14.08:078][ 31]LogModuleManager: Shutting down and abandoning module MovieSceneTools (136)
[2016.02.29-09.14.08:092][ 31]LogModuleManager: Shutting down and abandoning module OutputLog (135)
[2016.02.29-09.14.08:092][ 31]LogModuleManager: Shutting down and abandoning module GammaUI (134)
[2016.02.29-09.14.08:095][ 31]LogModuleManager: Shutting down and abandoning module Documentation (133)
[2016.02.29-09.14.08:095][ 31]LogModuleManager: Shutting down and abandoning module GameLiveStreaming (132)
[2016.02.29-09.14.08:098][ 31]LogModuleManager: Shutting down and abandoning module StreamingPauseRendering (131)
[2016.02.29-09.14.08:098][ 31]LogModuleManager: Shutting down and abandoning module AnalyticsET (130)
[2016.02.29-09.14.08:098][ 31]LogModuleManager: Shutting down and abandoning module Analytics (129)
[2016.02.29-09.14.08:098][ 31]LogModuleManager: Shutting down and abandoning module AITestSuite (128)
[2016.02.29-09.14.08:112][ 31]LogModuleManager: Shutting down and abandoning module GameplayDebugger (127)
[2016.02.29-09.14.08:126][ 31]LogModuleManager: Shutting down and abandoning module AIModule (126)
[2016.02.29-09.14.08:136][ 31]LogModuleManager: Shutting down and abandoning module ProfilerService (125)
[2016.02.29-09.14.08:294][ 31]LogModuleManager: Shutting down and abandoning module TaskGraph (124)
[2016.02.29-09.14.08:327][ 31]LogModuleManager: Shutting down and abandoning module SubstanceEditor (123)
[2016.02.29-09.14.08:332][ 31]LogModuleManager: Shutting down and abandoning module SlateRemote (122)
[2016.02.29-09.14.08:332][ 31]LogModuleManager: Shutting down and abandoning module SteamVRController (121)
[2016.02.29-09.14.08:332][ 31]LogModuleManager: Shutting down and abandoning module SteamVR (120)
[2016.02.29-09.14.08:332][ 31]LogModuleManager: Shutting down and abandoning module ProceduralMeshComponent (119)
[2016.02.29-09.14.08:332][ 31]LogModuleManager: Shutting down and abandoning module OculusLibrary (118)
[2016.02.29-09.14.08:332][ 31]LogModuleManager: Shutting down and abandoning module OculusInput (117)
[2016.02.29-09.14.08:332][ 31]LogModuleManager: Shutting down and abandoning module LeapMotionController (116)
[2016.02.29-09.14.08:391][ 31]LogModuleManager: Shutting down and abandoning module CustomMeshComponent (115)
[2016.02.29-09.14.08:391][ 31]LogModuleManager: Shutting down and abandoning module CableComponent (114)
[2016.02.29-09.14.08:398][ 31]LogModuleManager: Shutting down and abandoning module ArchVisCharacter (113)
[2016.02.29-09.14.08:398][ 31]LogModuleManager: Shutting down and abandoning module MessagingDebugger (112)
[2016.02.29-09.14.08:436][ 31]LogModuleManager: Shutting down and abandoning module MediaPlayerEditor (111)
[2016.02.29-09.14.08:467][ 31]LogModuleManager: Shutting down and abandoning module HTML5Networking (110)
[2016.02.29-09.14.08:467][ 31]LogModuleManager: Shutting down and abandoning module SpeedTreeImporter (109)
[2016.02.29-09.14.08:467][ 31]LogModuleManager: Shutting down and abandoning module PluginBrowser (108)
[2016.02.29-09.14.08:496][ 31]LogModuleManager: Shutting down and abandoning module EpicSurvey (107)
[2016.02.29-09.14.08:504][ 31]LogModuleManager: Shutting down and abandoning module DesktopPlatform (106)
[2016.02.29-09.14.08:515][ 31]LogModuleManager: Shutting down and abandoning module VisualStudioSourceCodeAccess (105)
[2016.02.29-09.14.08:515][ 31]LogModuleManager: Shutting down and abandoning module UObjectPlugin (104)
[2016.02.29-09.14.08:515][ 31]LogModuleManager: Shutting down and abandoning module SubversionSourceControl (103)
[2016.02.29-09.14.08:526][ 31]LogModuleManager: Shutting down and abandoning module PerforceSourceControl (102)
[2016.02.29-09.14.08:559][ 31]LogModuleManager: Shutting down and abandoning module SourceControl (101)
[2016.02.29-09.14.08:588][ 31]LogModuleManager: Shutting down and abandoning module GitSourceControl (100)
[2016.02.29-09.14.08:595][ 31]LogModuleManager: Shutting down and abandoning module LightPropagationVolumeEditor (99)
[2016.02.29-09.14.08:595][ 31]LogModuleManager: Shutting down and abandoning module PaperTiledImporter (98)
[2016.02.29-09.14.08:606][ 31]LogModuleManager: Shutting down and abandoning module PaperSpriteSheetImporter (97)
[2016.02.29-09.14.08:606][ 31]LogModuleManager: Shutting down and abandoning module MeshPaint (96)
[2016.02.29-09.14.08:606][ 31]LogModuleManager: Shutting down and abandoning module SlateReflector (95)
[2016.02.29-09.14.08:625][ 31]LogModuleManager: Shutting down and abandoning module HotReload (94)
[2016.02.29-09.14.08:631][ 31]LogModuleManager: Shutting down and abandoning module MainFrame (93)
[2016.02.29-09.14.08:631][ 31]LogModuleManager: Shutting down and abandoning module LevelEditor (92)
[2016.02.29-09.14.08:645][ 31]LogModuleManager: Shutting down and abandoning module ContentBrowser (91)
[2016.02.29-09.14.08:645][ 31]LogModuleManager: Shutting down and abandoning module Paper2DEditor (90)
[2016.02.29-09.14.08:671][ 31]LogModuleManager: Shutting down and abandoning module DirectoryWatcher (89)
[2016.02.29-09.14.08:671][ 31]LogModuleManager: Shutting down and abandoning module AssetRegistry (88)
[2016.02.29-09.14.08:966][ 31]LogModuleManager: Shutting down and abandoning module SubstanceCore (87)
[2016.02.29-09.14.09:001][ 31]LogModuleManager: Shutting down and abandoning module UdpMessaging (86)
[2016.02.29-09.14.09:102][ 31]LogModuleManager: Shutting down and abandoning module LightPropagationVolumeRuntime (85)
[2016.02.29-09.14.09:102][ 31]LogModuleManager: Shutting down and abandoning module Paper2D (84)
[2016.02.29-09.14.09:119][ 31]LogModuleManager: Shutting down and abandoning module WindowsMoviePlayer (83)
[2016.02.29-09.14.09:121][ 31]LogModuleManager: Shutting down and abandoning module Media (82)
[2016.02.29-09.14.09:121][ 31]LogModuleManager: Shutting down and abandoning module WmfMedia (81)
[2016.02.29-09.14.09:129][ 31]LogModuleManager: Shutting down and abandoning module OnlineBlueprintSupport (80)
[2016.02.29-09.14.09:129][ 31]LogModuleManager: Shutting down and abandoning module GameplayTasksEditor (79)
[2016.02.29-09.14.09:129][ 31]LogModuleManager: Shutting down and abandoning module PropertyEditor (78)
[2016.02.29-09.14.09:130][ 31]LogModuleManager: Shutting down and abandoning module BehaviorTreeEditor (77)
[2016.02.29-09.14.09:157][ 31]LogModuleManager: Shutting down and abandoning module FunctionalTesting (76)
[2016.02.29-09.14.09:157][ 31]LogModuleManager: Shutting down and abandoning module CollisionAnalyzer (75)
[2016.02.29-09.14.09:169][ 31]LogModuleManager: Shutting down and abandoning module WorkspaceMenuStructure (74)
[2016.02.29-09.14.09:169][ 31]LogModuleManager: Shutting down and abandoning module MessageLog (73)
[2016.02.29-09.14.09:169][ 31]LogModuleManager: Shutting down and abandoning module Sequencer (72)
[2016.02.29-09.14.09:236][ 31]LogModuleManager: Shutting down and abandoning module AssetTools (71)
[2016.02.29-09.14.09:316][ 31]LogModuleManager: Shutting down and abandoning module UMGEditor (70)
[2016.02.29-09.14.09:356][ 31]LogModuleManager: Shutting down and abandoning module UMG (69)
[2016.02.29-09.14.09:379][ 31]LogModuleManager: Shutting down and abandoning module Slate (68)
[2016.02.29-09.14.09:379][ 31]LogModuleManager: Shutting down and abandoning module EditorStyle (67)
[2016.02.29-09.14.09:380][ 31]LogModuleManager: Shutting down and abandoning module SessionServices (66)
[2016.02.29-09.14.09:380][ 31]LogModuleManager: Shutting down and abandoning module SourceCodeAccess (65)
[2016.02.29-09.14.09:380][ 31]LogModuleManager: Shutting down and abandoning module HeadMountedDisplay (64)
[2016.02.29-09.14.09:380][ 31]LogModuleManager: Shutting down and abandoning module XAudio2 (63)
[2016.02.29-09.14.09:380][ 31]LogModuleManager: Shutting down and abandoning module Networking (61)
[2016.02.29-09.14.09:380][ 31]LogModuleManager: Shutting down and abandoning module Core (60)
[2016.02.29-09.14.09:380][ 31]LogModuleManager: Shutting down and abandoning module KismetCompiler (59)
[2016.02.29-09.14.09:380][ 31]LogModuleManager: Shutting down and abandoning module PhysXFormats (58)
[2016.02.29-09.14.09:380][ 31]LogModuleManager: Shutting down and abandoning module MeshUtilities (57)
[2016.02.29-09.14.09:420][ 31]LogModuleManager: Shutting down and abandoning module DerivedDataCache (56)
[2016.02.29-09.14.09:791][ 31]LogDerivedDataCache: Shutdown
[2016.02.29-09.14.09:792][ 31]LogModuleManager: Shutting down and abandoning module ShaderFormatOpenGL (55)
[2016.02.29-09.14.09:805][ 31]LogModuleManager: Shutting down and abandoning module ShaderFormatD3D (54)
[2016.02.29-09.14.09:805][ 31]LogModuleManager: Shutting down and abandoning module MetalShaderFormat (53)
[2016.02.29-09.14.09:813][ 31]LogModuleManager: Shutting down and abandoning module TextureFormatUncompressed (52)
[2016.02.29-09.14.09:813][ 31]LogModuleManager: Shutting down and abandoning module TextureFormatPVR (51)
[2016.02.29-09.14.09:813][ 31]LogModuleManager: Shutting down and abandoning module TextureFormatIntelISPCTexComp (50)
[2016.02.29-09.14.09:813][ 31]LogModuleManager: Shutting down and abandoning module TextureFormatDXT (49)
[2016.02.29-09.14.09:813][ 31]LogModuleManager: Shutting down and abandoning module ImageWrapper (48)
[2016.02.29-09.14.09:813][ 31]LogModuleManager: Shutting down and abandoning module TextureFormatASTC (47)
[2016.02.29-09.14.09:813][ 31]LogModuleManager: Shutting down and abandoning module TextureFormatAndroid (46)
[2016.02.29-09.14.09:813][ 31]LogModuleManager: Shutting down and abandoning module AudioFormatOpus (45)
[2016.02.29-09.14.09:818][ 31]LogModuleManager: Shutting down and abandoning module AudioFormatOgg (44)
[2016.02.29-09.14.09:818][ 31]LogModuleManager: Shutting down and abandoning module AudioFormatADPCM (43)
[2016.02.29-09.14.09:818][ 31]LogModuleManager: Shutting down and abandoning module LinuxTargetPlatform (42)
[2016.02.29-09.14.09:818][ 31]LogModuleManager: Shutting down and abandoning module LinuxServerTargetPlatform (41)
[2016.02.29-09.14.09:818][ 31]LogModuleManager: Shutting down and abandoning module LinuxNoEditorTargetPlatform (40)
[2016.02.29-09.14.09:818][ 31]LogModuleManager: Shutting down and abandoning module Messaging (39)
[2016.02.29-09.14.09:818][ 31]LogModuleManager: Shutting down and abandoning module IOSTargetPlatform (38)
[2016.02.29-09.14.09:819][ 31]LogModuleManager: Shutting down and abandoning module HTML5TargetPlatform (37)
[2016.02.29-09.14.09:819][ 31]LogModuleManager: Shutting down and abandoning module AndroidTargetPlatform (36)
[2016.02.29-09.14.09:819][ 31]LogModuleManager: Shutting down and abandoning module Android_PVRTCTargetPlatform (35)
[2016.02.29-09.14.09:819][ 31]LogModuleManager: Shutting down and abandoning module Android_MultiTargetPlatform (34)
[2016.02.29-09.14.09:819][ 31]LogModuleManager: Shutting down and abandoning module Android_ETC2TargetPlatform (33)
[2016.02.29-09.14.09:819][ 31]LogModuleManager: Shutting down and abandoning module Android_ETC1TargetPlatform (32)
[2016.02.29-09.14.09:819][ 31]LogModuleManager: Shutting down and abandoning module Android_DXTTargetPlatform (31)
[2016.02.29-09.14.09:819][ 31]LogModuleManager: Shutting down and abandoning module Android_ATCTargetPlatform (30)
[2016.02.29-09.14.09:819][ 31]LogModuleManager: Shutting down and abandoning module Android_ASTCTargetPlatform (29)
[2016.02.29-09.14.09:819][ 31]LogModuleManager: Shutting down and abandoning module WindowsTargetPlatform (28)
[2016.02.29-09.14.09:819][ 31]LogModuleManager: Shutting down and abandoning module WindowsServerTargetPlatform (27)
[2016.02.29-09.14.09:819][ 31]LogModuleManager: Shutting down and abandoning module WindowsNoEditorTargetPlatform (26)
[2016.02.29-09.14.09:819][ 31]LogModuleManager: Shutting down and abandoning module WindowsClientTargetPlatform (25)
[2016.02.29-09.14.09:819][ 31]LogModuleManager: Shutting down and abandoning module AllDesktopTargetPlatform (24)
[2016.02.29-09.14.09:819][ 31]LogModuleManager: Shutting down and abandoning module TargetPlatform (23)
[2016.02.29-09.14.09:819][ 31]LogModuleManager: Shutting down and abandoning module InputCore (22)
[2016.02.29-09.14.09:819][ 31]LogModuleManager: Shutting down and abandoning module Settings (21)
[2016.02.29-09.14.09:819][ 31]LogModuleManager: Shutting down and abandoning module OnlineSubsystem (19)
[2016.02.29-09.14.09:819][ 31]LogModuleManager: Shutting down and abandoning module HTTP (18)
[2016.02.29-09.14.11:821][ 31]LogModuleManager: Shutting down and abandoning module XMPP (17)
[2016.02.29-09.14.11:905][ 31]LogModuleManager: Shutting down and abandoning module OculusRift (16)
[2016.02.29-09.14.11:920][ 31]LogModuleManager: Shutting down and abandoning module ExampleDeviceProfileSelector (15)
[2016.02.29-09.14.11:920][ 31]LogModuleManager: Shutting down and abandoning module TextureCompressor (14)
[2016.02.29-09.14.11:932][ 31]LogModuleManager: Shutting down and abandoning module ShaderCore (13)
[2016.02.29-09.14.11:932][ 31]LogModuleManager: Shutting down and abandoning module Landscape (12)
[2016.02.29-09.14.11:932][ 31]LogModuleManager: Shutting down and abandoning module SlateRHIRenderer (11)
[2016.02.29-09.14.11:948][ 31]LogModuleManager: Shutting down and abandoning module OpenGLDrv (10)
[2016.02.29-09.14.11:953][ 31]LogModuleManager: Shutting down and abandoning module D3D11RHI (9)
[2016.02.29-09.14.11:953][ 31]LogModuleManager: Shutting down and abandoning module AnimGraphRuntime (8)
[2016.02.29-09.14.11:967][ 31]LogModuleManager: Shutting down and abandoning module Renderer (7)
[2016.02.29-09.14.11:967][ 31]LogModuleManager: Shutting down and abandoning module Engine (6)
[2016.02.29-09.14.11:967][ 31]LogModuleManager: Shutting down and abandoning module CoreUObject (5)
[2016.02.29-09.14.11:967][ 31]LogModuleManager: Shutting down and abandoning module NetworkFile (4)
[2016.02.29-09.14.11:976][ 31]LogModuleManager: Shutting down and abandoning module StreamingFile (3)
[2016.02.29-09.14.11:976][ 31]LogModuleManager: Shutting down and abandoning module SandboxFile (2)
[2016.02.29-09.14.11:980][ 31]LogModuleManager: Shutting down and abandoning module PakFile (1)
[2016.02.29-09.14.12:001][ 31]LogExit: Exiting.
[2016.02.29-09.14.12:008][ 31]Log file closed, 02/29/16 09:14:12
