[2016.02.25-13.52.17:656][  0]Log file open, 02/25/16 13:52:17
[2016.02.25-13.52.17:656][  0]LogInit:Display: Running engine for game: ForestTale
[2016.02.25-13.52.17:656][  0]LogPlatformFile: Not using cached read wrapper
[2016.02.25-13.52.17:656][  0]LogInit:Display: RandInit(957717306) SRandInit(957717308).
[2016.02.25-13.52.17:656][  0]LogTaskGraph: Started task graph with 4 named threads and 7 total threads.
[2016.02.25-13.52.17:656][  0]LogStats: Stats thread started at 0.067990
[2016.02.25-13.52.17:656][  0]LogInit: Version: 4.10.1-2791327+++depot+UE4-Releases+4.10
[2016.02.25-13.52.17:656][  0]LogInit: API Version: 2758231
[2016.02.25-13.52.17:656][  0]LogInit: Compiled (64-bit): Dec  4 2015 19:44:40
[2016.02.25-13.52.17:656][  0]LogInit: Compiled with Visual C++: 19.00.23026.00
[2016.02.25-13.52.17:656][  0]LogInit: Build Configuration: Development
[2016.02.25-13.52.17:656][  0]LogInit: Branch Name: ++depot+UE4-Releases+4.10
[2016.02.25-13.52.17:656][  0]LogInit: Command line:  
[2016.02.25-13.52.17:656][  0]LogInit: Base directory: C:/Program Files/Epic Games/4.10/Engine/Binaries/Win64/
[2016.02.25-13.52.17:656][  0]LogInit: Rocket: 1
[2016.02.25-13.52.17:669][  0]LogInit: Using libcurl 7.41.0
[2016.02.25-13.52.17:669][  0]LogInit:  - built for x86_64-pc-win32
[2016.02.25-13.52.17:669][  0]LogInit:  - supports SSL with WinSSL
[2016.02.25-13.52.17:669][  0]LogInit:  - other features:
[2016.02.25-13.52.17:669][  0]LogInit:      CURL_VERSION_SSL
[2016.02.25-13.52.17:669][  0]LogInit:      CURL_VERSION_IPV6
[2016.02.25-13.52.17:669][  0]LogInit:      CURL_VERSION_ASYNCHDNS
[2016.02.25-13.52.17:669][  0]LogInit:      CURL_VERSION_LARGEFILE
[2016.02.25-13.52.17:669][  0]LogInit:      CURL_VERSION_IDN
[2016.02.25-13.52.17:669][  0]LogInit:  CurlRequestOptions (configurable via config and command line):
[2016.02.25-13.52.17:669][  0]LogInit:  - bVerifyPeer = true  - Libcurl will verify peer certificate
[2016.02.25-13.52.17:669][  0]LogInit:  - bUseHttpProxy = false  - Libcurl will NOT use HTTP proxy
[2016.02.25-13.52.17:669][  0]LogInit:  - bDontReuseConnections = false  - Libcurl will reuse connections
[2016.02.25-13.52.17:669][  0]LogInit:  - CertBundlePath = nullptr  - Libcurl will use whatever was configured at build time.
[2016.02.25-13.52.17:674][  0]LogInit: Presizing for 0 objects not considered by GC, pre-allocating 0 bytes.
[2016.02.25-13.52.17:679][  0]LogInit: Object subsystem initialized
[2016.02.25-13.52.17:679][  0]LogInit: Selected Device Profile: [Windows]
[2016.02.25-13.52.17:679][  0]LogInit: Applying CVar settings loaded from the selected device profile: [Windows]
[2016.02.25-13.52.17:708][  0]LogInit: Computer: CAA115-02
[2016.02.25-13.52.17:708][  0]LogInit: User: 14043947
[2016.02.25-13.52.17:708][  0]LogInit: CPU Page size=4096, Cores=4
[2016.02.25-13.52.17:708][  0]LogInit: High frequency timer resolution =3.507724 MHz
[2016.02.25-13.52.17:708][  0]LogMemory: Memory total: Physical=15.8GB (16GB approx)
[2016.02.25-13.52.17:708][  0]LogMemory: Platform Memory Stats for Windows
[2016.02.25-13.52.17:708][  0]LogMemory: Process Physical Memory: 57.62 MB used, 57.62 MB peak
[2016.02.25-13.52.17:708][  0]LogMemory: Process Virtual Memory: 57.76 MB used, 57.76 MB peak
[2016.02.25-13.52.17:708][  0]LogMemory: Physical Memory: 7265.23 MB used, 16223.68 MB total
[2016.02.25-13.52.17:708][  0]LogMemory: Virtual Memory: 351.75 MB used, 8388608.00 MB total
[2016.02.25-13.52.17:742][  0]LogTextLocalizationManager: No specific translations for ('en-GB') exist, so ('en') translations will be used.
[2016.02.25-13.52.18:055][  0]LogD3D11RHI: Found D3D11 adapter 0: NVIDIA GeForce GTX 970 (Feature Level 11_0)
[2016.02.25-13.52.18:055][  0]LogD3D11RHI: Adapter has 4008MB of dedicated video memory, 0MB of dedicated system memory, and 7855MB of shared system memory, 1 output[s]
[2016.02.25-13.52.18:061][  0]LogD3D11RHI: Found D3D11 adapter 1: Intel(R) HD Graphics 4600 (Feature Level 11_0)
[2016.02.25-13.52.18:061][  0]LogD3D11RHI: Adapter has 64MB of dedicated video memory, 0MB of dedicated system memory, and 1632MB of shared system memory, 0 output[s]
[2016.02.25-13.52.18:063][  0]LogD3D11RHI: Chosen D3D11 Adapter Id = 0
[2016.02.25-13.52.18:067][  0]LogD3D11RHI: !Direct3DDevice
[2016.02.25-13.52.18:068][  0]LogRHI: Texture pool is 1361 MB (70% of 1945 MB)
[2016.02.25-13.52.18:075][  0]LogD3D11RHI: Async texture creation enabled
[2016.02.25-13.52.18:087][  0]LogShaderCompilers: Guid format shader working directory is 16 characters bigger than the processId version (F:/work/Year 2/Off The Map/ForestTale/Intermediate/Shaders/WorkingDirectory/7392/).
[2016.02.25-13.52.18:088][  0]LogShaderCompilers: Cleaned the shader compiler working directory 'C:/Users/14043947.UNI/AppData/Local/Temp/UnrealShaderWorkingDir/43B2E4164B37280A8A2E64AE0560D975/'.
[2016.02.25-13.52.18:088][  0]LogShaderCompilers:Display: Using Local Shader Compiler.
[2016.02.25-13.52.19:010][  0]LogTemp:Display: Loaded TP AllDesktopTargetPlatform
[2016.02.25-13.52.19:014][  0]LogTemp:Display: Loaded TP WindowsClientTargetPlatform
[2016.02.25-13.52.19:018][  0]LogTemp:Display: Loaded TP WindowsNoEditorTargetPlatform
[2016.02.25-13.52.19:021][  0]LogTemp:Display: Loaded TP WindowsServerTargetPlatform
[2016.02.25-13.52.19:031][  0]LogTemp:Display: Loaded TP WindowsTargetPlatform
[2016.02.25-13.52.19:034][  0]LogTemp:Display: Loaded TP AndroidTargetPlatform
[2016.02.25-13.52.19:037][  0]LogTemp:Display: Loaded TP Android_ASTCTargetPlatform
[2016.02.25-13.52.19:040][  0]LogTemp:Display: Loaded TP Android_ATCTargetPlatform
[2016.02.25-13.52.19:043][  0]LogTemp:Display: Loaded TP Android_DXTTargetPlatform
[2016.02.25-13.52.19:046][  0]LogTemp:Display: Loaded TP Android_ETC1TargetPlatform
[2016.02.25-13.52.19:049][  0]LogTemp:Display: Loaded TP Android_ETC2TargetPlatform
[2016.02.25-13.52.19:057][  0]LogTemp:Display: Loaded TP Android_MultiTargetPlatform
[2016.02.25-13.52.19:057][  0]LogTemp:Display: Loaded TP Android_PVRTCTargetPlatform
[2016.02.25-13.52.19:057][  0]LogTemp:Display: Loaded TP HTML5TargetPlatform
[2016.02.25-13.52.19:073][  0]LogTemp:Display: Loaded TP IOSTargetPlatform
[2016.02.25-13.52.19:075][  0]LogTemp:Display: Loaded TP LinuxNoEditorTargetPlatform
[2016.02.25-13.52.19:077][  0]LogTemp:Display: Loaded TP LinuxServerTargetPlatform
[2016.02.25-13.52.19:079][  0]LogTemp:Display: Loaded TP LinuxTargetPlatform
[2016.02.25-13.52.19:079][  0]LogTargetPlatformManager:Display: Building Assets For Windows
[2016.02.25-13.52.19:151][  0]LogDerivedDataCache:Display: Max Cache Size: 512 MB
[2016.02.25-13.52.19:193][  0]LogDerivedDataCache: Loaded boot cache 0.04s 41MB C:/Users/14043947.UNI/AppData/Local/UnrealEngine/4.10/DerivedDataCache/Boot.ddc.
[2016.02.25-13.52.19:193][  0]LogDerivedDataCache:Display: Loaded Boot cache: C:/Users/14043947.UNI/AppData/Local/UnrealEngine/4.10/DerivedDataCache/Boot.ddc
[2016.02.25-13.52.19:193][  0]LogDerivedDataCache: FDerivedDataBackendGraph:  Pak pak cache file F:/work/Year 2/Off The Map/ForestTale/DerivedDataCache/DDC.ddp not found, will not use a pak cache.
[2016.02.25-13.52.19:193][  0]LogDerivedDataCache: Unable to find inner node Pak for hierarchical cache Hierarchy.
[2016.02.25-13.52.19:193][  0]LogDerivedDataCache: FDerivedDataBackendGraph:  CompressedPak pak cache file F:/work/Year 2/Off The Map/ForestTale/DerivedDataCache/Compressed.ddp not found, will not use a pak cache.
[2016.02.25-13.52.19:193][  0]LogDerivedDataCache: Unable to find inner node CompressedPak for hierarchical cache Hierarchy.
[2016.02.25-13.52.19:243][  0]LogDerivedDataCache:Display: Pak cache opened for reading ../../../Engine/DerivedDataCache/Compressed.ddp.
[2016.02.25-13.52.19:270][  0]LogDerivedDataCache: Using Local data cache path C:/Users/14043947.UNI/AppData/Local/UnrealEngine/Common/DerivedDataCache: Writable
[2016.02.25-13.52.19:442][  0]LogInit: Selected Device Profile: [Windows]
[2016.02.25-13.52.19:442][  0]LogContentStreaming: Texture pool size is 0.000000MB
[2016.02.25-13.52.19:503][  0]LogMeshUtilities: No automatic mesh reduction module available
[2016.02.25-13.52.19:503][  0]LogMeshUtilities: No automatic mesh merging module available
[2016.02.25-13.52.19:772][  0]LogInit: WinSock: version 1.1 (2.2), MaxSocks=32767, MaxUdp=65467
[2016.02.25-13.52.30:028][  0]UdpMessaging: Initializing bridge on interface 0.0.0.0:0 to multicast group 230.0.0.1:6666.
[2016.02.25-13.52.31:555][  0]LogAssetRegistry: FAssetRegistry took 0.0125 seconds to start up
[2016.02.25-13.52.35:790][  0]SourceControl: Info Source control is disabled
[2016.02.25-13.52.35:790][  0]SourceControl: Info Source control is disabled
[2016.02.25-13.52.35:885][  0]SourceControl: Info Source control is disabled
[2016.02.25-13.52.36:113][  0]SourceControl: Info Source control is disabled
[2016.02.25-13.52.39:347][  0]LogObj: 28633 objects as part of root set at end of initial load.
[2016.02.25-13.52.39:347][  0]LogUObjectAllocator: 6099752 out of 0 bytes used by permanent object pool.
[2016.02.25-13.52.41:717][  0]LogAutomationTest:Warning: Smoke tests took > 1s to run: 1.22s
[2016.02.25-13.52.41:822][  0]LogEngine: Initializing Engine...
[2016.02.25-13.52.42:029][  0]LogHMD: Can't find Oculus library dev build: is proper Runtime installed? Version: 0.8.0.0
[2016.02.25-13.52.42:204][  0]LogHMD: SteamVR failed to initialize.  Err: 110
[2016.02.25-13.52.44:433][  0]LogAIModule: Creating AISystem for world NewWorld
[2016.02.25-13.52.44:714][  0]LogInit: XAudio2 using 'LG ULTRAWIDE-4 (NVIDIA High Definition Audio)' : 2 channels at 48 kHz using 16 bits per sample (channel mask 0x3)
[2016.02.25-13.52.45:104][  0]LogInit: FAudioDevice initialized.
[2016.02.25-13.52.45:114][  0]LogDerivedDataCache:Error: Could not save memory cache C:/Users/14043947.UNI/AppData/Local/UnrealEngine/4.10/DerivedDataCache/Boot.ddc.
[2016.02.25-13.52.45:117][  0]LogInit: Texture streaming: Enabled
[2016.02.25-13.52.45:270][  0]LogAnalytics: Creating configured Analytics provider AnalyticsET
[2016.02.25-13.52.45:270][  0]LogAnalytics: [UEEditor.Rocket.Release] APIServer = http://et2.epicgames.com/ET2/. AppVersion = 4.10.1-2791327+++depot+UE4-Releases+4.10
[2016.02.25-13.52.45:270][  0]LogAnalytics: [UEEditor.Rocket.Release] SetUserId 2de706504eb9964a45b9249fd3fce68e|10581dceb00340ccaf11fbba5a70d17f|82b8df3d-d75c-4085-8f31-56fd454d0c3a
[2016.02.25-13.52.45:270][  0]LogAnalytics: [UEEditor.Rocket.Release] AnalyticsET::StartSession
[2016.02.25-13.52.46:578][  0]LogInit: Transaction tracking system initialized
[2016.02.25-13.52.48:129][  0]BlueprintLog: New page: Editor Load
[2016.02.25-13.52.58:543][  0]LocalizationService: Info Localization service is disabled
[2016.02.25-13.53.00:964][  0]LogConsoleResponse:Display: 
[2016.02.25-13.53.05:182][  0]LogFileCache: Scanning file cache for directory 'F:/work/Year 2/Off The Map/ForestTale/Content/' took 0.03s
[2016.02.25-13.53.05:182][  0]LogCook:Display: Done creating registry. It took  0.00s.
[2016.02.25-13.53.07:077][  0]SourceControl: Info Source control is disabled
[2016.02.25-13.53.07:217][  0]Cmd: MAP LOAD FILE="../../../Engine/Content/Maps/Templates/Template_Default.umap" TEMPLATE=1 SHOWPROGRESS=1 FEATURELEVEL=3
[2016.02.25-13.53.07:412][  0]LightingResults: New page: Lighting Build
[2016.02.25-13.53.07:878][  0]MapCheck: New page: Map Check
[2016.02.25-13.53.07:878][  0]LightingResults: New page: Lighting Build
[2016.02.25-13.53.08:578][  0]LogParticles: Destroying 0 GPU particle simulations for FXSystem 0x0000000022656AC0
[2016.02.25-13.53.13:466][  0]LogAIModule: Creating AISystem for world Untitled_1
[2016.02.25-13.53.14:414][  0]LogEditorServer: Finished looking for orphan Actors (0.000 secs)
[2016.02.25-13.53.14:697][  0]Cmd: MAP CHECKDEP NOCLEARLOG
[2016.02.25-13.53.14:784][  0]MapCheck: Info Map check complete: 0 Error(s), 0 Warning(s), took 87.247ms to complete.
[2016.02.25-13.53.14:784][  0]LogFileHelpers: Loading map 'Template_Default' took 7.565
[2016.02.25-13.53.20:123][  0]LogCollectionManager: Loaded 0 collections in 0.382700 seconds
[2016.02.25-13.53.21:915][  0]LogFileCache: Scanning file cache for directory 'F:/work/Year 2/Off The Map/ForestTale/Saved/Collections/' took 0.01s
[2016.02.25-13.53.21:917][  0]LogFileCache: Scanning file cache for directory 'F:/work/Year 2/Off The Map/ForestTale/Content/Developers/14043947/Collections/' took 0.01s
[2016.02.25-13.53.21:917][  0]LogFileCache: Scanning file cache for directory 'F:/work/Year 2/Off The Map/ForestTale/Content/Collections/' took 0.00s
[2016.02.25-13.53.21:917][  0]LogCollectionManager: Rebuilt the GUID cache for 0 collections in 0.000003 seconds
[2016.02.25-13.53.21:985][  0]LogContentBrowser: Native class hierarchy populated in 0.0506 seconds. Added 1893 classes and 338 folders.
[2016.02.25-13.53.22:165][  0]LogContentBrowser: Native class hierarchy updated for 'WidgetCarousel' in 0.0006 seconds. Added 0 classes and 0 folders.
[2016.02.25-13.53.25:016][  0]LogContentBrowser: Native class hierarchy updated for 'AddContentDialog' in 0.0003 seconds. Added 0 classes and 0 folders.
[2016.02.25-13.53.25:071][  0]LogContentBrowser: Native class hierarchy updated for 'SceneOutliner' in 0.0003 seconds. Added 1 classes and 2 folders.
[2016.02.25-13.53.26:494][  0]LogCrashTracker: Crashtracker disabled due to settings.
[2016.02.25-13.53.26:773][  0]LogUObjectGlobals:Warning: Failed to find object 'Class None.'
[2016.02.25-13.53.26:949][  0]LogLoad: Full Startup: 70.10 seconds (BP compile: 0.91 seconds)
[2016.02.25-13.53.26:977][  0]LogOcInput: Can't find Oculus library dev build: is proper Runtime installed? Version: 0.8.0.0
[2016.02.25-13.53.27:464][  0]LogContentStreaming: Texture pool size now 1000 MB
[2016.02.25-13.53.28:151][  0]LogRenderer: Reallocating scene render targets to support 1616x480 (Frame:2).
[2016.02.25-13.53.28:664][  1]LogEditorViewport: Clicking on Actor (LMB): StaticMeshActor (Floor)
[2016.02.25-13.53.31:727][  4]LogAssetRegistry: Asset discovery search completed in 60.1538 seconds
[2016.02.25-13.53.31:727][  4]LogCollectionManager: Rebuilt the object cache for 0 collections in 0.000001 seconds (found 0 objects)
[2016.02.25-13.53.31:727][  4]LogCollectionManager: Fixed up redirectors for 0 collections in 0.000015 seconds (updated 0 objects)
[2016.02.25-13.54.40:304][205]Cmd: QUIT_EDITOR
[2016.02.25-13.54.40:777][205]LogExit: Preparing to exit.
[2016.02.25-13.54.41:776][205]LogExit: Editor shut down
[2016.02.25-13.54.41:777][205]LogExit: Transaction tracking system shut down
[2016.02.25-13.54.41:829][205]LogParticles: Destroying 0 GPU particle simulations for FXSystem 0x000000001054CAE0
[2016.02.25-13.54.41:829][205]LogParticles: Destroying 0 GPU particle simulations for FXSystem 0x000000001F32C0E0
[2016.02.25-13.54.41:829][205]LogParticles: Destroying 0 GPU particle simulations for FXSystem 0x0000000039730AE0
[2016.02.25-13.54.41:829][205]LogParticles: Destroying 0 GPU particle simulations for FXSystem 0x0000000038D9CD60
[2016.02.25-13.54.42:635][205]LogExit: Object subsystem successfully closed.
[2016.02.25-13.54.42:840][205]LogD3D11RHI: Shutdown
[2016.02.25-13.54.42:840][205]LogD3D11RHI: CleanupD3DDevice
[2016.02.25-13.54.43:004][205]LogD3D11RHI: ~FD3D11DynamicRHI
[2016.02.25-13.54.43:986][205]LogModuleManager: Shutting down and abandoning module CrashTracker (198)
[2016.02.25-13.54.43:986][205]LogModuleManager: Shutting down and abandoning module SceneOutliner (197)
[2016.02.25-13.54.43:986][205]LogModuleManager: Shutting down and abandoning module SuperSearch (196)
[2016.02.25-13.54.43:986][205]LogModuleManager: Shutting down and abandoning module WidgetCarousel (195)
[2016.02.25-13.54.43:986][205]LogModuleManager: Shutting down and abandoning module AddContentDialog (194)
[2016.02.25-13.54.43:987][205]LogModuleManager: Shutting down and abandoning module EditorWidgets (193)
[2016.02.25-13.54.43:987][205]LogModuleManager: Shutting down and abandoning module CollectionManager (192)
[2016.02.25-13.54.43:987][205]LogModuleManager: Shutting down and abandoning module StatsViewer (191)
[2016.02.25-13.54.43:987][205]LogModuleManager: Shutting down and abandoning module FoliageEdit (190)
[2016.02.25-13.54.43:987][205]LogModuleManager: Shutting down and abandoning module LandscapeEditor (189)
[2016.02.25-13.54.44:028][205]LogModuleManager: Shutting down and abandoning module ActorPickerMode (188)
[2016.02.25-13.54.44:028][205]LogModuleManager: Shutting down and abandoning module GeometryMode (187)
[2016.02.25-13.54.44:028][205]LogModuleManager: Shutting down and abandoning module TextureAlignMode (186)
[2016.02.25-13.54.44:028][205]LogModuleManager: Shutting down and abandoning module BspMode (185)
[2016.02.25-13.54.44:028][205]LogModuleManager: Shutting down and abandoning module PlacementMode (184)
[2016.02.25-13.54.44:028][205]LogModuleManager: Shutting down and abandoning module AutomationWorker (183)
[2016.02.25-13.54.44:028][205]LogModuleManager: Shutting down and abandoning module CharacterAI (182)
[2016.02.25-13.54.44:028][205]LogModuleManager: Shutting down and abandoning module SmartSnapping (181)
[2016.02.25-13.54.44:028][205]LogModuleManager: Shutting down and abandoning module ViewportSnapping (180)
[2016.02.25-13.54.44:028][205]LogModuleManager: Shutting down and abandoning module LogVisualizer (179)
[2016.02.25-13.54.44:028][205]LogModuleManager: Shutting down and abandoning module GameProjectGeneration (178)
[2016.02.25-13.54.44:028][205]LogModuleManager: Shutting down and abandoning module IntroTutorials (177)
[2016.02.25-13.54.44:028][205]LogModuleManager: Shutting down and abandoning module EditorLiveStreaming (176)
[2016.02.25-13.54.44:028][205]LogModuleManager: Shutting down and abandoning module IOSPlatformEditor (175)
[2016.02.25-13.54.44:028][205]LogModuleManager: Shutting down and abandoning module HTML5PlatformEditor (174)
[2016.02.25-13.54.44:028][205]LogModuleManager: Shutting down and abandoning module AndroidDeviceDetection (173)
[2016.02.25-13.54.44:300][205]LogModuleManager: Shutting down and abandoning module AndroidPlatformEditor (172)
[2016.02.25-13.54.44:300][205]LogModuleManager: Shutting down and abandoning module IOSRuntimeSettings (171)
[2016.02.25-13.54.44:300][205]LogModuleManager: Shutting down and abandoning module AndroidRuntimeSettings (170)
[2016.02.25-13.54.44:300][205]LogModuleManager: Shutting down and abandoning module MergeActors (169)
[2016.02.25-13.54.44:300][205]LogModuleManager: Shutting down and abandoning module SizeMap (168)
[2016.02.25-13.54.44:300][205]LogModuleManager: Shutting down and abandoning module TreeMap (167)
[2016.02.25-13.54.44:300][205]LogModuleManager: Shutting down and abandoning module ReferenceViewer (166)
[2016.02.25-13.54.44:300][205]LogModuleManager: Shutting down and abandoning module LocalizationService (165)
[2016.02.25-13.54.44:300][205]LogModuleManager: Shutting down and abandoning module LocalizationDashboard (164)
[2016.02.25-13.54.44:365][205]LogModuleManager: Shutting down and abandoning module HardwareTargeting (163)
[2016.02.25-13.54.44:365][205]LogModuleManager: Shutting down and abandoning module DeviceProfileEditor (162)
[2016.02.25-13.54.44:365][205]LogModuleManager: Shutting down and abandoning module UndoHistory (161)
[2016.02.25-13.54.44:365][205]LogModuleManager: Shutting down and abandoning module GameplayTagsEditor (160)
[2016.02.25-13.54.44:365][205]LogModuleManager: Shutting down and abandoning module UserFeedback (159)
[2016.02.25-13.54.44:365][205]LogModuleManager: Shutting down and abandoning module XmlParser (158)
[2016.02.25-13.54.44:365][205]LogModuleManager: Shutting down and abandoning module Blutility (157)
[2016.02.25-13.54.44:365][205]LogModuleManager: Shutting down and abandoning module ProjectTargetPlatformEditor (156)
[2016.02.25-13.54.44:365][205]LogModuleManager: Shutting down and abandoning module ProjectSettingsViewer (155)
[2016.02.25-13.54.44:365][205]LogModuleManager: Shutting down and abandoning module InputBindingEditor (154)
[2016.02.25-13.54.44:365][205]LogModuleManager: Shutting down and abandoning module EditorSettingsViewer (153)
[2016.02.25-13.54.44:365][205]LogModuleManager: Shutting down and abandoning module SettingsEditor (152)
[2016.02.25-13.54.44:365][205]LogModuleManager: Shutting down and abandoning module ProjectLauncher (151)
[2016.02.25-13.54.44:399][205]LogModuleManager: Shutting down and abandoning module SessionFrontend (150)
[2016.02.25-13.54.44:399][205]LogModuleManager: Shutting down and abandoning module ProfilerClient (149)
[2016.02.25-13.54.44:448][205]LogModuleManager: Shutting down and abandoning module TargetDeviceServices (148)
[2016.02.25-13.54.44:448][205]LogModuleManager: Shutting down and abandoning module DeviceManager (147)
[2016.02.25-13.54.44:449][205]LogModuleManager: Shutting down and abandoning module AutomationController (146)
[2016.02.25-13.54.44:449][205]LogModuleManager: Shutting down and abandoning module AutomationWindow (145)
[2016.02.25-13.54.44:468][205]LogModuleManager: Shutting down and abandoning module Layers (144)
[2016.02.25-13.54.44:501][205]LogModuleManager: Shutting down and abandoning module ComponentVisualizers (143)
[2016.02.25-13.54.44:501][205]LogModuleManager: Shutting down and abandoning module DetailCustomizations (142)
[2016.02.25-13.54.44:502][205]LogModuleManager: Shutting down and abandoning module PackagesDialog (141)
[2016.02.25-13.54.44:502][205]LogModuleManager: Shutting down and abandoning module Persona (140)
[2016.02.25-13.54.44:676][205]LogModuleManager: Shutting down and abandoning module Kismet (139)
[2016.02.25-13.54.44:676][205]LogModuleManager: Shutting down and abandoning module GraphEditor (138)
[2016.02.25-13.54.44:711][205]LogModuleManager: Shutting down and abandoning module ClassViewer (137)
[2016.02.25-13.54.44:711][205]LogModuleManager: Shutting down and abandoning module Toolbox (136)
[2016.02.25-13.54.44:711][205]LogModuleManager: Shutting down and abandoning module ModuleUI (135)
[2016.02.25-13.54.44:827][205]LogModuleManager: Shutting down and abandoning module MovieSceneTools (134)
[2016.02.25-13.54.44:827][205]LogModuleManager: Shutting down and abandoning module OutputLog (133)
[2016.02.25-13.54.44:827][205]LogModuleManager: Shutting down and abandoning module GammaUI (132)
[2016.02.25-13.54.44:894][205]LogModuleManager: Shutting down and abandoning module Documentation (131)
[2016.02.25-13.54.44:894][205]LogModuleManager: Shutting down and abandoning module GameLiveStreaming (130)
[2016.02.25-13.54.44:894][205]LogModuleManager: Shutting down and abandoning module StreamingPauseRendering (129)
[2016.02.25-13.54.44:894][205]LogModuleManager: Shutting down and abandoning module AnalyticsET (128)
[2016.02.25-13.54.44:894][205]LogModuleManager: Shutting down and abandoning module Analytics (127)
[2016.02.25-13.54.44:894][205]LogModuleManager: Shutting down and abandoning module AITestSuite (126)
[2016.02.25-13.54.44:894][205]LogModuleManager: Shutting down and abandoning module GameplayDebugger (125)
[2016.02.25-13.54.44:894][205]LogModuleManager: Shutting down and abandoning module AIModule (124)
[2016.02.25-13.54.44:894][205]LogModuleManager: Shutting down and abandoning module ProfilerService (123)
[2016.02.25-13.54.44:896][205]LogModuleManager: Shutting down and abandoning module TaskGraph (122)
[2016.02.25-13.54.44:920][205]LogModuleManager: Shutting down and abandoning module SlateRemote (121)
[2016.02.25-13.54.44:920][205]LogModuleManager: Shutting down and abandoning module SteamVRController (120)
[2016.02.25-13.54.44:920][205]LogModuleManager: Shutting down and abandoning module SteamVR (119)
[2016.02.25-13.54.44:920][205]LogModuleManager: Shutting down and abandoning module ProceduralMeshComponent (118)
[2016.02.25-13.54.44:920][205]LogModuleManager: Shutting down and abandoning module OculusLibrary (117)
[2016.02.25-13.54.44:920][205]LogModuleManager: Shutting down and abandoning module OculusInput (116)
[2016.02.25-13.54.44:920][205]LogModuleManager: Shutting down and abandoning module LeapMotionController (115)
[2016.02.25-13.54.44:929][205]LogModuleManager: Shutting down and abandoning module CustomMeshComponent (114)
[2016.02.25-13.54.44:929][205]LogModuleManager: Shutting down and abandoning module CableComponent (113)
[2016.02.25-13.54.44:929][205]LogModuleManager: Shutting down and abandoning module ArchVisCharacter (112)
[2016.02.25-13.54.44:930][205]LogModuleManager: Shutting down and abandoning module MessagingDebugger (111)
[2016.02.25-13.54.44:988][205]LogModuleManager: Shutting down and abandoning module MediaPlayerEditor (110)
[2016.02.25-13.54.45:044][205]LogModuleManager: Shutting down and abandoning module HTML5Networking (109)
[2016.02.25-13.54.45:044][205]LogModuleManager: Shutting down and abandoning module SpeedTreeImporter (108)
[2016.02.25-13.54.45:044][205]LogModuleManager: Shutting down and abandoning module PluginBrowser (107)
[2016.02.25-13.54.45:107][205]LogModuleManager: Shutting down and abandoning module EpicSurvey (106)
[2016.02.25-13.54.45:107][205]LogModuleManager: Shutting down and abandoning module DesktopPlatform (105)
[2016.02.25-13.54.45:119][205]LogModuleManager: Shutting down and abandoning module VisualStudioSourceCodeAccess (104)
[2016.02.25-13.54.45:119][205]LogModuleManager: Shutting down and abandoning module UObjectPlugin (103)
[2016.02.25-13.54.45:119][205]LogModuleManager: Shutting down and abandoning module SubversionSourceControl (102)
[2016.02.25-13.54.45:119][205]LogModuleManager: Shutting down and abandoning module PerforceSourceControl (101)
[2016.02.25-13.54.45:119][205]LogModuleManager: Shutting down and abandoning module SourceControl (100)
[2016.02.25-13.54.45:138][205]LogModuleManager: Shutting down and abandoning module GitSourceControl (99)
[2016.02.25-13.54.45:139][205]LogModuleManager: Shutting down and abandoning module LightPropagationVolumeEditor (98)
[2016.02.25-13.54.45:139][205]LogModuleManager: Shutting down and abandoning module PaperTiledImporter (97)
[2016.02.25-13.54.45:139][205]LogModuleManager: Shutting down and abandoning module PaperSpriteSheetImporter (96)
[2016.02.25-13.54.45:139][205]LogModuleManager: Shutting down and abandoning module MeshPaint (95)
[2016.02.25-13.54.45:139][205]LogModuleManager: Shutting down and abandoning module SlateReflector (94)
[2016.02.25-13.54.45:161][205]LogModuleManager: Shutting down and abandoning module HotReload (93)
[2016.02.25-13.54.45:161][205]LogModuleManager: Shutting down and abandoning module MainFrame (92)
[2016.02.25-13.54.45:161][205]LogModuleManager: Shutting down and abandoning module LevelEditor (91)
[2016.02.25-13.54.45:162][205]LogModuleManager: Shutting down and abandoning module DirectoryWatcher (90)
[2016.02.25-13.54.45:163][205]LogModuleManager: Shutting down and abandoning module AssetRegistry (89)
[2016.02.25-13.54.45:817][205]LogModuleManager: Shutting down and abandoning module ContentBrowser (88)
[2016.02.25-13.54.45:818][205]LogModuleManager: Shutting down and abandoning module Paper2DEditor (87)
[2016.02.25-13.54.45:818][205]LogModuleManager: Shutting down and abandoning module UdpMessaging (86)
[2016.02.25-13.54.45:918][205]LogModuleManager: Shutting down and abandoning module LightPropagationVolumeRuntime (85)
[2016.02.25-13.54.45:918][205]LogModuleManager: Shutting down and abandoning module Paper2D (84)
[2016.02.25-13.54.45:918][205]LogModuleManager: Shutting down and abandoning module WindowsMoviePlayer (83)
[2016.02.25-13.54.45:921][205]LogModuleManager: Shutting down and abandoning module Media (82)
[2016.02.25-13.54.45:921][205]LogModuleManager: Shutting down and abandoning module WmfMedia (81)
[2016.02.25-13.54.45:943][205]LogModuleManager: Shutting down and abandoning module OnlineBlueprintSupport (80)
[2016.02.25-13.54.45:943][205]LogModuleManager: Shutting down and abandoning module GameplayTasksEditor (79)
[2016.02.25-13.54.45:943][205]LogModuleManager: Shutting down and abandoning module PropertyEditor (78)
[2016.02.25-13.54.45:943][205]LogModuleManager: Shutting down and abandoning module BehaviorTreeEditor (77)
[2016.02.25-13.54.46:075][205]LogModuleManager: Shutting down and abandoning module FunctionalTesting (76)
[2016.02.25-13.54.46:075][205]LogModuleManager: Shutting down and abandoning module CollisionAnalyzer (75)
[2016.02.25-13.54.46:075][205]LogModuleManager: Shutting down and abandoning module WorkspaceMenuStructure (74)
[2016.02.25-13.54.46:076][205]LogModuleManager: Shutting down and abandoning module MessageLog (73)
[2016.02.25-13.54.46:076][205]LogModuleManager: Shutting down and abandoning module Sequencer (72)
[2016.02.25-13.54.46:092][205]LogModuleManager: Shutting down and abandoning module AssetTools (71)
[2016.02.25-13.54.46:115][205]LogModuleManager: Shutting down and abandoning module UMGEditor (70)
[2016.02.25-13.54.46:203][205]LogModuleManager: Shutting down and abandoning module UMG (69)
[2016.02.25-13.54.46:203][205]LogModuleManager: Shutting down and abandoning module Slate (68)
[2016.02.25-13.54.46:203][205]LogModuleManager: Shutting down and abandoning module EditorStyle (67)
[2016.02.25-13.54.46:204][205]LogModuleManager: Shutting down and abandoning module SessionServices (66)
[2016.02.25-13.54.46:205][205]LogModuleManager: Shutting down and abandoning module SourceCodeAccess (65)
[2016.02.25-13.54.46:205][205]LogModuleManager: Shutting down and abandoning module HeadMountedDisplay (64)
[2016.02.25-13.54.46:205][205]LogModuleManager: Shutting down and abandoning module XAudio2 (63)
[2016.02.25-13.54.46:205][205]LogModuleManager: Shutting down and abandoning module Networking (61)
[2016.02.25-13.54.46:205][205]LogModuleManager: Shutting down and abandoning module Core (60)
[2016.02.25-13.54.46:205][205]LogModuleManager: Shutting down and abandoning module KismetCompiler (59)
[2016.02.25-13.54.46:205][205]LogModuleManager: Shutting down and abandoning module PhysXFormats (58)
[2016.02.25-13.54.46:205][205]LogModuleManager: Shutting down and abandoning module MeshUtilities (57)
[2016.02.25-13.54.46:249][205]LogModuleManager: Shutting down and abandoning module DerivedDataCache (56)
[2016.02.25-13.54.46:307][205]LogDerivedDataCache: Shutdown
[2016.02.25-13.54.46:307][205]LogModuleManager: Shutting down and abandoning module ShaderFormatOpenGL (55)
[2016.02.25-13.54.46:371][205]LogModuleManager: Shutting down and abandoning module ShaderFormatD3D (54)
[2016.02.25-13.54.46:371][205]LogModuleManager: Shutting down and abandoning module MetalShaderFormat (53)
[2016.02.25-13.54.46:466][205]LogModuleManager: Shutting down and abandoning module TextureFormatUncompressed (52)
[2016.02.25-13.54.46:466][205]LogModuleManager: Shutting down and abandoning module TextureFormatPVR (51)
[2016.02.25-13.54.46:466][205]LogModuleManager: Shutting down and abandoning module TextureFormatIntelISPCTexComp (50)
[2016.02.25-13.54.46:466][205]LogModuleManager: Shutting down and abandoning module TextureFormatDXT (49)
[2016.02.25-13.54.46:466][205]LogModuleManager: Shutting down and abandoning module ImageWrapper (48)
[2016.02.25-13.54.46:466][205]LogModuleManager: Shutting down and abandoning module TextureFormatASTC (47)
[2016.02.25-13.54.46:466][205]LogModuleManager: Shutting down and abandoning module TextureFormatAndroid (46)
[2016.02.25-13.54.46:466][205]LogModuleManager: Shutting down and abandoning module AudioFormatOpus (45)
[2016.02.25-13.54.46:466][205]LogModuleManager: Shutting down and abandoning module AudioFormatOgg (44)
[2016.02.25-13.54.46:466][205]LogModuleManager: Shutting down and abandoning module AudioFormatADPCM (43)
[2016.02.25-13.54.46:466][205]LogModuleManager: Shutting down and abandoning module LinuxTargetPlatform (42)
[2016.02.25-13.54.46:466][205]LogModuleManager: Shutting down and abandoning module LinuxServerTargetPlatform (41)
[2016.02.25-13.54.46:466][205]LogModuleManager: Shutting down and abandoning module LinuxNoEditorTargetPlatform (40)
[2016.02.25-13.54.46:466][205]LogModuleManager: Shutting down and abandoning module Messaging (39)
[2016.02.25-13.54.46:466][205]LogModuleManager: Shutting down and abandoning module IOSTargetPlatform (38)
[2016.02.25-13.54.46:466][205]LogModuleManager: Shutting down and abandoning module HTML5TargetPlatform (37)
[2016.02.25-13.54.46:466][205]LogModuleManager: Shutting down and abandoning module Android_PVRTCTargetPlatform (36)
[2016.02.25-13.54.46:466][205]LogModuleManager: Shutting down and abandoning module Android_MultiTargetPlatform (35)
[2016.02.25-13.54.46:467][205]LogModuleManager: Shutting down and abandoning module Android_ETC2TargetPlatform (34)
[2016.02.25-13.54.46:467][205]LogModuleManager: Shutting down and abandoning module Android_ETC1TargetPlatform (33)
[2016.02.25-13.54.46:467][205]LogModuleManager: Shutting down and abandoning module Android_DXTTargetPlatform (32)
[2016.02.25-13.54.46:467][205]LogModuleManager: Shutting down and abandoning module Android_ATCTargetPlatform (31)
[2016.02.25-13.54.46:467][205]LogModuleManager: Shutting down and abandoning module Android_ASTCTargetPlatform (30)
[2016.02.25-13.54.46:467][205]LogModuleManager: Shutting down and abandoning module AndroidTargetPlatform (29)
[2016.02.25-13.54.46:467][205]LogModuleManager: Shutting down and abandoning module WindowsTargetPlatform (28)
[2016.02.25-13.54.46:467][205]LogModuleManager: Shutting down and abandoning module WindowsServerTargetPlatform (27)
[2016.02.25-13.54.46:467][205]LogModuleManager: Shutting down and abandoning module WindowsNoEditorTargetPlatform (26)
[2016.02.25-13.54.46:467][205]LogModuleManager: Shutting down and abandoning module WindowsClientTargetPlatform (25)
[2016.02.25-13.54.46:467][205]LogModuleManager: Shutting down and abandoning module AllDesktopTargetPlatform (24)
[2016.02.25-13.54.46:467][205]LogModuleManager: Shutting down and abandoning module TargetPlatform (23)
[2016.02.25-13.54.46:467][205]LogModuleManager: Shutting down and abandoning module InputCore (22)
[2016.02.25-13.54.46:467][205]LogModuleManager: Shutting down and abandoning module Settings (21)
[2016.02.25-13.54.46:467][205]LogModuleManager: Shutting down and abandoning module OnlineSubsystem (19)
[2016.02.25-13.54.46:467][205]LogModuleManager: Shutting down and abandoning module HTTP (18)
[2016.02.25-13.54.47:469][205]LogModuleManager: Shutting down and abandoning module XMPP (17)
[2016.02.25-13.54.47:547][205]LogModuleManager: Shutting down and abandoning module OculusRift (16)
[2016.02.25-13.54.47:593][205]LogModuleManager: Shutting down and abandoning module ExampleDeviceProfileSelector (15)
[2016.02.25-13.54.47:593][205]LogModuleManager: Shutting down and abandoning module TextureCompressor (14)
[2016.02.25-13.54.47:593][205]LogModuleManager: Shutting down and abandoning module ShaderCore (13)
[2016.02.25-13.54.47:593][205]LogModuleManager: Shutting down and abandoning module Landscape (12)
[2016.02.25-13.54.47:593][205]LogModuleManager: Shutting down and abandoning module SlateRHIRenderer (11)
[2016.02.25-13.54.47:594][205]LogModuleManager: Shutting down and abandoning module OpenGLDrv (10)
[2016.02.25-13.54.47:617][205]LogModuleManager: Shutting down and abandoning module D3D11RHI (9)
[2016.02.25-13.54.47:617][205]LogModuleManager: Shutting down and abandoning module AnimGraphRuntime (8)
[2016.02.25-13.54.47:617][205]LogModuleManager: Shutting down and abandoning module Renderer (7)
[2016.02.25-13.54.47:617][205]LogModuleManager: Shutting down and abandoning module Engine (6)
[2016.02.25-13.54.47:617][205]LogModuleManager: Shutting down and abandoning module CoreUObject (5)
[2016.02.25-13.54.47:617][205]LogModuleManager: Shutting down and abandoning module NetworkFile (4)
[2016.02.25-13.54.47:617][205]LogModuleManager: Shutting down and abandoning module StreamingFile (3)
[2016.02.25-13.54.47:617][205]LogModuleManager: Shutting down and abandoning module SandboxFile (2)
[2016.02.25-13.54.47:617][205]LogModuleManager: Shutting down and abandoning module PakFile (1)
[2016.02.25-13.54.47:618][205]LogExit: Exiting.
[2016.02.25-13.54.47:620][205]Log file closed, 02/25/16 13:54:47
