[2016.02.22-15.17.39:732][  0]Log file open, 02/22/16 15:17:39
[2016.02.22-15.17.39:732][  0]LogInit:Display: Running engine for game: ForestTale
[2016.02.22-15.17.39:732][  0]LogPlatformFile: Not using cached read wrapper
[2016.02.22-15.17.39:732][  0]LogInit:Display: RandInit(69293619) SRandInit(69293622).
[2016.02.22-15.17.39:732][  0]LogTaskGraph: Started task graph with 4 named threads and 7 total threads.
[2016.02.22-15.17.39:733][  0]LogStats: Stats thread started at 3.138633
[2016.02.22-15.17.39:733][  0]LogInit: Version: 4.10.2-2818068+++depot+UE4-Releases+4.10
[2016.02.22-15.17.39:733][  0]LogInit: API Version: 2758231
[2016.02.22-15.17.39:733][  0]LogInit: Compiled (64-bit): Jan  6 2016 17:36:42
[2016.02.22-15.17.39:733][  0]LogInit: Compiled with Visual C++: 19.00.23026.00
[2016.02.22-15.17.39:733][  0]LogInit: Build Configuration: Development
[2016.02.22-15.17.39:733][  0]LogInit: Branch Name: ++depot+UE4-Releases+4.10
[2016.02.22-15.17.39:733][  0]LogInit: Command line:  
[2016.02.22-15.17.39:733][  0]LogInit: Base directory: E:/Programs/Epic Games/4.10/Engine/Binaries/Win64/
[2016.02.22-15.17.39:733][  0]LogInit: Rocket: 1
[2016.02.22-15.17.39:827][  0]LogInit: Using libcurl 7.41.0
[2016.02.22-15.17.39:827][  0]LogInit:  - built for x86_64-pc-win32
[2016.02.22-15.17.39:827][  0]LogInit:  - supports SSL with WinSSL
[2016.02.22-15.17.39:827][  0]LogInit:  - other features:
[2016.02.22-15.17.39:827][  0]LogInit:      CURL_VERSION_SSL
[2016.02.22-15.17.39:827][  0]LogInit:      CURL_VERSION_IPV6
[2016.02.22-15.17.39:828][  0]LogInit:      CURL_VERSION_ASYNCHDNS
[2016.02.22-15.17.39:828][  0]LogInit:      CURL_VERSION_LARGEFILE
[2016.02.22-15.17.39:828][  0]LogInit:      CURL_VERSION_IDN
[2016.02.22-15.17.39:829][  0]LogInit:  CurlRequestOptions (configurable via config and command line):
[2016.02.22-15.17.39:829][  0]LogInit:  - bVerifyPeer = true  - Libcurl will verify peer certificate
[2016.02.22-15.17.39:829][  0]LogInit:  - bUseHttpProxy = false  - Libcurl will NOT use HTTP proxy
[2016.02.22-15.17.39:829][  0]LogInit:  - bDontReuseConnections = false  - Libcurl will reuse connections
[2016.02.22-15.17.39:829][  0]LogInit:  - CertBundlePath = nullptr  - Libcurl will use whatever was configured at build time.
[2016.02.22-15.17.40:031][  0]LogInit: Presizing for 0 objects not considered by GC, pre-allocating 0 bytes.
[2016.02.22-15.17.40:206][  0]LogInit: Object subsystem initialized
[2016.02.22-15.17.40:416][  0]LogInit: Selected Device Profile: [Windows]
[2016.02.22-15.17.40:416][  0]LogInit: Applying CVar settings loaded from the selected device profile: [Windows]
[2016.02.22-15.17.40:502][  0]LogInit: Computer: JAC-PC
[2016.02.22-15.17.40:502][  0]LogInit: User: Jac
[2016.02.22-15.17.40:502][  0]LogInit: CPU Page size=4096, Cores=4
[2016.02.22-15.17.40:502][  0]LogInit: High frequency timer resolution =3.423917 MHz
[2016.02.22-15.17.40:502][  0]LogMemory: Memory total: Physical=7.9GB (8GB approx)
[2016.02.22-15.17.40:502][  0]LogMemory: Platform Memory Stats for Windows
[2016.02.22-15.17.40:502][  0]LogMemory: Process Physical Memory: 55.90 MB used, 55.90 MB peak
[2016.02.22-15.17.40:502][  0]LogMemory: Process Virtual Memory: 56.72 MB used, 56.72 MB peak
[2016.02.22-15.17.40:502][  0]LogMemory: Physical Memory: 4736.88 MB used, 8129.75 MB total
[2016.02.22-15.17.40:502][  0]LogMemory: Virtual Memory: 378.68 MB used, 134217728.00 MB total
[2016.02.22-15.17.41:571][  0]LogTextLocalizationManager: No specific translations for ('en-GB') exist, so ('en') translations will be used.
[2016.02.22-15.17.43:448][  0]LogD3D11RHI: Found D3D11 adapter 0: NVIDIA GeForce GTX 770 (Feature Level 11_0)
[2016.02.22-15.17.43:448][  0]LogD3D11RHI: Adapter has 4026MB of dedicated video memory, 0MB of dedicated system memory, and 4064MB of shared system memory, 2 output[s]
[2016.02.22-15.17.43:449][  0]LogD3D11RHI: Found D3D11 adapter 1: Microsoft Basic Render Driver (Feature Level 11_0)
[2016.02.22-15.17.43:449][  0]LogD3D11RHI: Adapter has 0MB of dedicated video memory, 0MB of dedicated system memory, and 4064MB of shared system memory, 0 output[s]
[2016.02.22-15.17.43:449][  0]LogD3D11RHI: Chosen D3D11 Adapter Id = 0
[2016.02.22-15.17.43:454][  0]LogD3D11RHI: !Direct3DDevice
[2016.02.22-15.17.43:454][  0]LogRHI: Texture pool is 1361 MB (70% of 1945 MB)
[2016.02.22-15.17.43:474][  0]LogD3D11RHI: Async texture creation enabled
[2016.02.22-15.17.44:315][  0]LogShaderCompilers: Guid format shader working directory is 3 characters bigger than the processId version (J:/Work/Uni/Year 2/Off The Map/ForestTale/Intermediate/Shaders/WorkingDirectory/1060/).
[2016.02.22-15.17.44:315][  0]LogShaderCompilers: Cleaned the shader compiler working directory 'C:/Users/Jac/AppData/Local/Temp/UnrealShaderWorkingDir/38B70298476DB45A9372BDBAC9622D2F/'.
[2016.02.22-15.17.44:319][  0]LogShaderCompilers:Display: Using Local Shader Compiler.
[2016.02.22-15.17.48:041][  0]LogTemp:Display: Loaded TP AllDesktopTargetPlatform
[2016.02.22-15.17.48:053][  0]LogTemp:Display: Loaded TP WindowsClientTargetPlatform
[2016.02.22-15.17.48:064][  0]LogTemp:Display: Loaded TP WindowsNoEditorTargetPlatform
[2016.02.22-15.17.48:075][  0]LogTemp:Display: Loaded TP WindowsServerTargetPlatform
[2016.02.22-15.17.48:090][  0]LogTemp:Display: Loaded TP WindowsTargetPlatform
[2016.02.22-15.17.48:100][  0]LogTemp:Display: Loaded TP Android_ASTCTargetPlatform
[2016.02.22-15.17.48:112][  0]LogTemp:Display: Loaded TP Android_ATCTargetPlatform
[2016.02.22-15.17.48:119][  0]LogTemp:Display: Loaded TP Android_DXTTargetPlatform
[2016.02.22-15.17.48:126][  0]LogTemp:Display: Loaded TP Android_ETC1TargetPlatform
[2016.02.22-15.17.48:134][  0]LogTemp:Display: Loaded TP Android_ETC2TargetPlatform
[2016.02.22-15.17.48:149][  0]LogTemp:Display: Loaded TP Android_MultiTargetPlatform
[2016.02.22-15.17.48:149][  0]LogTemp:Display: Loaded TP Android_PVRTCTargetPlatform
[2016.02.22-15.17.48:181][  0]LogTemp:Display: Loaded TP AndroidTargetPlatform
[2016.02.22-15.17.48:183][  0]LogTemp:Display: Loaded TP HTML5TargetPlatform
[2016.02.22-15.17.48:315][  0]LogTemp:Display: Loaded TP IOSTargetPlatform
[2016.02.22-15.17.48:329][  0]LogTemp:Display: Loaded TP LinuxNoEditorTargetPlatform
[2016.02.22-15.17.48:336][  0]LogTemp:Display: Loaded TP LinuxServerTargetPlatform
[2016.02.22-15.17.48:352][  0]LogTemp:Display: Loaded TP LinuxTargetPlatform
[2016.02.22-15.17.48:352][  0]LogTargetPlatformManager:Display: Building Assets For Windows
[2016.02.22-15.17.49:004][  0]LogDerivedDataCache:Display: Max Cache Size: 512 MB
[2016.02.22-15.17.49:218][  0]LogDerivedDataCache: Loaded boot cache 0.21s 41MB C:/Users/Jac/AppData/Local/UnrealEngine/4.10/DerivedDataCache/Boot.ddc.
[2016.02.22-15.17.49:218][  0]LogDerivedDataCache:Display: Loaded Boot cache: C:/Users/Jac/AppData/Local/UnrealEngine/4.10/DerivedDataCache/Boot.ddc
[2016.02.22-15.17.49:218][  0]LogDerivedDataCache: FDerivedDataBackendGraph:  Pak pak cache file J:/Work/Uni/Year 2/Off The Map/ForestTale/DerivedDataCache/DDC.ddp not found, will not use a pak cache.
[2016.02.22-15.17.49:218][  0]LogDerivedDataCache: Unable to find inner node Pak for hierarchical cache Hierarchy.
[2016.02.22-15.17.49:218][  0]LogDerivedDataCache: FDerivedDataBackendGraph:  CompressedPak pak cache file J:/Work/Uni/Year 2/Off The Map/ForestTale/DerivedDataCache/Compressed.ddp not found, will not use a pak cache.
[2016.02.22-15.17.49:218][  0]LogDerivedDataCache: Unable to find inner node CompressedPak for hierarchical cache Hierarchy.
[2016.02.22-15.17.49:355][  0]LogDerivedDataCache:Display: Pak cache opened for reading ../../../Engine/DerivedDataCache/Compressed.ddp.
[2016.02.22-15.17.49:367][  0]LogDerivedDataCache: Using Local data cache path C:/Users/Jac/AppData/Local/UnrealEngine/Common/DerivedDataCache: Writable
[2016.02.22-15.17.58:314][  0]LogInit: Selected Device Profile: [Windows]
[2016.02.22-15.17.58:396][  0]LogContentStreaming: Texture pool size is 0.000000MB
[2016.02.22-15.17.59:708][  0]LogMeshUtilities: No automatic mesh reduction module available
[2016.02.22-15.17.59:708][  0]LogMeshUtilities: No automatic mesh merging module available
[2016.02.22-15.18.02:985][  0]LogInit: WinSock: version 1.1 (2.2), MaxSocks=32767, MaxUdp=65467
[2016.02.22-15.18.18:330][  0]UdpMessaging: Initializing bridge on interface 0.0.0.0:0 to multicast group 230.0.0.1:6666.
[2016.02.22-15.18.18:464][  0]LogAssetRegistry: FAssetRegistry took 0.0137 seconds to start up
[2016.02.22-15.18.21:342][  0]SourceControl: Info Source control is disabled
[2016.02.22-15.18.21:349][  0]SourceControl: Info Source control is disabled
[2016.02.22-15.18.21:395][  0]SourceControl: Info Source control is disabled
[2016.02.22-15.18.21:425][  0]SourceControl: Info Source control is disabled
[2016.02.22-15.18.22:673][  0]LogObj: 28802 objects as part of root set at end of initial load.
[2016.02.22-15.18.22:673][  0]LogUObjectAllocator: 6129768 out of 0 bytes used by permanent object pool.
[2016.02.22-15.18.23:337][  0]LogEngine: Initializing Engine...
[2016.02.22-15.18.23:370][  0]LogHMD: Can't find Oculus library dev build: is proper Runtime installed? Version: 0.8.0.0
[2016.02.22-15.18.23:423][  0]LogHMD: SteamVR failed to initialize.  Err: 110
[2016.02.22-15.18.24:227][  0]LogAIModule: Creating AISystem for world NewWorld
[2016.02.22-15.18.24:491][  0]LogInit: XAudio2 using 'Speakers (Realtek High Definition Audio)' : 2 channels at 48 kHz using 32 bits per sample (channel mask 0x3)
[2016.02.22-15.18.24:529][  0]LogInit: FAudioDevice initialized.
[2016.02.22-15.18.24:549][  0]LogDerivedDataCache: Saved boot cache 0.02s 41MB C:/Users/Jac/AppData/Local/UnrealEngine/4.10/DerivedDataCache/Boot.ddc.
[2016.02.22-15.18.24:553][  0]LogInit: Texture streaming: Enabled
[2016.02.22-15.18.24:616][  0]LogAnalytics: Creating configured Analytics provider AnalyticsET
[2016.02.22-15.18.24:616][  0]LogAnalytics: [UEEditor.Rocket.Release] APIServer = http://et2.epicgames.com/ET2/. AppVersion = 4.10.2-2818068+++depot+UE4-Releases+4.10
[2016.02.22-15.18.24:616][  0]LogAnalytics: [UEEditor.Rocket.Release] SetUserId dd12ff064be2e9be779117ab2ef6d1ef|10581dceb00340ccaf11fbba5a70d17f|50ebcf47-d9ff-4ee8-b127-44504b2107d0
[2016.02.22-15.18.24:626][  0]LogAnalytics: [UEEditor.Rocket.Release] AnalyticsET::StartSession
[2016.02.22-15.18.24:751][  0]LogInit: Transaction tracking system initialized
[2016.02.22-15.18.25:129][  0]BlueprintLog: New page: Editor Load
[2016.02.22-15.18.26:296][  0]LocalizationService: Info Localization service is disabled
[2016.02.22-15.18.26:820][  0]LogLinker:Warning: Can't find file '/Game/FirstPersonBP/FirstPersonOverview'
[2016.02.22-15.18.26:821][  0]LogLinker:Warning: Can't find file '/Game/FirstPersonBP/FirstPersonOverview'
[2016.02.22-15.18.26:821][  0]LogUObjectGlobals:Warning: Failed to find object 'Class /Game/FirstPersonBP/FirstPersonOverview.FirstPersonOverview_C'
[2016.02.22-15.18.27:037][  0]LogConsoleResponse:Display: 
[2016.02.22-15.18.31:006][  0]LogFileCache: Scanning file cache for directory 'J:/Work/Uni/Year 2/Off The Map/ForestTale/Content/' took 0.03s
[2016.02.22-15.18.31:006][  0]LogCook:Display: Done creating registry. It took  0.00s.
[2016.02.22-15.18.35:858][  0]SourceControl: Info Source control is disabled
[2016.02.22-15.19.15:147][  0]LogWindowsTextInputMethodSystem:Display: IME system now deactivated.
[2016.02.22-15.19.15:202][  0]LogWindowsTextInputMethodSystem:Display: IME system now deactivated.
[2016.02.22-15.19.15:237][  0]Cmd: MAP LOAD FILE="../../../Engine/Content/Maps/Templates/Template_Default.umap" TEMPLATE=1 SHOWPROGRESS=1 FEATURELEVEL=3
[2016.02.22-15.19.15:267][  0]LightingResults: New page: Lighting Build
[2016.02.22-15.19.15:392][  0]MapCheck: New page: Map Check
[2016.02.22-15.19.15:392][  0]LightingResults: New page: Lighting Build
[2016.02.22-15.19.15:645][  0]LogParticles: Destroying 0 GPU particle simulations for FXSystem 0x000000F1F13D2AC0
[2016.02.22-15.19.16:791][  0]LogAIModule: Creating AISystem for world Untitled_1
[2016.02.22-15.19.17:138][  0]LogEditorServer: Finished looking for orphan Actors (0.000 secs)
[2016.02.22-15.19.17:211][  0]Cmd: MAP CHECKDEP NOCLEARLOG
[2016.02.22-15.19.17:238][  0]MapCheck: Info Map check complete: 0 Error(s), 0 Warning(s), took 27.406ms to complete.
[2016.02.22-15.19.17:238][  0]LogFileHelpers: Loading map 'Template_Default' took 2.005
[2016.02.22-15.19.18:457][  0]LogCollectionManager: Loaded 0 collections in 0.001336 seconds
[2016.02.22-15.19.18:667][  0]LogFileCache: Scanning file cache for directory 'J:/Work/Uni/Year 2/Off The Map/ForestTale/Saved/Collections/' took 0.01s
[2016.02.22-15.19.18:667][  0]LogFileCache: Scanning file cache for directory 'J:/Work/Uni/Year 2/Off The Map/ForestTale/Content/Developers/Jac/Collections/' took 0.01s
[2016.02.22-15.19.18:667][  0]LogFileCache: Scanning file cache for directory 'J:/Work/Uni/Year 2/Off The Map/ForestTale/Content/Collections/' took 0.01s
[2016.02.22-15.19.18:667][  0]LogCollectionManager: Rebuilt the GUID cache for 0 collections in 0.000005 seconds
[2016.02.22-15.19.18:687][  0]LogContentBrowser: Native class hierarchy populated in 0.0111 seconds. Added 1908 classes and 344 folders.
[2016.02.22-15.19.18:770][  0]LogContentBrowser: Native class hierarchy updated for 'WidgetCarousel' in 0.0004 seconds. Added 0 classes and 0 folders.
[2016.02.22-15.19.20:264][  0]LogContentBrowser: Native class hierarchy updated for 'AddContentDialog' in 0.0025 seconds. Added 0 classes and 0 folders.
[2016.02.22-15.19.20:326][  0]LogContentBrowser: Native class hierarchy updated for 'SceneOutliner' in 0.0006 seconds. Added 1 classes and 2 folders.
[2016.02.22-15.19.20:793][  0]LogCrashTracker: Crashtracker disabled due to settings.
[2016.02.22-15.19.21:024][  0]LogUObjectGlobals:Warning: Failed to find object 'Class None.'
[2016.02.22-15.19.21:099][  0]LogStats:Warning: MetaData mismatch. Did you assign a stat to two groups? New //STATGROUP_Threads//SplashScreenThread///Thread_8f8_0///####STATCAT_Advanced#### old //STATGROUP_Threads//SplashScreenThread///Thread_648_0///####STATCAT_Advanced####
[2016.02.22-15.19.21:099][  0]LogLoad: Full Startup: 108.25 seconds (BP compile: 0.60 seconds)
[2016.02.22-15.19.21:142][  0]LogOcInput: Can't find Oculus library dev build: is proper Runtime installed? Version: 0.8.0.0
[2016.02.22-15.19.21:858][  0]LogContentStreaming: Texture pool size now 1000 MB
[2016.02.22-15.19.22:437][  1]LogRenderer: Reallocating scene render targets to support 912x424 (Frame:2).
[2016.02.22-15.19.22:766][  5]LogAssetRegistry: Asset discovery search completed in 64.3135 seconds
[2016.02.22-15.19.22:796][  5]LogCollectionManager: Rebuilt the object cache for 0 collections in 0.000001 seconds (found 0 objects)
[2016.02.22-15.19.22:796][  5]LogCollectionManager: Fixed up redirectors for 0 collections in 0.017351 seconds (updated 0 objects)
[2016.02.22-15.19.24:765][164]LogRenderer: Reallocating scene render targets to support 1576x760 (Frame:166).
[2016.02.22-15.19.27:083][393]LogLinker:Warning: Asset 'J:/Work/Uni/Year 2/Off The Map/ForestTale/Content/Mannequin/Animations/ThirdPerson_AnimBP.uasset' has been saved with empty engine version. The asset will be loaded but may be incompatible.
[2016.02.22-15.19.27:088][393]LogLinker:Warning: Asset 'J:/Work/Uni/Year 2/Off The Map/ForestTale/Content/Mannequin/Animations/ThirdPerson_Jump.uasset' has been saved with empty engine version. The asset will be loaded but may be incompatible.
[2016.02.22-15.19.27:102][393]LogLinker:Warning: Asset 'J:/Work/Uni/Year 2/Off The Map/ForestTale/Content/Mannequin/Animations/ThirdPersonJump_Loop.uasset' has been saved with empty engine version. The asset will be loaded but may be incompatible.
[2016.02.22-15.19.27:106][393]LogLinker:Warning: Asset 'J:/Work/Uni/Year 2/Off The Map/ForestTale/Content/Mannequin/Animations/ThirdPersonJump_Start.uasset' has been saved with empty engine version. The asset will be loaded but may be incompatible.
[2016.02.22-15.19.27:109][393]LogLinker:Warning: Asset 'J:/Work/Uni/Year 2/Off The Map/ForestTale/Content/Mannequin/Animations/ThirdPerson_IdleRun_2D.uasset' has been saved with empty engine version. The asset will be loaded but may be incompatible.
[2016.02.22-15.19.27:116][393]LogLinker:Warning: Asset 'J:/Work/Uni/Year 2/Off The Map/ForestTale/Content/Mannequin/Animations/ThirdPersonIdle.uasset' has been saved with empty engine version. The asset will be loaded but may be incompatible.
[2016.02.22-15.19.27:119][393]LogLinker:Warning: Asset 'J:/Work/Uni/Year 2/Off The Map/ForestTale/Content/Mannequin/Animations/ThirdPersonRun.uasset' has been saved with empty engine version. The asset will be loaded but may be incompatible.
[2016.02.22-15.19.27:122][393]LogLinker:Warning: Asset 'J:/Work/Uni/Year 2/Off The Map/ForestTale/Content/Mannequin/Animations/ThirdPersonWalk.uasset' has been saved with empty engine version. The asset will be loaded but may be incompatible.
[2016.02.22-15.19.28:667][393]LogAIModule: Creating AISystem for world ThirdPersonExampleMap
[2016.02.22-15.19.28:819][393]Cmd: MAP LOAD FILE="J:/Work/Uni/Year 2/Off The Map/ForestTale/Content/Maps/ThirdPersonExampleMap.umap" TEMPLATE=0 SHOWPROGRESS=1 FEATURELEVEL=3
[2016.02.22-15.19.28:819][393]LightingResults: New page: Lighting Build
[2016.02.22-15.19.28:840][393]LoadErrors: New page: Loading map: ThirdPersonExampleMap.umap
[2016.02.22-15.19.28:852][393]MapCheck: New page: Map Check
[2016.02.22-15.19.28:852][393]LightingResults: New page: Lighting Build
[2016.02.22-15.19.28:889][393]LogParticles: Destroying 0 GPU particle simulations for FXSystem 0x000000F1EABAAFC0
[2016.02.22-15.19.28:985][393]LogEditorServer: Finished looking for orphan Actors (0.000 secs)
[2016.02.22-15.19.29:028][393]Cmd: MAP CHECKDEP NOCLEARLOG
[2016.02.22-15.19.29:057][393]MapCheck: Info Map check complete: 0 Error(s), 0 Warning(s), took 28.122ms to complete.
[2016.02.22-15.19.29:057][393]LogFileHelpers: Loading map 'ThirdPersonExampleMap' took 0.259
[2016.02.22-15.19.47:055][170]LogEditorFactories: Performing atomic reimport of [C:/Users/Jac/Google Drive/Off The Map Project Shared/Production/Environment/Jac/Exports/grass1.fbx]
[2016.02.22-15.19.47:400][170]LogFbx: Loading FBX Scene from C:/Users/Jac/Google Drive/Off The Map Project Shared/Production/Environment/Jac/Exports/grass1.fbx
[2016.02.22-15.19.47:565][170]LogFbx: FBX Scene Loaded Succesfully
[2016.02.22-15.19.47:665][170]LogFbx:Warning: Warning Warning: No smoothing group information was found in this FBX scene.  Please make sure to enable the 'Export Smoothing Groups' option in the FBX Exporter plug-in before exporting the file.  Even for tools that don't support smoothing groups, the FBX Exporter will generate appropriate smoothing data at export-time so that correct vertex normals can be inferred while importing.
[2016.02.22-15.19.47:676][170]LogFbx:Warning: Triangulating static mesh grass1
[2016.02.22-15.19.47:900][170]LogStaticMesh: Building static mesh grass_group1...
[2016.02.22-15.19.47:929][170]LogStaticMesh: Built static mesh [0.031120.2s] /Game/Assets/Foliage/grass_group1.grass_group1
[2016.02.22-15.19.47:948][170]LogEditorFactories: -- imported successfully
[2016.02.22-15.19.47:965][170]LogStaticMesh: Building static mesh grass_group1...
[2016.02.22-15.19.47:976][170]LogStaticMesh: Built static mesh [0.011996.2s] /Game/Assets/Foliage/grass_group1.grass_group1
[2016.02.22-15.20.06:234][906]LogEditorFactories: Performing atomic reimport of [C:/Users/Jac/Google Drive/Off The Map Project Shared/Production/Environment/Jac/Exports/grass1.fbx]
[2016.02.22-15.20.06:326][906]LogFbx: Loading FBX Scene from C:/Users/Jac/Google Drive/Off The Map Project Shared/Production/Environment/Jac/Exports/grass1.fbx
[2016.02.22-15.20.06:392][906]LogFbx: FBX Scene Loaded Succesfully
[2016.02.22-15.20.06:413][906]LogFbx:Warning: Warning Warning: No smoothing group information was found in this FBX scene.  Please make sure to enable the 'Export Smoothing Groups' option in the FBX Exporter plug-in before exporting the file.  Even for tools that don't support smoothing groups, the FBX Exporter will generate appropriate smoothing data at export-time so that correct vertex normals can be inferred while importing.
[2016.02.22-15.20.06:413][906]LogFbx:Warning: Triangulating static mesh grass1
[2016.02.22-15.20.06:441][906]LogStaticMesh: Building static mesh grass_group1...
[2016.02.22-15.20.06:442][906]LogStaticMesh: Built static mesh [0.001737.2s] /Game/Assets/Foliage/grass_group1.grass_group1
[2016.02.22-15.20.06:453][906]LogEditorFactories: -- imported successfully
[2016.02.22-15.20.06:456][906]LogStaticMesh: Building static mesh grass_group1...
[2016.02.22-15.20.06:470][906]LogStaticMesh: Built static mesh [0.013919.2s] /Game/Assets/Foliage/grass_group1.grass_group1
[2016.02.22-15.20.16:142][577]LogEditorViewport: Clicking on Actor (LMB): InstancedFoliageActor (InstancedFoliageActor)
[2016.02.22-15.20.18:903][715]Cmd: DELETE
[2016.02.22-15.20.18:903][715]Cmd: ACTOR DELETE
[2016.02.22-15.20.19:037][715]LogEditorActor: Deleted Actor: InstancedFoliageActor
[2016.02.22-15.20.19:075][715]LogActorComponent: UnregisterComponent: (/Engine/Transient.CharMoveComp) Not registered. Aborting.
[2016.02.22-15.20.19:089][715]LogEditorActor: Deleted 1 Actors (0.071 secs)
[2016.02.22-15.20.23:245][ 36]LogActorFactory: Actor Factory created grass_group1
[2016.02.22-15.20.24:284][107]LogActorFactory: Actor Factory created grass_group1
[2016.02.22-15.20.29:315][458]Cmd: TRANSACTION UNDO
[2016.02.22-15.20.29:315][458]LogEditorTransaction: Undo Move Actors
[2016.02.22-15.20.43:654][ 57]Cmd: OBJ SAVEPACKAGE PACKAGE="/Game/Assets/Foliage/grass1" FILE="J:/Work/Uni/Year 2/Off The Map/ForestTale/Content/Assets/Foliage/grass1.uasset" SILENT=true
[2016.02.22-15.20.43:701][ 57]LogSavePackage: Save=44.291668ms
[2016.02.22-15.20.43:701][ 57]LogSavePackage: Moving 'J:/Work/Uni/Year 2/Off The Map/ForestTale/Saved/grass14C8072884135EFEE165D14B11410CFF6.tmp' to 'J:/Work/Uni/Year 2/Off The Map/ForestTale/Content/Assets/Foliage/grass1.uasset'
[2016.02.22-15.20.43:703][ 57]LogSavePackage: Total save time: 48.629101ms
[2016.02.22-15.20.43:703][ 57]LogSavePackage:Display: Finished SavePackage J:/Work/Uni/Year 2/Off The Map/ForestTale/Content/Assets/Foliage/grass1.uasset
[2016.02.22-15.20.43:710][ 57]Cmd: OBJ SAVEPACKAGE PACKAGE="/Game/Assets/Foliage/grass_group1" FILE="J:/Work/Uni/Year 2/Off The Map/ForestTale/Content/Assets/Foliage/grass_group1.uasset" SILENT=true
[2016.02.22-15.20.43:720][ 57]LogSavePackage: Save=2.492759ms
[2016.02.22-15.20.43:720][ 57]LogSavePackage: Moving 'J:/Work/Uni/Year 2/Off The Map/ForestTale/Saved/grass_group12F5307E743E85B988323BF9D134734D5.tmp' to 'J:/Work/Uni/Year 2/Off The Map/ForestTale/Content/Assets/Foliage/grass_group1.uasset'
[2016.02.22-15.20.43:721][ 57]LogSavePackage: Total save time: 8.874338ms
[2016.02.22-15.20.43:721][ 57]LogSavePackage:Display: Finished SavePackage J:/Work/Uni/Year 2/Off The Map/ForestTale/Content/Assets/Foliage/grass_group1.uasset
[2016.02.22-15.20.45:900][279]LogEditorFactories: Performing atomic reimport of [C:/Users/Jac/Google Drive/Off The Map Project Shared/Production/Environment/Jac/Exports/grass1.fbx]
[2016.02.22-15.20.46:002][279]LogFbx: Loading FBX Scene from C:/Users/Jac/Google Drive/Off The Map Project Shared/Production/Environment/Jac/Exports/grass1.fbx
[2016.02.22-15.20.46:070][279]LogFbx: FBX Scene Loaded Succesfully
[2016.02.22-15.20.46:092][279]LogFbx:Warning: Warning Warning: No smoothing group information was found in this FBX scene.  Please make sure to enable the 'Export Smoothing Groups' option in the FBX Exporter plug-in before exporting the file.  Even for tools that don't support smoothing groups, the FBX Exporter will generate appropriate smoothing data at export-time so that correct vertex normals can be inferred while importing.
[2016.02.22-15.20.46:092][279]LogFbx:Warning: Triangulating static mesh grass1
[2016.02.22-15.20.46:124][279]LogStaticMesh: Building static mesh grass1...
[2016.02.22-15.20.46:125][279]LogStaticMesh: Built static mesh [0.001605.2s] /Game/Assets/Foliage/grass1.grass1
[2016.02.22-15.20.46:140][279]LogEditorFactories: -- imported successfully
[2016.02.22-15.20.46:142][279]LogStaticMesh: Building static mesh grass1...
[2016.02.22-15.20.46:161][279]LogStaticMesh: Built static mesh [0.018303.2s] /Game/Assets/Foliage/grass1.grass1
[2016.02.22-15.20.57:010][100]Cmd: TRANSACTION UNDO
[2016.02.22-15.20.57:010][100]LogEditorTransaction: Undo Foliage Editing
[2016.02.22-15.20.59:505][228]LogTexture:Display: Building textures: Texture2D_2 (G8)
[2016.02.22-15.21.00:158][262]LogEditorViewport: Clicking on Actor (LMB): StaticMeshActor (grass_group1)
[2016.02.22-15.21.02:591][460]LogEditorViewport: Clicking on Actor (LMB): StaticMeshActor (grass_group1)
[2016.02.22-15.21.03:208][508]Cmd: DELETE
[2016.02.22-15.21.03:208][508]Cmd: ACTOR DELETE
[2016.02.22-15.21.03:208][508]LogEditorActor: Deleted Actor: StaticMeshActor
[2016.02.22-15.21.03:208][508]LogActorComponent: UnregisterComponent: (/Engine/Transient.CharMoveComp) Not registered. Aborting.
[2016.02.22-15.21.03:269][508]LogEditorActor: Deleted 1 Actors (0.062 secs)
[2016.02.22-15.21.19:678][711]Cmd: TRANSACTION UNDO
[2016.02.22-15.21.19:678][711]LogEditorTransaction: Undo Foliage Editing
[2016.02.22-15.21.31:276][532]Cmd: TRANSACTION UNDO
[2016.02.22-15.21.31:276][532]LogEditorTransaction: Undo Foliage Editing
[2016.02.22-15.21.39:452][111]Cmd: TRANSACTION UNDO
[2016.02.22-15.21.39:452][111]LogEditorTransaction: Undo Foliage Editing
[2016.02.22-15.21.51:518][988]Cmd: TRANSACTION UNDO
[2016.02.22-15.21.51:518][988]LogEditorTransaction: Undo Foliage Editing
[2016.02.22-15.22.15:576][691]Cmd: TRANSACTION UNDO
[2016.02.22-15.22.15:576][691]LogEditorTransaction: Undo Foliage Editing
[2016.02.22-15.22.32:295][  3]Cmd: TRANSACTION UNDO
[2016.02.22-15.22.32:295][  3]LogEditorTransaction: Undo Foliage Editing
[2016.02.22-15.22.35:697][194]Cmd: TRANSACTION UNDO
[2016.02.22-15.22.35:697][194]LogEditorTransaction: Undo Foliage Editing
[2016.02.22-15.22.36:611][253]Cmd: TRANSACTION UNDO
[2016.02.22-15.22.36:611][253]LogEditorTransaction: Undo Foliage Editing
[2016.02.22-15.22.41:458][567]LogBlueprintUserMessages: Early PlayInEditor Detection: Level '/Game/Maps/ThirdPersonExampleMap.ThirdPersonExampleMap:PersistentLevel' has LevelScriptBlueprint '/Game/Maps/ThirdPersonExampleMap.ThirdPersonExampleMap:PersistentLevel.ThirdPersonExampleMap' with GeneratedClass '/Game/Maps/ThirdPersonExampleMap.ThirdPersonExampleMap_C' with ClassGeneratedBy '/Game/Maps/ThirdPersonExampleMap.ThirdPersonExampleMap:PersistentLevel.ThirdPersonExampleMap'
[2016.02.22-15.22.41:458][567]LogPlayLevel: PlayLevel: No blueprints needed recompiling
[2016.02.22-15.22.41:488][567]PIE: New page: PIE session: ThirdPersonExampleMap (22 Feb 2016 15:22:41)
[2016.02.22-15.22.41:510][567]LogPlayLevel: Creating play world package: /Game/Maps/UEDPIE_0_ThirdPersonExampleMap
[2016.02.22-15.22.41:544][567]LogPlayLevel: PIE: StaticDuplicateObject took: (0.034559s)
[2016.02.22-15.22.41:545][567]LogAIModule: Creating AISystem for world ThirdPersonExampleMap
[2016.02.22-15.22.41:545][567]LogPlayLevel: PIE: World Init took: (0.000931s)
[2016.02.22-15.22.41:545][567]LogPlayLevel: PIE: Created PIE world by copying editor world from /Game/Maps/ThirdPersonExampleMap.ThirdPersonExampleMap to /Game/Maps/UEDPIE_0_ThirdPersonExampleMap.ThirdPersonExampleMap (0.056962s)
[2016.02.22-15.22.41:567][567]LogInit: XAudio2 using 'Speakers (Realtek High Definition Audio)' : 2 channels at 48 kHz using 32 bits per sample (channel mask 0x3)
[2016.02.22-15.22.41:583][567]LogInit: FAudioDevice initialized.
[2016.02.22-15.22.41:711][567]LogWorld: Game class is 'GameMode'
[2016.02.22-15.22.41:745][567]LogWorld: Bringing World /Game/Maps/UEDPIE_0_ThirdPersonExampleMap.ThirdPersonExampleMap up for play (max tick rate 0) at 2016.02.22-15.22.41
[2016.02.22-15.22.41:745][567]LogActor:Warning: GameSession /Game/Maps/UEDPIE_0_ThirdPersonExampleMap.ThirdPersonExampleMap:PersistentLevel.GameSession_0 has natively added scene component(s), but none of them were set as the actor's RootComponent - picking one arbitrarily
[2016.02.22-15.22.41:746][567]LogActor:Warning: GameNetworkManager /Game/Maps/UEDPIE_0_ThirdPersonExampleMap.ThirdPersonExampleMap:PersistentLevel.GameNetworkManager_0 has natively added scene component(s), but none of them were set as the actor's RootComponent - picking one arbitrarily
[2016.02.22-15.22.41:784][567]LogWorld: Bringing up level for play took: 0.049756
[2016.02.22-15.22.41:851][567]PIE: Info Play in editor start time for /Game/Maps/UEDPIE_0_ThirdPersonExampleMap 0.648
[2016.02.22-15.22.41:852][567]LogBlueprintUserMessages: Late PlayInEditor Detection: Level '/Game/Maps/ThirdPersonExampleMap.ThirdPersonExampleMap:PersistentLevel' has LevelScriptBlueprint '/Game/Maps/ThirdPersonExampleMap.ThirdPersonExampleMap:PersistentLevel.ThirdPersonExampleMap' with GeneratedClass '/Game/Maps/ThirdPersonExampleMap.ThirdPersonExampleMap_C' with ClassGeneratedBy '/Game/Maps/ThirdPersonExampleMap.ThirdPersonExampleMap:PersistentLevel.ThirdPersonExampleMap'
[2016.02.22-15.22.43:950][744]LogBlueprintUserMessages: Early EndPlayMap Detection: Level '/Game/Maps/ThirdPersonExampleMap.ThirdPersonExampleMap:PersistentLevel' has LevelScriptBlueprint '/Game/Maps/ThirdPersonExampleMap.ThirdPersonExampleMap:PersistentLevel.ThirdPersonExampleMap' with GeneratedClass '/Game/Maps/ThirdPersonExampleMap.ThirdPersonExampleMap_C' with ClassGeneratedBy '/Game/Maps/ThirdPersonExampleMap.ThirdPersonExampleMap:PersistentLevel.ThirdPersonExampleMap'
[2016.02.22-15.22.44:025][744]LogBlueprintUserMessages: Late EndPlayMap Detection: Level '/Game/Maps/ThirdPersonExampleMap.ThirdPersonExampleMap:PersistentLevel' has LevelScriptBlueprint '/Game/Maps/ThirdPersonExampleMap.ThirdPersonExampleMap:PersistentLevel.ThirdPersonExampleMap' with GeneratedClass '/Game/Maps/ThirdPersonExampleMap.ThirdPersonExampleMap_C' with ClassGeneratedBy '/Game/Maps/ThirdPersonExampleMap.ThirdPersonExampleMap:PersistentLevel.ThirdPersonExampleMap'
[2016.02.22-15.22.44:065][745]LogParticles: Destroying 0 GPU particle simulations for FXSystem 0x000000F1E66F9300
[2016.02.22-15.22.45:313][842]MapCheck: New page: Map Check
[2016.02.22-15.22.45:507][842]Cmd: MAP REBUILD ALLVISIBLE
[2016.02.22-15.22.45:524][842]LogEditorServer: Rebuildmap Clear paths rebuilt
[2016.02.22-15.22.45:652][842]MapCheck:Warning: Warning WorldInfo_0 Hierarchical LOD System is disabled or no HLOD level settings available, unable to build LOD actors. 
[2016.02.22-15.22.45:652][842]LogStats:          STAT_HLOD_BuildClusters - 16.617 ms
[2016.02.22-15.22.45:665][842]LightingResults: New page: Lighting Build - 22 Feb 2016 15:22:45
[2016.02.22-15.22.49:216][842]LogStaticLightingSystem: Running Lightmass w/ ImmediateImport mode ENABLED
[2016.02.22-15.22.49:216][842]LogStaticLightingSystem: Running Lightmass w/ ImmediateProcess mode ENABLED
[2016.02.22-15.22.49:216][842]LogStaticLightingSystem: Running Lightmass w/ Sorting mode ENABLED
[2016.02.22-15.22.49:216][842]LogStaticLightingSystem: Running Lightmass w/ Mapping paddings ENABLED
[2016.02.22-15.22.49:216][842]LogStaticLightingSystem: Running Lightmass w/ Mapping debug paddings DISABLED
[2016.02.22-15.22.49:410][842]LogEditorBuildUtils: Build time 0:00:04
[2016.02.22-15.22.49:465][843]LogMaterial: Missing cached shader map for material FLightmassMaterialRenderer RampMaterial, compiling. 
[2016.02.22-15.22.49:502][843]LogMaterial: Missing cached shader map for material FLightmassMaterialRenderer RampMaterial, compiling. 
[2016.02.22-15.22.49:559][844]LogMaterial: Missing cached shader map for material FLightmassMaterialRenderer CubeMaterial, compiling. 
[2016.02.22-15.22.49:563][844]LogMaterial: Missing cached shader map for material FLightmassMaterialRenderer CubeMaterial, compiling. 
[2016.02.22-15.22.49:568][844]LogMaterial: Missing cached shader map for material FLightmassMaterialRenderer grass_Inst, compiling. 
[2016.02.22-15.22.49:608][844]LogMaterial: Missing cached shader map for material FLightmassMaterialRenderer grass_Inst, compiling. 
[2016.02.22-15.22.49:611][844]LogMaterial: Missing cached shader map for material FLightmassMaterialRenderer grass_Inst, compiling. 
[2016.02.22-15.22.59:642][321]Job is a success!
[2016.02.22-15.23.00:609][322]LogTexture:Display: Building textures: SkyOcclusion0_1 (AutoDXT)
[2016.02.22-15.23.00:791][322]LogTexture:Display: Building textures: LQ_Lightmap_0_6 (DXT1)
[2016.02.22-15.23.00:795][322]LogTexture:Display: Building textures: HQ_Lightmap1_6 (AutoDXT)
[2016.02.22-15.23.00:795][322]LogTexture:Display: Building textures: SkyOcclusion0_6 (AutoDXT)
[2016.02.22-15.23.00:798][322]LogTexture:Display: Building textures: LQ_Lightmap_0_5 (DXT1)
[2016.02.22-15.23.00:816][322]LogTexture:Display: Building textures: HQ_Lightmap1_5 (AutoDXT)
[2016.02.22-15.23.00:863][322]LogTexture:Display: Building textures: SkyOcclusion0_5 (AutoDXT)
[2016.02.22-15.23.00:888][322]LogTexture:Display: Building textures: LQ_Lightmap_0_4 (DXT1)
[2016.02.22-15.23.00:906][322]LogTexture:Display: Building textures: HQ_Lightmap1_4 (AutoDXT)
[2016.02.22-15.23.00:937][322]LogTexture:Display: Building textures: SkyOcclusion0_4 (AutoDXT)
[2016.02.22-15.23.00:962][322]LogTexture:Display: Building textures: LQ_Lightmap_0_3 (DXT1)
[2016.02.22-15.23.00:980][322]LogTexture:Display: Building textures: HQ_Lightmap1_3 (AutoDXT)
[2016.02.22-15.23.01:017][322]LogTexture:Display: Building textures: SkyOcclusion0_3 (AutoDXT)
[2016.02.22-15.23.01:040][322]LogTexture:Display: Building textures: LQ_Lightmap_0_2 (DXT1)
[2016.02.22-15.23.01:204][322]LogTexture:Display: Building textures: HQ_Lightmap1_2 (AutoDXT)
[2016.02.22-15.23.01:493][322]LogTexture:Display: Building textures: SkyOcclusion0_2 (AutoDXT)
[2016.02.22-15.23.01:630][322]LogTexture:Display: Building textures: LQ_Lightmap_0_1 (DXT1)
[2016.02.22-15.23.01:713][322]LogTexture:Display: Building textures: HQ_Lightmap1_1 (AutoDXT)
[2016.02.22-15.23.01:967][322]Lightmass on JAC-PC: 10.0 sec total, 101 ms importing, 32 ms setup, 370 ms photons, 9.55 sec processing, 0 ms extra exporting [1774/1774 mappings]. Threads: 1:06 min total, 35.3 sec processing.
[2016.02.22-15.23.02:044][322]LogStaticLightingSystem: Illumination: 16.2 sec (1.51 sec encoding lightmaps)
[2016.02.22-15.23.02:044][322]LogStaticLightingSystem: Lightmap texture memory:  3.7 MB (3.7 MB streaming, 0.0 MB non-streaming), 12 textures
[2016.02.22-15.23.02:044][322]LogStaticLightingSystem: Shadowmap texture memory: 0.0 MB (0.0 MB streaming, 0.0 MB non-streaming), 0 textures
[2016.02.22-15.23.07:234][323]Cmd: MAP CHECK NOTIFYRESULTS
[2016.02.22-15.23.07:234][323]MapCheck: New page: ThirdPersonExampleMap - 22 Feb 2016 15:23:07
[2016.02.22-15.23.07:306][323]MapCheck: Info Map check complete: 0 Error(s), 0 Warning(s), took 72.139ms to complete.
[2016.02.22-15.23.07:311][323]LogEditorViewport: Clicking on Actor (context menu): ThirdPersonCharacter_C (ThirdPersonCharacter)
[2016.02.22-15.23.10:867][571]LogBlueprintUserMessages: Early PlayInEditor Detection: Level '/Game/Maps/ThirdPersonExampleMap.ThirdPersonExampleMap:PersistentLevel' has LevelScriptBlueprint '/Game/Maps/ThirdPersonExampleMap.ThirdPersonExampleMap:PersistentLevel.ThirdPersonExampleMap' with GeneratedClass '/Game/Maps/ThirdPersonExampleMap.ThirdPersonExampleMap_C' with ClassGeneratedBy '/Game/Maps/ThirdPersonExampleMap.ThirdPersonExampleMap:PersistentLevel.ThirdPersonExampleMap'
[2016.02.22-15.23.10:867][571]LogPlayLevel: PlayLevel: No blueprints needed recompiling
[2016.02.22-15.23.10:867][571]PIE: New page: PIE session: ThirdPersonExampleMap (22 Feb 2016 15:23:10)
[2016.02.22-15.23.10:867][571]LogPlayLevel: Creating play world package: /Game/Maps/UEDPIE_0_ThirdPersonExampleMap
[2016.02.22-15.23.10:889][571]LogPlayLevel: PIE: StaticDuplicateObject took: (0.020710s)
[2016.02.22-15.23.10:889][571]LogAIModule: Creating AISystem for world ThirdPersonExampleMap
[2016.02.22-15.23.10:890][571]LogPlayLevel: PIE: World Init took: (0.000901s)
[2016.02.22-15.23.10:890][571]LogPlayLevel: PIE: Created PIE world by copying editor world from /Game/Maps/ThirdPersonExampleMap.ThirdPersonExampleMap to /Game/Maps/UEDPIE_0_ThirdPersonExampleMap.ThirdPersonExampleMap (0.021844s)
[2016.02.22-15.23.10:913][571]LogInit: XAudio2 using 'Speakers (Realtek High Definition Audio)' : 2 channels at 48 kHz using 32 bits per sample (channel mask 0x3)
[2016.02.22-15.23.10:929][571]LogInit: FAudioDevice initialized.
[2016.02.22-15.23.10:963][571]LogWorld: Game class is 'GameMode'
[2016.02.22-15.23.10:968][571]LogWorld: Bringing World /Game/Maps/UEDPIE_0_ThirdPersonExampleMap.ThirdPersonExampleMap up for play (max tick rate 0) at 2016.02.22-15.23.10
[2016.02.22-15.23.10:968][571]LogActor:Warning: GameSession /Game/Maps/UEDPIE_0_ThirdPersonExampleMap.ThirdPersonExampleMap:PersistentLevel.GameSession_1 has natively added scene component(s), but none of them were set as the actor's RootComponent - picking one arbitrarily
[2016.02.22-15.23.10:969][571]LogActor:Warning: GameNetworkManager /Game/Maps/UEDPIE_0_ThirdPersonExampleMap.ThirdPersonExampleMap:PersistentLevel.GameNetworkManager_1 has natively added scene component(s), but none of them were set as the actor's RootComponent - picking one arbitrarily
[2016.02.22-15.23.10:969][571]LogWorld: Bringing up level for play took: 0.005448
[2016.02.22-15.23.10:970][571]PIE: Info Play in editor start time for /Game/Maps/UEDPIE_0_ThirdPersonExampleMap -0.234
[2016.02.22-15.23.10:970][571]LogBlueprintUserMessages: Late PlayInEditor Detection: Level '/Game/Maps/ThirdPersonExampleMap.ThirdPersonExampleMap:PersistentLevel' has LevelScriptBlueprint '/Game/Maps/ThirdPersonExampleMap.ThirdPersonExampleMap:PersistentLevel.ThirdPersonExampleMap' with GeneratedClass '/Game/Maps/ThirdPersonExampleMap.ThirdPersonExampleMap_C' with ClassGeneratedBy '/Game/Maps/ThirdPersonExampleMap.ThirdPersonExampleMap:PersistentLevel.ThirdPersonExampleMap'
[2016.02.22-15.23.32:915][ 11]LogBlueprintUserMessages: Early EndPlayMap Detection: Level '/Game/Maps/ThirdPersonExampleMap.ThirdPersonExampleMap:PersistentLevel' has LevelScriptBlueprint '/Game/Maps/ThirdPersonExampleMap.ThirdPersonExampleMap:PersistentLevel.ThirdPersonExampleMap' with GeneratedClass '/Game/Maps/ThirdPersonExampleMap.ThirdPersonExampleMap_C' with ClassGeneratedBy '/Game/Maps/ThirdPersonExampleMap.ThirdPersonExampleMap:PersistentLevel.ThirdPersonExampleMap'
[2016.02.22-15.23.32:953][ 11]LogBlueprintUserMessages: Late EndPlayMap Detection: Level '/Game/Maps/ThirdPersonExampleMap.ThirdPersonExampleMap:PersistentLevel' has LevelScriptBlueprint '/Game/Maps/ThirdPersonExampleMap.ThirdPersonExampleMap:PersistentLevel.ThirdPersonExampleMap' with GeneratedClass '/Game/Maps/ThirdPersonExampleMap.ThirdPersonExampleMap_C' with ClassGeneratedBy '/Game/Maps/ThirdPersonExampleMap.ThirdPersonExampleMap:PersistentLevel.ThirdPersonExampleMap'
[2016.02.22-15.23.32:981][ 12]LogParticles: Destroying 0 GPU particle simulations for FXSystem 0x000000F1D2EA5440
[2016.02.22-15.23.40:397][577]Cmd: TRANSACTION UNDO
[2016.02.22-15.23.40:397][577]LogEditorTransaction: Undo Clicking on Actors (context menu)
[2016.02.22-15.23.45:059][879]LogEditorViewport: Clicking on Actor (context menu): InstancedFoliageActor (InstancedFoliageActor1)
[2016.02.22-15.23.48:870][138]LogEditorViewport: Clicking on Actor (LMB): InstancedFoliageActor (InstancedFoliageActor1)
[2016.02.22-15.23.49:640][190]Cmd: DELETE
[2016.02.22-15.23.49:640][190]Cmd: ACTOR DELETE
[2016.02.22-15.23.49:641][190]LogEditorActor: Deleted Actor: InstancedFoliageActor
[2016.02.22-15.23.49:641][190]LogActorComponent: UnregisterComponent: (/Engine/Transient.CharMoveComp) Not registered. Aborting.
[2016.02.22-15.23.49:652][190]LogEditorActor: Deleted 1 Actors (0.011 secs)
[2016.02.22-15.23.51:810][370]Cmd: TRANSACTION UNDO
[2016.02.22-15.23.51:810][370]LogEditorTransaction: Undo Delete Actors
[2016.02.22-15.24.23:911][582]Cmd: TRANSACTION UNDO
[2016.02.22-15.24.23:911][582]LogEditorTransaction: Undo Foliage Editing
[2016.02.22-15.24.25:727][702]Cmd: TRANSACTION UNDO
[2016.02.22-15.24.25:727][702]LogEditorTransaction: Undo Foliage Editing
[2016.02.22-15.24.34:876][336]Cmd: TRANSACTION UNDO
[2016.02.22-15.24.34:876][336]LogEditorTransaction: Undo Foliage Editing
[2016.02.22-15.25.07:522][440]Cmd: TRANSACTION UNDO
[2016.02.22-15.25.07:522][440]LogEditorTransaction: Undo Foliage Editing
[2016.02.22-15.25.15:976][ 13]LogBlueprintUserMessages: Early PlayInEditor Detection: Level '/Game/Maps/ThirdPersonExampleMap.ThirdPersonExampleMap:PersistentLevel' has LevelScriptBlueprint '/Game/Maps/ThirdPersonExampleMap.ThirdPersonExampleMap:PersistentLevel.ThirdPersonExampleMap' with GeneratedClass '/Game/Maps/ThirdPersonExampleMap.ThirdPersonExampleMap_C' with ClassGeneratedBy '/Game/Maps/ThirdPersonExampleMap.ThirdPersonExampleMap:PersistentLevel.ThirdPersonExampleMap'
[2016.02.22-15.25.15:976][ 13]LogPlayLevel: PlayLevel: No blueprints needed recompiling
[2016.02.22-15.25.15:976][ 13]PIE: New page: PIE session: ThirdPersonExampleMap (22 Feb 2016 15:25:15)
[2016.02.22-15.25.15:976][ 13]LogPlayLevel: Creating play world package: /Game/Maps/UEDPIE_0_ThirdPersonExampleMap
[2016.02.22-15.25.16:009][ 13]LogPlayLevel: PIE: StaticDuplicateObject took: (0.032797s)
[2016.02.22-15.25.16:010][ 13]LogAIModule: Creating AISystem for world ThirdPersonExampleMap
[2016.02.22-15.25.16:010][ 13]LogPlayLevel: PIE: World Init took: (0.000898s)
[2016.02.22-15.25.16:010][ 13]LogPlayLevel: PIE: Created PIE world by copying editor world from /Game/Maps/ThirdPersonExampleMap.ThirdPersonExampleMap to /Game/Maps/UEDPIE_0_ThirdPersonExampleMap.ThirdPersonExampleMap (0.033948s)
[2016.02.22-15.25.16:030][ 13]LogInit: XAudio2 using 'Speakers (Realtek High Definition Audio)' : 2 channels at 48 kHz using 32 bits per sample (channel mask 0x3)
[2016.02.22-15.25.16:046][ 13]LogInit: FAudioDevice initialized.
[2016.02.22-15.25.16:078][ 13]LogWorld: Game class is 'GameMode'
[2016.02.22-15.25.16:087][ 13]LogWorld: Bringing World /Game/Maps/UEDPIE_0_ThirdPersonExampleMap.ThirdPersonExampleMap up for play (max tick rate 0) at 2016.02.22-15.25.16
[2016.02.22-15.25.16:088][ 13]LogActor:Warning: GameSession /Game/Maps/UEDPIE_0_ThirdPersonExampleMap.ThirdPersonExampleMap:PersistentLevel.GameSession_2 has natively added scene component(s), but none of them were set as the actor's RootComponent - picking one arbitrarily
[2016.02.22-15.25.16:088][ 13]LogActor:Warning: GameNetworkManager /Game/Maps/UEDPIE_0_ThirdPersonExampleMap.ThirdPersonExampleMap:PersistentLevel.GameNetworkManager_2 has natively added scene component(s), but none of them were set as the actor's RootComponent - picking one arbitrarily
[2016.02.22-15.25.16:089][ 13]LogWorld: Bringing up level for play took: 0.009517
[2016.02.22-15.25.16:089][ 13]PIE: Info Play in editor start time for /Game/Maps/UEDPIE_0_ThirdPersonExampleMap 0.886
[2016.02.22-15.25.16:090][ 13]LogBlueprintUserMessages: Late PlayInEditor Detection: Level '/Game/Maps/ThirdPersonExampleMap.ThirdPersonExampleMap:PersistentLevel' has LevelScriptBlueprint '/Game/Maps/ThirdPersonExampleMap.ThirdPersonExampleMap:PersistentLevel.ThirdPersonExampleMap' with GeneratedClass '/Game/Maps/ThirdPersonExampleMap.ThirdPersonExampleMap_C' with ClassGeneratedBy '/Game/Maps/ThirdPersonExampleMap.ThirdPersonExampleMap:PersistentLevel.ThirdPersonExampleMap'
[2016.02.22-15.25.37:752][ 13]LogBlueprintUserMessages: Early EndPlayMap Detection: Level '/Game/Maps/ThirdPersonExampleMap.ThirdPersonExampleMap:PersistentLevel' has LevelScriptBlueprint '/Game/Maps/ThirdPersonExampleMap.ThirdPersonExampleMap:PersistentLevel.ThirdPersonExampleMap' with GeneratedClass '/Game/Maps/ThirdPersonExampleMap.ThirdPersonExampleMap_C' with ClassGeneratedBy '/Game/Maps/ThirdPersonExampleMap.ThirdPersonExampleMap:PersistentLevel.ThirdPersonExampleMap'
[2016.02.22-15.25.37:785][ 13]LogBlueprintUserMessages: Late EndPlayMap Detection: Level '/Game/Maps/ThirdPersonExampleMap.ThirdPersonExampleMap:PersistentLevel' has LevelScriptBlueprint '/Game/Maps/ThirdPersonExampleMap.ThirdPersonExampleMap:PersistentLevel.ThirdPersonExampleMap' with GeneratedClass '/Game/Maps/ThirdPersonExampleMap.ThirdPersonExampleMap_C' with ClassGeneratedBy '/Game/Maps/ThirdPersonExampleMap.ThirdPersonExampleMap:PersistentLevel.ThirdPersonExampleMap'
[2016.02.22-15.25.37:812][ 14]LogParticles: Destroying 0 GPU particle simulations for FXSystem 0x000000F1B17716C0
[2016.02.22-15.26.17:016][566]Cmd: TRANSACTION UNDO
[2016.02.22-15.26.17:016][566]LogEditorTransaction: Undo Foliage Editing
[2016.02.22-15.26.17:769][614]Cmd: TRANSACTION UNDO
[2016.02.22-15.26.17:769][614]LogEditorTransaction: Undo Edit Cast Shadow as Two Sided
[2016.02.22-15.26.18:416][656]Cmd: TRANSACTION UNDO
[2016.02.22-15.26.18:416][656]LogEditorTransaction: Undo Change Collision Profile
[2016.02.22-15.26.18:863][685]Cmd: TRANSACTION UNDO
[2016.02.22-15.26.18:863][685]LogEditorTransaction: Undo Foliage Editing
[2016.02.22-15.26.19:585][732]Cmd: TRANSACTION UNDO
[2016.02.22-15.26.19:585][732]LogEditorTransaction: Undo Foliage Editing
[2016.02.22-15.26.21:637][868]Cmd: TRANSACTION UNDO
[2016.02.22-15.26.21:637][868]LogEditorTransaction: Undo Foliage Editing
[2016.02.22-15.26.39:138][119]Cmd: TRANSACTION UNDO
[2016.02.22-15.26.39:138][119]LogEditorTransaction: Undo Foliage Editing
[2016.02.22-15.26.40:997][222]Cmd: TRANSACTION UNDO
[2016.02.22-15.26.40:997][222]LogEditorTransaction: Undo Foliage Editing
[2016.02.22-15.26.42:181][300]Cmd: TRANSACTION UNDO
[2016.02.22-15.26.42:181][300]LogEditorTransaction: Undo Foliage Editing
[2016.02.22-15.26.47:532][662]Cmd: TRANSACTION UNDO
[2016.02.22-15.26.47:533][662]LogEditorTransaction: Undo Foliage Editing
[2016.02.22-15.27.03:824][890]Cmd: TRANSACTION UNDO
[2016.02.22-15.27.03:824][890]LogEditorTransaction: Undo Foliage Editing
[2016.02.22-15.27.04:572][939]Cmd: TRANSACTION UNDO
[2016.02.22-15.27.04:572][939]LogEditorTransaction: Undo Foliage Editing
[2016.02.22-15.27.05:000][967]Cmd: TRANSACTION UNDO
[2016.02.22-15.27.05:000][967]LogEditorTransaction: Undo Foliage Editing
[2016.02.22-15.27.05:395][991]Cmd: TRANSACTION UNDO
[2016.02.22-15.27.05:395][991]LogEditorTransaction: Undo Foliage Editing
[2016.02.22-15.27.05:760][ 15]Cmd: TRANSACTION UNDO
[2016.02.22-15.27.05:760][ 15]LogEditorTransaction: Undo Foliage Editing
[2016.02.22-15.27.23:151][226]Cmd: TRANSACTION UNDO
[2016.02.22-15.27.23:151][226]LogEditorTransaction: Undo Foliage Editing
[2016.02.22-15.27.30:178][712]Cmd: TRANSACTION UNDO
[2016.02.22-15.27.30:178][712]LogEditorTransaction: Undo Foliage Editing
[2016.02.22-15.27.34:967][ 40]Cmd: TRANSACTION UNDO
[2016.02.22-15.27.34:967][ 40]LogEditorTransaction: Undo Foliage Editing
[2016.02.22-15.27.41:991][543]Cmd: TRANSACTION UNDO
[2016.02.22-15.27.41:991][543]LogEditorTransaction: Undo Foliage Editing
[2016.02.22-15.27.47:004][921]Cmd: TRANSACTION UNDO
[2016.02.22-15.27.47:004][921]LogEditorTransaction: Undo Foliage Editing
[2016.02.22-15.28.00:973][ 64]Cmd: TRANSACTION UNDO
[2016.02.22-15.28.00:973][ 64]LogEditorTransaction: Undo Foliage Editing
[2016.02.22-15.28.15:063][ 95]Cmd: TRANSACTION UNDO
[2016.02.22-15.28.15:063][ 95]LogEditorTransaction: Undo Foliage Editing
[2016.02.22-15.28.40:729][543]LogBlueprintUserMessages: Early PlayInEditor Detection: Level '/Game/Maps/ThirdPersonExampleMap.ThirdPersonExampleMap:PersistentLevel' has LevelScriptBlueprint '/Game/Maps/ThirdPersonExampleMap.ThirdPersonExampleMap:PersistentLevel.ThirdPersonExampleMap' with GeneratedClass '/Game/Maps/ThirdPersonExampleMap.ThirdPersonExampleMap_C' with ClassGeneratedBy '/Game/Maps/ThirdPersonExampleMap.ThirdPersonExampleMap:PersistentLevel.ThirdPersonExampleMap'
[2016.02.22-15.28.40:729][543]LogPlayLevel: PlayLevel: No blueprints needed recompiling
[2016.02.22-15.28.40:729][543]PIE: New page: PIE session: ThirdPersonExampleMap (22 Feb 2016 15:28:40)
[2016.02.22-15.28.40:729][543]LogPlayLevel: Creating play world package: /Game/Maps/UEDPIE_0_ThirdPersonExampleMap
[2016.02.22-15.28.40:757][543]LogPlayLevel: PIE: StaticDuplicateObject took: (0.028317s)
[2016.02.22-15.28.40:758][543]LogAIModule: Creating AISystem for world ThirdPersonExampleMap
[2016.02.22-15.28.40:758][543]LogPlayLevel: PIE: World Init took: (0.000966s)
[2016.02.22-15.28.40:758][543]LogPlayLevel: PIE: Created PIE world by copying editor world from /Game/Maps/ThirdPersonExampleMap.ThirdPersonExampleMap to /Game/Maps/UEDPIE_0_ThirdPersonExampleMap.ThirdPersonExampleMap (0.029540s)
[2016.02.22-15.28.40:781][543]LogInit: XAudio2 using 'Speakers (Realtek High Definition Audio)' : 2 channels at 48 kHz using 32 bits per sample (channel mask 0x3)
[2016.02.22-15.28.40:796][543]LogInit: FAudioDevice initialized.
[2016.02.22-15.28.40:826][543]LogWorld: Game class is 'GameMode'
[2016.02.22-15.28.40:917][543]LogWorld: Bringing World /Game/Maps/UEDPIE_0_ThirdPersonExampleMap.ThirdPersonExampleMap up for play (max tick rate 0) at 2016.02.22-15.28.40
[2016.02.22-15.28.40:917][543]LogActor:Warning: GameSession /Game/Maps/UEDPIE_0_ThirdPersonExampleMap.ThirdPersonExampleMap:PersistentLevel.GameSession_3 has natively added scene component(s), but none of them were set as the actor's RootComponent - picking one arbitrarily
[2016.02.22-15.28.40:917][543]LogActor:Warning: GameNetworkManager /Game/Maps/UEDPIE_0_ThirdPersonExampleMap.ThirdPersonExampleMap:PersistentLevel.GameNetworkManager_3 has natively added scene component(s), but none of them were set as the actor's RootComponent - picking one arbitrarily
[2016.02.22-15.28.40:930][543]LogWorld: Bringing up level for play took: 0.102283
[2016.02.22-15.28.40:931][543]PIE: Info Play in editor start time for /Game/Maps/UEDPIE_0_ThirdPersonExampleMap -0.273
[2016.02.22-15.28.40:931][543]LogBlueprintUserMessages: Late PlayInEditor Detection: Level '/Game/Maps/ThirdPersonExampleMap.ThirdPersonExampleMap:PersistentLevel' has LevelScriptBlueprint '/Game/Maps/ThirdPersonExampleMap.ThirdPersonExampleMap:PersistentLevel.ThirdPersonExampleMap' with GeneratedClass '/Game/Maps/ThirdPersonExampleMap.ThirdPersonExampleMap_C' with ClassGeneratedBy '/Game/Maps/ThirdPersonExampleMap.ThirdPersonExampleMap:PersistentLevel.ThirdPersonExampleMap'
[2016.02.22-15.28.52:568][263]LogBlueprintUserMessages: [ThirdPersonCharacter_C_14] TRUE
[2016.02.22-15.28.57:593][685]LogBlueprintUserMessages: [ThirdPersonCharacter_C_14] TRUE
[2016.02.22-15.28.58:434][748]LogBlueprintUserMessages: Early EndPlayMap Detection: Level '/Game/Maps/ThirdPersonExampleMap.ThirdPersonExampleMap:PersistentLevel' has LevelScriptBlueprint '/Game/Maps/ThirdPersonExampleMap.ThirdPersonExampleMap:PersistentLevel.ThirdPersonExampleMap' with GeneratedClass '/Game/Maps/ThirdPersonExampleMap.ThirdPersonExampleMap_C' with ClassGeneratedBy '/Game/Maps/ThirdPersonExampleMap.ThirdPersonExampleMap:PersistentLevel.ThirdPersonExampleMap'
[2016.02.22-15.28.58:614][748]LogBlueprintUserMessages: Late EndPlayMap Detection: Level '/Game/Maps/ThirdPersonExampleMap.ThirdPersonExampleMap:PersistentLevel' has LevelScriptBlueprint '/Game/Maps/ThirdPersonExampleMap.ThirdPersonExampleMap:PersistentLevel.ThirdPersonExampleMap' with GeneratedClass '/Game/Maps/ThirdPersonExampleMap.ThirdPersonExampleMap_C' with ClassGeneratedBy '/Game/Maps/ThirdPersonExampleMap.ThirdPersonExampleMap:PersistentLevel.ThirdPersonExampleMap'
[2016.02.22-15.28.58:643][749]LogParticles: Destroying 0 GPU particle simulations for FXSystem 0x000000F180372840
[2016.02.22-15.29.26:297][606]MapCheck: New page: Map Check
[2016.02.22-15.29.26:674][606]Cmd: MAP REBUILD ALLVISIBLE
[2016.02.22-15.29.26:675][606]LogEditorServer: Rebuildmap Clear paths rebuilt
[2016.02.22-15.29.26:700][606]LightingResults: New page: Lighting Build - 22 Feb 2016 15:29:26
[2016.02.22-15.29.31:302][606]LogStaticLightingSystem: Running Lightmass w/ ImmediateImport mode ENABLED
[2016.02.22-15.29.31:302][606]LogStaticLightingSystem: Running Lightmass w/ ImmediateProcess mode ENABLED
[2016.02.22-15.29.31:302][606]LogStaticLightingSystem: Running Lightmass w/ Sorting mode ENABLED
[2016.02.22-15.29.31:302][606]LogStaticLightingSystem: Running Lightmass w/ Mapping paddings ENABLED
[2016.02.22-15.29.31:302][606]LogStaticLightingSystem: Running Lightmass w/ Mapping debug paddings DISABLED
[2016.02.22-15.29.31:404][606]LogEditorBuildUtils: Build time 0:00:05
[2016.02.22-15.29.34:397][797]Job is a success!
[2016.02.22-15.29.34:672][798]LogTexture:Display: Building textures: SkyOcclusion1_1 (AutoDXT)
[2016.02.22-15.29.34:780][798]LogTexture:Display: Building textures: LQ_Lightmap_1_6 (DXT1)
[2016.02.22-15.29.34:784][798]LogTexture:Display: Building textures: HQ_Lightmap0_6 (AutoDXT)
[2016.02.22-15.29.34:784][798]LogTexture:Display: Building textures: SkyOcclusion1_6 (AutoDXT)
[2016.02.22-15.29.34:786][798]LogTexture:Display: Building textures: LQ_Lightmap_1_5 (DXT1)
[2016.02.22-15.29.34:803][798]LogTexture:Display: Building textures: HQ_Lightmap0_5 (AutoDXT)
[2016.02.22-15.29.34:842][798]LogTexture:Display: Building textures: SkyOcclusion1_5 (AutoDXT)
[2016.02.22-15.29.34:862][798]LogTexture:Display: Building textures: LQ_Lightmap_1_4 (DXT1)
[2016.02.22-15.29.34:875][798]LogTexture:Display: Building textures: HQ_Lightmap0_4 (AutoDXT)
[2016.02.22-15.29.34:902][798]LogTexture:Display: Building textures: SkyOcclusion1_4 (AutoDXT)
[2016.02.22-15.29.34:927][798]LogTexture:Display: Building textures: LQ_Lightmap_1_3 (DXT1)
[2016.02.22-15.29.34:951][798]LogTexture:Display: Building textures: HQ_Lightmap0_3 (AutoDXT)
[2016.02.22-15.29.35:001][798]LogTexture:Display: Building textures: SkyOcclusion1_3 (AutoDXT)
[2016.02.22-15.29.35:022][798]LogTexture:Display: Building textures: LQ_Lightmap_1_2 (DXT1)
[2016.02.22-15.29.35:081][798]LogTexture:Display: Building textures: HQ_Lightmap0_2 (AutoDXT)
[2016.02.22-15.29.35:203][798]LogTexture:Display: Building textures: SkyOcclusion1_2 (AutoDXT)
[2016.02.22-15.29.35:262][798]LogTexture:Display: Building textures: LQ_Lightmap_1_1 (DXT1)
[2016.02.22-15.29.35:338][798]LogTexture:Display: Building textures: HQ_Lightmap0_1 (AutoDXT)
[2016.02.22-15.29.35:572][798]Lightmass on JAC-PC: 3.84 sec total, 90 ms importing, 0 ms setup, 351 ms photons, 3.38 sec processing, 0 ms extra exporting [11/11 mappings]. Threads: 23.5 sec total, 8.69 sec processing.
[2016.02.22-15.29.35:586][798]LogStaticLightingSystem: Illumination: 8.86 sec (1.05 sec encoding lightmaps)
[2016.02.22-15.29.35:586][798]LogStaticLightingSystem: Lightmap texture memory:  3.7 MB (3.7 MB streaming, 0.0 MB non-streaming), 12 textures
[2016.02.22-15.29.35:586][798]LogStaticLightingSystem: Shadowmap texture memory: 0.0 MB (0.0 MB streaming, 0.0 MB non-streaming), 0 textures
[2016.02.22-15.29.36:315][799]Cmd: MAP CHECK NOTIFYRESULTS
[2016.02.22-15.29.36:315][799]MapCheck: New page: ThirdPersonExampleMap - 22 Feb 2016 15:29:36
[2016.02.22-15.29.36:364][799]MapCheck: Info Map check complete: 0 Error(s), 0 Warning(s), took 49.477ms to complete.
[2016.02.22-15.29.40:145][ 24]Cmd: TRANSACTION UNDO
[2016.02.22-15.29.40:145][ 24]LogEditorTransaction: Undo Foliage Editing
[2016.02.22-15.29.47:710][540]Cmd: TRANSACTION UNDO
[2016.02.22-15.29.47:710][540]LogEditorTransaction: Undo Foliage Editing
[2016.02.22-15.29.48:507][593]Cmd: TRANSACTION UNDO
[2016.02.22-15.29.48:507][593]LogEditorTransaction: Undo Foliage Editing
[2016.02.22-15.29.59:045][371]Cmd: TRANSACTION UNDO
[2016.02.22-15.29.59:045][371]LogEditorTransaction: Undo Foliage Editing
[2016.02.22-15.29.59:977][434]Cmd: TRANSACTION UNDO
[2016.02.22-15.29.59:977][434]LogEditorTransaction: Undo Foliage Editing
[2016.02.22-15.30.08:504][  5]Cmd: TRANSACTION UNDO
[2016.02.22-15.30.08:504][  5]LogEditorTransaction: Undo Edit Radius
[2016.02.22-15.30.11:652][223]Cmd: TRANSACTION UNDO
[2016.02.22-15.30.11:652][223]LogEditorTransaction: Undo Foliage Editing
[2016.02.22-15.30.13:543][331]Cmd: TRANSACTION UNDO
[2016.02.22-15.30.13:543][331]LogEditorTransaction: Undo Foliage Editing
[2016.02.22-15.30.19:249][696]Cmd: TRANSACTION UNDO
[2016.02.22-15.30.19:249][696]LogEditorTransaction: Undo Foliage Editing
[2016.02.22-15.30.30:076][402]Cmd: TRANSACTION UNDO
[2016.02.22-15.30.30:076][402]LogEditorTransaction: Undo Foliage Editing
[2016.02.22-15.30.38:887][ 24]Cmd: TRANSACTION UNDO
[2016.02.22-15.30.38:887][ 24]LogEditorTransaction: Undo Foliage Editing
[2016.02.22-15.30.44:147][391]Cmd: TRANSACTION UNDO
[2016.02.22-15.30.44:147][391]LogEditorTransaction: Undo Foliage Editing
[2016.02.22-15.30.47:513][541]Cmd: TRANSACTION UNDO
[2016.02.22-15.30.47:513][541]LogEditorTransaction: Undo Foliage Editing
[2016.02.22-15.30.53:147][916]Cmd: TRANSACTION UNDO
[2016.02.22-15.30.53:147][916]LogEditorTransaction: Undo Foliage Editing
[2016.02.22-15.30.58:552][251]Cmd: TRANSACTION UNDO
[2016.02.22-15.30.58:552][251]LogEditorTransaction: Undo Foliage Editing
[2016.02.22-15.31.00:232][324]Cmd: TRANSACTION UNDO
[2016.02.22-15.31.00:232][324]LogEditorTransaction: Undo Foliage Editing
[2016.02.22-15.31.06:997][703]Cmd: TRANSACTION UNDO
[2016.02.22-15.31.06:997][703]LogEditorTransaction: Undo Foliage Editing
[2016.02.22-15.31.10:730][905]Cmd: TRANSACTION UNDO
[2016.02.22-15.31.10:730][905]LogEditorTransaction: Undo Foliage Editing
[2016.02.22-15.31.19:428][471]Cmd: TRANSACTION UNDO
[2016.02.22-15.31.19:428][471]LogEditorTransaction: Undo Foliage Editing
[2016.02.22-15.31.21:867][598]Cmd: TRANSACTION UNDO
[2016.02.22-15.31.21:867][598]LogEditorTransaction: Undo Foliage Editing
[2016.02.22-15.31.32:731][403]Cmd: TRANSACTION UNDO
[2016.02.22-15.31.32:731][403]LogEditorTransaction: Undo Foliage Editing
[2016.02.22-15.31.39:831][851]Cmd: TRANSACTION UNDO
[2016.02.22-15.31.39:831][851]LogEditorTransaction: Undo Foliage Editing
[2016.02.22-15.31.42:278][989]Cmd: TRANSACTION UNDO
[2016.02.22-15.31.42:278][989]LogEditorTransaction: Undo Foliage Editing
[2016.02.22-15.31.47:765][366]Cmd: TRANSACTION UNDO
[2016.02.22-15.31.47:765][366]LogEditorTransaction: Undo Foliage Editing
[2016.02.22-15.32.07:806][782]LogBlueprintUserMessages: Early PlayInEditor Detection: Level '/Game/Maps/ThirdPersonExampleMap.ThirdPersonExampleMap:PersistentLevel' has LevelScriptBlueprint '/Game/Maps/ThirdPersonExampleMap.ThirdPersonExampleMap:PersistentLevel.ThirdPersonExampleMap' with GeneratedClass '/Game/Maps/ThirdPersonExampleMap.ThirdPersonExampleMap_C' with ClassGeneratedBy '/Game/Maps/ThirdPersonExampleMap.ThirdPersonExampleMap:PersistentLevel.ThirdPersonExampleMap'
[2016.02.22-15.32.07:806][782]LogPlayLevel: PlayLevel: No blueprints needed recompiling
[2016.02.22-15.32.07:806][782]PIE: New page: PIE session: ThirdPersonExampleMap (22 Feb 2016 15:32:07)
[2016.02.22-15.32.07:806][782]LogPlayLevel: Creating play world package: /Game/Maps/UEDPIE_0_ThirdPersonExampleMap
[2016.02.22-15.32.07:827][782]LogPlayLevel: PIE: StaticDuplicateObject took: (0.020937s)
[2016.02.22-15.32.07:828][782]LogAIModule: Creating AISystem for world ThirdPersonExampleMap
[2016.02.22-15.32.07:828][782]LogPlayLevel: PIE: World Init took: (0.001059s)
[2016.02.22-15.32.07:828][782]LogPlayLevel: PIE: Created PIE world by copying editor world from /Game/Maps/ThirdPersonExampleMap.ThirdPersonExampleMap to /Game/Maps/UEDPIE_0_ThirdPersonExampleMap.ThirdPersonExampleMap (0.022222s)
[2016.02.22-15.32.07:850][782]LogInit: XAudio2 using 'Speakers (Realtek High Definition Audio)' : 2 channels at 48 kHz using 32 bits per sample (channel mask 0x3)
[2016.02.22-15.32.07:867][782]LogInit: FAudioDevice initialized.
[2016.02.22-15.32.07:898][782]LogWorld: Game class is 'GameMode'
[2016.02.22-15.32.07:916][782]LogWorld: Bringing World /Game/Maps/UEDPIE_0_ThirdPersonExampleMap.ThirdPersonExampleMap up for play (max tick rate 0) at 2016.02.22-15.32.07
[2016.02.22-15.32.07:916][782]LogActor:Warning: GameSession /Game/Maps/UEDPIE_0_ThirdPersonExampleMap.ThirdPersonExampleMap:PersistentLevel.GameSession_4 has natively added scene component(s), but none of them were set as the actor's RootComponent - picking one arbitrarily
[2016.02.22-15.32.07:916][782]LogActor:Warning: GameNetworkManager /Game/Maps/UEDPIE_0_ThirdPersonExampleMap.ThirdPersonExampleMap:PersistentLevel.GameNetworkManager_4 has natively added scene component(s), but none of them were set as the actor's RootComponent - picking one arbitrarily
[2016.02.22-15.32.07:918][782]LogWorld: Bringing up level for play took: 0.019203
[2016.02.22-15.32.07:919][782]PIE: Info Play in editor start time for /Game/Maps/UEDPIE_0_ThirdPersonExampleMap 0.716
[2016.02.22-15.32.07:919][782]LogBlueprintUserMessages: Late PlayInEditor Detection: Level '/Game/Maps/ThirdPersonExampleMap.ThirdPersonExampleMap:PersistentLevel' has LevelScriptBlueprint '/Game/Maps/ThirdPersonExampleMap.ThirdPersonExampleMap:PersistentLevel.ThirdPersonExampleMap' with GeneratedClass '/Game/Maps/ThirdPersonExampleMap.ThirdPersonExampleMap_C' with ClassGeneratedBy '/Game/Maps/ThirdPersonExampleMap.ThirdPersonExampleMap:PersistentLevel.ThirdPersonExampleMap'
[2016.02.22-15.32.10:369][971]LogBlueprintUserMessages: Early EndPlayMap Detection: Level '/Game/Maps/ThirdPersonExampleMap.ThirdPersonExampleMap:PersistentLevel' has LevelScriptBlueprint '/Game/Maps/ThirdPersonExampleMap.ThirdPersonExampleMap:PersistentLevel.ThirdPersonExampleMap' with GeneratedClass '/Game/Maps/ThirdPersonExampleMap.ThirdPersonExampleMap_C' with ClassGeneratedBy '/Game/Maps/ThirdPersonExampleMap.ThirdPersonExampleMap:PersistentLevel.ThirdPersonExampleMap'
[2016.02.22-15.32.10:408][971]LogBlueprintUserMessages: Late EndPlayMap Detection: Level '/Game/Maps/ThirdPersonExampleMap.ThirdPersonExampleMap:PersistentLevel' has LevelScriptBlueprint '/Game/Maps/ThirdPersonExampleMap.ThirdPersonExampleMap:PersistentLevel.ThirdPersonExampleMap' with GeneratedClass '/Game/Maps/ThirdPersonExampleMap.ThirdPersonExampleMap_C' with ClassGeneratedBy '/Game/Maps/ThirdPersonExampleMap.ThirdPersonExampleMap:PersistentLevel.ThirdPersonExampleMap'
[2016.02.22-15.32.10:448][972]LogParticles: Destroying 0 GPU particle simulations for FXSystem 0x000000F19FD507C0
[2016.02.22-15.32.15:912][328]Cmd: TRANSACTION UNDO
[2016.02.22-15.32.15:912][328]LogEditorTransaction: Undo Foliage Editing
[2016.02.22-15.32.16:540][354]Cmd: TRANSACTION UNDO
[2016.02.22-15.32.16:540][354]LogEditorTransaction: Undo Foliage Editing
[2016.02.22-15.32.53:039][106]Cmd: TRANSACTION UNDO
[2016.02.22-15.32.53:039][106]LogEditorTransaction: Undo Foliage Editing
[2016.02.22-15.33.00:443][665]Cmd: TRANSACTION UNDO
[2016.02.22-15.33.00:443][665]LogEditorTransaction: Undo Foliage Editing
[2016.02.22-15.33.00:961][697]Cmd: TRANSACTION UNDO
[2016.02.22-15.33.00:961][697]LogEditorTransaction: Undo Foliage Editing
[2016.02.22-15.33.20:455][107]LogBlueprintUserMessages: Early PlayInEditor Detection: Level '/Game/Maps/ThirdPersonExampleMap.ThirdPersonExampleMap:PersistentLevel' has LevelScriptBlueprint '/Game/Maps/ThirdPersonExampleMap.ThirdPersonExampleMap:PersistentLevel.ThirdPersonExampleMap' with GeneratedClass '/Game/Maps/ThirdPersonExampleMap.ThirdPersonExampleMap_C' with ClassGeneratedBy '/Game/Maps/ThirdPersonExampleMap.ThirdPersonExampleMap:PersistentLevel.ThirdPersonExampleMap'
[2016.02.22-15.33.20:455][107]LogPlayLevel: PlayLevel: No blueprints needed recompiling
[2016.02.22-15.33.20:455][107]PIE: New page: PIE session: ThirdPersonExampleMap (22 Feb 2016 15:33:20)
[2016.02.22-15.33.20:455][107]LogPlayLevel: Creating play world package: /Game/Maps/UEDPIE_0_ThirdPersonExampleMap
[2016.02.22-15.33.20:488][107]LogPlayLevel: PIE: StaticDuplicateObject took: (0.033481s)
[2016.02.22-15.33.20:489][107]LogAIModule: Creating AISystem for world ThirdPersonExampleMap
[2016.02.22-15.33.20:490][107]LogPlayLevel: PIE: World Init took: (0.001000s)
[2016.02.22-15.33.20:490][107]LogPlayLevel: PIE: Created PIE world by copying editor world from /Game/Maps/ThirdPersonExampleMap.ThirdPersonExampleMap to /Game/Maps/UEDPIE_0_ThirdPersonExampleMap.ThirdPersonExampleMap (0.034746s)
[2016.02.22-15.33.20:514][107]LogInit: XAudio2 using 'Speakers (Realtek High Definition Audio)' : 2 channels at 48 kHz using 32 bits per sample (channel mask 0x3)
[2016.02.22-15.33.20:530][107]LogInit: FAudioDevice initialized.
[2016.02.22-15.33.20:566][107]LogWorld: Game class is 'GameMode'
[2016.02.22-15.33.20:580][107]LogWorld: Bringing World /Game/Maps/UEDPIE_0_ThirdPersonExampleMap.ThirdPersonExampleMap up for play (max tick rate 0) at 2016.02.22-15.33.20
[2016.02.22-15.33.20:580][107]LogActor:Warning: GameSession /Game/Maps/UEDPIE_0_ThirdPersonExampleMap.ThirdPersonExampleMap:PersistentLevel.GameSession_5 has natively added scene component(s), but none of them were set as the actor's RootComponent - picking one arbitrarily
[2016.02.22-15.33.20:580][107]LogActor:Warning: GameNetworkManager /Game/Maps/UEDPIE_0_ThirdPersonExampleMap.ThirdPersonExampleMap:PersistentLevel.GameNetworkManager_5 has natively added scene component(s), but none of them were set as the actor's RootComponent - picking one arbitrarily
[2016.02.22-15.33.20:582][107]LogWorld: Bringing up level for play took: 0.014788
[2016.02.22-15.33.20:582][107]PIE: Info Play in editor start time for /Game/Maps/UEDPIE_0_ThirdPersonExampleMap -0.621
[2016.02.22-15.33.20:583][107]LogBlueprintUserMessages: Late PlayInEditor Detection: Level '/Game/Maps/ThirdPersonExampleMap.ThirdPersonExampleMap:PersistentLevel' has LevelScriptBlueprint '/Game/Maps/ThirdPersonExampleMap.ThirdPersonExampleMap:PersistentLevel.ThirdPersonExampleMap' with GeneratedClass '/Game/Maps/ThirdPersonExampleMap.ThirdPersonExampleMap_C' with ClassGeneratedBy '/Game/Maps/ThirdPersonExampleMap.ThirdPersonExampleMap:PersistentLevel.ThirdPersonExampleMap'
[2016.02.22-15.33.35:253][388]LogBlueprintUserMessages: Early EndPlayMap Detection: Level '/Game/Maps/ThirdPersonExampleMap.ThirdPersonExampleMap:PersistentLevel' has LevelScriptBlueprint '/Game/Maps/ThirdPersonExampleMap.ThirdPersonExampleMap:PersistentLevel.ThirdPersonExampleMap' with GeneratedClass '/Game/Maps/ThirdPersonExampleMap.ThirdPersonExampleMap_C' with ClassGeneratedBy '/Game/Maps/ThirdPersonExampleMap.ThirdPersonExampleMap:PersistentLevel.ThirdPersonExampleMap'
[2016.02.22-15.33.35:288][388]LogBlueprintUserMessages: Late EndPlayMap Detection: Level '/Game/Maps/ThirdPersonExampleMap.ThirdPersonExampleMap:PersistentLevel' has LevelScriptBlueprint '/Game/Maps/ThirdPersonExampleMap.ThirdPersonExampleMap:PersistentLevel.ThirdPersonExampleMap' with GeneratedClass '/Game/Maps/ThirdPersonExampleMap.ThirdPersonExampleMap_C' with ClassGeneratedBy '/Game/Maps/ThirdPersonExampleMap.ThirdPersonExampleMap:PersistentLevel.ThirdPersonExampleMap'
[2016.02.22-15.33.35:316][389]LogParticles: Destroying 0 GPU particle simulations for FXSystem 0x000000F19FD51620
[2016.02.22-15.33.38:527][604]Cmd: OBJ SAVEPACKAGE PACKAGE="/Game/Maps/ThirdPersonExampleMap" FILE="J:/Work/Uni/Year 2/Off The Map/ForestTale/Content/Maps/ThirdPersonExampleMap.umap" SILENT=true AUTOSAVING=false KEEPDIRTY=false
[2016.02.22-15.33.39:184][604]LogSavePackage: Save=531.365662ms
[2016.02.22-15.33.39:184][604]LogSavePackage: Moving 'J:/Work/Uni/Year 2/Off The Map/ForestTale/Saved/ThirdPersonExampleMap96C04A9243904B5DB04A499F1A6BF4FD.tmp' to 'J:/Work/Uni/Year 2/Off The Map/ForestTale/Content/Maps/ThirdPersonExampleMap.umap'
[2016.02.22-15.33.39:185][604]LogSavePackage: Total save time: 647.190921ms
[2016.02.22-15.33.39:185][604]LogSavePackage:Display: Finished SavePackage J:/Work/Uni/Year 2/Off The Map/ForestTale/Content/Maps/ThirdPersonExampleMap.umap
[2016.02.22-15.43.42:452][619]LogFileHelpers: Editor autosave (incl. sublevels) for '/Game/Maps/ThirdPersonExampleMap' took 0.014
[2016.02.22-15.43.42:455][619]OBJ SavePackage: Generating thumbnails for [1] asset(s) in package [/Game/Assets/Foliage/grass1] ([1] browsable assets)...
[2016.02.22-15.43.42:469][619]OBJ SavePackage:     Rendered thumbnail for [StaticMesh /Game/Assets/Foliage/grass1.grass1]
[2016.02.22-15.43.42:469][619]OBJ SavePackage: Finished generating thumbnails for package [/Game/Assets/Foliage/grass1]
[2016.02.22-15.43.42:469][619]Cmd: OBJ SAVEPACKAGE PACKAGE="/Game/Assets/Foliage/grass1" FILE="J:/Work/Uni/Year 2/Off The Map/ForestTale/Saved/Autosaves/Game/Assets/Foliage/grass1_Auto1.uasset" SILENT=false AUTOSAVING=true
[2016.02.22-15.43.42:488][619]LogSavePackage: Save=11.566285ms
[2016.02.22-15.43.42:488][619]LogSavePackage: Moving 'J:/Work/Uni/Year 2/Off The Map/ForestTale/Saved/grass1_Auto1028949D34B7392BC0C1133A3B56E2C7D.tmp' to 'J:/Work/Uni/Year 2/Off The Map/ForestTale/Saved/Autosaves/Game/Assets/Foliage/grass1_Auto1.uasset'
[2016.02.22-15.43.42:489][619]LogSavePackage: Total save time: 17.605275ms
[2016.02.22-15.43.42:489][619]LogSavePackage:Display: Finished SavePackage J:/Work/Uni/Year 2/Off The Map/ForestTale/Saved/Autosaves/Game/Assets/Foliage/grass1_Auto1.uasset
[2016.02.22-15.43.42:489][619]LogFileHelpers: Auto-saving content packages took 0.036
[2016.02.22-16.27.58:094][572]LogD3D11RHI: Timed out while waiting for GPU to catch up. (0.5 s)
[2016.02.22-16.29.16:433][807]LogEditorViewport: Clicking on Actor (context menu): StaticMeshActor (Wall5)
[2016.02.22-16.29.30:013][247]Cmd: OBJ SAVEPACKAGE PACKAGE="/Game/Assets/Foliage/grass1" FILE="J:/Work/Uni/Year 2/Off The Map/ForestTale/Content/Assets/Foliage/grass1.uasset" SILENT=true
[2016.02.22-16.29.30:023][247]LogSavePackage: Save=5.321975ms
[2016.02.22-16.29.30:023][247]LogSavePackage: Moving 'J:/Work/Uni/Year 2/Off The Map/ForestTale/Saved/grass1DECB0C2E4319E8C90BE30FA91E3671BA.tmp' to 'J:/Work/Uni/Year 2/Off The Map/ForestTale/Content/Assets/Foliage/grass1.uasset'
[2016.02.22-16.29.30:025][247]LogSavePackage: Total save time: 10.854527ms
[2016.02.22-16.29.30:025][247]LogSavePackage:Display: Finished SavePackage J:/Work/Uni/Year 2/Off The Map/ForestTale/Content/Assets/Foliage/grass1.uasset
[2016.02.22-16.29.30:296][247]LogWindowsTextInputMethodSystem:Display: IME system now deactivated.
[2016.02.22-16.29.30:744][248]Cmd: QUIT_EDITOR
[2016.02.22-16.29.30:755][248]LogActorComponent: UnregisterComponent: (/Engine/Transient.SphereBrushComponent) Not registered. Aborting.
[2016.02.22-16.29.31:725][248]LogExit: Preparing to exit.
[2016.02.22-16.29.33:253][248]LogExit: Editor shut down
[2016.02.22-16.29.33:254][248]LogExit: Transaction tracking system shut down
[2016.02.22-16.29.33:256][248]LogParticles: Destroying 0 GPU particle simulations for FXSystem 0x000000F1A0A020C0
[2016.02.22-16.29.33:257][248]LogParticles: Destroying 0 GPU particle simulations for FXSystem 0x000000F19FF32840
[2016.02.22-16.29.33:257][248]LogParticles: Destroying 0 GPU particle simulations for FXSystem 0x000000F1FDF2FCE0
[2016.02.22-16.29.33:381][248]LogParticles: Destroying 0 GPU particle simulations for FXSystem 0x000000F1FDF2D580
[2016.02.22-16.29.33:381][248]LogParticles: Destroying 0 GPU particle simulations for FXSystem 0x000000F19FF32E80
[2016.02.22-16.29.34:692][248]LogParticles: Destroying 0 GPU particle simulations for FXSystem 0x000000F1A0CA2FC0
[2016.02.22-16.29.34:692][248]LogExit: Object subsystem successfully closed.
[2016.02.22-16.29.34:947][248]LogD3D11RHI: Shutdown
[2016.02.22-16.29.34:947][248]LogD3D11RHI: CleanupD3DDevice
[2016.02.22-16.29.35:075][248]LogD3D11RHI: ~FD3D11DynamicRHI
[2016.02.22-16.29.35:786][248]LogModuleManager: Shutting down and abandoning module CookingStats (201)
[2016.02.22-16.29.35:786][248]LogModuleManager: Shutting down and abandoning module CrashTracker (200)
[2016.02.22-16.29.35:786][248]LogModuleManager: Shutting down and abandoning module SceneOutliner (199)
[2016.02.22-16.29.35:786][248]LogModuleManager: Shutting down and abandoning module SuperSearch (198)
[2016.02.22-16.29.35:786][248]LogModuleManager: Shutting down and abandoning module WidgetCarousel (197)
[2016.02.22-16.29.35:797][248]LogModuleManager: Shutting down and abandoning module AddContentDialog (196)
[2016.02.22-16.29.35:820][248]LogModuleManager: Shutting down and abandoning module EditorWidgets (195)
[2016.02.22-16.29.35:820][248]LogModuleManager: Shutting down and abandoning module CollectionManager (194)
[2016.02.22-16.29.35:852][248]LogModuleManager: Shutting down and abandoning module StatsViewer (193)
[2016.02.22-16.29.35:865][248]LogModuleManager: Shutting down and abandoning module FoliageEdit (192)
[2016.02.22-16.29.35:865][248]LogModuleManager: Shutting down and abandoning module LandscapeEditor (191)
[2016.02.22-16.29.35:865][248]LogModuleManager: Shutting down and abandoning module ActorPickerMode (190)
[2016.02.22-16.29.35:865][248]LogModuleManager: Shutting down and abandoning module GeometryMode (189)
[2016.02.22-16.29.35:865][248]LogModuleManager: Shutting down and abandoning module TextureAlignMode (188)
[2016.02.22-16.29.35:865][248]LogModuleManager: Shutting down and abandoning module BspMode (187)
[2016.02.22-16.29.35:865][248]LogModuleManager: Shutting down and abandoning module PlacementMode (186)
[2016.02.22-16.29.35:865][248]LogModuleManager: Shutting down and abandoning module AutomationWorker (185)
[2016.02.22-16.29.35:865][248]LogModuleManager: Shutting down and abandoning module CharacterAI (184)
[2016.02.22-16.29.35:865][248]LogModuleManager: Shutting down and abandoning module SmartSnapping (183)
[2016.02.22-16.29.35:865][248]LogModuleManager: Shutting down and abandoning module ViewportSnapping (182)
[2016.02.22-16.29.35:865][248]LogModuleManager: Shutting down and abandoning module LogVisualizer (181)
[2016.02.22-16.29.35:895][248]LogModuleManager: Shutting down and abandoning module GameProjectGeneration (180)
[2016.02.22-16.29.35:931][248]LogModuleManager: Shutting down and abandoning module IntroTutorials (179)
[2016.02.22-16.29.35:953][248]LogModuleManager: Shutting down and abandoning module EditorLiveStreaming (178)
[2016.02.22-16.29.35:954][248]LogModuleManager: Shutting down and abandoning module IOSPlatformEditor (177)
[2016.02.22-16.29.35:965][248]LogModuleManager: Shutting down and abandoning module HTML5PlatformEditor (176)
[2016.02.22-16.29.35:965][248]LogModuleManager: Shutting down and abandoning module AndroidDeviceDetection (175)
[2016.02.22-16.29.36:893][248]LogModuleManager: Shutting down and abandoning module AndroidPlatformEditor (174)
[2016.02.22-16.29.36:893][248]LogModuleManager: Shutting down and abandoning module IOSRuntimeSettings (173)
[2016.02.22-16.29.36:893][248]LogModuleManager: Shutting down and abandoning module AndroidRuntimeSettings (172)
[2016.02.22-16.29.36:893][248]LogModuleManager: Shutting down and abandoning module MergeActors (171)
[2016.02.22-16.29.36:940][248]LogModuleManager: Shutting down and abandoning module SizeMap (170)
[2016.02.22-16.29.36:940][248]LogModuleManager: Shutting down and abandoning module TreeMap (169)
[2016.02.22-16.29.36:964][248]LogModuleManager: Shutting down and abandoning module ReferenceViewer (168)
[2016.02.22-16.29.36:977][248]LogModuleManager: Shutting down and abandoning module LocalizationService (167)
[2016.02.22-16.29.36:989][248]LogModuleManager: Shutting down and abandoning module LocalizationDashboard (166)
[2016.02.22-16.29.36:995][248]LogModuleManager: Shutting down and abandoning module HardwareTargeting (165)
[2016.02.22-16.29.36:998][248]LogModuleManager: Shutting down and abandoning module DeviceProfileEditor (164)
[2016.02.22-16.29.37:019][248]LogModuleManager: Shutting down and abandoning module UndoHistory (163)
[2016.02.22-16.29.37:027][248]LogModuleManager: Shutting down and abandoning module GameplayTagsEditor (162)
[2016.02.22-16.29.37:032][248]LogModuleManager: Shutting down and abandoning module UserFeedback (161)
[2016.02.22-16.29.37:032][248]LogModuleManager: Shutting down and abandoning module XmlParser (160)
[2016.02.22-16.29.37:032][248]LogModuleManager: Shutting down and abandoning module Blutility (159)
[2016.02.22-16.29.37:032][248]LogModuleManager: Shutting down and abandoning module ProjectTargetPlatformEditor (158)
[2016.02.22-16.29.37:038][248]LogModuleManager: Shutting down and abandoning module ProjectSettingsViewer (157)
[2016.02.22-16.29.37:038][248]LogModuleManager: Shutting down and abandoning module InputBindingEditor (156)
[2016.02.22-16.29.37:071][248]LogModuleManager: Shutting down and abandoning module EditorSettingsViewer (155)
[2016.02.22-16.29.37:071][248]LogModuleManager: Shutting down and abandoning module SettingsEditor (154)
[2016.02.22-16.29.37:095][248]LogModuleManager: Shutting down and abandoning module ProjectLauncher (153)
[2016.02.22-16.29.37:104][248]LogModuleManager: Shutting down and abandoning module SessionFrontend (152)
[2016.02.22-16.29.37:121][248]LogModuleManager: Shutting down and abandoning module ProfilerClient (151)
[2016.02.22-16.29.37:147][248]LogModuleManager: Shutting down and abandoning module TargetDeviceServices (150)
[2016.02.22-16.29.37:147][248]LogModuleManager: Shutting down and abandoning module DeviceManager (149)
[2016.02.22-16.29.37:158][248]LogModuleManager: Shutting down and abandoning module AutomationController (148)
[2016.02.22-16.29.37:168][248]LogModuleManager: Shutting down and abandoning module AutomationWindow (147)
[2016.02.22-16.29.37:179][248]LogModuleManager: Shutting down and abandoning module Layers (146)
[2016.02.22-16.29.37:209][248]LogModuleManager: Shutting down and abandoning module ComponentVisualizers (145)
[2016.02.22-16.29.37:209][248]LogModuleManager: Shutting down and abandoning module DetailCustomizations (144)
[2016.02.22-16.29.37:209][248]LogModuleManager: Shutting down and abandoning module PackagesDialog (143)
[2016.02.22-16.29.37:209][248]LogModuleManager: Shutting down and abandoning module Persona (142)
[2016.02.22-16.29.37:267][248]LogModuleManager: Shutting down and abandoning module Kismet (141)
[2016.02.22-16.29.37:284][248]LogModuleManager: Shutting down and abandoning module GraphEditor (140)
[2016.02.22-16.29.37:333][248]LogModuleManager: Shutting down and abandoning module ClassViewer (139)
[2016.02.22-16.29.37:342][248]LogModuleManager: Shutting down and abandoning module Toolbox (138)
[2016.02.22-16.29.37:342][248]LogModuleManager: Shutting down and abandoning module ModuleUI (137)
[2016.02.22-16.29.37:352][248]LogModuleManager: Shutting down and abandoning module MovieSceneTools (136)
[2016.02.22-16.29.37:367][248]LogModuleManager: Shutting down and abandoning module OutputLog (135)
[2016.02.22-16.29.37:368][248]LogModuleManager: Shutting down and abandoning module GammaUI (134)
[2016.02.22-16.29.37:371][248]LogModuleManager: Shutting down and abandoning module Documentation (133)
[2016.02.22-16.29.37:371][248]LogModuleManager: Shutting down and abandoning module GameLiveStreaming (132)
[2016.02.22-16.29.37:374][248]LogModuleManager: Shutting down and abandoning module StreamingPauseRendering (131)
[2016.02.22-16.29.37:374][248]LogModuleManager: Shutting down and abandoning module AnalyticsET (130)
[2016.02.22-16.29.37:374][248]LogModuleManager: Shutting down and abandoning module Analytics (129)
[2016.02.22-16.29.37:374][248]LogModuleManager: Shutting down and abandoning module AITestSuite (128)
[2016.02.22-16.29.37:386][248]LogModuleManager: Shutting down and abandoning module GameplayDebugger (127)
[2016.02.22-16.29.37:401][248]LogModuleManager: Shutting down and abandoning module AIModule (126)
[2016.02.22-16.29.37:401][248]LogModuleManager: Shutting down and abandoning module ProfilerService (125)
[2016.02.22-16.29.37:568][248]LogModuleManager: Shutting down and abandoning module TaskGraph (124)
[2016.02.22-16.29.37:602][248]LogModuleManager: Shutting down and abandoning module SubstanceEditor (123)
[2016.02.22-16.29.37:607][248]LogModuleManager: Shutting down and abandoning module SlateRemote (122)
[2016.02.22-16.29.37:607][248]LogModuleManager: Shutting down and abandoning module SteamVRController (121)
[2016.02.22-16.29.37:607][248]LogModuleManager: Shutting down and abandoning module SteamVR (120)
[2016.02.22-16.29.37:607][248]LogModuleManager: Shutting down and abandoning module ProceduralMeshComponent (119)
[2016.02.22-16.29.37:607][248]LogModuleManager: Shutting down and abandoning module OculusLibrary (118)
[2016.02.22-16.29.37:607][248]LogModuleManager: Shutting down and abandoning module OculusInput (117)
[2016.02.22-16.29.37:607][248]LogModuleManager: Shutting down and abandoning module LeapMotionController (116)
[2016.02.22-16.29.37:666][248]LogModuleManager: Shutting down and abandoning module CustomMeshComponent (115)
[2016.02.22-16.29.37:666][248]LogModuleManager: Shutting down and abandoning module CableComponent (114)
[2016.02.22-16.29.37:672][248]LogModuleManager: Shutting down and abandoning module ArchVisCharacter (113)
[2016.02.22-16.29.37:672][248]LogModuleManager: Shutting down and abandoning module MessagingDebugger (112)
[2016.02.22-16.29.37:711][248]LogModuleManager: Shutting down and abandoning module MediaPlayerEditor (111)
[2016.02.22-16.29.37:743][248]LogModuleManager: Shutting down and abandoning module HTML5Networking (110)
[2016.02.22-16.29.37:743][248]LogModuleManager: Shutting down and abandoning module SpeedTreeImporter (109)
[2016.02.22-16.29.37:743][248]LogModuleManager: Shutting down and abandoning module PluginBrowser (108)
[2016.02.22-16.29.37:771][248]LogModuleManager: Shutting down and abandoning module EpicSurvey (107)
[2016.02.22-16.29.37:780][248]LogModuleManager: Shutting down and abandoning module DesktopPlatform (106)
[2016.02.22-16.29.37:790][248]LogModuleManager: Shutting down and abandoning module VisualStudioSourceCodeAccess (105)
[2016.02.22-16.29.37:790][248]LogModuleManager: Shutting down and abandoning module UObjectPlugin (104)
[2016.02.22-16.29.37:790][248]LogModuleManager: Shutting down and abandoning module SubversionSourceControl (103)
[2016.02.22-16.29.37:802][248]LogModuleManager: Shutting down and abandoning module PerforceSourceControl (102)
[2016.02.22-16.29.37:835][248]LogModuleManager: Shutting down and abandoning module SourceControl (101)
[2016.02.22-16.29.37:863][248]LogModuleManager: Shutting down and abandoning module GitSourceControl (100)
[2016.02.22-16.29.37:871][248]LogModuleManager: Shutting down and abandoning module LightPropagationVolumeEditor (99)
[2016.02.22-16.29.37:871][248]LogModuleManager: Shutting down and abandoning module PaperTiledImporter (98)
[2016.02.22-16.29.37:871][248]LogModuleManager: Shutting down and abandoning module PaperSpriteSheetImporter (97)
[2016.02.22-16.29.37:871][248]LogModuleManager: Shutting down and abandoning module MeshPaint (96)
[2016.02.22-16.29.37:871][248]LogModuleManager: Shutting down and abandoning module SlateReflector (95)
[2016.02.22-16.29.37:889][248]LogModuleManager: Shutting down and abandoning module HotReload (94)
[2016.02.22-16.29.37:896][248]LogModuleManager: Shutting down and abandoning module MainFrame (93)
[2016.02.22-16.29.37:896][248]LogModuleManager: Shutting down and abandoning module LevelEditor (92)
[2016.02.22-16.29.37:912][248]LogModuleManager: Shutting down and abandoning module ContentBrowser (91)
[2016.02.22-16.29.37:918][248]LogModuleManager: Shutting down and abandoning module Paper2DEditor (90)
[2016.02.22-16.29.37:930][248]LogModuleManager: Shutting down and abandoning module DirectoryWatcher (89)
[2016.02.22-16.29.37:950][248]LogModuleManager: Shutting down and abandoning module AssetRegistry (88)
[2016.02.22-16.29.38:162][248]LogModuleManager: Shutting down and abandoning module SubstanceCore (87)
[2016.02.22-16.29.38:199][248]LogModuleManager: Shutting down and abandoning module UdpMessaging (86)
[2016.02.22-16.29.38:300][248]LogModuleManager: Shutting down and abandoning module LightPropagationVolumeRuntime (85)
[2016.02.22-16.29.38:300][248]LogModuleManager: Shutting down and abandoning module Paper2D (84)
[2016.02.22-16.29.38:317][248]LogModuleManager: Shutting down and abandoning module WindowsMoviePlayer (83)
[2016.02.22-16.29.38:332][248]LogModuleManager: Shutting down and abandoning module Media (82)
[2016.02.22-16.29.38:332][248]LogModuleManager: Shutting down and abandoning module WmfMedia (81)
[2016.02.22-16.29.38:338][248]LogModuleManager: Shutting down and abandoning module OnlineBlueprintSupport (80)
[2016.02.22-16.29.38:338][248]LogModuleManager: Shutting down and abandoning module GameplayTasksEditor (79)
[2016.02.22-16.29.38:338][248]LogModuleManager: Shutting down and abandoning module PropertyEditor (78)
[2016.02.22-16.29.38:338][248]LogModuleManager: Shutting down and abandoning module BehaviorTreeEditor (77)
[2016.02.22-16.29.38:366][248]LogModuleManager: Shutting down and abandoning module FunctionalTesting (76)
[2016.02.22-16.29.38:366][248]LogModuleManager: Shutting down and abandoning module CollisionAnalyzer (75)
[2016.02.22-16.29.38:378][248]LogModuleManager: Shutting down and abandoning module WorkspaceMenuStructure (74)
[2016.02.22-16.29.38:378][248]LogModuleManager: Shutting down and abandoning module MessageLog (73)
[2016.02.22-16.29.38:378][248]LogModuleManager: Shutting down and abandoning module Sequencer (72)
[2016.02.22-16.29.38:445][248]LogModuleManager: Shutting down and abandoning module AssetTools (71)
[2016.02.22-16.29.38:484][248]LogModuleManager: Shutting down and abandoning module UMGEditor (70)
[2016.02.22-16.29.38:554][248]LogModuleManager: Shutting down and abandoning module UMG (69)
[2016.02.22-16.29.38:576][248]LogModuleManager: Shutting down and abandoning module Slate (68)
[2016.02.22-16.29.38:576][248]LogModuleManager: Shutting down and abandoning module EditorStyle (67)
[2016.02.22-16.29.38:578][248]LogModuleManager: Shutting down and abandoning module SessionServices (66)
[2016.02.22-16.29.38:578][248]LogModuleManager: Shutting down and abandoning module SourceCodeAccess (65)
[2016.02.22-16.29.38:578][248]LogModuleManager: Shutting down and abandoning module HeadMountedDisplay (64)
[2016.02.22-16.29.38:578][248]LogModuleManager: Shutting down and abandoning module XAudio2 (63)
[2016.02.22-16.29.38:578][248]LogModuleManager: Shutting down and abandoning module Networking (61)
[2016.02.22-16.29.38:578][248]LogModuleManager: Shutting down and abandoning module Core (60)
[2016.02.22-16.29.38:578][248]LogModuleManager: Shutting down and abandoning module KismetCompiler (59)
[2016.02.22-16.29.38:578][248]LogModuleManager: Shutting down and abandoning module PhysXFormats (58)
[2016.02.22-16.29.38:578][248]LogModuleManager: Shutting down and abandoning module MeshUtilities (57)
[2016.02.22-16.29.38:584][248]LogModuleManager: Shutting down and abandoning module DerivedDataCache (56)
[2016.02.22-16.29.38:690][248]LogDerivedDataCache: Shutdown
[2016.02.22-16.29.38:690][248]LogModuleManager: Shutting down and abandoning module ShaderFormatOpenGL (55)
[2016.02.22-16.29.38:704][248]LogModuleManager: Shutting down and abandoning module ShaderFormatD3D (54)
[2016.02.22-16.29.38:704][248]LogModuleManager: Shutting down and abandoning module MetalShaderFormat (53)
[2016.02.22-16.29.38:745][248]LogModuleManager: Shutting down and abandoning module TextureFormatUncompressed (52)
[2016.02.22-16.29.38:745][248]LogModuleManager: Shutting down and abandoning module TextureFormatPVR (51)
[2016.02.22-16.29.38:745][248]LogModuleManager: Shutting down and abandoning module TextureFormatIntelISPCTexComp (50)
[2016.02.22-16.29.38:745][248]LogModuleManager: Shutting down and abandoning module TextureFormatDXT (49)
[2016.02.22-16.29.38:745][248]LogModuleManager: Shutting down and abandoning module ImageWrapper (48)
[2016.02.22-16.29.38:745][248]LogModuleManager: Shutting down and abandoning module TextureFormatASTC (47)
[2016.02.22-16.29.38:745][248]LogModuleManager: Shutting down and abandoning module TextureFormatAndroid (46)
[2016.02.22-16.29.38:745][248]LogModuleManager: Shutting down and abandoning module AudioFormatOpus (45)
[2016.02.22-16.29.38:760][248]LogModuleManager: Shutting down and abandoning module AudioFormatOgg (44)
[2016.02.22-16.29.38:760][248]LogModuleManager: Shutting down and abandoning module AudioFormatADPCM (43)
[2016.02.22-16.29.38:760][248]LogModuleManager: Shutting down and abandoning module LinuxTargetPlatform (42)
[2016.02.22-16.29.38:761][248]LogModuleManager: Shutting down and abandoning module LinuxServerTargetPlatform (41)
[2016.02.22-16.29.38:761][248]LogModuleManager: Shutting down and abandoning module LinuxNoEditorTargetPlatform (40)
[2016.02.22-16.29.38:761][248]LogModuleManager: Shutting down and abandoning module Messaging (39)
[2016.02.22-16.29.38:761][248]LogModuleManager: Shutting down and abandoning module IOSTargetPlatform (38)
[2016.02.22-16.29.38:761][248]LogModuleManager: Shutting down and abandoning module HTML5TargetPlatform (37)
[2016.02.22-16.29.38:761][248]LogModuleManager: Shutting down and abandoning module AndroidTargetPlatform (36)
[2016.02.22-16.29.38:761][248]LogModuleManager: Shutting down and abandoning module Android_PVRTCTargetPlatform (35)
[2016.02.22-16.29.38:761][248]LogModuleManager: Shutting down and abandoning module Android_MultiTargetPlatform (34)
[2016.02.22-16.29.38:761][248]LogModuleManager: Shutting down and abandoning module Android_ETC2TargetPlatform (33)
[2016.02.22-16.29.38:761][248]LogModuleManager: Shutting down and abandoning module Android_ETC1TargetPlatform (32)
[2016.02.22-16.29.38:761][248]LogModuleManager: Shutting down and abandoning module Android_DXTTargetPlatform (31)
[2016.02.22-16.29.38:761][248]LogModuleManager: Shutting down and abandoning module Android_ATCTargetPlatform (30)
[2016.02.22-16.29.38:761][248]LogModuleManager: Shutting down and abandoning module Android_ASTCTargetPlatform (29)
[2016.02.22-16.29.38:761][248]LogModuleManager: Shutting down and abandoning module WindowsTargetPlatform (28)
[2016.02.22-16.29.38:761][248]LogModuleManager: Shutting down and abandoning module WindowsServerTargetPlatform (27)
[2016.02.22-16.29.38:761][248]LogModuleManager: Shutting down and abandoning module WindowsNoEditorTargetPlatform (26)
[2016.02.22-16.29.38:761][248]LogModuleManager: Shutting down and abandoning module WindowsClientTargetPlatform (25)
[2016.02.22-16.29.38:761][248]LogModuleManager: Shutting down and abandoning module AllDesktopTargetPlatform (24)
[2016.02.22-16.29.38:761][248]LogModuleManager: Shutting down and abandoning module TargetPlatform (23)
[2016.02.22-16.29.38:761][248]LogModuleManager: Shutting down and abandoning module InputCore (22)
[2016.02.22-16.29.38:761][248]LogModuleManager: Shutting down and abandoning module Settings (21)
[2016.02.22-16.29.38:761][248]LogModuleManager: Shutting down and abandoning module OnlineSubsystem (19)
[2016.02.22-16.29.38:761][248]LogModuleManager: Shutting down and abandoning module HTTP (18)
[2016.02.22-16.29.40:764][248]LogModuleManager: Shutting down and abandoning module XMPP (17)
[2016.02.22-16.29.40:837][248]LogModuleManager: Shutting down and abandoning module OculusRift (16)
[2016.02.22-16.29.40:851][248]LogModuleManager: Shutting down and abandoning module ExampleDeviceProfileSelector (15)
[2016.02.22-16.29.40:852][248]LogModuleManager: Shutting down and abandoning module TextureCompressor (14)
[2016.02.22-16.29.40:852][248]LogModuleManager: Shutting down and abandoning module ShaderCore (13)
[2016.02.22-16.29.40:852][248]LogModuleManager: Shutting down and abandoning module Landscape (12)
[2016.02.22-16.29.40:852][248]LogModuleManager: Shutting down and abandoning module SlateRHIRenderer (11)
[2016.02.22-16.29.40:918][248]LogModuleManager: Shutting down and abandoning module OpenGLDrv (10)
[2016.02.22-16.29.40:929][248]LogModuleManager: Shutting down and abandoning module D3D11RHI (9)
[2016.02.22-16.29.40:929][248]LogModuleManager: Shutting down and abandoning module AnimGraphRuntime (8)
[2016.02.22-16.29.40:943][248]LogModuleManager: Shutting down and abandoning module Renderer (7)
[2016.02.22-16.29.40:943][248]LogModuleManager: Shutting down and abandoning module Engine (6)
[2016.02.22-16.29.40:943][248]LogModuleManager: Shutting down and abandoning module CoreUObject (5)
[2016.02.22-16.29.40:943][248]LogModuleManager: Shutting down and abandoning module NetworkFile (4)
[2016.02.22-16.29.40:952][248]LogModuleManager: Shutting down and abandoning module StreamingFile (3)
[2016.02.22-16.29.40:952][248]LogModuleManager: Shutting down and abandoning module SandboxFile (2)
[2016.02.22-16.29.40:957][248]LogModuleManager: Shutting down and abandoning module PakFile (1)
[2016.02.22-16.29.40:966][248]LogExit: Exiting.
[2016.02.22-16.29.40:973][248]Log file closed, 02/22/16 16:29:40
