[2016.02.28-19.48.37:708][  0]Log file open, 02/28/16 19:48:37
[2016.02.28-19.48.37:708][  0]LogInit:Display: Running engine for game: ForestTale
[2016.02.28-19.48.37:708][  0]LogPlatformFile: Not using cached read wrapper
[2016.02.28-19.48.37:708][  0]LogInit:Display: RandInit(-1665695443) SRandInit(-1665695442).
[2016.02.28-19.48.37:708][  0]LogTaskGraph: Started task graph with 4 named threads and 7 total threads.
[2016.02.28-19.48.37:708][  0]LogStats: Stats thread started at 3.060530
[2016.02.28-19.48.37:708][  0]LogInit: Version: 4.10.2-2818068+++depot+UE4-Releases+4.10
[2016.02.28-19.48.37:708][  0]LogInit: API Version: 2758231
[2016.02.28-19.48.37:708][  0]LogInit: Compiled (64-bit): Jan  6 2016 17:36:42
[2016.02.28-19.48.37:708][  0]LogInit: Compiled with Visual C++: 19.00.23026.00
[2016.02.28-19.48.37:708][  0]LogInit: Build Configuration: Development
[2016.02.28-19.48.37:708][  0]LogInit: Branch Name: ++depot+UE4-Releases+4.10
[2016.02.28-19.48.37:708][  0]LogInit: Command line:  
[2016.02.28-19.48.37:708][  0]LogInit: Base directory: E:/Programs/Epic Games/4.10/Engine/Binaries/Win64/
[2016.02.28-19.48.37:708][  0]LogInit: Rocket: 1
[2016.02.28-19.48.37:847][  0]LogInit: Using libcurl 7.41.0
[2016.02.28-19.48.37:847][  0]LogInit:  - built for x86_64-pc-win32
[2016.02.28-19.48.37:847][  0]LogInit:  - supports SSL with WinSSL
[2016.02.28-19.48.37:847][  0]LogInit:  - other features:
[2016.02.28-19.48.37:847][  0]LogInit:      CURL_VERSION_SSL
[2016.02.28-19.48.37:847][  0]LogInit:      CURL_VERSION_IPV6
[2016.02.28-19.48.37:847][  0]LogInit:      CURL_VERSION_ASYNCHDNS
[2016.02.28-19.48.37:847][  0]LogInit:      CURL_VERSION_LARGEFILE
[2016.02.28-19.48.37:847][  0]LogInit:      CURL_VERSION_IDN
[2016.02.28-19.48.37:848][  0]LogInit:  CurlRequestOptions (configurable via config and command line):
[2016.02.28-19.48.37:848][  0]LogInit:  - bVerifyPeer = true  - Libcurl will verify peer certificate
[2016.02.28-19.48.37:848][  0]LogInit:  - bUseHttpProxy = false  - Libcurl will NOT use HTTP proxy
[2016.02.28-19.48.37:848][  0]LogInit:  - bDontReuseConnections = false  - Libcurl will reuse connections
[2016.02.28-19.48.37:848][  0]LogInit:  - CertBundlePath = nullptr  - Libcurl will use whatever was configured at build time.
[2016.02.28-19.48.38:225][  0]LogInit: Presizing for 0 objects not considered by GC, pre-allocating 0 bytes.
[2016.02.28-19.48.38:554][  0]LogInit: Object subsystem initialized
[2016.02.28-19.48.38:840][  0]LogInit: Selected Device Profile: [Windows]
[2016.02.28-19.48.38:853][  0]LogInit: Applying CVar settings loaded from the selected device profile: [Windows]
[2016.02.28-19.48.38:962][  0]LogInit: Computer: JAC-PC
[2016.02.28-19.48.38:962][  0]LogInit: User: Jac
[2016.02.28-19.48.38:962][  0]LogInit: CPU Page size=4096, Cores=4
[2016.02.28-19.48.38:962][  0]LogInit: High frequency timer resolution =3.423917 MHz
[2016.02.28-19.48.38:968][  0]LogMemory: Memory total: Physical=7.9GB (8GB approx)
[2016.02.28-19.48.38:968][  0]LogMemory: Platform Memory Stats for Windows
[2016.02.28-19.48.38:968][  0]LogMemory: Process Physical Memory: 55.94 MB used, 55.94 MB peak
[2016.02.28-19.48.38:968][  0]LogMemory: Process Virtual Memory: 56.71 MB used, 56.71 MB peak
[2016.02.28-19.48.38:968][  0]LogMemory: Physical Memory: 5769.71 MB used, 8129.75 MB total
[2016.02.28-19.48.38:968][  0]LogMemory: Virtual Memory: 378.68 MB used, 134217728.00 MB total
[2016.02.28-19.48.40:139][  0]LogTextLocalizationManager: No specific translations for ('en-GB') exist, so ('en') translations will be used.
[2016.02.28-19.48.42:199][  0]LogD3D11RHI: Found D3D11 adapter 0: NVIDIA GeForce GTX 770 (Feature Level 11_0)
[2016.02.28-19.48.42:199][  0]LogD3D11RHI: Adapter has 4026MB of dedicated video memory, 0MB of dedicated system memory, and 4064MB of shared system memory, 2 output[s]
[2016.02.28-19.48.42:209][  0]LogD3D11RHI: Found D3D11 adapter 1: Microsoft Basic Render Driver (Feature Level 11_0)
[2016.02.28-19.48.42:209][  0]LogD3D11RHI: Adapter has 0MB of dedicated video memory, 0MB of dedicated system memory, and 4064MB of shared system memory, 0 output[s]
[2016.02.28-19.48.42:210][  0]LogD3D11RHI: Chosen D3D11 Adapter Id = 0
[2016.02.28-19.48.42:260][  0]LogD3D11RHI: !Direct3DDevice
[2016.02.28-19.48.42:262][  0]LogRHI: Texture pool is 1361 MB (70% of 1945 MB)
[2016.02.28-19.48.42:293][  0]LogD3D11RHI: Async texture creation enabled
[2016.02.28-19.48.43:734][  0]LogShaderCompilers: Guid format shader working directory is 6 characters bigger than the processId version (G:/work/Year 2/Off The Map/ForestTale/Intermediate/Shaders/WorkingDirectory/19296/).
[2016.02.28-19.48.43:734][  0]LogShaderCompilers: Cleaned the shader compiler working directory 'C:/Users/Jac/AppData/Local/Temp/UnrealShaderWorkingDir/052F4E844F900284B0E7D7B6A3A30955/'.
[2016.02.28-19.48.43:739][  0]LogShaderCompilers:Display: Using Local Shader Compiler.
[2016.02.28-19.48.48:371][  0]LogTemp:Display: Loaded TP AllDesktopTargetPlatform
[2016.02.28-19.48.48:375][  0]LogTemp:Display: Loaded TP WindowsClientTargetPlatform
[2016.02.28-19.48.48:380][  0]LogTemp:Display: Loaded TP WindowsNoEditorTargetPlatform
[2016.02.28-19.48.48:386][  0]LogTemp:Display: Loaded TP WindowsServerTargetPlatform
[2016.02.28-19.48.48:403][  0]LogTemp:Display: Loaded TP WindowsTargetPlatform
[2016.02.28-19.48.48:418][  0]LogTemp:Display: Loaded TP Android_ASTCTargetPlatform
[2016.02.28-19.48.48:431][  0]LogTemp:Display: Loaded TP Android_ATCTargetPlatform
[2016.02.28-19.48.48:436][  0]LogTemp:Display: Loaded TP Android_DXTTargetPlatform
[2016.02.28-19.48.48:443][  0]LogTemp:Display: Loaded TP Android_ETC1TargetPlatform
[2016.02.28-19.48.48:450][  0]LogTemp:Display: Loaded TP Android_ETC2TargetPlatform
[2016.02.28-19.48.48:466][  0]LogTemp:Display: Loaded TP Android_MultiTargetPlatform
[2016.02.28-19.48.48:466][  0]LogTemp:Display: Loaded TP Android_PVRTCTargetPlatform
[2016.02.28-19.48.48:486][  0]LogTemp:Display: Loaded TP AndroidTargetPlatform
[2016.02.28-19.48.48:487][  0]LogTemp:Display: Loaded TP HTML5TargetPlatform
[2016.02.28-19.48.48:621][  0]LogTemp:Display: Loaded TP IOSTargetPlatform
[2016.02.28-19.48.48:635][  0]LogTemp:Display: Loaded TP LinuxNoEditorTargetPlatform
[2016.02.28-19.48.48:642][  0]LogTemp:Display: Loaded TP LinuxServerTargetPlatform
[2016.02.28-19.48.48:648][  0]LogTemp:Display: Loaded TP LinuxTargetPlatform
[2016.02.28-19.48.48:648][  0]LogTargetPlatformManager:Display: Building Assets For Windows
[2016.02.28-19.48.49:320][  0]LogDerivedDataCache:Display: Max Cache Size: 512 MB
[2016.02.28-19.48.49:489][  0]LogDerivedDataCache: Loaded boot cache 0.17s 41MB C:/Users/Jac/AppData/Local/UnrealEngine/4.10/DerivedDataCache/Boot.ddc.
[2016.02.28-19.48.49:489][  0]LogDerivedDataCache:Display: Loaded Boot cache: C:/Users/Jac/AppData/Local/UnrealEngine/4.10/DerivedDataCache/Boot.ddc
[2016.02.28-19.48.49:489][  0]LogDerivedDataCache: FDerivedDataBackendGraph:  Pak pak cache file G:/work/Year 2/Off The Map/ForestTale/DerivedDataCache/DDC.ddp not found, will not use a pak cache.
[2016.02.28-19.48.49:489][  0]LogDerivedDataCache: Unable to find inner node Pak for hierarchical cache Hierarchy.
[2016.02.28-19.48.49:489][  0]LogDerivedDataCache: FDerivedDataBackendGraph:  CompressedPak pak cache file G:/work/Year 2/Off The Map/ForestTale/DerivedDataCache/Compressed.ddp not found, will not use a pak cache.
[2016.02.28-19.48.49:489][  0]LogDerivedDataCache: Unable to find inner node CompressedPak for hierarchical cache Hierarchy.
[2016.02.28-19.48.49:597][  0]LogDerivedDataCache:Display: Pak cache opened for reading ../../../Engine/DerivedDataCache/Compressed.ddp.
[2016.02.28-19.48.49:609][  0]LogDerivedDataCache: Using Local data cache path C:/Users/Jac/AppData/Local/UnrealEngine/Common/DerivedDataCache: Writable
[2016.02.28-19.49.00:743][  0]LogInit: Selected Device Profile: [Windows]
[2016.02.28-19.49.00:916][  0]LogContentStreaming: Texture pool size is 0.000000MB
[2016.02.28-19.49.03:144][  0]LogMeshUtilities: No automatic mesh reduction module available
[2016.02.28-19.49.03:144][  0]LogMeshUtilities: No automatic mesh merging module available
[2016.02.28-19.49.07:409][  0]LogInit: WinSock: version 1.1 (2.2), MaxSocks=32767, MaxUdp=65467
[2016.02.28-19.49.23:573][  0]UdpMessaging: Initializing bridge on interface 0.0.0.0:0 to multicast group 230.0.0.1:6666.
[2016.02.28-19.49.23:808][  0]LogAssetRegistry: FAssetRegistry took 0.0147 seconds to start up
[2016.02.28-19.49.32:954][  0]SourceControl: Info Source control is disabled
[2016.02.28-19.49.33:003][  0]SourceControl: Info Source control is disabled
[2016.02.28-19.49.33:576][  0]SourceControl: Info Source control is disabled
[2016.02.28-19.49.33:884][  0]SourceControl: Info Source control is disabled
[2016.02.28-19.49.39:734][  0]LogObj: 28802 objects as part of root set at end of initial load.
[2016.02.28-19.49.39:734][  0]LogUObjectAllocator: 6129768 out of 0 bytes used by permanent object pool.
[2016.02.28-19.49.41:769][  0]LogEngine: Initializing Engine...
[2016.02.28-19.49.41:822][  0]LogHMD: Can't find Oculus library dev build: is proper Runtime installed? Version: 0.8.0.0
[2016.02.28-19.49.41:866][  0]LogHMD: SteamVR failed to initialize.  Err: 110
[2016.02.28-19.49.42:824][  0]LogAIModule: Creating AISystem for world NewWorld
[2016.02.28-19.49.43:326][  0]LogInit: XAudio2 using 'Speakers (Realtek High Definition Audio)' : 2 channels at 48 kHz using 32 bits per sample (channel mask 0x3)
[2016.02.28-19.49.43:347][  0]LogInit: FAudioDevice initialized.
[2016.02.28-19.49.43:363][  0]LogDerivedDataCache: Saved boot cache 0.02s 41MB C:/Users/Jac/AppData/Local/UnrealEngine/4.10/DerivedDataCache/Boot.ddc.
[2016.02.28-19.49.43:368][  0]LogInit: Texture streaming: Enabled
[2016.02.28-19.49.43:485][  0]LogAnalytics: Creating configured Analytics provider AnalyticsET
[2016.02.28-19.49.43:485][  0]LogAnalytics: [UEEditor.Rocket.Release] APIServer = http://et2.epicgames.com/ET2/. AppVersion = 4.10.2-2818068+++depot+UE4-Releases+4.10
[2016.02.28-19.49.43:485][  0]LogAnalytics: [UEEditor.Rocket.Release] SetUserId dd12ff064be2e9be779117ab2ef6d1ef|10581dceb00340ccaf11fbba5a70d17f|50ebcf47-d9ff-4ee8-b127-44504b2107d0
[2016.02.28-19.49.43:505][  0]LogAnalytics: [UEEditor.Rocket.Release] AnalyticsET::StartSession
[2016.02.28-19.49.43:820][  0]LogInit: Transaction tracking system initialized
[2016.02.28-19.49.44:295][  0]BlueprintLog: New page: Editor Load
[2016.02.28-19.49.46:545][  0]LocalizationService: Info Localization service is disabled
[2016.02.28-19.49.47:174][  0]LogLinker:Warning: Can't find file '/Game/FirstPersonBP/FirstPersonOverview'
[2016.02.28-19.49.47:180][  0]LogLinker:Warning: Can't find file '/Game/FirstPersonBP/FirstPersonOverview'
[2016.02.28-19.49.47:180][  0]LogUObjectGlobals:Warning: Failed to find object 'Class /Game/FirstPersonBP/FirstPersonOverview.FirstPersonOverview_C'
[2016.02.28-19.49.47:475][  0]LogConsoleResponse:Display: 
[2016.02.28-19.49.52:281][  0]LogFileCache: Scanning file cache for directory 'G:/work/Year 2/Off The Map/ForestTale/Content/' took 0.15s
[2016.02.28-19.49.52:281][  0]LogCook:Display: Done creating registry. It took  0.00s.
[2016.02.28-19.49.58:571][  0]SourceControl: Info Source control is disabled
[2016.02.28-19.49.58:605][  0]Cmd: MAP LOAD FILE="../../../Engine/Content/Maps/Templates/Template_Default.umap" TEMPLATE=1 SHOWPROGRESS=1 FEATURELEVEL=3
[2016.02.28-19.49.58:657][  0]LightingResults: New page: Lighting Build
[2016.02.28-19.49.58:916][  0]MapCheck: New page: Map Check
[2016.02.28-19.49.58:916][  0]LightingResults: New page: Lighting Build
[2016.02.28-19.49.59:488][  0]LogParticles: Destroying 0 GPU particle simulations for FXSystem 0x0000007CA4076AC0
[2016.02.28-19.50.00:988][  0]LogAIModule: Creating AISystem for world Untitled_1
[2016.02.28-19.50.01:691][  0]LogEditorServer: Finished looking for orphan Actors (0.000 secs)
[2016.02.28-19.50.01:818][  0]Cmd: MAP CHECKDEP NOCLEARLOG
[2016.02.28-19.50.01:874][  0]MapCheck: Info Map check complete: 0 Error(s), 0 Warning(s), took 55.813ms to complete.
[2016.02.28-19.50.01:874][  0]LogFileHelpers: Loading map 'Template_Default' took 3.279
[2016.02.28-19.50.03:980][  0]LogCollectionManager: Loaded 0 collections in 0.019459 seconds
[2016.02.28-19.50.04:215][  0]LogFileCache: Scanning file cache for directory 'G:/work/Year 2/Off The Map/ForestTale/Saved/Collections/' took 0.01s
[2016.02.28-19.50.04:215][  0]LogFileCache: Scanning file cache for directory 'G:/work/Year 2/Off The Map/ForestTale/Content/Developers/Jac/Collections/' took 0.01s
[2016.02.28-19.50.04:215][  0]LogFileCache: Scanning file cache for directory 'G:/work/Year 2/Off The Map/ForestTale/Content/Collections/' took 0.01s
[2016.02.28-19.50.04:215][  0]LogCollectionManager: Rebuilt the GUID cache for 0 collections in 0.000003 seconds
[2016.02.28-19.50.04:230][  0]LogContentBrowser: Native class hierarchy populated in 0.0137 seconds. Added 1908 classes and 344 folders.
[2016.02.28-19.50.04:394][  0]LogContentBrowser: Native class hierarchy updated for 'WidgetCarousel' in 0.0012 seconds. Added 0 classes and 0 folders.
[2016.02.28-19.50.05:899][  0]LogContentBrowser: Native class hierarchy updated for 'AddContentDialog' in 0.0004 seconds. Added 0 classes and 0 folders.
[2016.02.28-19.50.06:076][  0]LogContentBrowser: Native class hierarchy updated for 'SceneOutliner' in 0.0004 seconds. Added 1 classes and 2 folders.
[2016.02.28-19.50.07:501][  0]LogCrashTracker: Crashtracker disabled due to settings.
[2016.02.28-19.50.07:757][  0]LogUObjectGlobals:Warning: Failed to find object 'Class None.'
[2016.02.28-19.50.07:951][  0]LogLoad: Full Startup: 97.53 seconds (BP compile: 0.95 seconds)
[2016.02.28-19.50.08:432][  0]LogOcInput: Can't find Oculus library dev build: is proper Runtime installed? Version: 0.8.0.0
[2016.02.28-19.50.09:219][  0]LogContentStreaming: Texture pool size now 1000 MB
[2016.02.28-19.50.09:970][  0]LogRenderer: Reallocating scene render targets to support 1576x948 (Frame:2).
[2016.02.28-19.50.11:838][  5]LogAssetRegistry: Asset discovery search completed in 48.0423 seconds
[2016.02.28-19.50.11:838][  5]LogCollectionManager: Rebuilt the object cache for 0 collections in 0.000001 seconds (found 0 objects)
[2016.02.28-19.50.11:838][  5]LogCollectionManager: Fixed up redirectors for 0 collections in 0.000015 seconds (updated 0 objects)
[2016.02.28-19.52.28:029][962]LogLinker:Warning: Asset 'G:/work/Year 2/Off The Map/ForestTale/Content/Mannequin/Animations/ThirdPerson_AnimBP.uasset' has been saved with empty engine version. The asset will be loaded but may be incompatible.
[2016.02.28-19.52.28:033][962]LogLinker:Warning: Asset 'G:/work/Year 2/Off The Map/ForestTale/Content/Mannequin/Animations/ThirdPerson_Jump.uasset' has been saved with empty engine version. The asset will be loaded but may be incompatible.
[2016.02.28-19.52.28:072][962]LogLinker:Warning: Asset 'G:/work/Year 2/Off The Map/ForestTale/Content/Mannequin/Animations/ThirdPersonJump_Loop.uasset' has been saved with empty engine version. The asset will be loaded but may be incompatible.
[2016.02.28-19.52.28:076][962]LogLinker:Warning: Asset 'G:/work/Year 2/Off The Map/ForestTale/Content/Mannequin/Animations/ThirdPersonJump_Start.uasset' has been saved with empty engine version. The asset will be loaded but may be incompatible.
[2016.02.28-19.52.28:080][962]LogLinker:Warning: Asset 'G:/work/Year 2/Off The Map/ForestTale/Content/Mannequin/Animations/ThirdPerson_IdleRun_2D.uasset' has been saved with empty engine version. The asset will be loaded but may be incompatible.
[2016.02.28-19.52.28:094][962]LogLinker:Warning: Asset 'G:/work/Year 2/Off The Map/ForestTale/Content/Mannequin/Animations/ThirdPersonIdle.uasset' has been saved with empty engine version. The asset will be loaded but may be incompatible.
[2016.02.28-19.52.28:100][962]LogLinker:Warning: Asset 'G:/work/Year 2/Off The Map/ForestTale/Content/Mannequin/Animations/ThirdPersonRun.uasset' has been saved with empty engine version. The asset will be loaded but may be incompatible.
[2016.02.28-19.52.28:105][962]LogLinker:Warning: Asset 'G:/work/Year 2/Off The Map/ForestTale/Content/Mannequin/Animations/ThirdPersonWalk.uasset' has been saved with empty engine version. The asset will be loaded but may be incompatible.
[2016.02.28-19.52.30:082][962]LogTexture:Display: Building textures: mushroom_test (AutoDXT)
[2016.02.28-19.52.30:193][962]LogMaterial: Missing cached shader map for material mushroom, compiling. 
[2016.02.28-19.52.31:139][962]LogStaticMesh: Building static mesh mushroom01...
[2016.02.28-19.52.31:273][962]LogStaticMesh: Built static mesh [0.134867.2s] /Game/Assets/mushroom01.mushroom01
[2016.02.28-19.52.32:038][962]LogAIModule: Creating AISystem for world ThirdPersonExampleMap
[2016.02.28-19.52.33:361][962]Cmd: MAP LOAD FILE="G:/work/Year 2/Off The Map/ForestTale/Content/Maps/ThirdPersonExampleMap.umap" TEMPLATE=0 SHOWPROGRESS=1 FEATURELEVEL=3
[2016.02.28-19.52.33:362][962]LightingResults: New page: Lighting Build
[2016.02.28-19.52.33:416][962]LoadErrors: New page: Loading map: ThirdPersonExampleMap.umap
[2016.02.28-19.52.33:645][962]MapCheck: New page: Map Check
[2016.02.28-19.52.33:645][962]LightingResults: New page: Lighting Build
[2016.02.28-19.52.33:698][962]LogParticles: Destroying 0 GPU particle simulations for FXSystem 0x0000007C90ACB9C0
[2016.02.28-19.52.34:210][962]LogEditorServer: Finished looking for orphan Actors (0.000 secs)
[2016.02.28-19.52.34:277][962]Cmd: MAP CHECKDEP NOCLEARLOG
[2016.02.28-19.52.34:335][962]MapCheck: Info Map check complete: 0 Error(s), 0 Warning(s), took 57.972ms to complete.
[2016.02.28-19.52.34:335][962]LogFileHelpers: Loading map 'ThirdPersonExampleMap' took 1.159
[2016.02.28-19.53.07:182][744]LogMaterial: Missing cached shader map for material Material_0, compiling. 
[2016.02.28-19.53.07:245][746]LogMaterial: Missing cached shader map for material Material_1, compiling. 
[2016.02.28-19.53.07:303][748]LogMaterial: Missing cached shader map for material Material_2, compiling. 
[2016.02.28-19.53.07:343][750]LogMaterial: Missing cached shader map for material Material_3, compiling. 
[2016.02.28-19.53.43:809][138]LogBlueprintUserMessages: Early PlayInEditor Detection: Level '/Game/Maps/ThirdPersonExampleMap.ThirdPersonExampleMap:PersistentLevel' has LevelScriptBlueprint '/Game/Maps/ThirdPersonExampleMap.ThirdPersonExampleMap:PersistentLevel.ThirdPersonExampleMap' with GeneratedClass '/Game/Maps/ThirdPersonExampleMap.ThirdPersonExampleMap_C' with ClassGeneratedBy '/Game/Maps/ThirdPersonExampleMap.ThirdPersonExampleMap:PersistentLevel.ThirdPersonExampleMap'
[2016.02.28-19.53.43:842][138]LogPlayLevel: PlayLevel: No blueprints needed recompiling
[2016.02.28-19.53.43:876][138]PIE: New page: PIE session: ThirdPersonExampleMap (28 Feb 2016 19:53:43)
[2016.02.28-19.53.43:909][138]LogPlayLevel: Creating play world package: /Game/Maps/UEDPIE_0_ThirdPersonExampleMap
[2016.02.28-19.53.44:025][138]LogPlayLevel: PIE: StaticDuplicateObject took: (0.115934s)
[2016.02.28-19.53.44:026][138]LogAIModule: Creating AISystem for world ThirdPersonExampleMap
[2016.02.28-19.53.44:026][138]LogPlayLevel: PIE: World Init took: (0.000893s)
[2016.02.28-19.53.44:033][138]LogPlayLevel: PIE: Created PIE world by copying editor world from /Game/Maps/ThirdPersonExampleMap.ThirdPersonExampleMap to /Game/Maps/UEDPIE_0_ThirdPersonExampleMap.ThirdPersonExampleMap (0.133676s)
[2016.02.28-19.53.44:049][138]LogActorComponent: UnregisterComponent: (/Engine/Transient.CharMoveComp) Not registered. Aborting.
[2016.02.28-19.53.44:108][138]LogInit: XAudio2 using 'Speakers (Realtek High Definition Audio)' : 2 channels at 48 kHz using 32 bits per sample (channel mask 0x3)
[2016.02.28-19.53.44:127][138]LogInit: FAudioDevice initialized.
[2016.02.28-19.53.44:384][138]LogWorld: Game class is 'GameMode'
[2016.02.28-19.53.44:546][138]LogWorld: Bringing World /Game/Maps/UEDPIE_0_ThirdPersonExampleMap.ThirdPersonExampleMap up for play (max tick rate 0) at 2016.02.28-19.53.44
[2016.02.28-19.53.44:546][138]LogActor:Warning: GameSession /Game/Maps/UEDPIE_0_ThirdPersonExampleMap.ThirdPersonExampleMap:PersistentLevel.GameSession_0 has natively added scene component(s), but none of them were set as the actor's RootComponent - picking one arbitrarily
[2016.02.28-19.53.44:578][138]LogActor:Warning: GameNetworkManager /Game/Maps/UEDPIE_0_ThirdPersonExampleMap.ThirdPersonExampleMap:PersistentLevel.GameNetworkManager_0 has natively added scene component(s), but none of them were set as the actor's RootComponent - picking one arbitrarily
[2016.02.28-19.53.44:671][138]LogWorld: Bringing up level for play took: 0.135441
[2016.02.28-19.53.44:991][138]PIE: Info Play in editor start time for /Game/Maps/UEDPIE_0_ThirdPersonExampleMap 1.4
[2016.02.28-19.53.44:992][138]LogBlueprintUserMessages: Late PlayInEditor Detection: Level '/Game/Maps/ThirdPersonExampleMap.ThirdPersonExampleMap:PersistentLevel' has LevelScriptBlueprint '/Game/Maps/ThirdPersonExampleMap.ThirdPersonExampleMap:PersistentLevel.ThirdPersonExampleMap' with GeneratedClass '/Game/Maps/ThirdPersonExampleMap.ThirdPersonExampleMap_C' with ClassGeneratedBy '/Game/Maps/ThirdPersonExampleMap.ThirdPersonExampleMap:PersistentLevel.ThirdPersonExampleMap'
[2016.02.28-19.53.59:106][942]LogBlueprintUserMessages: [ThirdPersonCharacter_C_14] TRUE
[2016.02.28-19.54.04:869][449]LogBlueprintUserMessages: [ThirdPersonCharacter_C_14] TRUE
[2016.02.28-19.54.05:117][467]LogBlueprintUserMessages: [ThirdPersonCharacter_C_14] TRUE
[2016.02.28-19.54.07:727][717]LogBlueprintUserMessages: [ThirdPersonCharacter_C_14] TRUE
[2016.02.28-19.54.10:712][960]LogBlueprintUserMessages: [ThirdPersonCharacter_C_14] TRUE
[2016.02.28-19.54.12:641][138]LogBlueprintUserMessages: [ThirdPersonCharacter_C_14] TRUE
[2016.02.28-19.54.12:649][139]LogBlueprintUserMessages: [ThirdPersonCharacter_C_14] TRUE
[2016.02.28-19.54.12:657][140]LogBlueprintUserMessages: [ThirdPersonCharacter_C_14] TRUE
[2016.02.28-19.54.12:666][141]LogBlueprintUserMessages: [ThirdPersonCharacter_C_14] TRUE
[2016.02.28-19.54.12:674][142]LogBlueprintUserMessages: [ThirdPersonCharacter_C_14] TRUE
[2016.02.28-19.54.12:683][143]LogBlueprintUserMessages: [ThirdPersonCharacter_C_14] TRUE
[2016.02.28-19.54.12:705][144]LogBlueprintUserMessages: [ThirdPersonCharacter_C_14] TRUE
[2016.02.28-19.54.12:713][145]LogBlueprintUserMessages: [ThirdPersonCharacter_C_14] TRUE
[2016.02.28-19.54.12:722][146]LogBlueprintUserMessages: [ThirdPersonCharacter_C_14] TRUE
[2016.02.28-19.54.12:732][147]LogBlueprintUserMessages: [ThirdPersonCharacter_C_14] TRUE
[2016.02.28-19.54.12:740][148]LogBlueprintUserMessages: [ThirdPersonCharacter_C_14] TRUE
[2016.02.28-19.54.12:749][149]LogBlueprintUserMessages: [ThirdPersonCharacter_C_14] TRUE
[2016.02.28-19.54.12:757][150]LogBlueprintUserMessages: [ThirdPersonCharacter_C_14] TRUE
[2016.02.28-19.54.12:766][151]LogBlueprintUserMessages: [ThirdPersonCharacter_C_14] TRUE
[2016.02.28-19.54.12:773][152]LogBlueprintUserMessages: [ThirdPersonCharacter_C_14] TRUE
[2016.02.28-19.54.12:782][153]LogBlueprintUserMessages: [ThirdPersonCharacter_C_14] TRUE
[2016.02.28-19.54.12:821][154]LogBlueprintUserMessages: [ThirdPersonCharacter_C_14] TRUE
[2016.02.28-19.54.12:830][155]LogBlueprintUserMessages: [ThirdPersonCharacter_C_14] TRUE
[2016.02.28-19.54.12:839][156]LogBlueprintUserMessages: [ThirdPersonCharacter_C_14] TRUE
[2016.02.28-19.54.12:848][157]LogBlueprintUserMessages: [ThirdPersonCharacter_C_14] TRUE
[2016.02.28-19.54.12:855][158]LogBlueprintUserMessages: [ThirdPersonCharacter_C_14] TRUE
[2016.02.28-19.54.12:864][159]LogBlueprintUserMessages: [ThirdPersonCharacter_C_14] TRUE
[2016.02.28-19.54.12:872][160]LogBlueprintUserMessages: [ThirdPersonCharacter_C_14] TRUE
[2016.02.28-19.54.12:880][161]LogBlueprintUserMessages: [ThirdPersonCharacter_C_14] TRUE
[2016.02.28-19.54.12:905][162]LogBlueprintUserMessages: [ThirdPersonCharacter_C_14] TRUE
[2016.02.28-19.54.12:913][163]LogBlueprintUserMessages: [ThirdPersonCharacter_C_14] TRUE
[2016.02.28-19.54.12:922][164]LogBlueprintUserMessages: [ThirdPersonCharacter_C_14] TRUE
[2016.02.28-19.54.12:934][165]LogBlueprintUserMessages: [ThirdPersonCharacter_C_14] TRUE
[2016.02.28-19.54.12:942][166]LogBlueprintUserMessages: [ThirdPersonCharacter_C_14] TRUE
[2016.02.28-19.54.12:950][167]LogBlueprintUserMessages: [ThirdPersonCharacter_C_14] TRUE
[2016.02.28-19.54.12:958][168]LogBlueprintUserMessages: [ThirdPersonCharacter_C_14] TRUE
[2016.02.28-19.54.12:967][169]LogBlueprintUserMessages: [ThirdPersonCharacter_C_14] TRUE
[2016.02.28-19.54.12:975][170]LogBlueprintUserMessages: [ThirdPersonCharacter_C_14] TRUE
[2016.02.28-19.54.12:983][171]LogBlueprintUserMessages: [ThirdPersonCharacter_C_14] TRUE
[2016.02.28-19.54.13:024][172]LogBlueprintUserMessages: [ThirdPersonCharacter_C_14] TRUE
[2016.02.28-19.54.13:032][173]LogBlueprintUserMessages: [ThirdPersonCharacter_C_14] TRUE
[2016.02.28-19.54.13:041][174]LogBlueprintUserMessages: [ThirdPersonCharacter_C_14] TRUE
[2016.02.28-19.54.13:050][175]LogBlueprintUserMessages: [ThirdPersonCharacter_C_14] TRUE
[2016.02.28-19.54.13:058][176]LogBlueprintUserMessages: [ThirdPersonCharacter_C_14] TRUE
[2016.02.28-19.54.13:066][177]LogBlueprintUserMessages: [ThirdPersonCharacter_C_14] TRUE
[2016.02.28-19.54.13:074][178]LogBlueprintUserMessages: [ThirdPersonCharacter_C_14] TRUE
[2016.02.28-19.54.13:105][179]LogBlueprintUserMessages: [ThirdPersonCharacter_C_14] TRUE
[2016.02.28-19.54.13:114][180]LogBlueprintUserMessages: [ThirdPersonCharacter_C_14] TRUE
[2016.02.28-19.54.13:777][240]LogBlueprintUserMessages: [ThirdPersonCharacter_C_14] TRUE
[2016.02.28-19.54.17:619][495]LogBlueprintUserMessages: [ThirdPersonCharacter_C_14] TRUE
[2016.02.28-19.54.17:629][496]LogBlueprintUserMessages: [ThirdPersonCharacter_C_14] TRUE
[2016.02.28-19.54.17:640][497]LogBlueprintUserMessages: [ThirdPersonCharacter_C_14] TRUE
[2016.02.28-19.54.17:650][498]LogBlueprintUserMessages: [ThirdPersonCharacter_C_14] TRUE
[2016.02.28-19.54.17:661][499]LogBlueprintUserMessages: [ThirdPersonCharacter_C_14] TRUE
[2016.02.28-19.54.17:672][500]LogBlueprintUserMessages: [ThirdPersonCharacter_C_14] TRUE
[2016.02.28-19.54.17:710][501]LogBlueprintUserMessages: [ThirdPersonCharacter_C_14] TRUE
[2016.02.28-19.54.17:719][502]LogBlueprintUserMessages: [ThirdPersonCharacter_C_14] TRUE
[2016.02.28-19.54.17:730][503]LogBlueprintUserMessages: [ThirdPersonCharacter_C_14] TRUE
[2016.02.28-19.54.17:740][504]LogBlueprintUserMessages: [ThirdPersonCharacter_C_14] TRUE
[2016.02.28-19.54.17:751][505]LogBlueprintUserMessages: [ThirdPersonCharacter_C_14] TRUE
[2016.02.28-19.54.17:763][506]LogBlueprintUserMessages: [ThirdPersonCharacter_C_14] TRUE
[2016.02.28-19.54.17:772][507]LogBlueprintUserMessages: [ThirdPersonCharacter_C_14] TRUE
[2016.02.28-19.54.17:810][508]LogBlueprintUserMessages: [ThirdPersonCharacter_C_14] TRUE
[2016.02.28-19.54.17:819][509]LogBlueprintUserMessages: [ThirdPersonCharacter_C_14] TRUE
[2016.02.28-19.54.17:830][510]LogBlueprintUserMessages: [ThirdPersonCharacter_C_14] TRUE
[2016.02.28-19.54.17:839][511]LogBlueprintUserMessages: [ThirdPersonCharacter_C_14] TRUE
[2016.02.28-19.54.17:851][512]LogBlueprintUserMessages: [ThirdPersonCharacter_C_14] TRUE
[2016.02.28-19.54.17:862][513]LogBlueprintUserMessages: [ThirdPersonCharacter_C_14] TRUE
[2016.02.28-19.54.17:872][514]LogBlueprintUserMessages: [ThirdPersonCharacter_C_14] TRUE
[2016.02.28-19.54.17:910][515]LogBlueprintUserMessages: [ThirdPersonCharacter_C_14] TRUE
[2016.02.28-19.54.17:919][516]LogBlueprintUserMessages: [ThirdPersonCharacter_C_14] TRUE
[2016.02.28-19.54.17:929][517]LogBlueprintUserMessages: [ThirdPersonCharacter_C_14] TRUE
[2016.02.28-19.54.18:678][575]LogBlueprintUserMessages: [ThirdPersonCharacter_C_14] TRUE
[2016.02.28-19.54.23:750][977]LogBlueprintUserMessages: [ThirdPersonCharacter_C_14] TRUE
[2016.02.28-19.54.27:137][249]LogBlueprintUserMessages: [ThirdPersonCharacter_C_14] MovableObj
[2016.02.28-19.54.27:510][273]LogBlueprintUserMessages: [ThirdPersonCharacter_C_14] TRUE
[2016.02.28-19.54.27:520][274]LogBlueprintUserMessages: [ThirdPersonCharacter_C_14] TRUE
[2016.02.28-19.54.27:529][275]LogBlueprintUserMessages: [ThirdPersonCharacter_C_14] TRUE
[2016.02.28-19.54.27:538][276]LogBlueprintUserMessages: [ThirdPersonCharacter_C_14] TRUE
[2016.02.28-19.54.27:546][277]LogBlueprintUserMessages: [ThirdPersonCharacter_C_14] TRUE
[2016.02.28-19.54.27:554][278]LogBlueprintUserMessages: [ThirdPersonCharacter_C_14] TRUE
[2016.02.28-19.54.27:562][279]LogBlueprintUserMessages: [ThirdPersonCharacter_C_14] TRUE
[2016.02.28-19.54.27:570][280]LogBlueprintUserMessages: [ThirdPersonCharacter_C_14] TRUE
[2016.02.28-19.54.27:579][281]LogBlueprintUserMessages: [ThirdPersonCharacter_C_14] TRUE
[2016.02.28-19.54.27:620][282]LogBlueprintUserMessages: [ThirdPersonCharacter_C_14] TRUE
[2016.02.28-19.54.27:628][283]LogBlueprintUserMessages: [ThirdPersonCharacter_C_14] TRUE
[2016.02.28-19.54.27:638][284]LogBlueprintUserMessages: [ThirdPersonCharacter_C_14] TRUE
[2016.02.28-19.54.27:646][285]LogBlueprintUserMessages: [ThirdPersonCharacter_C_14] TRUE
[2016.02.28-19.54.27:654][286]LogBlueprintUserMessages: [ThirdPersonCharacter_C_14] TRUE
[2016.02.28-19.54.27:663][287]LogBlueprintUserMessages: [ThirdPersonCharacter_C_14] TRUE
[2016.02.28-19.54.27:671][288]LogBlueprintUserMessages: [ThirdPersonCharacter_C_14] TRUE
[2016.02.28-19.54.27:679][289]LogBlueprintUserMessages: [ThirdPersonCharacter_C_14] TRUE
[2016.02.28-19.54.27:718][290]LogBlueprintUserMessages: [ThirdPersonCharacter_C_14] TRUE
[2016.02.28-19.54.27:726][291]LogBlueprintUserMessages: [ThirdPersonCharacter_C_14] TRUE
[2016.02.28-19.54.27:736][292]LogBlueprintUserMessages: [ThirdPersonCharacter_C_14] TRUE
[2016.02.28-19.54.27:747][293]LogBlueprintUserMessages: [ThirdPersonCharacter_C_14] TRUE
[2016.02.28-19.54.27:755][294]LogBlueprintUserMessages: [ThirdPersonCharacter_C_14] TRUE
[2016.02.28-19.54.27:763][295]LogBlueprintUserMessages: [ThirdPersonCharacter_C_14] TRUE
[2016.02.28-19.54.27:771][296]LogBlueprintUserMessages: [ThirdPersonCharacter_C_14] TRUE
[2016.02.28-19.54.27:780][297]LogBlueprintUserMessages: [ThirdPersonCharacter_C_14] TRUE
[2016.02.28-19.54.27:802][298]LogBlueprintUserMessages: [ThirdPersonCharacter_C_14] TRUE
[2016.02.28-19.54.27:810][299]LogBlueprintUserMessages: [ThirdPersonCharacter_C_14] TRUE
[2016.02.28-19.54.27:820][300]LogBlueprintUserMessages: [ThirdPersonCharacter_C_14] TRUE
[2016.02.28-19.54.27:830][301]LogBlueprintUserMessages: [ThirdPersonCharacter_C_14] TRUE
[2016.02.28-19.54.27:838][302]LogBlueprintUserMessages: [ThirdPersonCharacter_C_14] TRUE
[2016.02.28-19.54.27:847][303]LogBlueprintUserMessages: [ThirdPersonCharacter_C_14] TRUE
[2016.02.28-19.54.27:855][304]LogBlueprintUserMessages: [ThirdPersonCharacter_C_14] TRUE
[2016.02.28-19.54.27:863][305]LogBlueprintUserMessages: [ThirdPersonCharacter_C_14] TRUE
[2016.02.28-19.54.27:872][306]LogBlueprintUserMessages: [ThirdPersonCharacter_C_14] TRUE
[2016.02.28-19.54.27:880][307]LogBlueprintUserMessages: [ThirdPersonCharacter_C_14] TRUE
[2016.02.28-19.54.27:902][308]LogBlueprintUserMessages: [ThirdPersonCharacter_C_14] TRUE
[2016.02.28-19.54.27:910][309]LogBlueprintUserMessages: [ThirdPersonCharacter_C_14] TRUE
[2016.02.28-19.54.27:920][310]LogBlueprintUserMessages: [ThirdPersonCharacter_C_14] TRUE
[2016.02.28-19.54.27:929][311]LogBlueprintUserMessages: [ThirdPersonCharacter_C_14] TRUE
[2016.02.28-19.54.27:937][312]LogBlueprintUserMessages: [ThirdPersonCharacter_C_14] TRUE
[2016.02.28-19.54.27:945][313]LogBlueprintUserMessages: [ThirdPersonCharacter_C_14] TRUE
[2016.02.28-19.54.27:954][314]LogBlueprintUserMessages: [ThirdPersonCharacter_C_14] TRUE
[2016.02.28-19.54.27:963][315]LogBlueprintUserMessages: [ThirdPersonCharacter_C_14] TRUE
[2016.02.28-19.54.27:971][316]LogBlueprintUserMessages: [ThirdPersonCharacter_C_14] TRUE
[2016.02.28-19.54.27:979][317]LogBlueprintUserMessages: [ThirdPersonCharacter_C_14] TRUE
[2016.02.28-19.54.28:019][318]LogBlueprintUserMessages: [ThirdPersonCharacter_C_14] TRUE
[2016.02.28-19.54.28:027][319]LogBlueprintUserMessages: [ThirdPersonCharacter_C_14] TRUE
[2016.02.28-19.54.28:036][320]LogBlueprintUserMessages: [ThirdPersonCharacter_C_14] TRUE
[2016.02.28-19.54.28:047][321]LogBlueprintUserMessages: [ThirdPersonCharacter_C_14] TRUE
[2016.02.28-19.54.28:056][322]LogBlueprintUserMessages: [ThirdPersonCharacter_C_14] TRUE
[2016.02.28-19.54.28:068][323]LogBlueprintUserMessages: [ThirdPersonCharacter_C_14] TRUE
[2016.02.28-19.54.28:080][324]LogBlueprintUserMessages: [ThirdPersonCharacter_C_14] TRUE
[2016.02.28-19.54.29:802][461]LogBlueprintUserMessages: [ThirdPersonCharacter_C_14] TRUE
[2016.02.28-19.54.29:810][462]LogBlueprintUserMessages: [ThirdPersonCharacter_C_14] TRUE
[2016.02.28-19.54.29:819][463]LogBlueprintUserMessages: [ThirdPersonCharacter_C_14] TRUE
[2016.02.28-19.54.29:830][464]LogBlueprintUserMessages: [ThirdPersonCharacter_C_14] TRUE
[2016.02.28-19.54.29:838][465]LogBlueprintUserMessages: [ThirdPersonCharacter_C_14] TRUE
[2016.02.28-19.54.29:846][466]LogBlueprintUserMessages: [ThirdPersonCharacter_C_14] TRUE
[2016.02.28-19.54.29:855][467]LogBlueprintUserMessages: [ThirdPersonCharacter_C_14] TRUE
[2016.02.28-19.54.29:863][468]LogBlueprintUserMessages: [ThirdPersonCharacter_C_14] TRUE
[2016.02.28-19.54.29:871][469]LogBlueprintUserMessages: [ThirdPersonCharacter_C_14] TRUE
[2016.02.28-19.54.29:879][470]LogBlueprintUserMessages: [ThirdPersonCharacter_C_14] TRUE
[2016.02.28-19.54.29:902][471]LogBlueprintUserMessages: [ThirdPersonCharacter_C_14] TRUE
[2016.02.28-19.54.29:910][472]LogBlueprintUserMessages: [ThirdPersonCharacter_C_14] TRUE
[2016.02.28-19.54.29:920][473]LogBlueprintUserMessages: [ThirdPersonCharacter_C_14] TRUE
[2016.02.28-19.54.29:928][474]LogBlueprintUserMessages: [ThirdPersonCharacter_C_14] TRUE
[2016.02.28-19.54.29:937][475]LogBlueprintUserMessages: [ThirdPersonCharacter_C_14] TRUE
[2016.02.28-19.54.29:945][476]LogBlueprintUserMessages: [ThirdPersonCharacter_C_14] TRUE
[2016.02.28-19.54.29:954][477]LogBlueprintUserMessages: [ThirdPersonCharacter_C_14] TRUE
[2016.02.28-19.54.29:962][478]LogBlueprintUserMessages: [ThirdPersonCharacter_C_14] TRUE
[2016.02.28-19.54.29:970][479]LogBlueprintUserMessages: [ThirdPersonCharacter_C_14] TRUE
[2016.02.28-19.54.29:978][480]LogBlueprintUserMessages: [ThirdPersonCharacter_C_14] TRUE
[2016.02.28-19.54.31:849][651]LogBlueprintUserMessages: [ThirdPersonCharacter_C_14] MovableObj
[2016.02.28-19.54.45:657][674]LogBlueprintUserMessages: [ThirdPersonCharacter_C_14] TRUE
[2016.02.28-19.54.55:837][372]LogBlueprintUserMessages: [ThirdPersonCharacter_C_14] TRUE
[2016.02.28-19.54.55:846][373]LogBlueprintUserMessages: [ThirdPersonCharacter_C_14] TRUE
[2016.02.28-19.54.55:856][374]LogBlueprintUserMessages: [ThirdPersonCharacter_C_14] TRUE
[2016.02.28-19.54.55:865][375]LogBlueprintUserMessages: [ThirdPersonCharacter_C_14] TRUE
[2016.02.28-19.54.55:874][376]LogBlueprintUserMessages: [ThirdPersonCharacter_C_14] TRUE
[2016.02.28-19.54.59:014][604]LogBlueprintUserMessages: [ThirdPersonCharacter_C_14] MovableObj
[2016.02.28-19.55.04:451][958]LogBlueprintUserMessages: [ThirdPersonCharacter_C_14] MovableObj
[2016.02.28-19.55.12:347][431]LogBlueprintUserMessages: [ThirdPersonCharacter_C_14] MovableObj
[2016.02.28-19.55.17:911][797]LogBlueprintUserMessages: [ThirdPersonCharacter_C_14] MovableObj
[2016.02.28-19.55.20:334][959]LogBlueprintUserMessages: [ThirdPersonCharacter_C_14] MovableObj
[2016.02.28-19.55.27:745][434]LogBlueprintUserMessages: [ThirdPersonCharacter_C_14] MovableObj
[2016.02.28-19.55.29:730][544]LogBlueprintUserMessages: [ThirdPersonCharacter_C_14] MovableObj
[2016.02.28-19.55.34:058][804]LogBlueprintUserMessages: [ThirdPersonCharacter_C_14] MovableObj
[2016.02.28-19.55.38:452][ 67]LogBlueprintUserMessages: [ThirdPersonCharacter_C_14] MovableObj
[2016.02.28-19.55.48:730][720]LogBlueprintUserMessages: [ThirdPersonCharacter_C_14] MovableObj
[2016.02.28-19.55.54:325][ 63]LogBlueprintUserMessages: [ThirdPersonCharacter_C_14] MovableObj
[2016.02.28-19.55.56:250][167]LogBlueprintUserMessages: [ThirdPersonCharacter_C_14] MovableObj
[2016.02.28-19.56.04:690][685]LogBlueprintUserMessages: Early EndPlayMap Detection: Level '/Game/Maps/ThirdPersonExampleMap.ThirdPersonExampleMap:PersistentLevel' has LevelScriptBlueprint '/Game/Maps/ThirdPersonExampleMap.ThirdPersonExampleMap:PersistentLevel.ThirdPersonExampleMap' with GeneratedClass '/Game/Maps/ThirdPersonExampleMap.ThirdPersonExampleMap_C' with ClassGeneratedBy '/Game/Maps/ThirdPersonExampleMap.ThirdPersonExampleMap:PersistentLevel.ThirdPersonExampleMap'
[2016.02.28-19.56.05:132][685]LogBlueprintUserMessages: Late EndPlayMap Detection: Level '/Game/Maps/ThirdPersonExampleMap.ThirdPersonExampleMap:PersistentLevel' has LevelScriptBlueprint '/Game/Maps/ThirdPersonExampleMap.ThirdPersonExampleMap:PersistentLevel.ThirdPersonExampleMap' with GeneratedClass '/Game/Maps/ThirdPersonExampleMap.ThirdPersonExampleMap_C' with ClassGeneratedBy '/Game/Maps/ThirdPersonExampleMap.ThirdPersonExampleMap:PersistentLevel.ThirdPersonExampleMap'
[2016.02.28-19.56.05:183][685]LogParticles: Destroying 0 GPU particle simulations for FXSystem 0x0000007C9390B1A0
[2016.02.28-19.56.21:950][480]LogLinker:Warning: Asset '../../../Engine/Content/ArtTools/RenderToTexture/Macros/RenderToTextureMacros.uasset' has been saved with empty engine version. The asset will be loaded but may be incompatible.
[2016.02.28-19.56.23:019][480]LogContentBrowser: Native class hierarchy updated for 'BlueprintGraph' in 0.0107 seconds. Added 107 classes and 0 folders.
[2016.02.28-19.57.15:781][636]LogActorComponent: UnregisterComponent: (/Engine/Transient.CharMoveComp) Not registered. Aborting.
[2016.02.28-19.57.17:495][637]Cmd: QUIT_EDITOR
[2016.02.28-19.57.18:512][637]LogWindowsTextInputMethodSystem:Display: IME system now deactivated.
[2016.02.28-19.57.18:636][637]LogExit: Preparing to exit.
[2016.02.28-19.57.19:425][637]LogExit: Editor shut down
[2016.02.28-19.57.19:425][637]LogExit: Transaction tracking system shut down
[2016.02.28-19.57.19:427][637]LogParticles: Destroying 0 GPU particle simulations for FXSystem 0x0000007CD69005E0
[2016.02.28-19.57.19:427][637]LogParticles: Destroying 0 GPU particle simulations for FXSystem 0x0000007CACD856C0
[2016.02.28-19.57.19:427][637]LogParticles: Destroying 0 GPU particle simulations for FXSystem 0x0000007CAE42AFC0
[2016.02.28-19.57.19:510][637]LogParticles: Destroying 0 GPU particle simulations for FXSystem 0x0000007CD6699800
[2016.02.28-19.57.19:510][637]LogParticles: Destroying 0 GPU particle simulations for FXSystem 0x0000007CD64BE3E0
[2016.02.28-19.57.19:511][637]LogParticles: Destroying 0 GPU particle simulations for FXSystem 0x0000007CD7D2C5E0
[2016.02.28-19.57.19:511][637]LogParticles: Destroying 0 GPU particle simulations for FXSystem 0x0000007CD7D2CF40
[2016.02.28-19.57.19:511][637]LogParticles: Destroying 0 GPU particle simulations for FXSystem 0x0000007C938C8900
[2016.02.28-19.57.19:511][637]LogParticles: Destroying 0 GPU particle simulations for FXSystem 0x0000007C9390BCE0
[2016.02.28-19.57.19:513][637]LogParticles: Destroying 0 GPU particle simulations for FXSystem 0x0000007CAD989F80
[2016.02.28-19.57.20:884][637]LogExit: Object subsystem successfully closed.
[2016.02.28-19.57.21:079][637]LogD3D11RHI: Shutdown
[2016.02.28-19.57.21:079][637]LogD3D11RHI: CleanupD3DDevice
[2016.02.28-19.57.21:192][637]LogD3D11RHI: ~FD3D11DynamicRHI
[2016.02.28-19.57.21:879][637]LogModuleManager: Shutting down and abandoning module BlueprintGraph (201)
[2016.02.28-19.57.21:879][637]LogModuleManager: Shutting down and abandoning module CrashTracker (200)
[2016.02.28-19.57.21:879][637]LogModuleManager: Shutting down and abandoning module SceneOutliner (199)
[2016.02.28-19.57.21:879][637]LogModuleManager: Shutting down and abandoning module SuperSearch (198)
[2016.02.28-19.57.21:879][637]LogModuleManager: Shutting down and abandoning module WidgetCarousel (197)
[2016.02.28-19.57.21:890][637]LogModuleManager: Shutting down and abandoning module AddContentDialog (196)
[2016.02.28-19.57.21:919][637]LogModuleManager: Shutting down and abandoning module EditorWidgets (195)
[2016.02.28-19.57.21:919][637]LogModuleManager: Shutting down and abandoning module CollectionManager (194)
[2016.02.28-19.57.21:945][637]LogModuleManager: Shutting down and abandoning module StatsViewer (193)
[2016.02.28-19.57.21:967][637]LogModuleManager: Shutting down and abandoning module FoliageEdit (192)
[2016.02.28-19.57.21:980][637]LogModuleManager: Shutting down and abandoning module LandscapeEditor (191)
[2016.02.28-19.57.22:007][637]LogModuleManager: Shutting down and abandoning module ActorPickerMode (190)
[2016.02.28-19.57.22:007][637]LogModuleManager: Shutting down and abandoning module GeometryMode (189)
[2016.02.28-19.57.22:007][637]LogModuleManager: Shutting down and abandoning module TextureAlignMode (188)
[2016.02.28-19.57.22:007][637]LogModuleManager: Shutting down and abandoning module BspMode (187)
[2016.02.28-19.57.22:007][637]LogModuleManager: Shutting down and abandoning module PlacementMode (186)
[2016.02.28-19.57.22:007][637]LogModuleManager: Shutting down and abandoning module AutomationWorker (185)
[2016.02.28-19.57.22:007][637]LogModuleManager: Shutting down and abandoning module CharacterAI (184)
[2016.02.28-19.57.22:007][637]LogModuleManager: Shutting down and abandoning module SmartSnapping (183)
[2016.02.28-19.57.22:007][637]LogModuleManager: Shutting down and abandoning module ViewportSnapping (182)
[2016.02.28-19.57.22:007][637]LogModuleManager: Shutting down and abandoning module LogVisualizer (181)
[2016.02.28-19.57.22:032][637]LogModuleManager: Shutting down and abandoning module GameProjectGeneration (180)
[2016.02.28-19.57.22:046][637]LogModuleManager: Shutting down and abandoning module IntroTutorials (179)
[2016.02.28-19.57.22:068][637]LogModuleManager: Shutting down and abandoning module EditorLiveStreaming (178)
[2016.02.28-19.57.22:068][637]LogModuleManager: Shutting down and abandoning module IOSPlatformEditor (177)
[2016.02.28-19.57.22:080][637]LogModuleManager: Shutting down and abandoning module HTML5PlatformEditor (176)
[2016.02.28-19.57.22:080][637]LogModuleManager: Shutting down and abandoning module AndroidDeviceDetection (175)
[2016.02.28-19.57.23:072][637]LogModuleManager: Shutting down and abandoning module AndroidPlatformEditor (174)
[2016.02.28-19.57.23:072][637]LogModuleManager: Shutting down and abandoning module IOSRuntimeSettings (173)
[2016.02.28-19.57.23:072][637]LogModuleManager: Shutting down and abandoning module AndroidRuntimeSettings (172)
[2016.02.28-19.57.23:072][637]LogModuleManager: Shutting down and abandoning module MergeActors (171)
[2016.02.28-19.57.23:110][637]LogModuleManager: Shutting down and abandoning module SizeMap (170)
[2016.02.28-19.57.23:110][637]LogModuleManager: Shutting down and abandoning module TreeMap (169)
[2016.02.28-19.57.23:124][637]LogModuleManager: Shutting down and abandoning module ReferenceViewer (168)
[2016.02.28-19.57.23:147][637]LogModuleManager: Shutting down and abandoning module LocalizationService (167)
[2016.02.28-19.57.23:159][637]LogModuleManager: Shutting down and abandoning module LocalizationDashboard (166)
[2016.02.28-19.57.23:166][637]LogModuleManager: Shutting down and abandoning module HardwareTargeting (165)
[2016.02.28-19.57.23:180][637]LogModuleManager: Shutting down and abandoning module DeviceProfileEditor (164)
[2016.02.28-19.57.23:201][637]LogModuleManager: Shutting down and abandoning module UndoHistory (163)
[2016.02.28-19.57.23:210][637]LogModuleManager: Shutting down and abandoning module GameplayTagsEditor (162)
[2016.02.28-19.57.23:214][637]LogModuleManager: Shutting down and abandoning module UserFeedback (161)
[2016.02.28-19.57.23:214][637]LogModuleManager: Shutting down and abandoning module XmlParser (160)
[2016.02.28-19.57.23:226][637]LogModuleManager: Shutting down and abandoning module Blutility (159)
[2016.02.28-19.57.23:226][637]LogModuleManager: Shutting down and abandoning module ProjectTargetPlatformEditor (158)
[2016.02.28-19.57.23:231][637]LogModuleManager: Shutting down and abandoning module ProjectSettingsViewer (157)
[2016.02.28-19.57.23:231][637]LogModuleManager: Shutting down and abandoning module InputBindingEditor (156)
[2016.02.28-19.57.23:251][637]LogModuleManager: Shutting down and abandoning module EditorSettingsViewer (155)
[2016.02.28-19.57.23:251][637]LogModuleManager: Shutting down and abandoning module SettingsEditor (154)
[2016.02.28-19.57.23:267][637]LogModuleManager: Shutting down and abandoning module ProjectLauncher (153)
[2016.02.28-19.57.23:275][637]LogModuleManager: Shutting down and abandoning module SessionFrontend (152)
[2016.02.28-19.57.23:292][637]LogModuleManager: Shutting down and abandoning module ProfilerClient (151)
[2016.02.28-19.57.23:296][637]LogModuleManager: Shutting down and abandoning module TargetDeviceServices (150)
[2016.02.28-19.57.23:296][637]LogModuleManager: Shutting down and abandoning module DeviceManager (149)
[2016.02.28-19.57.23:307][637]LogModuleManager: Shutting down and abandoning module AutomationController (148)
[2016.02.28-19.57.23:317][637]LogModuleManager: Shutting down and abandoning module AutomationWindow (147)
[2016.02.28-19.57.23:328][637]LogModuleManager: Shutting down and abandoning module Layers (146)
[2016.02.28-19.57.23:358][637]LogModuleManager: Shutting down and abandoning module ComponentVisualizers (145)
[2016.02.28-19.57.23:358][637]LogModuleManager: Shutting down and abandoning module DetailCustomizations (144)
[2016.02.28-19.57.23:364][637]LogModuleManager: Shutting down and abandoning module PackagesDialog (143)
[2016.02.28-19.57.23:387][637]LogModuleManager: Shutting down and abandoning module Persona (142)
[2016.02.28-19.57.23:472][637]LogModuleManager: Shutting down and abandoning module Kismet (141)
[2016.02.28-19.57.23:472][637]LogModuleManager: Shutting down and abandoning module GraphEditor (140)
[2016.02.28-19.57.23:472][637]LogModuleManager: Shutting down and abandoning module ClassViewer (139)
[2016.02.28-19.57.23:480][637]LogModuleManager: Shutting down and abandoning module Toolbox (138)
[2016.02.28-19.57.23:480][637]LogModuleManager: Shutting down and abandoning module ModuleUI (137)
[2016.02.28-19.57.23:491][637]LogModuleManager: Shutting down and abandoning module MovieSceneTools (136)
[2016.02.28-19.57.23:506][637]LogModuleManager: Shutting down and abandoning module OutputLog (135)
[2016.02.28-19.57.23:506][637]LogModuleManager: Shutting down and abandoning module GammaUI (134)
[2016.02.28-19.57.23:509][637]LogModuleManager: Shutting down and abandoning module Documentation (133)
[2016.02.28-19.57.23:509][637]LogModuleManager: Shutting down and abandoning module GameLiveStreaming (132)
[2016.02.28-19.57.23:512][637]LogModuleManager: Shutting down and abandoning module StreamingPauseRendering (131)
[2016.02.28-19.57.23:512][637]LogModuleManager: Shutting down and abandoning module AnalyticsET (130)
[2016.02.28-19.57.23:512][637]LogModuleManager: Shutting down and abandoning module Analytics (129)
[2016.02.28-19.57.23:512][637]LogModuleManager: Shutting down and abandoning module AITestSuite (128)
[2016.02.28-19.57.23:525][637]LogModuleManager: Shutting down and abandoning module GameplayDebugger (127)
[2016.02.28-19.57.23:539][637]LogModuleManager: Shutting down and abandoning module AIModule (126)
[2016.02.28-19.57.23:539][637]LogModuleManager: Shutting down and abandoning module ProfilerService (125)
[2016.02.28-19.57.23:717][637]LogModuleManager: Shutting down and abandoning module TaskGraph (124)
[2016.02.28-19.57.23:751][637]LogModuleManager: Shutting down and abandoning module SubstanceEditor (123)
[2016.02.28-19.57.23:756][637]LogModuleManager: Shutting down and abandoning module SlateRemote (122)
[2016.02.28-19.57.23:756][637]LogModuleManager: Shutting down and abandoning module SteamVRController (121)
[2016.02.28-19.57.23:756][637]LogModuleManager: Shutting down and abandoning module SteamVR (120)
[2016.02.28-19.57.23:756][637]LogModuleManager: Shutting down and abandoning module ProceduralMeshComponent (119)
[2016.02.28-19.57.23:756][637]LogModuleManager: Shutting down and abandoning module OculusLibrary (118)
[2016.02.28-19.57.23:756][637]LogModuleManager: Shutting down and abandoning module OculusInput (117)
[2016.02.28-19.57.23:756][637]LogModuleManager: Shutting down and abandoning module LeapMotionController (116)
[2016.02.28-19.57.23:793][637]LogModuleManager: Shutting down and abandoning module CustomMeshComponent (115)
[2016.02.28-19.57.23:793][637]LogModuleManager: Shutting down and abandoning module CableComponent (114)
[2016.02.28-19.57.23:800][637]LogModuleManager: Shutting down and abandoning module ArchVisCharacter (113)
[2016.02.28-19.57.23:800][637]LogModuleManager: Shutting down and abandoning module MessagingDebugger (112)
[2016.02.28-19.57.23:838][637]LogModuleManager: Shutting down and abandoning module MediaPlayerEditor (111)
[2016.02.28-19.57.23:869][637]LogModuleManager: Shutting down and abandoning module HTML5Networking (110)
[2016.02.28-19.57.23:869][637]LogModuleManager: Shutting down and abandoning module SpeedTreeImporter (109)
[2016.02.28-19.57.23:869][637]LogModuleManager: Shutting down and abandoning module PluginBrowser (108)
[2016.02.28-19.57.23:897][637]LogModuleManager: Shutting down and abandoning module EpicSurvey (107)
[2016.02.28-19.57.23:906][637]LogModuleManager: Shutting down and abandoning module DesktopPlatform (106)
[2016.02.28-19.57.23:906][637]LogModuleManager: Shutting down and abandoning module VisualStudioSourceCodeAccess (105)
[2016.02.28-19.57.23:906][637]LogModuleManager: Shutting down and abandoning module UObjectPlugin (104)
[2016.02.28-19.57.23:906][637]LogModuleManager: Shutting down and abandoning module SubversionSourceControl (103)
[2016.02.28-19.57.23:917][637]LogModuleManager: Shutting down and abandoning module PerforceSourceControl (102)
[2016.02.28-19.57.23:950][637]LogModuleManager: Shutting down and abandoning module SourceControl (101)
[2016.02.28-19.57.23:978][637]LogModuleManager: Shutting down and abandoning module GitSourceControl (100)
[2016.02.28-19.57.23:985][637]LogModuleManager: Shutting down and abandoning module LightPropagationVolumeEditor (99)
[2016.02.28-19.57.23:985][637]LogModuleManager: Shutting down and abandoning module PaperTiledImporter (98)
[2016.02.28-19.57.23:996][637]LogModuleManager: Shutting down and abandoning module PaperSpriteSheetImporter (97)
[2016.02.28-19.57.23:996][637]LogModuleManager: Shutting down and abandoning module MeshPaint (96)
[2016.02.28-19.57.23:996][637]LogModuleManager: Shutting down and abandoning module SlateReflector (95)
[2016.02.28-19.57.24:027][637]LogModuleManager: Shutting down and abandoning module HotReload (94)
[2016.02.28-19.57.24:033][637]LogModuleManager: Shutting down and abandoning module MainFrame (93)
[2016.02.28-19.57.24:033][637]LogModuleManager: Shutting down and abandoning module LevelEditor (92)
[2016.02.28-19.57.24:047][637]LogModuleManager: Shutting down and abandoning module ContentBrowser (91)
[2016.02.28-19.57.24:047][637]LogModuleManager: Shutting down and abandoning module Paper2DEditor (90)
[2016.02.28-19.57.24:073][637]LogModuleManager: Shutting down and abandoning module DirectoryWatcher (89)
[2016.02.28-19.57.24:074][637]LogModuleManager: Shutting down and abandoning module AssetRegistry (88)
[2016.02.28-19.57.24:331][637]LogModuleManager: Shutting down and abandoning module SubstanceCore (87)
[2016.02.28-19.57.24:370][637]LogModuleManager: Shutting down and abandoning module UdpMessaging (86)
[2016.02.28-19.57.24:470][637]LogModuleManager: Shutting down and abandoning module LightPropagationVolumeRuntime (85)
[2016.02.28-19.57.24:470][637]LogModuleManager: Shutting down and abandoning module Paper2D (84)
[2016.02.28-19.57.24:488][637]LogModuleManager: Shutting down and abandoning module WindowsMoviePlayer (83)
[2016.02.28-19.57.24:491][637]LogModuleManager: Shutting down and abandoning module Media (82)
[2016.02.28-19.57.24:491][637]LogModuleManager: Shutting down and abandoning module WmfMedia (81)
[2016.02.28-19.57.24:498][637]LogModuleManager: Shutting down and abandoning module OnlineBlueprintSupport (80)
[2016.02.28-19.57.24:498][637]LogModuleManager: Shutting down and abandoning module GameplayTasksEditor (79)
[2016.02.28-19.57.24:498][637]LogModuleManager: Shutting down and abandoning module PropertyEditor (78)
[2016.02.28-19.57.24:498][637]LogModuleManager: Shutting down and abandoning module BehaviorTreeEditor (77)
[2016.02.28-19.57.24:525][637]LogModuleManager: Shutting down and abandoning module FunctionalTesting (76)
[2016.02.28-19.57.24:526][637]LogModuleManager: Shutting down and abandoning module CollisionAnalyzer (75)
[2016.02.28-19.57.24:537][637]LogModuleManager: Shutting down and abandoning module WorkspaceMenuStructure (74)
[2016.02.28-19.57.24:537][637]LogModuleManager: Shutting down and abandoning module MessageLog (73)
[2016.02.28-19.57.24:537][637]LogModuleManager: Shutting down and abandoning module Sequencer (72)
[2016.02.28-19.57.24:604][637]LogModuleManager: Shutting down and abandoning module AssetTools (71)
[2016.02.28-19.57.24:628][637]LogModuleManager: Shutting down and abandoning module UMGEditor (70)
[2016.02.28-19.57.24:669][637]LogModuleManager: Shutting down and abandoning module UMG (69)
[2016.02.28-19.57.24:691][637]LogModuleManager: Shutting down and abandoning module Slate (68)
[2016.02.28-19.57.24:691][637]LogModuleManager: Shutting down and abandoning module EditorStyle (67)
[2016.02.28-19.57.24:693][637]LogModuleManager: Shutting down and abandoning module SessionServices (66)
[2016.02.28-19.57.24:693][637]LogModuleManager: Shutting down and abandoning module SourceCodeAccess (65)
[2016.02.28-19.57.24:693][637]LogModuleManager: Shutting down and abandoning module HeadMountedDisplay (64)
[2016.02.28-19.57.24:693][637]LogModuleManager: Shutting down and abandoning module XAudio2 (63)
[2016.02.28-19.57.24:693][637]LogModuleManager: Shutting down and abandoning module Networking (61)
[2016.02.28-19.57.24:693][637]LogModuleManager: Shutting down and abandoning module Core (60)
[2016.02.28-19.57.24:694][637]LogModuleManager: Shutting down and abandoning module KismetCompiler (59)
[2016.02.28-19.57.24:694][637]LogModuleManager: Shutting down and abandoning module PhysXFormats (58)
[2016.02.28-19.57.24:694][637]LogModuleManager: Shutting down and abandoning module MeshUtilities (57)
[2016.02.28-19.57.24:699][637]LogModuleManager: Shutting down and abandoning module DerivedDataCache (56)
[2016.02.28-19.57.24:805][637]LogDerivedDataCache: Shutdown
[2016.02.28-19.57.24:805][637]LogModuleManager: Shutting down and abandoning module ShaderFormatOpenGL (55)
[2016.02.28-19.57.24:819][637]LogModuleManager: Shutting down and abandoning module ShaderFormatD3D (54)
[2016.02.28-19.57.24:822][637]LogModuleManager: Shutting down and abandoning module MetalShaderFormat (53)
[2016.02.28-19.57.24:828][637]LogModuleManager: Shutting down and abandoning module TextureFormatUncompressed (52)
[2016.02.28-19.57.24:828][637]LogModuleManager: Shutting down and abandoning module TextureFormatPVR (51)
[2016.02.28-19.57.24:841][637]LogModuleManager: Shutting down and abandoning module TextureFormatIntelISPCTexComp (50)
[2016.02.28-19.57.24:848][637]LogModuleManager: Shutting down and abandoning module TextureFormatDXT (49)
[2016.02.28-19.57.24:848][637]LogModuleManager: Shutting down and abandoning module ImageWrapper (48)
[2016.02.28-19.57.24:848][637]LogModuleManager: Shutting down and abandoning module TextureFormatASTC (47)
[2016.02.28-19.57.24:848][637]LogModuleManager: Shutting down and abandoning module TextureFormatAndroid (46)
[2016.02.28-19.57.24:848][637]LogModuleManager: Shutting down and abandoning module AudioFormatOpus (45)
[2016.02.28-19.57.24:854][637]LogModuleManager: Shutting down and abandoning module AudioFormatOgg (44)
[2016.02.28-19.57.24:860][637]LogModuleManager: Shutting down and abandoning module AudioFormatADPCM (43)
[2016.02.28-19.57.24:868][637]LogModuleManager: Shutting down and abandoning module LinuxTargetPlatform (42)
[2016.02.28-19.57.24:868][637]LogModuleManager: Shutting down and abandoning module LinuxServerTargetPlatform (41)
[2016.02.28-19.57.24:878][637]LogModuleManager: Shutting down and abandoning module LinuxNoEditorTargetPlatform (40)
[2016.02.28-19.57.24:882][637]LogModuleManager: Shutting down and abandoning module Messaging (39)
[2016.02.28-19.57.24:882][637]LogModuleManager: Shutting down and abandoning module IOSTargetPlatform (38)
[2016.02.28-19.57.24:882][637]LogModuleManager: Shutting down and abandoning module HTML5TargetPlatform (37)
[2016.02.28-19.57.24:882][637]LogModuleManager: Shutting down and abandoning module AndroidTargetPlatform (36)
[2016.02.28-19.57.24:884][637]LogModuleManager: Shutting down and abandoning module Android_PVRTCTargetPlatform (35)
[2016.02.28-19.57.24:884][637]LogModuleManager: Shutting down and abandoning module Android_MultiTargetPlatform (34)
[2016.02.28-19.57.24:884][637]LogModuleManager: Shutting down and abandoning module Android_ETC2TargetPlatform (33)
[2016.02.28-19.57.24:884][637]LogModuleManager: Shutting down and abandoning module Android_ETC1TargetPlatform (32)
[2016.02.28-19.57.24:884][637]LogModuleManager: Shutting down and abandoning module Android_DXTTargetPlatform (31)
[2016.02.28-19.57.24:884][637]LogModuleManager: Shutting down and abandoning module Android_ATCTargetPlatform (30)
[2016.02.28-19.57.24:884][637]LogModuleManager: Shutting down and abandoning module Android_ASTCTargetPlatform (29)
[2016.02.28-19.57.24:884][637]LogModuleManager: Shutting down and abandoning module WindowsTargetPlatform (28)
[2016.02.28-19.57.24:884][637]LogModuleManager: Shutting down and abandoning module WindowsServerTargetPlatform (27)
[2016.02.28-19.57.24:892][637]LogModuleManager: Shutting down and abandoning module WindowsNoEditorTargetPlatform (26)
[2016.02.28-19.57.24:897][637]LogModuleManager: Shutting down and abandoning module WindowsClientTargetPlatform (25)
[2016.02.28-19.57.24:902][637]LogModuleManager: Shutting down and abandoning module AllDesktopTargetPlatform (24)
[2016.02.28-19.57.24:902][637]LogModuleManager: Shutting down and abandoning module TargetPlatform (23)
[2016.02.28-19.57.24:902][637]LogModuleManager: Shutting down and abandoning module InputCore (22)
[2016.02.28-19.57.24:902][637]LogModuleManager: Shutting down and abandoning module Settings (21)
[2016.02.28-19.57.24:902][637]LogModuleManager: Shutting down and abandoning module OnlineSubsystem (19)
[2016.02.28-19.57.24:902][637]LogModuleManager: Shutting down and abandoning module HTTP (18)
[2016.02.28-19.57.26:905][637]LogModuleManager: Shutting down and abandoning module XMPP (17)
[2016.02.28-19.57.26:975][637]LogModuleManager: Shutting down and abandoning module OculusRift (16)
[2016.02.28-19.57.26:989][637]LogModuleManager: Shutting down and abandoning module ExampleDeviceProfileSelector (15)
[2016.02.28-19.57.26:989][637]LogModuleManager: Shutting down and abandoning module TextureCompressor (14)
[2016.02.28-19.57.26:989][637]LogModuleManager: Shutting down and abandoning module ShaderCore (13)
[2016.02.28-19.57.26:989][637]LogModuleManager: Shutting down and abandoning module Landscape (12)
[2016.02.28-19.57.26:989][637]LogModuleManager: Shutting down and abandoning module SlateRHIRenderer (11)
[2016.02.28-19.57.27:008][637]LogModuleManager: Shutting down and abandoning module OpenGLDrv (10)
[2016.02.28-19.57.27:022][637]LogModuleManager: Shutting down and abandoning module D3D11RHI (9)
[2016.02.28-19.57.27:022][637]LogModuleManager: Shutting down and abandoning module AnimGraphRuntime (8)
[2016.02.28-19.57.27:022][637]LogModuleManager: Shutting down and abandoning module Renderer (7)
[2016.02.28-19.57.27:022][637]LogModuleManager: Shutting down and abandoning module Engine (6)
[2016.02.28-19.57.27:022][637]LogModuleManager: Shutting down and abandoning module CoreUObject (5)
[2016.02.28-19.57.27:023][637]LogModuleManager: Shutting down and abandoning module NetworkFile (4)
[2016.02.28-19.57.27:034][637]LogModuleManager: Shutting down and abandoning module StreamingFile (3)
[2016.02.28-19.57.27:037][637]LogModuleManager: Shutting down and abandoning module SandboxFile (2)
[2016.02.28-19.57.27:050][637]LogModuleManager: Shutting down and abandoning module PakFile (1)
[2016.02.28-19.57.27:071][637]LogExit: Exiting.
[2016.02.28-19.57.27:099][637]Log file closed, 02/28/16 19:57:27
