[2016.02.23-11.39.08:329][  0]Log file open, 02/23/16 11:39:08
[2016.02.23-11.39.08:329][  0]LogInit:Display: Running engine for game: ForestTale
[2016.02.23-11.39.08:329][  0]LogPlatformFile: Not using cached read wrapper
[2016.02.23-11.39.08:329][  0]LogInit:Display: RandInit(-1824849938) SRandInit(-1824849937).
[2016.02.23-11.39.08:329][  0]LogTaskGraph: Started task graph with 4 named threads and 7 total threads.
[2016.02.23-11.39.08:329][  0]LogStats: Stats thread started at 3.072018
[2016.02.23-11.39.08:329][  0]LogInit: Version: 4.10.2-2818068+++depot+UE4-Releases+4.10
[2016.02.23-11.39.08:329][  0]LogInit: API Version: 2758231
[2016.02.23-11.39.08:329][  0]LogInit: Compiled (64-bit): Jan  6 2016 17:36:42
[2016.02.23-11.39.08:329][  0]LogInit: Compiled with Visual C++: 19.00.23026.00
[2016.02.23-11.39.08:329][  0]LogInit: Build Configuration: Development
[2016.02.23-11.39.08:329][  0]LogInit: Branch Name: ++depot+UE4-Releases+4.10
[2016.02.23-11.39.08:329][  0]LogInit: Command line:  
[2016.02.23-11.39.08:329][  0]LogInit: Base directory: E:/Programs/Epic Games/4.10/Engine/Binaries/Win64/
[2016.02.23-11.39.08:329][  0]LogInit: Rocket: 1
[2016.02.23-11.39.08:428][  0]LogInit: Using libcurl 7.41.0
[2016.02.23-11.39.08:428][  0]LogInit:  - built for x86_64-pc-win32
[2016.02.23-11.39.08:428][  0]LogInit:  - supports SSL with WinSSL
[2016.02.23-11.39.08:428][  0]LogInit:  - other features:
[2016.02.23-11.39.08:428][  0]LogInit:      CURL_VERSION_SSL
[2016.02.23-11.39.08:428][  0]LogInit:      CURL_VERSION_IPV6
[2016.02.23-11.39.08:428][  0]LogInit:      CURL_VERSION_ASYNCHDNS
[2016.02.23-11.39.08:428][  0]LogInit:      CURL_VERSION_LARGEFILE
[2016.02.23-11.39.08:428][  0]LogInit:      CURL_VERSION_IDN
[2016.02.23-11.39.08:429][  0]LogInit:  CurlRequestOptions (configurable via config and command line):
[2016.02.23-11.39.08:429][  0]LogInit:  - bVerifyPeer = true  - Libcurl will verify peer certificate
[2016.02.23-11.39.08:429][  0]LogInit:  - bUseHttpProxy = false  - Libcurl will NOT use HTTP proxy
[2016.02.23-11.39.08:429][  0]LogInit:  - bDontReuseConnections = false  - Libcurl will reuse connections
[2016.02.23-11.39.08:429][  0]LogInit:  - CertBundlePath = nullptr  - Libcurl will use whatever was configured at build time.
[2016.02.23-11.39.08:608][  0]LogInit: Presizing for 0 objects not considered by GC, pre-allocating 0 bytes.
[2016.02.23-11.39.08:768][  0]LogInit: Object subsystem initialized
[2016.02.23-11.39.08:983][  0]LogInit: Selected Device Profile: [Windows]
[2016.02.23-11.39.08:983][  0]LogInit: Applying CVar settings loaded from the selected device profile: [Windows]
[2016.02.23-11.39.09:070][  0]LogInit: Computer: JAC-PC
[2016.02.23-11.39.09:070][  0]LogInit: User: Jac
[2016.02.23-11.39.09:070][  0]LogInit: CPU Page size=4096, Cores=4
[2016.02.23-11.39.09:070][  0]LogInit: High frequency timer resolution =3.423911 MHz
[2016.02.23-11.39.09:070][  0]LogMemory: Memory total: Physical=7.9GB (8GB approx)
[2016.02.23-11.39.09:070][  0]LogMemory: Platform Memory Stats for Windows
[2016.02.23-11.39.09:070][  0]LogMemory: Process Physical Memory: 55.95 MB used, 55.95 MB peak
[2016.02.23-11.39.09:070][  0]LogMemory: Process Virtual Memory: 58.70 MB used, 58.70 MB peak
[2016.02.23-11.39.09:070][  0]LogMemory: Physical Memory: 4542.21 MB used, 8129.75 MB total
[2016.02.23-11.39.09:070][  0]LogMemory: Virtual Memory: 380.61 MB used, 134217728.00 MB total
[2016.02.23-11.39.10:171][  0]LogTextLocalizationManager: No specific translations for ('en-GB') exist, so ('en') translations will be used.
[2016.02.23-11.39.11:912][  0]LogD3D11RHI: Found D3D11 adapter 0: NVIDIA GeForce GTX 770 (Feature Level 11_0)
[2016.02.23-11.39.11:912][  0]LogD3D11RHI: Adapter has 4026MB of dedicated video memory, 0MB of dedicated system memory, and 4064MB of shared system memory, 2 output[s]
[2016.02.23-11.39.11:913][  0]LogD3D11RHI: Found D3D11 adapter 1: Microsoft Basic Render Driver (Feature Level 11_0)
[2016.02.23-11.39.11:913][  0]LogD3D11RHI: Adapter has 0MB of dedicated video memory, 0MB of dedicated system memory, and 4064MB of shared system memory, 0 output[s]
[2016.02.23-11.39.11:913][  0]LogD3D11RHI: Chosen D3D11 Adapter Id = 0
[2016.02.23-11.39.11:917][  0]LogD3D11RHI: !Direct3DDevice
[2016.02.23-11.39.11:917][  0]LogRHI: Texture pool is 1361 MB (70% of 1945 MB)
[2016.02.23-11.39.11:934][  0]LogD3D11RHI: Async texture creation enabled
[2016.02.23-11.39.12:771][  0]LogShaderCompilers: Guid format shader working directory is 3 characters bigger than the processId version (J:/Work/Uni/Year 2/Off The Map/ForestTale/Intermediate/Shaders/WorkingDirectory/7972/).
[2016.02.23-11.39.12:772][  0]LogShaderCompilers: Cleaned the shader compiler working directory 'C:/Users/Jac/AppData/Local/Temp/UnrealShaderWorkingDir/E270693F4BAE0642207632B0E1CDAA72/'.
[2016.02.23-11.39.12:776][  0]LogShaderCompilers:Display: Using Local Shader Compiler.
[2016.02.23-11.39.16:675][  0]LogTemp:Display: Loaded TP AllDesktopTargetPlatform
[2016.02.23-11.39.16:679][  0]LogTemp:Display: Loaded TP WindowsClientTargetPlatform
[2016.02.23-11.39.16:682][  0]LogTemp:Display: Loaded TP WindowsNoEditorTargetPlatform
[2016.02.23-11.39.16:686][  0]LogTemp:Display: Loaded TP WindowsServerTargetPlatform
[2016.02.23-11.39.16:701][  0]LogTemp:Display: Loaded TP WindowsTargetPlatform
[2016.02.23-11.39.16:712][  0]LogTemp:Display: Loaded TP Android_ASTCTargetPlatform
[2016.02.23-11.39.16:729][  0]LogTemp:Display: Loaded TP Android_ATCTargetPlatform
[2016.02.23-11.39.16:738][  0]LogTemp:Display: Loaded TP Android_DXTTargetPlatform
[2016.02.23-11.39.16:752][  0]LogTemp:Display: Loaded TP Android_ETC1TargetPlatform
[2016.02.23-11.39.16:759][  0]LogTemp:Display: Loaded TP Android_ETC2TargetPlatform
[2016.02.23-11.39.16:791][  0]LogTemp:Display: Loaded TP Android_MultiTargetPlatform
[2016.02.23-11.39.16:791][  0]LogTemp:Display: Loaded TP Android_PVRTCTargetPlatform
[2016.02.23-11.39.16:826][  0]LogTemp:Display: Loaded TP AndroidTargetPlatform
[2016.02.23-11.39.16:827][  0]LogTemp:Display: Loaded TP HTML5TargetPlatform
[2016.02.23-11.39.16:993][  0]LogTemp:Display: Loaded TP IOSTargetPlatform
[2016.02.23-11.39.17:007][  0]LogTemp:Display: Loaded TP LinuxNoEditorTargetPlatform
[2016.02.23-11.39.17:013][  0]LogTemp:Display: Loaded TP LinuxServerTargetPlatform
[2016.02.23-11.39.17:019][  0]LogTemp:Display: Loaded TP LinuxTargetPlatform
[2016.02.23-11.39.17:019][  0]LogTargetPlatformManager:Display: Building Assets For Windows
[2016.02.23-11.39.17:671][  0]LogDerivedDataCache:Display: Max Cache Size: 512 MB
[2016.02.23-11.39.17:835][  0]LogDerivedDataCache: Loaded boot cache 0.16s 41MB C:/Users/Jac/AppData/Local/UnrealEngine/4.10/DerivedDataCache/Boot.ddc.
[2016.02.23-11.39.17:835][  0]LogDerivedDataCache:Display: Loaded Boot cache: C:/Users/Jac/AppData/Local/UnrealEngine/4.10/DerivedDataCache/Boot.ddc
[2016.02.23-11.39.17:836][  0]LogDerivedDataCache: FDerivedDataBackendGraph:  Pak pak cache file J:/Work/Uni/Year 2/Off The Map/ForestTale/DerivedDataCache/DDC.ddp not found, will not use a pak cache.
[2016.02.23-11.39.17:836][  0]LogDerivedDataCache: Unable to find inner node Pak for hierarchical cache Hierarchy.
[2016.02.23-11.39.17:836][  0]LogDerivedDataCache: FDerivedDataBackendGraph:  CompressedPak pak cache file J:/Work/Uni/Year 2/Off The Map/ForestTale/DerivedDataCache/Compressed.ddp not found, will not use a pak cache.
[2016.02.23-11.39.17:836][  0]LogDerivedDataCache: Unable to find inner node CompressedPak for hierarchical cache Hierarchy.
[2016.02.23-11.39.17:953][  0]LogDerivedDataCache:Display: Pak cache opened for reading ../../../Engine/DerivedDataCache/Compressed.ddp.
[2016.02.23-11.39.17:965][  0]LogDerivedDataCache: Using Local data cache path C:/Users/Jac/AppData/Local/UnrealEngine/Common/DerivedDataCache: Writable
[2016.02.23-11.39.26:327][  0]LogInit: Selected Device Profile: [Windows]
[2016.02.23-11.39.26:399][  0]LogContentStreaming: Texture pool size is 0.000000MB
[2016.02.23-11.39.27:777][  0]LogMeshUtilities: No automatic mesh reduction module available
[2016.02.23-11.39.27:777][  0]LogMeshUtilities: No automatic mesh merging module available
[2016.02.23-11.39.30:764][  0]LogInit: WinSock: version 1.1 (2.2), MaxSocks=32767, MaxUdp=65467
[2016.02.23-11.39.45:548][  0]UdpMessaging: Initializing bridge on interface 0.0.0.0:0 to multicast group 230.0.0.1:6666.
[2016.02.23-11.39.45:680][  0]LogAssetRegistry: FAssetRegistry took 0.0130 seconds to start up
[2016.02.23-11.39.48:938][  0]SourceControl: Info Source control is disabled
[2016.02.23-11.39.48:942][  0]SourceControl: Info Source control is disabled
[2016.02.23-11.39.48:989][  0]SourceControl: Info Source control is disabled
[2016.02.23-11.39.49:051][  0]SourceControl: Info Source control is disabled
[2016.02.23-11.39.50:521][  0]LogObj: 28802 objects as part of root set at end of initial load.
[2016.02.23-11.39.50:521][  0]LogUObjectAllocator: 6129768 out of 0 bytes used by permanent object pool.
[2016.02.23-11.39.51:186][  0]LogEngine: Initializing Engine...
[2016.02.23-11.39.51:211][  0]LogHMD: Can't find Oculus library dev build: is proper Runtime installed? Version: 0.8.0.0
[2016.02.23-11.39.51:245][  0]LogHMD: SteamVR failed to initialize.  Err: 110
[2016.02.23-11.39.52:052][  0]LogAIModule: Creating AISystem for world NewWorld
[2016.02.23-11.39.52:346][  0]LogInit: XAudio2 using 'Speakers (Realtek High Definition Audio)' : 2 channels at 48 kHz using 32 bits per sample (channel mask 0x3)
[2016.02.23-11.39.52:389][  0]LogInit: FAudioDevice initialized.
[2016.02.23-11.39.52:418][  0]LogDerivedDataCache: Saved boot cache 0.03s 41MB C:/Users/Jac/AppData/Local/UnrealEngine/4.10/DerivedDataCache/Boot.ddc.
[2016.02.23-11.39.52:423][  0]LogInit: Texture streaming: Enabled
[2016.02.23-11.39.52:475][  0]LogAnalytics: Creating configured Analytics provider AnalyticsET
[2016.02.23-11.39.52:497][  0]LogAnalytics: [UEEditor.Rocket.Release] APIServer = http://et2.epicgames.com/ET2/. AppVersion = 4.10.2-2818068+++depot+UE4-Releases+4.10
[2016.02.23-11.39.52:497][  0]LogAnalytics: [UEEditor.Rocket.Release] SetUserId dd12ff064be2e9be779117ab2ef6d1ef|10581dceb00340ccaf11fbba5a70d17f|50ebcf47-d9ff-4ee8-b127-44504b2107d0
[2016.02.23-11.39.52:507][  0]LogAnalytics: [UEEditor.Rocket.Release] AnalyticsET::StartSession
[2016.02.23-11.39.52:632][  0]LogInit: Transaction tracking system initialized
[2016.02.23-11.39.53:011][  0]BlueprintLog: New page: Editor Load
[2016.02.23-11.39.54:254][  0]LocalizationService: Info Localization service is disabled
[2016.02.23-11.39.54:823][  0]LogLinker:Warning: Can't find file '/Game/FirstPersonBP/FirstPersonOverview'
[2016.02.23-11.39.54:823][  0]LogLinker:Warning: Can't find file '/Game/FirstPersonBP/FirstPersonOverview'
[2016.02.23-11.39.54:823][  0]LogUObjectGlobals:Warning: Failed to find object 'Class /Game/FirstPersonBP/FirstPersonOverview.FirstPersonOverview_C'
[2016.02.23-11.39.55:037][  0]LogConsoleResponse:Display: 
[2016.02.23-11.39.59:108][  0]LogFileCache: Scanning file cache for directory 'J:/Work/Uni/Year 2/Off The Map/ForestTale/Content/' took 0.02s
[2016.02.23-11.39.59:108][  0]LogCook:Display: Done creating registry. It took  0.00s.
[2016.02.23-11.40.04:514][  0]SourceControl: Info Source control is disabled
[2016.02.23-11.40.04:671][  0]Cmd: MAP LOAD FILE="../../../Engine/Content/Maps/Templates/Template_Default.umap" TEMPLATE=1 SHOWPROGRESS=1 FEATURELEVEL=3
[2016.02.23-11.40.04:837][  0]LightingResults: New page: Lighting Build
[2016.02.23-11.40.05:314][  0]MapCheck: New page: Map Check
[2016.02.23-11.40.05:314][  0]LightingResults: New page: Lighting Build
[2016.02.23-11.40.05:944][  0]LogParticles: Destroying 0 GPU particle simulations for FXSystem 0x000000DE4C8BAAC0
[2016.02.23-11.40.07:898][  0]LogAIModule: Creating AISystem for world Untitled_1
[2016.02.23-11.40.08:256][  0]LogEditorServer: Finished looking for orphan Actors (0.000 secs)
[2016.02.23-11.40.08:328][  0]Cmd: MAP CHECKDEP NOCLEARLOG
[2016.02.23-11.40.08:376][  0]MapCheck: Info Map check complete: 0 Error(s), 0 Warning(s), took 47.05ms to complete.
[2016.02.23-11.40.08:376][  0]LogFileHelpers: Loading map 'Templ