[2016.02.28-20.10.01:879][  0]Log file open, 02/28/16 20:10:01
[2016.02.28-20.10.01:879][  0]LogInit:Display: Running engine for game: ForestTale
[2016.02.28-20.10.01:879][  0]LogPlatformFile: Not using cached read wrapper
[2016.02.28-20.10.01:879][  0]LogInit:Display: RandInit(-1562264488) SRandInit(-1562264487).
[2016.02.28-20.10.01:879][  0]LogTaskGraph: Started task graph with 4 named threads and 7 total threads.
[2016.02.28-20.10.01:879][  0]LogStats: Stats thread started at 3.105126
[2016.02.28-20.10.01:879][  0]LogInit: Version: 4.10.2-2818068+++depot+UE4-Releases+4.10
[2016.02.28-20.10.01:879][  0]LogInit: API Version: 2758231
[2016.02.28-20.10.01:879][  0]LogInit: Compiled (64-bit): Jan  6 2016 17:36:42
[2016.02.28-20.10.01:879][  0]LogInit: Compiled with Visual C++: 19.00.23026.00
[2016.02.28-20.10.01:879][  0]LogInit: Build Configuration: Development
[2016.02.28-20.10.01:879][  0]LogInit: Branch Name: ++depot+UE4-Releases+4.10
[2016.02.28-20.10.01:879][  0]LogInit: Command line:  
[2016.02.28-20.10.01:879][  0]LogInit: Base directory: E:/Programs/Epic Games/4.10/Engine/Binaries/Win64/
[2016.02.28-20.10.01:879][  0]LogInit: Rocket: 1
[2016.02.28-20.10.01:976][  0]LogInit: Using libcurl 7.41.0
[2016.02.28-20.10.01:976][  0]LogInit:  - built for x86_64-pc-win32
[2016.02.28-20.10.01:976][  0]LogInit:  - supports SSL with WinSSL
[2016.02.28-20.10.01:976][  0]LogInit:  - other features:
[2016.02.28-20.10.01:976][  0]LogInit:      CURL_VERSION_SSL
[2016.02.28-20.10.01:976][  0]LogInit:      CURL_VERSION_IPV6
[2016.02.28-20.10.01:976][  0]LogInit:      CURL_VERSION_ASYNCHDNS
[2016.02.28-20.10.01:976][  0]LogInit:      CURL_VERSION_LARGEFILE
[2016.02.28-20.10.01:976][  0]LogInit:      CURL_VERSION_IDN
[2016.02.28-20.10.01:977][  0]LogInit:  CurlRequestOptions (configurable via config and command line):
[2016.02.28-20.10.01:977][  0]LogInit:  - bVerifyPeer = true  - Libcurl will verify peer certificate
[2016.02.28-20.10.01:977][  0]LogInit:  - bUseHttpProxy = false  - Libcurl will NOT use HTTP proxy
[2016.02.28-20.10.01:977][  0]LogInit:  - bDontReuseConnections = false  - Libcurl will reuse connections
[2016.02.28-20.10.01:977][  0]LogInit:  - CertBundlePath = nullptr  - Libcurl will use whatever was configured at build time.
[2016.02.28-20.10.02:166][  0]LogInit: Presizing for 0 objects not considered by GC, pre-allocating 0 bytes.
[2016.02.28-20.10.02:337][  0]LogInit: Object subsystem initialized
[2016.02.28-20.10.02:553][  0]LogInit: Selected Device Profile: [Windows]
[2016.02.28-20.10.02:553][  0]LogInit: Applying CVar settings loaded from the selected device profile: [Windows]
[2016.02.28-20.10.02:651][  0]LogInit: Computer: JAC-PC
[2016.02.28-20.10.02:651][  0]LogInit: User: Jac
[2016.02.28-20.10.02:651][  0]LogInit: CPU Page size=4096, Cores=4
[2016.02.28-20.10.02:651][  0]LogInit: High frequency timer resolution =3.423917 MHz
[2016.02.28-20.10.02:651][  0]LogMemory: Memory total: Physical=7.9GB (8GB approx)
[2016.02.28-20.10.02:651][  0]LogMemory: Platform Memory Stats for Windows
[2016.02.28-20.10.02:651][  0]LogMemory: Process Physical Memory: 55.91 MB used, 55.91 MB peak
[2016.02.28-20.10.02:651][  0]LogMemory: Process Virtual Memory: 58.68 MB used, 58.68 MB peak
[2016.02.28-20.10.02:651][  0]LogMemory: Physical Memory: 5307.40 MB used, 8129.75 MB total
[2016.02.28-20.10.02:651][  0]LogMemory: Virtual Memory: 380.61 MB used, 134217728.00 MB total
[2016.02.28-20.10.03:662][  0]LogTextLocalizationManager: No specific translations for ('en-GB') exist, so ('en') translations will be used.
[2016.02.28-20.10.05:481][  0]LogD3D11RHI: Found D3D11 adapter 0: NVIDIA GeForce GTX 770 (Feature Level 11_0)
[2016.02.28-20.10.05:481][  0]LogD3D11RHI: Adapter has 4026MB of dedicated video memory, 0MB of dedicated system memory, and 4064MB of shared system memory, 2 output[s]
[2016.02.28-20.10.05:483][  0]LogD3D11RHI: Found D3D11 adapter 1: Microsoft Basic Render Driver (Feature Level 11_0)
[2016.02.28-20.10.05:483][  0]LogD3D11RHI: Adapter has 0MB of dedicated video memory, 0MB of dedicated system memory, and 4064MB of shared system memory, 0 output[s]
[2016.02.28-20.10.05:484][  0]LogD3D11RHI: Chosen D3D11 Adapter Id = 0
[2016.02.28-20.10.05:489][  0]LogD3D11RHI: !Direct3DDevice
[2016.02.28-20.10.05:489][  0]LogRHI: Texture pool is 1361 MB (70% of 1945 MB)
[2016.02.28-20.10.05:515][  0]LogD3D11RHI: Async texture creation enabled
[2016.02.28-20.10.06:485][  0]LogShaderCompilers: Guid format shader working directory is 7 characters bigger than the processId version (G:/work/Year 2/Off The Map/ForestTale/Intermediate/Shaders/WorkingDirectory/7052/).
[2016.02.28-20.10.06:485][  0]LogShaderCompilers: Cleaned the shader compiler working directory 'C:/Users/Jac/AppData/Local/Temp/UnrealShaderWorkingDir/44DA11D24E70D44C63B6A19ADF3EC7C5/'.
[2016.02.28-20.10.06:500][  0]LogShaderCompilers:Display: Using Local Shader Compiler.
[2016.02.28-20.10.10:377][  0]LogTemp:Display: Loaded TP AllDesktopTargetPlatform
[2016.02.28-20.10.10:382][  0]LogTemp:Display: Loaded TP WindowsClientTargetPlatform
[2016.02.28-20.10.10:387][  0]LogTemp:Display: Loaded TP WindowsNoEditorTargetPlatform
[2016.02.28-20.10.10:391][  0]LogTemp:Display: Loaded TP WindowsServerTargetPlatform
[2016.02.28-20.10.10:413][  0]LogTemp:Display: Loaded TP WindowsTargetPlatform
[2016.02.28-20.10.10:426][  0]LogTemp:Display: Loaded TP Android_ASTCTargetPlatform
[2016.02.28-20.10.10:441][  0]LogTemp:Display: Loaded TP Android_ATCTargetPlatform
[2016.02.28-20.10.10:446][  0]LogTemp:Display: Loaded TP Android_DXTTargetPlatform
[2016.02.28-20.10.10:470][  0]LogTemp:Display: Loaded TP Android_ETC1TargetPlatform
[2016.02.28-20.10.10:482][  0]LogTemp:Display: Loaded TP Android_ETC2TargetPlatform
[2016.02.28-20.10.10:497][  0]LogTemp:Display: Loaded TP Android_MultiTargetPlatform
[2016.02.28-20.10.10:497][  0]LogTemp:Display: Loaded TP Android_PVRTCTargetPlatform
[2016.02.28-20.10.10:517][  0]LogTemp:Display: Loaded TP AndroidTargetPlatform
[2016.02.28-20.10.10:519][  0]LogTemp:Display: Loaded TP HTML5TargetPlatform
[2016.02.28-20.10.10:640][  0]LogTemp:Display: Loaded TP IOSTargetPlatform
[2016.02.28-20.10.10:653][  0]LogTemp:Display: Loaded TP LinuxNoEditorTargetPlatform
[2016.02.28-20.10.10:660][  0]LogTemp:Display: Loaded TP LinuxServerTargetPlatform
[2016.02.28-20.10.10:663][  0]LogTemp:Display: Loaded TP LinuxTargetPlatform
[2016.02.28-20.10.10:663][  0]LogTargetPlatformManager:Display: Building Assets For Windows
[2016.02.28-20.10.11:285][  0]LogDerivedDataCache:Display: Max Cache Size: 512 MB
[2016.02.28-20.10.11:438][  0]LogDerivedDataCache: Loaded boot cache 0.15s 41MB C:/Users/Jac/AppData/Local/UnrealEngine/4.10/DerivedDataCache/Boot.ddc.
[2016.02.28-20.10.11:438][  0]LogDerivedDataCache:Display: Loaded Boot cache: C:/Users/Jac/AppData/Local/UnrealEngine/4.10/DerivedDataCache/Boot.ddc
[2016.02.28-20.10.11:438][  0]LogDerivedDataCache: FDerivedDataBackendGraph:  Pak pak cache file G:/work/Year 2/Off The Map/ForestTale/DerivedDataCache/DDC.ddp not found, will not use a pak cache.
[2016.02.28-20.10.11:439][  0]LogDerivedDataCache: Unable to find inner node Pak for hierarchical cache Hierarchy.
[2016.02.28-20.10.11:439][  0]LogDerivedDataCache: FDerivedDataBackendGraph:  CompressedPak pak cache file G:/work/Year 2/Off The Map/ForestTale/DerivedDataCache/Compressed.ddp not found, will not use a pak cache.
[2016.02.28-20.10.11:439][  0]LogDerivedDataCache: Unable to find inner node CompressedPak for hierarchical cache Hierarchy.
[2016.02.28-20.10.11:567][  0]LogDerivedDataCache:Display: Pak cache opened for reading ../../../Engine/DerivedDataCache/Compressed.ddp.
[2016.02.28-20.10.11:579][  0]LogDerivedDataCache: Using Local data cache path C:/Users/Jac/AppData/Local/UnrealEngine/Common/DerivedDataCache: Writable
[2016.02.28-20.10.22:541][  0]LogInit: Selected Device Profile: [Windows]
[2016.02.28-20.10.22:691][  0]LogContentStreaming: Texture pool size is 0.000000MB
[2016.02.28-20.10.24:825][  0]LogMeshUtilities: No automatic mesh reduction module available
[2016.02.28-20.10.24:825][  0]LogMeshUtilities: No automatic mesh merging module available
[2016.02.28-20.10.28:841][  0]LogInit: WinSock: version 1.1 (2.2), MaxSocks=32767, MaxUdp=65467
[2016.02.28-20.10.45:029][  0]UdpMessaging: Initializing bridge on interface 0.0.0.0:0 to multicast group 230.0.0.1:6666.
[2016.02.28-20.10.45:273][  0]LogAssetRegistry: FAssetRegistry took 0.0138 seconds to start up
[2016.02.28-20.10.55:704][  0]SourceControl: Info Source control is disabled
[2016.02.28-20.10.55:742][  0]SourceControl: Info Source control is disabled
[2016.02.28-20.10.56:227][  0]SourceControl: Info Source control is disabled
[2016.02.28-20.10.56:446][  0]SourceControl: Info Source control is disabled
[2016.02.28-20.11.01:499][  0]LogObj: 28802 objects as part of root set at end of initial load.
[2016.02.28-20.11.01:499][  0]LogUObjectAllocator: 6129768 out of 0 bytes used by permanent object pool.
[2016.02.28-20.11.02:747][  0]LogEngine: Initializing Engine...
[2016.02.28-20.11.02:831][  0]LogHMD: Can't find Oculus library dev build: is proper Runtime installed? Version: 0.8.0.0
[2016.02.28-20.11.02:901][  0]LogHMD: SteamVR failed to initialize.  Err: 110
[2016.02.28-20.11.03:880][  0]LogAIModule: Creating AISystem for world NewWorld
[2016.02.28-20.11.04:376][  0]LogInit: XAudio2 using 'Speakers (Realtek High Definition Audio)' : 2 channels at 48 kHz using 32 bits per sample (channel mask 0x3)
[2016.02.28-20.11.04:437][  0]LogInit: FAudioDevice initialized.
[2016.02.28-20.11.04:444][  0]LogDerivedDataCache:Error: Could not save memory cache C:/Users/Jac/AppData/Local/UnrealEngine/4.10/DerivedDataCache/Boot.ddc.
[2016.02.28-20.11.04:450][  0]LogInit: Texture streaming: Enabled
[2016.02.28-20.11.04:554][  0]LogAnalytics: Creating configured Analytics provider AnalyticsET
[2016.02.28-20.11.04:555][  0]LogAnalytics: [UEEditor.Rocket.Release] APIServer = http://et2.epicgames.com/ET2/. AppVersion = 4.10.2-2818068+++depot+UE4-Releases+4.10
[2016.02.28-20.11.04:555][  0]LogAnalytics: [UEEditor.Rocket.Release] SetUserId dd12ff064be2e9be779117ab2ef6d1ef|10581dceb00340ccaf11fbba5a70d17f|50ebcf47-d9ff-4ee8-b127-44504b2107d0
[2016.02.28-20.11.04:572][  0]LogAnalytics: [UEEditor.Rocket.Release] AnalyticsET::StartSession
[2016.02.28-20.11.04:657][  0]LogWindowsTextInputMethodSystem:Display: IME system now deactivated.
[2016.02.28-20.11.05:119][  0]LogInit: Transaction tracking system initialized
[2016.02.28-20.11.06:750][  0]BlueprintLog: New page: Editor Load
[2016.02.28-20.11.14:485][  0]LocalizationService: Info Localization service is disabled
[2016.02.28-20.11.17:496][  0]LogLinker:Warning: Can't find file '/Game/FirstPersonBP/FirstPersonOverview'
[2016.02.28-20.11.17:569][  0]LogLinker:Warning: Can't find file '/Game/FirstPersonBP/FirstPersonOverview'
[2016.02.28-20.11.17:569][  0]LogUObjectGlobals:Warning: Failed to find object 'Class /Game/FirstPersonBP/FirstPersonOverview.FirstPersonOverview_C'
[2016.02.28-20.11.19:958][  0]LogConsoleResponse:Display: 
[2016.02.28-20.11.26:864][  0]LogFileCache: Scanning file cache for directory 'G:/work/Year 2/Off The Map/ForestTale/Content/' took 0.17s
[2016.02.28-20.11.26:864][  0]LogCook:Display: Done creating registry. It took  0.00s.
[2016.02.28-20.11.33:808][  0]SourceControl: Info Source control is disabled
[2016.02.28-20.11.34:206][  0]Cmd: MAP LOAD FILE="../../../Engine/Content/Maps/Templates/Template_Default.umap" TEMPLATE=1 SHOWPROGRESS=1 FEATURELEVEL=3
[2016.02.28-20.11.34:491][  0]LightingResults: New page: Lighting Build
[2016.02.28-20.11.36:135][  0]MapCheck: New page: Map Check
[2016.02.28-20.11.36:135][  0]LightingResults: New page: Lighting Build
[2016.02.28-20.11.38:529][  0]LogParticles: Destroying 0 GPU particle simulations for FXSystem 0x00000065CF0A2AC0
[2016.02.28-20.11.42:996][  0]LogAIModule: Creating AISystem for world Untitled_1
[2016.02.28-20.11.46:308][  0]LogEditorServer: Finished looking for orphan Actors (0.027 secs)
[2016.02.28-20.11.47:171][  0]Cmd: MAP CHECKDEP NOCLEARLOG
[2016.02.28-20.11.47:509][  0]MapCheck: Info Map check complete: 0 Error(s), 0 Warning(s), took 337.638ms to complete.
[2016.02.28-20.11.47:519][  0]LogFileHelpers: Loading map 'Template_Default' took 13.559
[2016.02.28-20.11.59:107][  0]LogCollectionManager: Loaded 0 collections in 0.381846 seconds
[2016.02.28-20.12.00:031][  0]LogFileCache: Scanning file cache for directory 'G:/work/Year 2/Off The Map/ForestTale/Saved/Collections/' took 0.01s
[2016.02.28-20.12.00:031][  0]LogFileCache: Scanning file cache for directory 'G:/work/Year 2/Off The Map/ForestTale/Content/Developers/Jac/Collections/' took 0.01s
[2016.02.28-20.12.00:031][  0]LogFileCache: Scanning file cache for directory 'G:/work/Year 2/Off The Map/ForestTale/Content/Collections/' took 0.01s
[2016.02.28-20.12.00:031][  0]LogCollectionManager: Rebuilt the GUID cache for 0 collections in 0.000002 seconds
[2016.02.28-20.12.00:141][  0]LogContentBrowser: Native class hierarchy populated in 0.0521 seconds. Added 1908 classes and 344 folders.
[2016.02.28-20.12.00:851][  0]LogContentBrowser: Native class hierarchy updated for 'WidgetCarousel' in 0.0005 seconds. Added 0 classes and 0 folders.
[2016.02.28-20.12.02:900][  0]LogContentBrowser: Native class hierarchy updated for 'AddContentDialog' in 0.0008 seconds. Added 0 classes and 0 folders.
[2016.02.28-20.12.03:110][  0]LogContentBrowser: Native class hierarchy updated for 'SceneOutliner' in 0.0005 seconds. Added 1 classes and 2 folders.
[2016.02.28-20.12.05:199][  0]LogCrashTracker: Crashtracker disabled due to settings.
[2016.02.28-20.12.05:710][  0]LogUObjectGlobals:Warning: Failed to find object 'Class None.'
[2016.02.28-20.12.05:860][  0]LogLoad: Full Startup: 130.89 seconds (BP compile: 1.26 seconds)
[2016.02.28-20.12.06:003][  0]LogOcInput: Can't find Oculus library dev build: is proper Runtime installed? Version: 0.8.0.0
[2016.02.28-20.12.07:708][  0]LogContentStreaming: Texture pool size now 1000 MB
[2016.02.28-20.12.09:600][  0]LogRenderer: Reallocating scene render targets to support 1576x948 (Frame:2).
[2016.02.28-20.12.12:277][  6]LogAssetRegistry: Asset discovery search completed in 87.0157 seconds
[2016.02.28-20.12.12:387][  6]LogCollectionManager: Rebuilt the object cache for 0 collections in 0.000001 seconds (found 0 objects)
[2016.02.28-20.12.12:408][  6]LogCollectionManager: Fixed up redirectors for 0 collections in 0.060541 seconds (updated 0 objects)
[2016.02.28-20.12.25:173][617]LogWindowsTextInputMethodSystem:Display: IME system now deactivated.
[2016.02.28-20.12.29:003][618]Cmd: QUIT_EDITOR
[2016.02.28-20.12.29:983][618]LogExit: Preparing to exit.
[2016.02.28-20.12.31:916][618]LogExit: Editor shut down
[2016.02.28-20.12.31:916][618]LogExit: Transaction tracking system shut down
[2016.02.28-20.12.31:990][618]LogParticles: Destroying 0 GPU particle simulations for FXSystem 0x00000065BE997B00
[2016.02.28-20.12.31:991][618]LogParticles: Destroying 0 GPU particle simulations for FXSystem 0x00000065DBD46A20
[2016.02.28-20.12.31:991][618]LogParticles: Destroying 0 GPU particle simulations for FXSystem 0x00000065DC466520
[2016.02.28-20.12.33:499][618]LogExit: Object subsystem successfully closed.
[2016.02.28-20.12.33:954][618]LogD3D11RHI: Shutdown
[2016.02.28-20.12.33:954][618]LogD3D11RHI: CleanupD3DDevice
[2016.02.28-20.12.34:100][618]LogD3D11RHI: ~FD3D11DynamicRHI
[2016.02.28-20.12.34:869][618]LogModuleManager: Shutting down and abandoning module CrashTracker (200)
[2016.02.28-20.12.34:869][618]LogModuleManager: Shutting down and abandoning module SceneOutliner (199)
[2016.02.28-20.12.34:869][618]LogModuleManager: Shutting down and abandoning module SuperSearch (198)
[2016.02.28-20.12.34:869][618]LogModuleManager: Shutting down and abandoning module WidgetCarousel (197)
[2016.02.28-20.12.34:879][618]LogModuleManager: Shutting down and abandoning module AddContentDialog (196)
[2016.02.28-20.12.34:908][618]LogModuleManager: Shutting down and abandoning module EditorWidgets (195)
[2016.02.28-20.12.34:908][618]LogModuleManager: Shutting down and abandoning module CollectionManager (194)
[2016.02.28-20.12.34:935][618]LogModuleManager: Shutting down and abandoning module StatsViewer (193)
[2016.02.28-20.12.34:956][618]LogModuleManager: Shutting down and abandoning module FoliageEdit (192)
[2016.02.28-20.12.34:970][618]LogModuleManager: Shutting down and abandoning module LandscapeEditor (191)
[2016.02.28-20.12.35:007][618]LogModuleManager: Shutting down and abandoning module ActorPickerMode (190)
[2016.02.28-20.12.35:007][618]LogModuleManager: Shutting down and abandoning module GeometryMode (189)
[2016.02.28-20.12.35:007][618]LogModuleManager: Shutting down and abandoning module TextureAlignMode (188)
[2016.02.28-20.12.35:007][618]LogModuleManager: Shutting down and abandoning module BspMode (187)
[2016.02.28-20.12.35:007][618]LogModuleManager: Shutting down and abandoning module PlacementMode (186)
[2016.02.28-20.12.35:007][618]LogModuleManager: Shutting down and abandoning module AutomationWorker (185)
[2016.02.28-20.12.35:007][618]LogModuleManager: Shutting down and abandoning module CharacterAI (184)
[2016.02.28-20.12.35:007][618]LogModuleManager: Shutting down and abandoning module SmartSnapping (183)
[2016.02.28-20.12.35:007][618]LogModuleManager: Shutting down and abandoning module ViewportSnapping (182)
[2016.02.28-20.12.35:007][618]LogModuleManager: Shutting down and abandoning module LogVisualizer (181)
[2016.02.28-20.12.35:039][618]LogModuleManager: Shutting down and abandoning module GameProjectGeneration (180)
[2016.02.28-20.12.35:080][618]LogModuleManager: Shutting down and abandoning module IntroTutorials (179)
[2016.02.28-20.12.35:113][618]LogModuleManager: Shutting down and abandoning module EditorLiveStreaming (178)
[2016.02.28-20.12.35:113][618]LogModuleManager: Shutting down and abandoning module IOSPlatformEditor (177)
[2016.02.28-20.12.35:125][618]LogModuleManager: Shutting down and abandoning module HTML5PlatformEditor (176)
[2016.02.28-20.12.35:125][618]LogModuleManager: Shutting down and abandoning module AndroidDeviceDetection (175)
[2016.02.28-20.12.36:032][618]LogModuleManager: Shutting down and abandoning module AndroidPlatformEditor (174)
[2016.02.28-20.12.36:032][618]LogModuleManager: Shutting down and abandoning module IOSRuntimeSettings (173)
[2016.02.28-20.12.36:032][618]LogModuleManager: Shutting down and abandoning module AndroidRuntimeSettings (172)
[2016.02.28-20.12.36:032][618]LogModuleManager: Shutting down and abandoning module MergeActors (171)
[2016.02.28-20.12.36:067][618]LogModuleManager: Shutting down and abandoning module SizeMap (170)
[2016.02.28-20.12.36:067][618]LogModuleManager: Shutting down and abandoning module TreeMap (169)
[2016.02.28-20.12.36:081][618]LogModuleManager: Shutting down and abandoning module ReferenceViewer (168)
[2016.02.28-20.12.36:104][618]LogModuleManager: Shutting down and abandoning module LocalizationService (167)
[2016.02.28-20.12.36:116][618]LogModuleManager: Shutting down and abandoning module LocalizationDashboard (166)
[2016.02.28-20.12.36:122][618]LogModuleManager: Shutting down and abandoning module HardwareTargeting (165)
[2016.02.28-20.12.36:136][618]LogModuleManager: Shutting down and abandoning module DeviceProfileEditor (164)
[2016.02.28-20.12.36:157][618]LogModuleManager: Shutting down and abandoning module UndoHistory (163)
[2016.02.28-20.12.36:165][618]LogModuleManager: Shutting down and abandoning module GameplayTagsEditor (162)
[2016.02.28-20.12.36:170][618]LogModuleManager: Shutting down and abandoning module UserFeedback (161)
[2016.02.28-20.12.36:170][618]LogModuleManager: Shutting down and abandoning module XmlParser (160)
[2016.02.28-20.12.36:182][618]LogModuleManager: Shutting down and abandoning module Blutility (159)
[2016.02.28-20.12.36:182][618]LogModuleManager: Shutting down and abandoning module ProjectTargetPlatformEditor (158)
[2016.02.28-20.12.36:187][618]LogModuleManager: Shutting down and abandoning module ProjectSettingsViewer (157)
[2016.02.28-20.12.36:187][618]LogModuleManager: Shutting down and abandoning module InputBindingEditor (156)
[2016.02.28-20.12.36:219][618]LogModuleManager: Shutting down and abandoning module EditorSettingsViewer (155)
[2016.02.28-20.12.36:220][618]LogModuleManager: Shutting down and abandoning module SettingsEditor (154)
[2016.02.28-20.12.36:245][618]LogModuleManager: Shutting down and abandoning module ProjectLauncher (153)
[2016.02.28-20.12.36:253][618]LogModuleManager: Shutting down and abandoning module SessionFrontend (152)
[2016.02.28-20.12.36:270][618]LogModuleManager: Shutting down and abandoning module ProfilerClient (151)
[2016.02.28-20.12.36:274][618]LogModuleManager: Shutting down and abandoning module TargetDeviceServices (150)
[2016.02.28-20.12.36:296][618]LogModuleManager: Shutting down and abandoning module DeviceManager (149)
[2016.02.28-20.12.36:307][618]LogModuleManager: Shutting down and abandoning module AutomationController (148)
[2016.02.28-20.12.36:317][618]LogModuleManager: Shutting down and abandoning module AutomationWindow (147)
[2016.02.28-20.12.36:329][618]LogModuleManager: Shutting down and abandoning module Layers (146)
[2016.02.28-20.12.36:358][618]LogModuleManager: Shutting down and abandoning module ComponentVisualizers (145)
[2016.02.28-20.12.36:358][618]LogModuleManager: Shutting down and abandoning module DetailCustomizations (144)
[2016.02.28-20.12.36:364][618]LogModuleManager: Shutting down and abandoning module PackagesDialog (143)
[2016.02.28-20.12.36:377][618]LogModuleManager: Shutting down and abandoning module Persona (142)
[2016.02.28-20.12.36:461][618]LogModuleManager: Shutting down and abandoning module Kismet (141)
[2016.02.28-20.12.36:477][618]LogModuleManager: Shutting down and abandoning module GraphEditor (140)
[2016.02.28-20.12.36:527][618]LogModuleManager: Shutting down and abandoning module ClassViewer (139)
[2016.02.28-20.12.36:536][618]LogModuleManager: Shutting down and abandoning module Toolbox (138)
[2016.02.28-20.12.36:536][618]LogModuleManager: Shutting down and abandoning module ModuleUI (137)
[2016.02.28-20.12.36:546][618]LogModuleManager: Shutting down and abandoning module MovieSceneTools (136)
[2016.02.28-20.12.36:561][618]LogModuleManager: Shutting down and abandoning module OutputLog (135)
[2016.02.28-20.12.36:561][618]LogModuleManager: Shutting down and abandoning module GammaUI (134)
[2016.02.28-20.12.36:565][618]LogModuleManager: Shutting down and abandoning module Documentation (133)
[2016.02.28-20.12.36:565][618]LogModuleManager: Shutting down and abandoning module GameLiveStreaming (132)
[2016.02.28-20.12.36:568][618]LogModuleManager: Shutting down and abandoning module StreamingPauseRendering (131)
[2016.02.28-20.12.36:568][618]LogModuleManager: Shutting down and abandoning module AnalyticsET (130)
[2016.02.28-20.12.36:568][618]LogModuleManager: Shutting down and abandoning module Analytics (129)
[2016.02.28-20.12.36:568][618]LogModuleManager: Shutting down and abandoning module AITestSuite (128)
[2016.02.28-20.12.36:580][618]LogModuleManager: Shutting down and abandoning module GameplayDebugger (127)
[2016.02.28-20.12.36:594][618]LogModuleManager: Shutting down and abandoning module AIModule (126)
[2016.02.28-20.12.36:605][618]LogModuleManager: Shutting down and abandoning module ProfilerService (125)
[2016.02.28-20.12.36:862][618]LogModuleManager: Shutting down and abandoning module TaskGraph (124)
[2016.02.28-20.12.36:895][618]LogModuleManager: Shutting down and abandoning module SubstanceEditor (123)
[2016.02.28-20.12.36:900][618]LogModuleManager: Shutting down and abandoning module SlateRemote (122)
[2016.02.28-20.12.36:900][618]LogModuleManager: Shutting down and abandoning module SteamVRController (121)
[2016.02.28-20.12.36:900][618]LogModuleManager: Shutting down and abandoning module SteamVR (120)
[2016.02.28-20.12.36:900][618]LogModuleManager: Shutting down and abandoning module ProceduralMeshComponent (119)
[2016.02.28-20.12.36:900][618]LogModuleManager: Shutting down and abandoning module OculusLibrary (118)
[2016.02.28-20.12.36:900][618]LogModuleManager: Shutting down and abandoning module OculusInput (117)
[2016.02.28-20.12.36:900][618]LogModuleManager: Shutting down and abandoning module LeapMotionController (116)
[2016.02.28-20.12.36:948][618]LogModuleManager: Shutting down and abandoning module CustomMeshComponent (115)
[2016.02.28-20.12.36:948][618]LogModuleManager: Shutting down and abandoning module CableComponent (114)
[2016.02.28-20.12.36:955][618]LogModuleManager: Shutting down and abandoning module ArchVisCharacter (113)
[2016.02.28-20.12.36:955][618]LogModuleManager: Shutting down and abandoning module MessagingDebugger (112)
[2016.02.28-20.12.36:993][618]LogModuleManager: Shutting down and abandoning module MediaPlayerEditor (111)
[2016.02.28-20.12.37:024][618]LogModuleManager: Shutting down and abandoning module HTML5Networking (110)
[2016.02.28-20.12.37:024][618]LogModuleManager: Shutting down and abandoning module SpeedTreeImporter (109)
[2016.02.28-20.12.37:024][618]LogModuleManager: Shutting down and abandoning module PluginBrowser (108)
[2016.02.28-20.12.37:053][618]LogModuleManager: Shutting down and abandoning module EpicSurvey (107)
[2016.02.28-20.12.37:061][618]LogModuleManager: Shutting down and abandoning module DesktopPlatform (106)
[2016.02.28-20.12.37:072][618]LogModuleManager: Shutting down and abandoning module VisualStudioSourceCodeAccess (105)
[2016.02.28-20.12.37:077][618]LogModuleManager: Shutting down and abandoning module UObjectPlugin (104)
[2016.02.28-20.12.37:077][618]LogModuleManager: Shutting down and abandoning module SubversionSourceControl (103)
[2016.02.28-20.12.37:083][618]LogModuleManager: Shutting down and abandoning module PerforceSourceControl (102)
[2016.02.28-20.12.37:117][618]LogModuleManager: Shutting down and abandoning module SourceControl (101)
[2016.02.28-20.12.37:144][618]LogModuleManager: Shutting down and abandoning module GitSourceControl (100)
[2016.02.28-20.12.37:152][618]LogModuleManager: Shutting down and abandoning module LightPropagationVolumeEditor (99)
[2016.02.28-20.12.37:152][618]LogModuleManager: Shutting down and abandoning module PaperTiledImporter (98)
[2016.02.28-20.12.37:162][618]LogModuleManager: Shutting down and abandoning module PaperSpriteSheetImporter (97)
[2016.02.28-20.12.37:162][618]LogModuleManager: Shutting down and abandoning module MeshPaint (96)
[2016.02.28-20.12.37:162][618]LogModuleManager: Shutting down and abandoning module SlateReflector (95)
[2016.02.28-20.12.37:193][618]LogModuleManager: Shutting down and abandoning module HotReload (94)
[2016.02.28-20.12.37:199][618]LogModuleManager: Shutting down and abandoning module MainFrame (93)
[2016.02.28-20.12.37:199][618]LogModuleManager: Shutting down and abandoning module LevelEditor (92)
[2016.02.28-20.12.37:214][618]LogModuleManager: Shutting down and abandoning module ContentBrowser (91)
[2016.02.28-20.12.37:215][618]LogModuleManager: Shutting down and abandoning module Paper2DEditor (90)
[2016.02.28-20.12.37:239][618]LogModuleManager: Shutting down and abandoning module DirectoryWatcher (89)
[2016.02.28-20.12.37:241][618]LogModuleManager: Shutting down and abandoning module AssetRegistry (88)
[2016.02.28-20.12.37:541][618]LogModuleManager: Shutting down and abandoning module SubstanceCore (87)
[2016.02.28-20.12.37:580][618]LogModuleManager: Shutting down and abandoning module UdpMessaging (86)
[2016.02.28-20.12.37:681][618]LogModuleManager: Shutting down and abandoning module LightPropagationVolumeRuntime (85)
[2016.02.28-20.12.37:681][618]LogModuleManager: Shutting down and abandoning module Paper2D (84)
[2016.02.28-20.12.37:698][618]LogModuleManager: Shutting down and abandoning module WindowsMoviePlayer (83)
[2016.02.28-20.12.37:708][618]LogModuleManager: Shutting down and abandoning module Media (82)
[2016.02.28-20.12.37:708][618]LogModuleManager: Shutting down and abandoning module WmfMedia (81)
[2016.02.28-20.12.37:719][618]LogModuleManager: Shutting down and abandoning module OnlineBlueprintSupport (80)
[2016.02.28-20.12.37:719][618]LogModuleManager: Shutting down and abandoning module GameplayTasksEditor (79)
[2016.02.28-20.12.37:719][618]LogModuleManager: Shutting down and abandoning module PropertyEditor (78)
[2016.02.28-20.12.37:720][618]LogModuleManager: Shutting down and abandoning module BehaviorTreeEditor (77)
[2016.02.28-20.12.37:747][618]LogModuleManager: Shutting down and abandoning module FunctionalTesting (76)
[2016.02.28-20.12.37:747][618]LogModuleManager: Shutting down and abandoning module CollisionAnalyzer (75)
[2016.02.28-20.12.37:759][618]LogModuleManager: Shutting down and abandoning module WorkspaceMenuStructure (74)
[2016.02.28-20.12.37:759][618]LogModuleManager: Shutting down and abandoning module MessageLog (73)
[2016.02.28-20.12.37:759][618]LogModuleManager: Shutting down and abandoning module Sequencer (72)
[2016.02.28-20.12.37:826][618]LogModuleManager: Shutting down and abandoning module AssetTools (71)
[2016.02.28-20.12.37:895][618]LogModuleManager: Shutting down and abandoning module UMGEditor (70)
[2016.02.28-20.12.37:936][618]LogModuleManager: Shutting down and abandoning module UMG (69)
[2016.02.28-20.12.37:957][618]LogModuleManager: Shutting down and abandoning module Slate (68)
[2016.02.28-20.12.37:957][618]LogModuleManager: Shutting down and abandoning module EditorStyle (67)
[2016.02.28-20.12.37:966][618]LogModuleManager: Shutting down and abandoning module SessionServices (66)
[2016.02.28-20.12.37:966][618]LogModuleManager: Shutting down and abandoning module SourceCodeAccess (65)
[2016.02.28-20.12.37:966][618]LogModuleManager: Shutting down and abandoning module HeadMountedDisplay (64)
[2016.02.28-20.12.37:966][618]LogModuleManager: Shutting down and abandoning module XAudio2 (63)
[2016.02.28-20.12.37:966][618]LogModuleManager: Shutting down and abandoning module Networking (61)
[2016.02.28-20.12.37:966][618]LogModuleManager: Shutting down and abandoning module Core (60)
[2016.02.28-20.12.37:966][618]LogModuleManager: Shutting down and abandoning module KismetCompiler (59)
[2016.02.28-20.12.37:966][618]LogModuleManager: Shutting down and abandoning module PhysXFormats (58)
[2016.02.28-20.12.37:966][618]LogModuleManager: Shutting down and abandoning module MeshUtilities (57)
[2016.02.28-20.12.37:976][618]LogModuleManager: Shutting down and abandoning module DerivedDataCache (56)
[2016.02.28-20.12.38:027][618]LogDerivedDataCache: Shutdown
[2016.02.28-20.12.38:028][618]LogModuleManager: Shutting down and abandoning module ShaderFormatOpenGL (55)
[2016.02.28-20.12.38:041][618]LogModuleManager: Shutting down and abandoning module ShaderFormatD3D (54)
[2016.02.28-20.12.38:044][618]LogModuleManager: Shutting down and abandoning module MetalShaderFormat (53)
[2016.02.28-20.12.38:082][618]LogModuleManager: Shutting down and abandoning module TextureFormatUncompressed (52)
[2016.02.28-20.12.38:082][618]LogModuleManager: Shutting down and abandoning module TextureFormatPVR (51)
[2016.02.28-20.12.38:084][618]LogModuleManager: Shutting down and abandoning module TextureFormatIntelISPCTexComp (50)
[2016.02.28-20.12.38:092][618]LogModuleManager: Shutting down and abandoning module TextureFormatDXT (49)
[2016.02.28-20.12.38:092][618]LogModuleManager: Shutting down and abandoning module ImageWrapper (48)
[2016.02.28-20.12.38:092][618]LogModuleManager: Shutting down and abandoning module TextureFormatASTC (47)
[2016.02.28-20.12.38:092][618]LogModuleManager: Shutting down and abandoning module TextureFormatAndroid (46)
[2016.02.28-20.12.38:092][618]LogModuleManager: Shutting down and abandoning module AudioFormatOpus (45)
[2016.02.28-20.12.38:098][618]LogModuleManager: Shutting down and abandoning module AudioFormatOgg (44)
[2016.02.28-20.12.38:104][618]LogModuleManager: Shutting down and abandoning module AudioFormatADPCM (43)
[2016.02.28-20.12.38:112][618]LogModuleManager: Shutting down and abandoning module LinuxTargetPlatform (42)
[2016.02.28-20.12.38:112][618]LogModuleManager: Shutting down and abandoning module LinuxServerTargetPlatform (41)
[2016.02.28-20.12.38:133][618]LogModuleManager: Shutting down and abandoning module LinuxNoEditorTargetPlatform (40)
[2016.02.28-20.12.38:137][618]LogModuleManager: Shutting down and abandoning module Messaging (39)
[2016.02.28-20.12.38:137][618]LogModuleManager: Shutting down and abandoning module IOSTargetPlatform (38)
[2016.02.28-20.12.38:139][618]LogModuleManager: Shutting down and abandoning module HTML5TargetPlatform (37)
[2016.02.28-20.12.38:139][618]LogModuleManager: Shutting down and abandoning module AndroidTargetPlatform (36)
[2016.02.28-20.12.38:139][618]LogModuleManager: Shutting down and abandoning module Android_PVRTCTargetPlatform (35)
[2016.02.28-20.12.38:139][618]LogModuleManager: Shutting down and abandoning module Android_MultiTargetPlatform (34)
[2016.02.28-20.12.38:139][618]LogModuleManager: Shutting down and abandoning module Android_ETC2TargetPlatform (33)
[2016.02.28-20.12.38:139][618]LogModuleManager: Shutting down and abandoning module Android_ETC1TargetPlatform (32)
[2016.02.28-20.12.38:139][618]LogModuleManager: Shutting down and abandoning module Android_DXTTargetPlatform (31)
[2016.02.28-20.12.38:139][618]LogModuleManager: Shutting down and abandoning module Android_ATCTargetPlatform (30)
[2016.02.28-20.12.38:139][618]LogModuleManager: Shutting down and abandoning module Android_ASTCTargetPlatform (29)
[2016.02.28-20.12.38:139][618]LogModuleManager: Shutting down and abandoning module WindowsTargetPlatform (28)
[2016.02.28-20.12.38:139][618]LogModuleManager: Shutting down and abandoning module WindowsServerTargetPlatform (27)
[2016.02.28-20.12.38:147][618]LogModuleManager: Shutting down and abandoning module WindowsNoEditorTargetPlatform (26)
[2016.02.28-20.12.38:152][618]LogModuleManager: Shutting down and abandoning module WindowsClientTargetPlatform (25)
[2016.02.28-20.12.38:157][618]LogModuleManager: Shutting down and abandoning module AllDesktopTargetPlatform (24)
[2016.02.28-20.12.38:157][618]LogModuleManager: Shutting down and abandoning module TargetPlatform (23)
[2016.02.28-20.12.38:157][618]LogModuleManager: Shutting down and abandoning module InputCore (22)
[2016.02.28-20.12.38:157][618]LogModuleManager: Shutting down and abandoning module Settings (21)
[2016.02.28-20.12.38:157][618]LogModuleManager: Shutting down and abandoning module OnlineSubsystem (19)
[2016.02.28-20.12.38:157][618]LogModuleManager: Shutting down and abandoning module HTTP (18)
[2016.02.28-20.12.40:159][618]LogModuleManager: Shutting down and abandoning module XMPP (17)
[2016.02.28-20.12.40:230][618]LogModuleManager: Shutting down and abandoning module OculusRift (16)
[2016.02.28-20.12.40:244][618]LogModuleManager: Shutting down and abandoning module ExampleDeviceProfileSelector (15)
[2016.02.28-20.12.40:244][618]LogModuleManager: Shutting down and abandoning module TextureCompressor (14)
[2016.02.28-20.12.40:244][618]LogModuleManager: Shutting down and abandoning module ShaderCore (13)
[2016.02.28-20.12.40:244][618]LogModuleManager: Shutting down and abandoning module Landscape (12)
[2016.02.28-20.12.40:244][618]LogModuleManager: Shutting down and abandoning module SlateRHIRenderer (11)
[2016.02.28-20.12.40:261][618]LogModuleManager: Shutting down and abandoning module OpenGLDrv (10)
[2016.02.28-20.12.40:266][618]LogModuleManager: Shutting down and abandoning module D3D11RHI (9)
[2016.02.28-20.12.40:266][618]LogModuleManager: Shutting down and abandoning module AnimGraphRuntime (8)
[2016.02.28-20.12.40:280][618]LogModuleManager: Shutting down and abandoning module Renderer (7)
[2016.02.28-20.12.40:280][618]LogModuleManager: Shutting down and abandoning module Engine (6)
[2016.02.28-20.12.40:280][618]LogModuleManager: Shutting down and abandoning module CoreUObject (5)
[2016.02.28-20.12.40:280][618]LogModuleManager: Shutting down and abandoning module NetworkFile (4)
[2016.02.28-20.12.40:300][618]LogModuleManager: Shutting down and abandoning module StreamingFile (3)
[2016.02.28-20.12.40:314][618]LogModuleManager: Shutting down and abandoning module SandboxFile (2)
[2016.02.28-20.12.40:327][618]LogModuleManager: Shutting down and abandoning module PakFile (1)
[2016.02.28-20.12.40:348][618]LogExit: Exiting.
[2016.02.28-20.12.40:354][618]Log file closed, 02/28/16 20:12:40
