[2016.02.20-15.25.40:503][  0]Log file open, 02/20/16 15:25:40
[2016.02.20-15.25.40:503][  0]LogInit:Display: Running engine for game: ForestTale
[2016.02.20-15.25.40:503][  0]LogPlatformFile: Not using cached read wrapper
[2016.02.20-15.25.40:503][  0]LogInit:Display: RandInit(1476867421) SRandInit(1476867424).
[2016.02.20-15.25.40:503][  0]LogTaskGraph: Started task graph with 4 named threads and 7 total threads.
[2016.02.20-15.25.40:503][  0]LogStats: Stats thread started at 3.116023
[2016.02.20-15.25.40:503][  0]LogInit: Version: 4.10.2-2818068+++depot+UE4-Releases+4.10
[2016.02.20-15.25.40:503][  0]LogInit: API Version: 2758231
[2016.02.20-15.25.40:503][  0]LogInit: Compiled (64-bit): Jan  6 2016 17:36:42
[2016.02.20-15.25.40:503][  0]LogInit: Compiled with Visual C++: 19.00.23026.00
[2016.02.20-15.25.40:503][  0]LogInit: Build Configuration: Development
[2016.02.20-15.25.40:503][  0]LogInit: Branch Name: ++depot+UE4-Releases+4.10
[2016.02.20-15.25.40:503][  0]LogInit: Command line:  
[2016.02.20-15.25.40:503][  0]LogInit: Base directory: E:/Programs/Epic Games/4.10/Engine/Binaries/Win64/
[2016.02.20-15.25.40:503][  0]LogInit: Rocket: 1
[2016.02.20-15.25.40:606][  0]LogInit: Using libcurl 7.41.0
[2016.02.20-15.25.40:606][  0]LogInit:  - built for x86_64-pc-win32
[2016.02.20-15.25.40:606][  0]LogInit:  - supports SSL with WinSSL
[2016.02.20-15.25.40:606][  0]LogInit:  - other features:
[2016.02.20-15.25.40:606][  0]LogInit:      CURL_VERSION_SSL
[2016.02.20-15.25.40:606][  0]LogInit:      CURL_VERSION_IPV6
[2016.02.20-15.25.40:606][  0]LogInit:      CURL_VERSION_ASYNCHDNS
[2016.02.20-15.25.40:606][  0]LogInit:      CURL_VERSION_LARGEFILE
[2016.02.20-15.25.40:606][  0]LogInit:      CURL_VERSION_IDN
[2016.02.20-15.25.40:607][  0]LogInit:  CurlRequestOptions (configurable via config and command line):
[2016.02.20-15.25.40:607][  0]LogInit:  - bVerifyPeer = true  - Libcurl will verify peer certificate
[2016.02.20-15.25.40:607][  0]LogInit:  - bUseHttpProxy = false  - Libcurl will NOT use HTTP proxy
[2016.02.20-15.25.40:608][  0]LogInit:  - bDontReuseConnections = false  - Libcurl will reuse connections
[2016.02.20-15.25.40:608][  0]LogInit:  - CertBundlePath = nullptr  - Libcurl will use whatever was configured at build time.
[2016.02.20-15.25.40:854][  0]LogInit: Presizing for 0 objects not considered by GC, pre-allocating 0 bytes.
[2016.02.20-15.25.41:036][  0]LogInit: Object subsystem initialized
[2016.02.20-15.25.41:238][  0]LogInit: Selected Device Profile: [Windows]
[2016.02.20-15.25.41:238][  0]LogInit: Applying CVar settings loaded from the selected device profile: [Windows]
[2016.02.20-15.25.41:347][  0]LogInit: Computer: JAC-PC
[2016.02.20-15.25.41:347][  0]LogInit: User: Jac
[2016.02.20-15.25.41:347][  0]LogInit: CPU Page size=4096, Cores=4
[2016.02.20-15.25.41:347][  0]LogInit: High frequency timer resolution =3.423912 MHz
[2016.02.20-15.25.41:348][  0]LogMemory: Memory total: Physical=7.9GB (8GB approx)
[2016.02.20-15.25.41:348][  0]LogMemory: Platform Memory Stats for Windows
[2016.02.20-15.25.41:348][  0]LogMemory: Process Physical Memory: 55.90 MB used, 55.90 MB peak
[2016.02.20-15.25.41:348][  0]LogMemory: Process Virtual Memory: 58.66 MB used, 58.66 MB peak
[2016.02.20-15.25.41:348][  0]LogMemory: Physical Memory: 4924.62 MB used, 8129.75 MB total
[2016.02.20-15.25.41:348][  0]LogMemory: Virtual Memory: 380.61 MB used, 134217728.00 MB total
[2016.02.20-15.25.42:460][  0]LogTextLocalizationManager: No specific translations for ('en-GB') exist, so ('en') translations will be used.
[2016.02.20-15.25.44:211][  0]LogD3D11RHI: Found D3D11 adapter 0: NVIDIA GeForce GTX 770 (Feature Level 11_0)
[2016.02.20-15.25.44:211][  0]LogD3D11RHI: Adapter has 4026MB of dedicated video memory, 0MB of dedicated system memory, and 4064MB of shared system memory, 2 output[s]
[2016.02.20-15.25.44:213][  0]LogD3D11RHI: Found D3D11 adapter 1: Microsoft Basic Render Driver (Feature Level 11_0)
[2016.02.20-15.25.44:213][  0]LogD3D11RHI: Adapter has 0MB of dedicated video memory, 0MB of dedicated system memory, and 4064MB of shared system memory, 0 output[s]
[2016.02.20-15.25.44:213][  0]LogD3D11RHI: Chosen D3D11 Adapter Id = 0
[2016.02.20-15.25.44:217][  0]LogD3D11RHI: !Direct3DDevice
[2016.02.20-15.25.44:218][  0]LogRHI: Texture pool is 1361 MB (70% of 1945 MB)
[2016.02.20-15.25.44:248][  0]LogD3D11RHI: Async texture creation enabled
[2016.02.20-15.25.45:071][  0]LogShaderCompilers: Guid format shader working directory is 3 characters bigger than the processId version (J:/Work/Uni/Year 2/Off The Map/ForestTale/Intermediate/Shaders/WorkingDirectory/2480/).
[2016.02.20-15.25.45:071][  0]LogShaderCompilers: Cleaned the shader compiler working directory 'C:/Users/Jac/AppData/Local/Temp/UnrealShaderWorkingDir/06A85F8E46C25A6968ECCD885C1FFD10/'.
[2016.02.20-15.25.45:075][  0]LogShaderCompilers:Display: Using Local Shader Compiler.
[2016.02.20-15.25.48:952][  0]LogTemp:Display: Loaded TP AllDesktopTargetPlatform
[2016.02.20-15.25.48:956][  0]LogTemp:Display: Loaded TP WindowsClientTargetPlatform
[2016.02.20-15.25.48:960][  0]LogTemp:Display: Loaded TP WindowsNoEditorTargetPlatform
[2016.02.20-15.25.48:964][  0]LogTemp:Display: Loaded TP WindowsServerTargetPlatform
[2016.02.20-15.25.48:982][  0]LogTemp:Display: Loaded TP WindowsTargetPlatform
[2016.02.20-15.25.49:001][  0]LogTemp:Display: Loaded TP Android_ASTCTargetPlatform
[2016.02.20-15.25.49:015][  0]LogTemp:Display: Loaded TP Android_ATCTargetPlatform
[2016.02.20-15.25.49:023][  0]LogTemp:Display: Loaded TP Android_DXTTargetPlatform
[2016.02.20-15.25.49:041][  0]LogTemp:Display: Loaded TP Android_ETC1TargetPlatform
[2016.02.20-15.25.49:049][  0]LogTemp:Display: Loaded TP Android_ETC2TargetPlatform
[2016.02.20-15.25.49:072][  0]LogTemp:Display: Loaded TP Android_MultiTargetPlatform
[2016.02.20-15.25.49:072][  0]LogTemp:Display: Loaded TP Android_PVRTCTargetPlatform
[2016.02.20-15.25.49:104][  0]LogTemp:Display: Loaded TP AndroidTargetPlatform
[2016.02.20-15.25.49:107][  0]LogTemp:Display: Loaded TP HTML5TargetPlatform
[2016.02.20-15.25.49:260][  0]LogTemp:Display: Loaded TP IOSTargetPlatform
[2016.02.20-15.25.49:276][  0]LogTemp:Display: Loaded TP LinuxNoEditorTargetPlatform
[2016.02.20-15.25.49:282][  0]LogTemp:Display: Loaded TP LinuxServerTargetPlatform
[2016.02.20-15.25.49:298][  0]LogTemp:Display: Loaded TP LinuxTargetPlatform
[2016.02.20-15.25.49:298][  0]LogTargetPlatformManager:Display: Building Assets For Windows
[2016.02.20-15.25.49:948][  0]LogDerivedDataCache:Display: Max Cache Size: 512 MB
[2016.02.20-15.25.50:104][  0]LogDerivedDataCache: Loaded boot cache 0.16s 41MB C:/Users/Jac/AppData/Local/UnrealEngine/4.10/DerivedDataCache/Boot.ddc.
[2016.02.20-15.25.50:104][  0]LogDerivedDataCache:Display: Loaded Boot cache: C:/Users/Jac/AppData/Local/UnrealEngine/4.10/DerivedDataCache/Boot.ddc
[2016.02.20-15.25.50:104][  0]LogDerivedDataCache: FDerivedDataBackendGraph:  Pak pak cache file J:/Work/Uni/Year 2/Off The Map/ForestTale/DerivedDataCache/DDC.ddp not found, will not use a pak cache.
[2016.02.20-15.25.50:104][  0]LogDerivedDataCache: Unable to find inner node Pak for hierarchical cache Hierarchy.
[2016.02.20-15.25.50:104][  0]LogDerivedDataCache: FDerivedDataBackendGraph:  CompressedPak pak cache file J:/Work/Uni/Year 2/Off The Map/ForestTale/DerivedDataCache/Compressed.ddp not found, will not use a pak cache.
[2016.02.20-15.25.50:104][  0]LogDerivedDataCache: Unable to find inner node CompressedPak for hierarchical cache Hierarchy.
[2016.02.20-15.25.50:209][  0]LogDerivedDataCache:Display: Pak cache opened for reading ../../../Engine/DerivedDataCache/Compressed.ddp.
[2016.02.20-15.25.50:222][  0]LogDerivedDataCache: Using Local data cache path C:/Users/Jac/AppData/Local/UnrealEngine/Common/DerivedDataCache: Writable
[2016.02.20-15.25.58:902][  0]LogInit: Selected Device Profile: [Windows]
[2016.02.20-15.25.59:008][  0]LogContentStreaming: Texture pool size is 0.000000MB
[2016.02.20-15.26.00:355][  0]LogMeshUtilities: No automatic mesh reduction module available
[2016.02.20-15.26.00:355][  0]LogMeshUtilities: No automatic mesh merging module available
[2016.02.20-15.26.03:751][  0]LogInit: WinSock: version 1.1 (2.2), MaxSocks=32767, MaxUdp=65467
[2016.02.20-15.26.18:910][  0]UdpMessaging: Initializing bridge on interface 0.0.0.0:0 to multicast group 230.0.0.1:6666.
[2016.02.20-15.26.19:043][  0]LogAssetRegistry: FAssetRegistry took 0.0140 seconds to start up
[2016.02.20-15.26.22:164][  0]SourceControl: Info Source control is disabled
[2016.02.20-15.26.22:172][  0]SourceControl: Info Source control is disabled
[2016.02.20-15.26.22:230][  0]SourceControl: Info Source control is disabled
[2016.02.20-15.26.22:292][  0]SourceControl: Info Source control is disabled
[2016.02.20-15.26.23:529][  0]LogObj: 28802 objects as part of root set at end of initial load.
[2016.02.20-15.26.23:529][  0]LogUObjectAllocator: 6129768 out of 0 bytes used by permanent object pool.
[2016.02.20-15.26.24:216][  0]LogEngine: Initializing Engine...
[2016.02.20-15.26.24:267][  0]LogHMD: Can't find Oculus library dev build: is proper Runtime installed? Version: 0.8.0.0
[2016.02.20-15.26.24:332][  0]LogHMD: SteamVR failed to initialize.  Err: 110
[2016.02.20-15.26.25:271][  0]LogAIModule: Creating AISystem for world NewWorld
[2016.02.20-15.26.25:570][  0]LogInit: XAudio2 using 'Speakers (Realtek High Definition Audio)' : 2 channels at 48 kHz using 32 bits per sample (channel mask 0x3)
[2016.02.20-15.26.25:603][  0]LogInit: FAudioDevice initialized.
[2016.02.20-15.26.25:626][  0]LogDerivedDataCache: Saved boot cache 0.02s 41MB C:/Users/Jac/AppData/Local/UnrealEngine/4.10/DerivedDataCache/Boot.ddc.
[2016.02.20-15.26.25:631][  0]LogInit: Texture streaming: Enabled
[2016.02.20-15.26.25:693][  0]LogAnalytics: Creating configured Analytics provider AnalyticsET
[2016.02.20-15.26.25:715][  0]LogAnalytics: [UEEditor.Rocket.Release] APIServer = http://et2.epicgames.com/ET2/. AppVersion = 4.10.2-2818068+++depot+UE4-Releases+4.10
[2016.02.20-15.26.25:715][  0]LogAnalytics: [UEEditor.Rocket.Release] SetUserId dd12ff064be2e9be779117ab2ef6d1ef|10581dceb00340ccaf11fbba5a70d17f|50ebcf47-d9ff-4ee8-b127-44504b2107d0
[2016.02.20-15.26.25:725][  0]LogAnalytics: [UEEditor.Rocket.Release] AnalyticsET::StartSession
[2016.02.20-15.26.25:840][  0]LogInit: Transaction tracking system initialized
[2016.02.20-15.26.26:173][  0]BlueprintLog: New page: Editor Load
[2016.02.20-15.26.27:446][  0]LocalizationService: Info Localization service is disabled
[2016.02.20-15.26.27:975][  0]LogLinker:Warning: Can't find file '/Game/FirstPersonBP/FirstPersonOverview'
[2016.02.20-15.26.27:975][  0]LogLinker:Warning: Can't find file '/Game/FirstPersonBP/FirstPersonOverview'
[2016.02.20-15.26.27:975][  0]LogUObjectGlobals:Warning: Failed to find object 'Class /Game/FirstPersonBP/FirstPersonOverview.FirstPersonOverview_C'
[2016.02.20-15.26.28:211][  0]LogConsoleResponse:Display: 
[2016.02.20-15.26.32:194][  0]LogFileCache: Scanning file cache for directory 'J:/Work/Uni/Year 2/Off The Map/ForestTale/Content/' took 0.03s
[2016.02.20-15.26.32:194][  0]LogCook:Display: Done creating registry. It took  0.00s.
[2016.02.20-15.26.36:503][  0]SourceControl: Info Source control is disabled
[2016.02.20-15.26.37:498][  0]LogWindowsTextInputMethodSystem:Display: IME system now deactivated.
[2016.02.20-15.27.11:803][  0]LogWindowsTextInputMethodSystem:Display: IME system now deactivated.
[2016.02.20-15.27.12:155][  0]LogWindowsTextInputMethodSystem:Display: IME system now deactivated.
[2016.02.20-15.27.35:010][  0]LogWindowsTextInputMethodSystem:Display: IME system now deactivated.
[2016.02.20-15.27.37:274][  0]LogWindowsTextInputMethodSystem:Display: IME system now deactivated.
[2016.02.20-15.27.37:314][  0]Cmd: MAP LOAD FILE="../../../Engine/Content/Maps/Templates/Template_Default.umap" TEMPLATE=1 SHOWPROGRESS=1 FEATURELEVEL=3
[2016.02.20-15.27.37:346][  0]LightingResults: New page: Lighting Build
[2016.02.20-15.27.37:469][  0]MapCheck: New page: Map Check
[2016.02.20-15.27.37:469][  0]LightingResults: New page: Lighting Build
[2016.02.20-15.27.37:767][  0]LogParticles: Destroying 0 GPU particle simulations for FXSystem 0x00000071C5FA2AC0
[2016.02.20-15.27.38:935][  0]LogAIModule: Creating AISystem for world Untitled_1
[2016.02.20-15.27.39:271][  0]LogEditorServer: Finished looking for orphan Actors (0.000 secs)
[2016.02.20-15.27.39:343][  0]Cmd: MAP CHECKDEP NOCLEARLOG
[2016.02.20-15.27.39:377][  0]MapCheck: Info Map check complete: 0 Error(s), 0 Warning(s), took 33.464ms to complete.
[2016.02.20-15.27.39:377][  0]LogFileHelpers: Loading map 'Template_Default' took 2.067
[2016.02.20-15.27.40:544][  0]LogCollectionManager: Loaded 0 collections in 0.010601 seconds
[2016.02.20-15.27.40:744][  0]LogFileCache: Scanning file cache for directory 'J:/Work/Uni/Year 2/Off The Map/ForestTale/Saved/Collections/' took 0.01s
[2016.02.20-15.27.40:744][  0]LogFileCache: Scanning file cache for directory 'J:/Work/Uni/Year 2/Off The Map/ForestTale/Content/Developers/Jac/Collections/' took 0.01s
[2016.02.20-15.27.40:744][  0]LogFileCache: Scanning file cache for directory 'J:/Work/Uni/Year 2/Off The Map/ForestTale/Content/Collections/' took 0.01s
[2016.02.20-15.27.40:744][  0]LogCollectionManager: Rebuilt the GUID cache for 0 collections in 0.000005 seconds
[2016.02.20-15.27.40:764][  0]LogContentBrowser: Native class hierarchy populated in 0.0109 seconds. Added 1908 classes and 344 folders.
[2016.02.20-15.27.40:886][  0]LogContentBrowser: Native class hierarchy updated for 'WidgetCarousel' in 0.0013 seconds. Added 0 classes and 0 folders.
[2016.02.20-15.27.42:426][  0]LogContentBrowser: Native class hierarchy updated for 'AddContentDialog' in 0.0007 seconds. Added 0 classes and 0 folders.
[2016.02.20-15.27.42:503][  0]LogContentBrowser: Native class hierarchy updated for 'SceneOutliner' in 0.0007 seconds. Added 1 classes and 2 folders.
[2016.02.20-15.27.42:968][  0]LogCrashTracker: Crashtracker disabled due to settings.
[2016.02.20-15.27.43:200][  0]LogUObjectGlobals:Warning: Failed to find object 'Class None.'
[2016.02.20-15.27.43:275][  0]LogStats:Warning: MetaData mismatch. Did you assign a stat to two groups? New //STATGROUP_Threads//SplashScreenThread///Thread_2fd0_0///####STATCAT_Advanced#### old //STATGROUP_Threads//SplashScreenThread///Thread_2d38_0///####STATCAT_Advanced####
[2016.02.20-15.27.43:275][  0]LogLoad: Full Startup: 129.71 seconds (BP compile: 0.59 seconds)
[2016.02.20-15.27.43:347][  0]LogOcInput: Can't find Oculus library dev build: is proper Runtime installed? Version: 0.8.0.0
[2016.02.20-15.27.44:090][  0]LogContentStreaming: Texture pool size now 1000 MB
[2016.02.20-15.27.44:599][  0]LogRenderer: Reallocating scene render targets to support 1576x760 (Frame:2).
[2016.02.20-15.27.45:114][  5]LogAssetRegistry: Asset discovery search completed in 86.0822 seconds
[2016.02.20-15.27.45:128][  5]LogCollectionManager: Rebuilt the object cache for 0 collections in 0.000001 seconds (found 0 objects)
[2016.02.20-15.27.45:128][  5]LogCollectionManager: Fixed up redirectors for 0 collections in 0.013341 seconds (updated 0 objects)
[2016.02.20-15.27.54:260][810]LogLinker:Warning: Asset 'J:/Work/Uni/Year 2/Off The Map/ForestTale/Content/Mannequin/Animations/ThirdPerson_AnimBP.uasset' has been saved with empty engine version. The asset will be loaded but may be incompatible.
[2016.02.20-15.27.54:267][810]LogLinker:Warning: Asset 'J:/Work/Uni/Year 2/Off The Map/ForestTale/Content/Mannequin/Animations/ThirdPerson_Jump.uasset' has been saved with empty engine version. The asset will be loaded but may be incompatible.
[2016.02.20-15.27.54:284][810]LogLinker:Warning: Asset 'J:/Work/Uni/Year 2/Off The Map/ForestTale/Content/Mannequin/Animations/ThirdPersonJump_Loop.uasset' has been saved with empty engine version. The asset will be loaded but may be incompatible.
[2016.02.20-15.27.54:290][810]LogLinker:Warning: Asset 'J:/Work/Uni/Year 2/Off The Map/ForestTale/Content/Mannequin/Animations/ThirdPersonJump_Start.uasset' has been saved with empty engine version. The asset will be loaded but may be incompatible.
[2016.02.20-15.27.54:297][810]LogLinker:Warning: Asset 'J:/Work/Uni/Year 2/Off The Map/ForestTale/Content/Mannequin/Animations/ThirdPerson_IdleRun_2D.uasset' has been saved with empty engine version. The asset will be loaded but may be incompatible.
[2016.02.20-15.27.54:305][810]LogLinker:Warning: Asset 'J:/Work/Uni/Year 2/Off The Map/ForestTale/Content/Mannequin/Animations/ThirdPersonIdle.uasset' has been saved with empty engine version. The asset will be loaded but may be incompatible.
[2016.02.20-15.27.54:310][810]LogLinker:Warning: Asset 'J:/Work/Uni/Year 2/Off The Map/ForestTale/Content/Mannequin/Animations/ThirdPersonRun.uasset' has been saved with empty engine version. The asset will be loaded but may be incompatible.
[2016.02.20-15.27.54:313][810]LogLinker:Warning: Asset 'J:/Work/Uni/Year 2/Off The Map/ForestTale/Content/Mannequin/Animations/ThirdPersonWalk.uasset' has been saved with empty engine version. The asset will be loaded but may be incompatible.
[2016.02.20-15.27.55:846][810]LogAIModule: Creating AISystem for world ThirdPersonExampleMap
[2016.02.20-15.27.55:966][810]Cmd: MAP LOAD FILE="J:/Work/Uni/Year 2/Off The Map/ForestTale/Content/Maps/ThirdPersonExampleMap.umap" TEMPLATE=0 SHOWPROGRESS=1 FEATURELEVEL=3
[2016.02.20-15.27.55:966][810]LightingResults: New page: Lighting Build
[2016.02.20-15.27.55:981][810]LoadErrors: New page: Loading map: ThirdPersonExampleMap.umap
[2016.02.20-15.27.55:988][810]MapCheck: New page: Map Check
[2016.02.20-15.27.55:988][810]LightingResults: New page: Lighting Build
[2016.02.20-15.27.56:024][810]LogParticles: Destroying 0 GPU particle simulations for FXSystem 0x00000071C040F9C0
[2016.02.20-15.27.56:111][810]LogEditorServer: Finished looking for orphan Actors (0.000 secs)
[2016.02.20-15.27.56:174][810]Cmd: MAP CHECKDEP NOCLEARLOG
[2016.02.20-15.27.56:220][810]MapCheck: Info Map check complete: 0 Error(s), 0 Warning(s), took 45.788ms to complete.
[2016.02.20-15.27.56:220][810]LogFileHelpers: Loading map 'ThirdPersonExampleMap' took 0.275
[2016.02.20-15.28.05:612][485]LogLinker:Warning: Can't find file '/Game/StarterContent/Props/Materials/M_Rock'
[2016.02.20-15.28.05:612][485]LogLinker:Warning: Can't find file for asset '/Game/StarterContent/Props/Materials/M_Rock' while loading J:/Work/Uni/Year 2/Off The Map/ForestTale/Content/SM_Rock.uasset.
[2016.02.20-15.28.05:612][485]LoadErrors:Error: Error /Game/SM_Rock : Can't find file for asset. /Game/StarterContent/Props/Materials/M_Rock
[2016.02.20-15.28.05:612][485]LogLinker:Warning: Can't find file '/Game/StarterContent/Props/Materials/M_Rock'
[2016.02.20-15.28.05:613][485]LogLinker:Warning: Can't find file for asset '/Game/StarterContent/Props/Materials/M_Rock' while loading J:/Work/Uni/Year 2/Off The Map/ForestTale/Content/SM_Rock.uasset.
[2016.02.20-15.28.05:687][485]LogLinker:Warning: Can't find file '/Game/StarterContent/Props/Materials/M_Rock'
[2016.02.20-15.28.05:687][485]LoadErrors: Info Failed to load /Game/StarterContent/Props/Materials/M_Rock.M_Rock Referenced by SM_Rock
[2016.02.20-15.28.05:687][485]LogLinker:Warning: Can't find file for asset '/Game/StarterContent/Props/Materials/M_Rock' while loading NULL.
[2016.02.20-15.28.06:182][485]LogAIModule: Creating AISystem for world Terrain
[2016.02.20-15.28.06:337][485]LogActorComponent: UnregisterComponent: (/Engine/Transient.CharMoveComp) Not registered. Aborting.
[2016.02.20-15.28.08:308][486]Cmd: UpdateLandscapeEditorData -warnings
[2016.02.20-15.31.03:516][558]LogD3D11RHI: Timed out while waiting for GPU to catch up. (0.5 s)
[2016.02.20-16.20.32:836][939]LogActorComponent: UnregisterComponent: (/Engine/Transient.CharMoveComp) Not registered. Aborting.
[2016.02.20-16.20.33:297][939]LogWindowsTextInputMethodSystem:Display: IME system now deactivated.
[2016.02.20-16.20.34:058][940]Cmd: QUIT_EDITOR
[2016.02.20-16.20.34:672][940]LogExit: Preparing to exit.
[2016.02.20-16.20.35:686][940]LogExit: Editor shut down
[2016.02.20-16.20.35:688][940]LogExit: Transaction tracking system shut down
[2016.02.20-16.20.35:691][940]LogParticles: Destroying 0 GPU particle simulations for FXSystem 0x00000071CCA3F420
[2016.02.20-16.20.35:693][940]LogParticles: Destroying 0 GPU particle simulations for FXSystem 0x00000071CCA3F6A0
[2016.02.20-16.20.35:693][940]LogParticles: Destroying 0 GPU particle simulations for FXSystem 0x00000071CB7244A0
[2016.02.20-16.20.35:777][940]LogParticles: Destroying 0 GPU particle simulations for FXSystem 0x00000071CCA3EAC0
[2016.02.20-16.20.37:370][940]LogParticles: Destroying 0 GPU particle simulations for FXSystem 0x00000071CB5CC180
[2016.02.20-16.20.37:370][940]LogExit: Object subsystem successfully closed.
[2016.02.20-16.20.37:731][940]LogD3D11RHI: Shutdown
[2016.02.20-16.20.37:731][940]LogD3D11RHI: CleanupD3DDevice
[2016.02.20-16.20.37:931][940]LogD3D11RHI: ~FD3D11DynamicRHI
[2016.02.20-16.20.38:649][940]LogModuleManager: Shutting down and abandoning module CrashTracker (200)
[2016.02.20-16.20.38:650][940]LogModuleManager: Shutting down and abandoning module SceneOutliner (199)
[2016.02.20-16.20.38:650][940]LogModuleManager: Shutting down and abandoning module SuperSearch (198)
[2016.02.20-16.20.38:650][940]LogModuleManager: Shutting down and abandoning module WidgetCarousel (197)
[2016.02.20-16.20.38:661][940]LogModuleManager: Shutting down and abandoning module AddContentDialog (196)
[2016.02.20-16.20.38:682][940]LogModuleManager: Shutting down and abandoning module EditorWidgets (195)
[2016.02.20-16.20.38:682][940]LogModuleManager: Shutting down and abandoning module CollectionManager (194)
[2016.02.20-16.20.38:716][940]LogModuleManager: Shutting down and abandoning module StatsViewer (193)
[2016.02.20-16.20.38:737][940]LogModuleManager: Shutting down and abandoning module FoliageEdit (192)
[2016.02.20-16.20.38:751][940]LogModuleManager: Shutting down and abandoning module LandscapeEditor (191)
[2016.02.20-16.20.38:797][940]LogModuleManager: Shutting down and abandoning module ActorPickerMode (190)
[2016.02.20-16.20.38:797][940]LogModuleManager: Shutting down and abandoning module GeometryMode (189)
[2016.02.20-16.20.38:797][940]LogModuleManager: Shutting down and abandoning module TextureAlignMode (188)
[2016.02.20-16.20.38:797][940]LogModuleManager: Shutting down and abandoning module BspMode (187)
[2016.02.20-16.20.38:797][940]LogModuleManager: Shutting down and abandoning module PlacementMode (186)
[2016.02.20-16.20.38:797][940]LogModuleManager: Shutting down and abandoning module AutomationWorker (185)
[2016.02.20-16.20.38:797][940]LogModuleManager: Shutting down and abandoning module CharacterAI (184)
[2016.02.20-16.20.38:797][940]LogModuleManager: Shutting down and abandoning module SmartSnapping (183)
[2016.02.20-16.20.38:797][940]LogModuleManager: Shutting down and abandoning module ViewportSnapping (182)
[2016.02.20-16.20.38:797][940]LogModuleManager: Shutting down and abandoning module LogVisualizer (181)
[2016.02.20-16.20.38:836][940]LogModuleManager: Shutting down and abandoning module GameProjectGeneration (180)
[2016.02.20-16.20.38:856][940]LogModuleManager: Shutting down and abandoning module IntroTutorials (179)
[2016.02.20-16.20.38:894][940]LogModuleManager: Shutting down and abandoning module EditorLiveStreaming (178)
[2016.02.20-16.20.38:894][940]LogModuleManager: Shutting down and abandoning module IOSPlatformEditor (177)
[2016.02.20-16.20.38:906][940]LogModuleManager: Shutting down and abandoning module HTML5PlatformEditor (176)
[2016.02.20-16.20.38:906][940]LogModuleManager: Shutting down and abandoning module AndroidDeviceDetection (175)
[2016.02.20-16.20.39:907][940]LogModuleManager: Shutting down and abandoning module AndroidPlatformEditor (174)
[2016.02.20-16.20.39:907][940]LogModuleManager: Shutting down and abandoning module IOSRuntimeSettings (173)
[2016.02.20-16.20.39:907][940]LogModuleManager: Shutting down and abandoning module AndroidRuntimeSettings (172)
[2016.02.20-16.20.39:907][940]LogModuleManager: Shutting down and abandoning module MergeActors (171)
[2016.02.20-16.20.39:947][940]LogModuleManager: Shutting down and abandoning module SizeMap (170)
[2016.02.20-16.20.39:948][940]LogModuleManager: Shutting down and abandoning module TreeMap (169)
[2016.02.20-16.20.39:961][940]LogModuleManager: Shutting down and abandoning module ReferenceViewer (168)
[2016.02.20-16.20.39:984][940]LogModuleManager: Shutting down and abandoning module LocalizationService (167)
[2016.02.20-16.20.39:997][940]LogModuleManager: Shutting down and abandoning module LocalizationDashboard (166)
[2016.02.20-16.20.40:003][940]LogModuleManager: Shutting down and abandoning module HardwareTargeting (165)
[2016.02.20-16.20.40:005][940]LogModuleManager: Shutting down and abandoning module DeviceProfileEditor (164)
[2016.02.20-16.20.40:026][940]LogModuleManager: Shutting down and abandoning module UndoHistory (163)
[2016.02.20-16.20.40:035][940]LogModuleManager: Shutting down and abandoning module GameplayTagsEditor (162)
[2016.02.20-16.20.40:039][940]LogModuleManager: Shutting down and abandoning module UserFeedback (161)
[2016.02.20-16.20.40:039][940]LogModuleManager: Shutting down and abandoning module XmlParser (160)
[2016.02.20-16.20.40:051][940]LogModuleManager: Shutting down and abandoning module Blutility (159)
[2016.02.20-16.20.40:051][940]LogModuleManager: Shutting down and abandoning module ProjectTargetPlatformEditor (158)
[2016.02.20-16.20.40:057][940]LogModuleManager: Shutting down and abandoning module ProjectSettingsViewer (157)
[2016.02.20-16.20.40:057][940]LogModuleManager: Shutting down and abandoning module InputBindingEditor (156)
[2016.02.20-16.20.40:070][940]LogModuleManager: Shutting down and abandoning module EditorSettingsViewer (155)
[2016.02.20-16.20.40:070][940]LogModuleManager: Shutting down and abandoning module SettingsEditor (154)
[2016.02.20-16.20.40:093][940]LogModuleManager: Shutting down and abandoning module ProjectLauncher (153)
[2016.02.20-16.20.40:101][940]LogModuleManager: Shutting down and abandoning module SessionFrontend (152)
[2016.02.20-16.20.40:118][940]LogModuleManager: Shutting down and abandoning module ProfilerClient (151)
[2016.02.20-16.20.40:122][940]LogModuleManager: Shutting down and abandoning module TargetDeviceServices (150)
[2016.02.20-16.20.40:122][940]LogModuleManager: Shutting down and abandoning module DeviceManager (149)
[2016.02.20-16.20.40:133][940]LogModuleManager: Shutting down and abandoning module AutomationController (148)
[2016.02.20-16.20.40:142][940]LogModuleManager: Shutting down and abandoning module AutomationWindow (147)
[2016.02.20-16.20.40:154][940]LogModuleManager: Shutting down and abandoning module Layers (146)
[2016.02.20-16.20.40:184][940]LogModuleManager: Shutting down and abandoning module ComponentVisualizers (145)
[2016.02.20-16.20.40:184][940]LogModuleManager: Shutting down and abandoning module DetailCustomizations (144)
[2016.02.20-16.20.40:202][940]LogModuleManager: Shutting down and abandoning module PackagesDialog (143)
[2016.02.20-16.20.40:224][940]LogModuleManager: Shutting down and abandoning module Persona (142)
[2016.02.20-16.20.40:297][940]LogModuleManager: Shutting down and abandoning module Kismet (141)
[2016.02.20-16.20.40:303][940]LogModuleManager: Shutting down and abandoning module GraphEditor (140)
[2016.02.20-16.20.40:352][940]LogModuleManager: Shutting down and abandoning module ClassViewer (139)
[2016.02.20-16.20.40:361][940]LogModuleManager: Shutting down and abandoning module Toolbox (138)
[2016.02.20-16.20.40:361][940]LogModuleManager: Shutting down and abandoning module ModuleUI (137)
[2016.02.20-16.20.40:371][940]LogModuleManager: Shutting down and abandoning module MovieSceneTools (136)
[2016.02.20-16.20.40:386][940]LogModuleManager: Shutting down and abandoning module OutputLog (135)
[2016.02.20-16.20.40:386][940]LogModuleManager: Shutting down and abandoning module GammaUI (134)
[2016.02.20-16.20.40:390][940]LogModuleManager: Shutting down and abandoning module Documentation (133)
[2016.02.20-16.20.40:390][940]LogModuleManager: Shutting down and abandoning module GameLiveStreaming (132)
[2016.02.20-16.20.40:392][940]LogModuleManager: Shutting down and abandoning module StreamingPauseRendering (131)
[2016.02.20-16.20.40:393][940]LogModuleManager: Shutting down and abandoning module AnalyticsET (130)
[2016.02.20-16.20.40:393][940]LogModuleManager: Shutting down and abandoning module Analytics (129)
[2016.02.20-16.20.40:393][940]LogModuleManager: Shutting down and abandoning module AITestSuite (128)
[2016.02.20-16.20.40:405][940]LogModuleManager: Shutting down and abandoning module GameplayDebugger (127)
[2016.02.20-16.20.40:419][940]LogModuleManager: Shutting down and abandoning module AIModule (126)
[2016.02.20-16.20.40:430][940]LogModuleManager: Shutting down and abandoning module ProfilerService (125)
[2016.02.20-16.20.40:676][940]LogModuleManager: Shutting down and abandoning module TaskGraph (124)
[2016.02.20-16.20.40:709][940]LogModuleManager: Shutting down and abandoning module SubstanceEditor (123)
[2016.02.20-16.20.40:714][940]LogModuleManager: Shutting down and abandoning module SlateRemote (122)
[2016.02.20-16.20.40:714][940]LogModuleManager: Shutting down and abandoning module SteamVRController (121)
[2016.02.20-16.20.40:714][940]LogModuleManager: Shutting down and abandoning module SteamVR (120)
[2016.02.20-16.20.40:714][940]LogModuleManager: Shutting down and abandoning module ProceduralMeshComponent (119)
[2016.02.20-16.20.40:714][940]LogModuleManager: Shutting down and abandoning module OculusLibrary (118)
[2016.02.20-16.20.40:714][940]LogModuleManager: Shutting down and abandoning module OculusInput (117)
[2016.02.20-16.20.40:714][940]LogModuleManager: Shutting down and abandoning module LeapMotionController (116)
[2016.02.20-16.20.40:751][940]LogModuleManager: Shutting down and abandoning module CustomMeshComponent (115)
[2016.02.20-16.20.40:751][940]LogModuleManager: Shutting down and abandoning module CableComponent (114)
[2016.02.20-16.20.40:758][940]LogModuleManager: Shutting down and abandoning module ArchVisCharacter (113)
[2016.02.20-16.20.40:758][940]LogModuleManager: Shutting down and abandoning module MessagingDebugger (112)
[2016.02.20-16.20.40:796][940]LogModuleManager: Shutting down and abandoning module MediaPlayerEditor (111)
[2016.02.20-16.20.40:827][940]LogModuleManager: Shutting down and abandoning module HTML5Networking (110)
[2016.02.20-16.20.40:827][940]LogModuleManager: Shutting down and abandoning module SpeedTreeImporter (109)
[2016.02.20-16.20.40:827][940]LogModuleManager: Shutting down and abandoning module PluginBrowser (108)
[2016.02.20-16.20.40:856][940]LogModuleManager: Shutting down and abandoning module EpicSurvey (107)
[2016.02.20-16.20.40:864][940]LogModuleManager: Shutting down and abandoning module DesktopPlatform (106)
[2016.02.20-16.20.40:875][940]LogModuleManager: Shutting down and abandoning module VisualStudioSourceCodeAccess (105)
[2016.02.20-16.20.40:880][940]LogModuleManager: Shutting down and abandoning module UObjectPlugin (104)
[2016.02.20-16.20.40:880][940]LogModuleManager: Shutting down and abandoning module SubversionSourceControl (103)
[2016.02.20-16.20.40:887][940]LogModuleManager: Shutting down and abandoning module PerforceSourceControl (102)
[2016.02.20-16.20.40:920][940]LogModuleManager: Shutting down and abandoning module SourceControl (101)
[2016.02.20-16.20.40:947][940]LogModuleManager: Shutting down and abandoning module GitSourceControl (100)
[2016.02.20-16.20.40:955][940]LogModuleManager: Shutting down and abandoning module LightPropagationVolumeEditor (99)
[2016.02.20-16.20.40:955][940]LogModuleManager: Shutting down and abandoning module PaperTiledImporter (98)
[2016.02.20-16.20.40:966][940]LogModuleManager: Shutting down and abandoning module PaperSpriteSheetImporter (97)
[2016.02.20-16.20.40:966][940]LogModuleManager: Shutting down and abandoning module MeshPaint (96)
[2016.02.20-16.20.40:966][940]LogModuleManager: Shutting down and abandoning module SlateReflector (95)
[2016.02.20-16.20.40:996][940]LogModuleManager: Shutting down and abandoning module HotReload (94)
[2016.02.20-16.20.41:003][940]LogModuleManager: Shutting down and abandoning module MainFrame (93)
[2016.02.20-16.20.41:003][940]LogModuleManager: Shutting down and abandoning module LevelEditor (92)
[2016.02.20-16.20.41:017][940]LogModuleManager: Shutting down and abandoning module ContentBrowser (91)
[2016.02.20-16.20.41:018][940]LogModuleManager: Shutting down and abandoning module Paper2DEditor (90)
[2016.02.20-16.20.41:037][940]LogModuleManager: Shutting down and abandoning module DirectoryWatcher (89)
[2016.02.20-16.20.41:041][940]LogModuleManager: Shutting down and abandoning module AssetRegistry (88)
[2016.02.20-16.20.41:259][940]LogModuleManager: Shutting down and abandoning module SubstanceCore (87)
[2016.02.20-16.20.41:295][940]LogModuleManager: Shutting down and abandoning module UdpMessaging (86)
[2016.02.20-16.20.41:396][940]LogModuleManager: Shutting down and abandoning module LightPropagationVolumeRuntime (85)
[2016.02.20-16.20.41:396][940]LogModuleManager: Shutting down and abandoning module Paper2D (84)
[2016.02.20-16.20.41:413][940]LogModuleManager: Shutting down and abandoning module WindowsMoviePlayer (83)
[2016.02.20-16.20.41:422][940]LogModuleManager: Shutting down and abandoning module Media (82)
[2016.02.20-16.20.41:422][940]LogModuleManager: Shutting down and abandoning module WmfMedia (81)
[2016.02.20-16.20.41:434][940]LogModuleManager: Shutting down and abandoning module OnlineBlueprintSupport (80)
[2016.02.20-16.20.41:434][940]LogModuleManager: Shutting down and abandoning module GameplayTasksEditor (79)
[2016.02.20-16.20.41:434][940]LogModuleManager: Shutting down and abandoning module PropertyEditor (78)
[2016.02.20-16.20.41:448][940]LogModuleManager: Shutting down and abandoning module BehaviorTreeEditor (77)
[2016.02.20-16.20.41:473][940]LogModuleManager: Shutting down and abandoning module FunctionalTesting (76)
[2016.02.20-16.20.41:473][940]LogModuleManager: Shutting down and abandoning module CollisionAnalyzer (75)
[2016.02.20-16.20.41:485][940]LogModuleManager: Shutting down and abandoning module WorkspaceMenuStructure (74)
[2016.02.20-16.20.41:485][940]LogModuleManager: Shutting down and abandoning module MessageLog (73)
[2016.02.20-16.20.41:485][940]LogModuleManager: Shutting down and abandoning module Sequencer (72)
[2016.02.20-16.20.41:552][940]LogModuleManager: Shutting down and abandoning module AssetTools (71)
[2016.02.20-16.20.41:624][940]LogModuleManager: Shutting down and abandoning module UMGEditor (70)
[2016.02.20-16.20.41:661][940]LogModuleManager: Shutting down and abandoning module UMG (69)
[2016.02.20-16.20.41:683][940]LogModuleManager: Shutting down and abandoning module Slate (68)
[2016.02.20-16.20.41:683][940]LogModuleManager: Shutting down and abandoning module EditorStyle (67)
[2016.02.20-16.20.41:693][940]LogModuleManager: Shutting down and abandoning module SessionServices (66)
[2016.02.20-16.20.41:693][940]LogModuleManager: Shutting down and abandoning module SourceCodeAccess (65)
[2016.02.20-16.20.41:693][940]LogModuleManager: Shutting down and abandoning module HeadMountedDisplay (64)
[2016.02.20-16.20.41:693][940]LogModuleManager: Shutting down and abandoning module XAudio2 (63)
[2016.02.20-16.20.41:693][940]LogModuleManager: Shutting down and abandoning module Networking (61)
[2016.02.20-16.20.41:693][940]LogModuleManager: Shutting down and abandoning module Core (60)
[2016.02.20-16.20.41:693][940]LogModuleManager: Shutting down and abandoning module KismetCompiler (59)
[2016.02.20-16.20.41:693][940]LogModuleManager: Shutting down and abandoning module PhysXFormats (58)
[2016.02.20-16.20.41:699][940]LogModuleManager: Shutting down and abandoning module MeshUtilities (57)
[2016.02.20-16.20.41:736][940]LogModuleManager: Shutting down and abandoning module DerivedDataCache (56)
[2016.02.20-16.20.41:764][940]LogDerivedDataCache: Shutdown
[2016.02.20-16.20.41:765][940]LogModuleManager: Shutting down and abandoning module ShaderFormatOpenGL (55)
[2016.02.20-16.20.41:778][940]LogModuleManager: Shutting down and abandoning module ShaderFormatD3D (54)
[2016.02.20-16.20.41:781][940]LogModuleManager: Shutting down and abandoning module MetalShaderFormat (53)
[2016.02.20-16.20.41:786][940]LogModuleManager: Shutting down and abandoning module TextureFormatUncompressed (52)
[2016.02.20-16.20.41:786][940]LogModuleManager: Shutting down and abandoning module TextureFormatPVR (51)
[2016.02.20-16.20.41:799][940]LogModuleManager: Shutting down and abandoning module TextureFormatIntelISPCTexComp (50)
[2016.02.20-16.20.41:807][940]LogModuleManager: Shutting down and abandoning module TextureFormatDXT (49)
[2016.02.20-16.20.41:814][940]LogModuleManager: Shutting down and abandoning module ImageWrapper (48)
[2016.02.20-16.20.41:814][940]LogModuleManager: Shutting down and abandoning module TextureFormatASTC (47)
[2016.02.20-16.20.41:814][940]LogModuleManager: Shutting down and abandoning module TextureFormatAndroid (46)
[2016.02.20-16.20.41:814][940]LogModuleManager: Shutting down and abandoning module AudioFormatOpus (45)
[2016.02.20-16.20.41:846][940]LogModuleManager: Shutting down and abandoning module AudioFormatOgg (44)
[2016.02.20-16.20.41:851][940]LogModuleManager: Shutting down and abandoning module AudioFormatADPCM (43)
[2016.02.20-16.20.41:860][940]LogModuleManager: Shutting down and abandoning module LinuxTargetPlatform (42)
[2016.02.20-16.20.41:860][940]LogModuleManager: Shutting down and abandoning module LinuxServerTargetPlatform (41)
[2016.02.20-16.20.41:881][940]LogModuleManager: Shutting down and abandoning module LinuxNoEditorTargetPlatform (40)
[2016.02.20-16.20.41:885][940]LogModuleManager: Shutting down and abandoning module Messaging (39)
[2016.02.20-16.20.41:885][940]LogModuleManager: Shutting down and abandoning module IOSTargetPlatform (38)
[2016.02.20-16.20.41:885][940]LogModuleManager: Shutting down and abandoning module HTML5TargetPlatform (37)
[2016.02.20-16.20.41:885][940]LogModuleManager: Shutting down and abandoning module AndroidTargetPlatform (36)
[2016.02.20-16.20.41:885][940]LogModuleManager: Shutting down and abandoning module Android_PVRTCTargetPlatform (35)
[2016.02.20-16.20.41:885][940]LogModuleManager: Shutting down and abandoning module Android_MultiTargetPlatform (34)
[2016.02.20-16.20.41:885][940]LogModuleManager: Shutting down and abandoning module Android_ETC2TargetPlatform (33)
[2016.02.20-16.20.41:885][940]LogModuleManager: Shutting down and abandoning module Android_ETC1TargetPlatform (32)
[2016.02.20-16.20.41:885][940]LogModuleManager: Shutting down and abandoning module Android_DXTTargetPlatform (31)
[2016.02.20-16.20.41:885][940]LogModuleManager: Shutting down and abandoning module Android_ATCTargetPlatform (30)
[2016.02.20-16.20.41:885][940]LogModuleManager: Shutting down and abandoning module Android_ASTCTargetPlatform (29)
[2016.02.20-16.20.41:885][940]LogModuleManager: Shutting down and abandoning module WindowsTargetPlatform (28)
[2016.02.20-16.20.41:885][940]LogModuleManager: Shutting down and abandoning module WindowsServerTargetPlatform (27)
[2016.02.20-16.20.41:894][940]LogModuleManager: Shutting down and abandoning module WindowsNoEditorTargetPlatform (26)
[2016.02.20-16.20.41:899][940]LogModuleManager: Shutting down and abandoning module WindowsClientTargetPlatform (25)
[2016.02.20-16.20.41:904][940]LogModuleManager: Shutting down and abandoning module AllDesktopTargetPlatform (24)
[2016.02.20-16.20.41:904][940]LogModuleManager: Shutting down and abandoning module TargetPlatform (23)
[2016.02.20-16.20.41:904][940]LogModuleManager: Shutting down and abandoning module InputCore (22)
[2016.02.20-16.20.41:904][940]LogModuleManager: Shutting down and abandoning module Settings (21)
[2016.02.20-16.20.41:904][940]LogModuleManager: Shutting down and abandoning module OnlineSubsystem (19)
[2016.02.20-16.20.41:904][940]LogModuleManager: Shutting down and abandoning module HTTP (18)
[2016.02.20-16.20.43:907][940]LogModuleManager: Shutting down and abandoning module XMPP (17)
[2016.02.20-16.20.43:978][940]LogModuleManager: Shutting down and abandoning module OculusRift (16)
[2016.02.20-16.20.43:992][940]LogModuleManager: Shutting down and abandoning module ExampleDeviceProfileSelector (15)
[2016.02.20-16.20.43:992][940]LogModuleManager: Shutting down and abandoning module TextureCompressor (14)
[2016.02.20-16.20.44:004][940]LogModuleManager: Shutting down and abandoning module ShaderCore (13)
[2016.02.20-16.20.44:004][940]LogModuleManager: Shutting down and abandoning module Landscape (12)
[2016.02.20-16.20.44:004][940]LogModuleManager: Shutting down and abandoning module SlateRHIRenderer (11)
[2016.02.20-16.20.44:022][940]LogModuleManager: Shutting down and abandoning module OpenGLDrv (10)
[2016.02.20-16.20.44:036][940]LogModuleManager: Shutting down and abandoning module D3D11RHI (9)
[2016.02.20-16.20.44:036][940]LogModuleManager: Shutting down and abandoning module AnimGraphRuntime (8)
[2016.02.20-16.20.44:050][940]LogModuleManager: Shutting down and abandoning module Renderer (7)
[2016.02.20-16.20.44:050][940]LogModuleManager: Shutting down and abandoning module Engine (6)
[2016.02.20-16.20.44:050][940]LogModuleManager: Shutting down and abandoning module CoreUObject (5)
[2016.02.20-16.20.44:050][940]LogModuleManager: Shutting down and abandoning module NetworkFile (4)
[2016.02.20-16.20.44:059][940]LogModuleManager: Shutting down and abandoning module StreamingFile (3)
[2016.02.20-16.20.44:062][940]LogModuleManager: Shutting down and abandoning module SandboxFile (2)
[2016.02.20-16.20.44:075][940]LogModuleManager: Shutting down and abandoning module PakFile (1)
[2016.02.20-16.20.44:085][940]LogExit: Exiting.
[2016.02.20-16.20.44:091][940]Log file closed, 02/20/16 16:20:44
