[2016.02.25-11.47.31:137][  0]Log file open, 02/25/16 11:47:31
[2016.02.25-11.47.31:137][  0]LogInit:Display: Running engine for game: ForestTale
[2016.02.25-11.47.31:137][  0]LogPlatformFile: Not using cached read wrapper
[2016.02.25-11.47.31:137][  0]LogInit:Display: RandInit(-1012453155) SRandInit(-1012453153).
[2016.02.25-11.47.31:137][  0]LogTaskGraph: Started task graph with 4 named threads and 7 total threads.
[2016.02.25-11.47.31:137][  0]LogStats: Stats thread started at 0.224883
[2016.02.25-11.47.31:137][  0]LogInit: Version: 4.10.2-2818068+++depot+UE4-Releases+4.10
[2016.02.25-11.47.31:137][  0]LogInit: API Version: 2758231
[2016.02.25-11.47.31:137][  0]LogInit: Compiled (64-bit): Jan  6 2016 17:36:42
[2016.02.25-11.47.31:137][  0]LogInit: Compiled with Visual C++: 19.00.23026.00
[2016.02.25-11.47.31:137][  0]LogInit: Build Configuration: Development
[2016.02.25-11.47.31:137][  0]LogInit: Branch Name: ++depot+UE4-Releases+4.10
[2016.02.25-11.47.31:137][  0]LogInit: Command line:  
[2016.02.25-11.47.31:137][  0]LogInit: Base directory: E:/Programs/Epic Games/4.10/Engine/Binaries/Win64/
[2016.02.25-11.47.31:137][  0]LogInit: Rocket: 1
[2016.02.25-11.47.31:180][  0]LogInit: Using libcurl 7.41.0
[2016.02.25-11.47.31:180][  0]LogInit:  - built for x86_64-pc-win32
[2016.02.25-11.47.31:180][  0]LogInit:  - supports SSL with WinSSL
[2016.02.25-11.47.31:180][  0]LogInit:  - other features:
[2016.02.25-11.47.31:180][  0]LogInit:      CURL_VERSION_SSL
[2016.02.25-11.47.31:180][  0]LogInit:      CURL_VERSION_IPV6
[2016.02.25-11.47.31:180][  0]LogInit:      CURL_VERSION_ASYNCHDNS
[2016.02.25-11.47.31:180][  0]LogInit:      CURL_VERSION_LARGEFILE
[2016.02.25-11.47.31:180][  0]LogInit:      CURL_VERSION_IDN
[2016.02.25-11.47.31:180][  0]LogInit:  CurlRequestOptions (configurable via config and command line):
[2016.02.25-11.47.31:180][  0]LogInit:  - bVerifyPeer = true  - Libcurl will verify peer certificate
[2016.02.25-11.47.31:180][  0]LogInit:  - bUseHttpProxy = false  - Libcurl will NOT use HTTP proxy
[2016.02.25-11.47.31:180][  0]LogInit:  - bDontReuseConnections = false  - Libcurl will reuse connections
[2016.02.25-11.47.31:180][  0]LogInit:  - CertBundlePath = nullptr  - Libcurl will use whatever was configured at build time.
[2016.02.25-11.47.31:271][  0]LogInit: Presizing for 0 objects not considered by GC, pre-allocating 0 bytes.
[2016.02.25-11.47.31:282][  0]LogInit: Object subsystem initialized
[2016.02.25-11.47.31:283][  0]LogInit: Selected Device Profile: [Windows]
[2016.02.25-11.47.31:283][  0]LogInit: Applying CVar settings loaded from the selected device profile: [Windows]
[2016.02.25-11.47.31:343][  0]LogInit: Computer: JAC-PC
[2016.02.25-11.47.31:343][  0]LogInit: User: Jac
[2016.02.25-11.47.31:343][  0]LogInit: CPU Page size=4096, Cores=4
[2016.02.25-11.47.31:343][  0]LogInit: High frequency timer resolution =3.423918 MHz
[2016.02.25-11.47.31:343][  0]LogMemory: Memory total: Physical=7.9GB (8GB approx)
[2016.02.25-11.47.31:343][  0]LogMemory: Platform Memory Stats for Windows
[2016.02.25-11.47.31:343][  0]LogMemory: Process Physical Memory: 55.96 MB used, 55.96 MB peak
[2016.02.25-11.47.31:343][  0]LogMemory: Process Virtual Memory: 58.69 MB used, 58.69 MB peak
[2016.02.25-11.47.31:343][  0]LogMemory: Physical Memory: 4776.12 MB used, 8129.75 MB total
[2016.02.25-11.47.31:343][  0]LogMemory: Virtual Memory: 380.61 MB used, 134217728.00 MB total
[2016.02.25-11.47.31:693][  0]LogTextLocalizationManager: No specific translations for ('en-GB') exist, so ('en') translations will be used.
[2016.02.25-11.47.32:507][  0]LogD3D11RHI: Found D3D11 adapter 0: NVIDIA GeForce GTX 770 (Feature Level 11_0)
[2016.02.25-11.47.32:507][  0]LogD3D11RHI: Adapter has 4026MB of dedicated video memory, 0MB of dedicated system memory, and 4064MB of shared system memory, 2 output[s]
[2016.02.25-11.47.32:509][  0]LogD3D11RHI: Found D3D11 adapter 1: Microsoft Basic Render Driver (Feature Level 11_0)
[2016.02.25-11.47.32:509][  0]LogD3D11RHI: Adapter has 0MB of dedicated video memory, 0MB of dedicated system memory, and 4064MB of shared system memory, 0 output[s]
[2016.02.25-11.47.32:509][  0]LogD3D11RHI: Chosen D3D11 Adapter Id = 0
[2016.02.25-11.47.32:512][  0]LogD3D11RHI: !Direct3DDevice
[2016.02.25-11.47.32:512][  0]LogRHI: Texture pool is 1361 MB (70% of 1945 MB)
[2016.02.25-11.47.32:532][  0]LogD3D11RHI: Async texture creation enabled
[2016.02.25-11.47.32:937][  0]LogShaderCompilers: Guid format shader working directory is 3 characters bigger than the processId version (J:/Work/Uni/Year 2/Off The Map/ForestTale/Intermediate/Shaders/WorkingDirectory/9036/).
[2016.02.25-11.47.32:938][  0]LogShaderCompilers: Cleaned the shader compiler working directory 'C:/Users/Jac/AppData/Local/Temp/UnrealShaderWorkingDir/4F804DF1406B9076FE26399A83DC557D/'.
[2016.02.25-11.47.32:938][  0]LogShaderCompilers:Display: Using Local Shader Compiler.
[2016.02.25-11.47.36:152][  0]LogTemp:Display: Loaded TP AllDesktopTargetPlatform
[2016.02.25-11.47.36:157][  0]LogTemp:Display: Loaded TP WindowsClientTargetPlatform
[2016.02.25-11.47.36:161][  0]LogTemp:Display: Loaded TP WindowsNoEditorTargetPlatform
[2016.02.25-11.47.36:165][  0]LogTemp:Display: Loaded TP WindowsServerTargetPlatform
[2016.02.25-11.47.36:169][  0]LogTemp:Display: Loaded TP WindowsTargetPlatform
[2016.02.25-11.47.36:185][  0]LogTemp:Display: Loaded TP Android_ASTCTargetPlatform
[2016.02.25-11.47.36:194][  0]LogTemp:Display: Loaded TP Android_ATCTargetPlatform
[2016.02.25-11.47.36:201][  0]LogTemp:Display: Loaded TP Android_DXTTargetPlatform
[2016.02.25-11.47.36:208][  0]LogTemp:Display: Loaded TP Android_ETC1TargetPlatform
[2016.02.25-11.47.36:216][  0]LogTemp:Display: Loaded TP Android_ETC2TargetPlatform
[2016.02.25-11.47.36:231][  0]LogTemp:Display: Loaded TP Android_MultiTargetPlatform
[2016.02.25-11.47.36:231][  0]LogTemp:Display: Loaded TP Android_PVRTCTargetPlatform
[2016.02.25-11.47.36:272][  0]LogTemp:Display: Loaded TP AndroidTargetPlatform
[2016.02.25-11.47.36:290][  0]LogTemp:Display: Loaded TP HTML5TargetPlatform
[2016.02.25-11.47.36:353][  0]LogTemp:Display: Loaded TP IOSTargetPlatform
[2016.02.25-11.47.36:367][  0]LogTemp:Display: Loaded TP LinuxNoEditorTargetPlatform
[2016.02.25-11.47.36:374][  0]LogTemp:Display: Loaded TP LinuxServerTargetPlatform
[2016.02.25-11.47.36:412][  0]LogTemp:Display: Loaded TP LinuxTargetPlatform
[2016.02.25-11.47.36:412][  0]LogTargetPlatformManager:Display: Building Assets For Windows
[2016.02.25-11.47.36:801][  0]LogDerivedDataCache:Display: Max Cache Size: 512 MB
[2016.02.25-11.47.36:972][  0]LogDerivedDataCache: Loaded boot cache 0.17s 41MB C:/Users/Jac/AppData/Local/UnrealEngine/4.10/DerivedDataCache/Boot.ddc.
[2016.02.25-11.47.36:972][  0]LogDerivedDataCache:Display: Loaded Boot cache: C:/Users/Jac/AppData/Local/UnrealEngine/4.10/DerivedDataCache/Boot.ddc
[2016.02.25-11.47.36:972][  0]LogDerivedDataCache: FDerivedDataBackendGraph:  Pak pak cache file J:/Work/Uni/Year 2/Off The Map/ForestTale/DerivedDataCache/DDC.ddp not found, will not use a pak cache.
[2016.02.25-11.47.36:972][  0]LogDerivedDataCache: Unable to find inner node Pak for hierarchical cache Hierarchy.
[2016.02.25-11.47.36:972][  0]LogDerivedDataCache: FDerivedDataBackendGraph:  CompressedPak pak cache file J:/Work/Uni/Year 2/Off The Map/ForestTale/DerivedDataCache/Compressed.ddp not found, will not use a pak cache.
[2016.02.25-11.47.36:972][  0]LogDerivedDataCache: Unable to find inner node CompressedPak for hierarchical cache Hierarchy.
[2016.02.25-11.47.37:064][  0]LogDerivedDataCache:Display: Pak cache opened for reading ../../../Engine/DerivedDataCache/Compressed.ddp.
[2016.02.25-11.47.37:075][  0]LogDerivedDataCache: Using Local data cache path C:/Users/Jac/AppData/Local/UnrealEngine/Common/DerivedDataCache: Writable
[2016.02.25-11.47.41:842][  0]LogInit: Selected Device Profile: [Windows]
[2016.02.25-11.47.41:843][  0]LogContentStreaming: Texture pool size is 0.000000MB
[2016.02.25-11.47.41:966][  0]LogMeshUtilities: No automatic mesh reduction module available
[2016.02.25-11.47.41:966][  0]LogMeshUtilities: No automatic mesh merging module available
[2016.02.25-11.47.42:312][  0]LogInit: WinSock: version 1.1 (2.2), MaxSocks=32767, MaxUdp=65467
[2016.02.25-11.47.56:952][  0]UdpMessaging: Initializing bridge on interface 0.0.0.0:0 to multicast group 230.0.0.1:6666.
[2016.02.25-11.47.57:060][  0]LogAssetRegistry: FAssetRegistry took 0.0115 seconds to start up
[2016.02.25-11.47.58:872][  0]SourceControl: Info Source control is disabled
[2016.02.25-11.47.58:874][  0]SourceControl: Info Source control is disabled
[2016.02.25-11.47.58:911][  0]SourceControl: Info Source control is disabled
[2016.02.25-11.47.58:951][  0]SourceControl: Info Source control is disabled
[2016.02.25-11.48.00:042][  0]LogObj: 28802 objects as part of root set at end of initial load.
[2016.02.25-11.48.00:042][  0]LogUObjectAllocator: 6129768 out of 0 bytes used by permanent object pool.
[2016.02.25-11.48.00:191][  0]LogEngine: Initializing Engine...
[2016.02.25-11.48.00:199][  0]LogHMD: Can't find Oculus library dev build: is proper Runtime installed? Version: 0.8.0.0
[2016.02.25-11.48.00:241][  0]LogHMD: SteamVR failed to initialize.  Err: 110
[2016.02.25-11.48.00:338][  0]LogAIModule: Creating AISystem for world NewWorld
[2016.02.25-11.48.00:348][  0]LogInit: XAudio2 using 'Speakers (Realtek High Definition Audio)' : 2 channels at 48 kHz using 32 bits per sample (channel mask 0x3)
[2016.02.25-11.48.00:365][  0]LogInit: FAudioDevice initialized.
[2016.02.25-11.48.00:386][  0]LogDerivedDataCache: Saved boot cache 0.02s 41MB C:/Users/Jac/AppData/Local/UnrealEngine/4.10/DerivedDataCache/Boot.ddc.
[2016.02.25-11.48.00:391][  0]LogInit: Texture streaming: Enabled
[2016.02.25-11.48.00:422][  0]LogAnalytics: Creating configured Analytics provider AnalyticsET
[2016.02.25-11.48.00:422][  0]LogAnalytics: [UEEditor.Rocket.Release] APIServer = http://et2.epicgames.com/ET2/. AppVersion = 4.10.2-2818068+++depot+UE4-Releases+4.10
[2016.02.25-11.48.00:422][  0]LogAnalytics: [UEEditor.Rocket.Release] SetUserId dd12ff064be2e9be779117ab2ef6d1ef|10581dceb00340ccaf11fbba5a70d17f|50ebcf47-d9ff-4ee8-b127-44504b2107d0
[2016.02.25-11.48.00:423][  0]LogAnalytics: [UEEditor.Rocket.Release] AnalyticsET::StartSession
[2016.02.25-11.48.00:446][  0]LogInit: Transaction tracking system initialized
[2016.02.25-11.48.00:554][  0]BlueprintLog: New page: Editor Load
[2016.02.25-11.48.01:122][  0]LocalizationService: Info Localization service is disabled
[2016.02.25-11.48.01:411][  0]LogLinker:Warning: Can't find file '/Game/FirstPersonBP/FirstPersonOverview'
[2016.02.25-11.48.01:412][  0]LogLinker:Warning: Can't find file '/Game/FirstPersonBP/FirstPersonOverview'
[2016.02.25-11.48.01:412][  0]LogUObjectGlobals:Warning: Failed to find object 'Class /Game/FirstPersonBP/FirstPersonOverview.FirstPersonOverview_C'
[2016.02.25-11.48.01:496][  0]LogConsoleResponse:Display: 
[2016.02.25-11.48.02:427][  0]LogCook:Display: Done creating registry. It took  0.00s.
[2016.02.25-11.48.03:381][  0]LogFileCache: Scanning file cache for directory 'J:/Work/Uni/Year 2/Off The Map/ForestTale/Content/' took 0.02s
[2016.02.25-11.48.03:421][  0]SourceControl: Info Source control is disabled
[2016.02.25-11.48.03:421][  0]Cmd: MAP LOAD FILE="../../../Engine/Content/Maps/Templates/Template_Default.umap" TEMPLATE=1 SHOWPROGRESS=1 FEATURELEVEL=3
[2016.02.25-11.48.03:518][  0]LightingResults: New page: Lighting Build
[2016.02.25-11.48.03:524][  0]MapCheck: New page: Map Check
[2016.02.25-11.48.03:524][  0]LightingResults: New page: Lighting Build
[2016.02.25-11.48.03:546][  0]LogParticles: Destroying 0 GPU particle simulations for FXSystem 0x00000072774C2AC0
[2016.02.25-11.48.04:213][  0]LogAIModule: Creating AISystem for world Untitled_1
[2016.02.25-11.48.04:218][  0]LogEditorServer: Finished looking for orphan Actors (0.000 secs)
[2016.02.25-11.48.04:221][  0]Cmd: MAP CHECKDEP NOCLEARLOG
[2016.02.25-11.48.04:248][  0]MapCheck: Info Map check complete: 0 Error(s), 0 Warning(s), took 26.506ms to complete.
[2016.02.25-11.48.04:248][  0]LogFileHelpers: Loading map 'Template_Default' took 0.827
[2016.02.25-11.48.04:769][  0]LogCollectionManager: Loaded 0 collections in 0.012027 seconds
[2016.02.25-11.48.04:821][  0]LogFileCache: Scanning file cache for directory 'J:/Work/Uni/Year 2/Off The Map/ForestTale/Saved/Collections/' took 0.01s
[2016.02.25-11.48.04:821][  0]LogFileCache: Scanning file cache for directory 'J:/Work/Uni/Year 2/Off The Map/ForestTale/Content/Developers/Jac/Collections/' took 0.01s
[2016.02.25-11.48.04:821][  0]LogFileCache: Scanning file cache for directory 'J:/Work/Uni/Year 2/Off The Map/ForestTale/Content/Collections/' took 0.01s
[2016.02.25-11.48.04:821][  0]LogCollectionManager: Rebuilt the GUID cache for 0 collections in 0.000002 seconds
[2016.02.25-11.48.04:834][  0]LogContentBrowser: Native class hierarchy populated in 0.0123 seconds. Added 1908 classes and 344 folders.
[2016.02.25-11.48.04:844][  0]LogContentBrowser: Native class hierarchy updated for 'WidgetCarousel' in 0.0008 seconds. Added 0 classes and 0 folders.
[2016.02.25-11.48.08:566][  0]LogContentBrowser: Native class hierarchy updated for 'AddContentDialog' in 0.0011 seconds. Added 0 classes and 0 folders.
[2016.02.25-11.48.08:651][  0]LogContentBrowser: Native class hierarchy updated for 'SceneOutliner' in 0.0011 seconds. Added 1 classes and 2 folders.
[2016.02.25-11.48.08:860][  0]LogCrashTracker: Crashtracker disabled due to settings.
[2016.02.25-11.48.08:869][  0]LogUObjectGlobals:Warning: Failed to find object 'Class None.'
[2016.02.25-11.48.08:893][  0]LogLoad: Full Startup: 39.97 seconds (BP compile: 0.13 seconds)
[2016.02.25-11.48.09:245][  0]LogOcInput: Can't find Oculus library dev build: is proper Runtime installed? Version: 0.8.0.0
[2016.02.25-11.48.10:128][  0]LogContentStreaming: Texture pool size now 1000 MB
[2016.02.25-11.48.10:347][  0]LogRenderer: Reallocating scene render targets to support 1576x760 (Frame:2).
[2016.02.25-11.48.11:099][  3]LogAssetRegistry: Asset discovery search completed in 14.0514 seconds
[2016.02.25-11.48.11:099][  3]LogCollectionManager: Rebuilt the object cache for 0 collections in 0.000001 seconds (found 0 objects)
[2016.02.25-11.48.11:099][  3]LogCollectionManager: Fixed up redirectors for 0 collections in 0.000030 seconds (updated 0 objects)
[2016.02.25-11.51.14:041][ 65]LogCollectionManager: Rebuilt the hierarchy cache for 0 collections in 0.000001 seconds
[2016.02.25-11.51.20:201][786]LogCollectionManager: Rebuilt the GUID cache for 1 collections in 0.000003 seconds
[2016.02.25-11.51.27:899][688]LogCollectionManager: Rebuilt the hierarchy cache for 1 collections in 0.000000 seconds
[2016.02.25-11.51.27:899][688]LogCollectionManager: Rebuilt the object cache for 1 collections in 0.000030 seconds (found 1 objects)
[2016.02.25-11.52.06:500][176]LogCollectionManager: Rebuilt the GUID cache for 2 collections in 0.000002 seconds
[2016.02.25-11.52.06:534][176]LogCollectionManager: Rebuilt the hierarchy cache for 2 collections in 0.000003 seconds
[2016.02.25-11.52.43:782][560]LogCollectionManager: Rebuilt the object cache for 2 collections in 0.000005 seconds (found 1 objects)
[2016.02.25-11.52.46:881][923]LogCollectionManager: Rebuilt the hierarchy cache for 2 collections in 0.000001 seconds
[2016.02.25-11.52.46:881][923]LogCollectionManager: Rebuilt the object cache for 2 collections in 0.000042 seconds (found 3 objects)
[2016.02.25-11.53.36:461][794]LogCollectionManager: Rebuilt the GUID cache for 1 collections in 0.000002 seconds
[2016.02.25-11.53.36:477][794]LogCollectionManager: Rebuilt the hierarchy cache for 1 collections in 0.000001 seconds
[2016.02.25-11.53.43:655][606]LogCollectionManager: Rebuilt the object cache for 1 collections in 0.000005 seconds (found 3 objects)
[2016.02.25-11.53.46:752][960]LogLinker:Warning: Asset 'J:/Work/Uni/Year 2/Off The Map/ForestTale/Content/Mannequin/Animations/ThirdPerson_AnimBP.uasset' has been saved with empty engine version. The asset will be loaded but may be incompatible.
[2016.02.25-11.53.46:753][960]LogLinker:Warning: Asset 'J:/Work/Uni/Year 2/Off The Map/ForestTale/Content/Mannequin/Animations/ThirdPerson_Jump.uasset' has been saved with empty engine version. The asset will be loaded but may be incompatible.
[2016.02.25-11.53.46:754][960]LogLinker:Warning: Asset 'J:/Work/Uni/Year 2/Off The Map/ForestTale/Content/Mannequin/Animations/ThirdPersonJump_Loop.uasset' has been saved with empty engine version. The asset will be loaded but may be incompatible.
[2016.02.25-11.53.46:754][960]LogLinker:Warning: Asset 'J:/Work/Uni/Year 2/Off The Map/ForestTale/Content/Mannequin/Animations/ThirdPersonJump_Start.uasset' has been saved with empty engine version. The asset will be loaded but may be incompatible.
[2016.02.25-11.53.46:755][960]LogLinker:Warning: Asset 'J:/Work/Uni/Year 2/Off The Map/ForestTale/Content/Mannequin/Animations/ThirdPerson_IdleRun_2D.uasset' has been saved with empty engine version. The asset will be loaded but may be incompatible.
[2016.02.25-11.53.46:755][960]LogLinker:Warning: Asset 'J:/Work/Uni/Year 2/Off The Map/ForestTale/Content/Mannequin/Animations/ThirdPersonIdle.uasset' has been saved with empty engine version. The asset will be loaded but may be incompatible.
[2016.02.25-11.53.46:756][960]LogLinker:Warning: Asset 'J:/Work/Uni/Year 2/Off The Map/ForestTale/Content/Mannequin/Animations/ThirdPersonRun.uasset' has been saved with empty engine version. The asset will be loaded but may be incompatible.
[2016.02.25-11.53.46:756][960]LogLinker:Warning: Asset 'J:/Work/Uni/Year 2/Off The Map/ForestTale/Content/Mannequin/Animations/ThirdPersonWalk.uasset' has been saved with empty engine version. The asset will be loaded but may be incompatible.
[2016.02.25-11.53.47:918][960]LogAIModule: Creating AISystem for world ThirdPersonExampleMap
[2016.02.25-11.53.47:957][960]Cmd: MAP LOAD FILE="J:/Work/Uni/Year 2/Off The Map/ForestTale/Content/Maps/ThirdPersonExampleMap.umap" TEMPLATE=0 SHOWPROGRESS=1 FEATURELEVEL=3
[2016.02.25-11.53.47:957][960]LightingResults: New page: Lighting Build
[2016.02.25-11.53.47:975][960]LoadErrors: New page: Loading map: ThirdPersonExampleMap.umap
[2016.02.25-11.53.47:976][960]MapCheck: New page: Map Check
[2016.02.25-11.53.47:976][960]LightingResults: New page: Lighting Build
[2016.02.25-11.53.47:989][960]LogParticles: Destroying 0 GPU particle simulations for FXSystem 0x00000072671FF560
[2016.02.25-11.53.48:002][960]LogEditorServer: Finished looking for orphan Actors (0.000 secs)
[2016.02.25-11.53.48:027][960]Cmd: MAP CHECKDEP NOCLEARLOG
[2016.02.25-11.53.48:060][960]MapCheck: Info Map check complete: 0 Error(s), 0 Warning(s), took 31.786ms to complete.
[2016.02.25-11.53.48:060][960]LogFileHelpers: Loading map 'ThirdPersonExampleMap' took 0.104
[2016.02.25-11.54.17:721][425]LogCollectionManager: Rebuilt the GUID cache for 0 collections in 0.000001 seconds
[2016.02.25-11.54.17:721][425]LogCollectionManager: Rebuilt the hierarchy cache for 0 collections in 0.000000 seconds
[2016.02.25-11.54.23:699][ 86]LogCollectionManager: Rebuilt the object cache for 0 collections in 0.000001 seconds (found 0 objects)
[2016.02.25-12.05.37:034][563]LogContentBrowser: Native class hierarchy updated for 'Cascade' in 0.0006 seconds. Added 2 classes and 2 folders.
[2016.02.25-12.06.18:575][420]LogEditorTransaction: Undo Create New Module
[2016.02.25-12.06.18:941][420]LogEditorTransaction: Undo Create New Emitter
[2016.02.25-12.06.22:372][718]LogEditorTransaction: Redo Create New Emitter
[2016.02.25-12.06.22:742][749]LogEditorTransaction: Redo Create New Module
[2016.02.25-12.06.23:880][845]LogEditorTransaction: Undo Create New Module
[2016.02.25-12.06.51:267][131]LogActorComponent: UnregisterComponent: (/Engine/Transient.CharMoveComp) Not registered. Aborting.
[2016.02.25-12.06.51:278][131]LogFileHelpers: Editor autosave (incl. sublevels) for '/Game/Maps/ThirdPersonExampleMap' took 0.011
[2016.02.25-12.06.51:306][131]OBJ SavePackage: Generating thumbnails for [1] asset(s) in package [/Game/Assets/test] ([1] browsable assets)...
[2016.02.25-12.06.51:319][131]OBJ SavePackage:     Rendered thumbnail for [ParticleSystem /Game/Assets/test.test]
[2016.02.25-12.06.51:319][131]OBJ SavePackage: Finished generating thumbnails for package [/Game/Assets/test]
[2016.02.25-12.06.51:319][131]Cmd: OBJ SAVEPACKAGE PACKAGE="/Game/Assets/test" FILE="J:/Work/Uni/Year 2/Off The Map/ForestTale/Saved/Autosaves/Game/Assets/test_Auto1.uasset" SILENT=false AUTOSAVING=true
[2016.02.25-12.06.51:442][131]LogSavePackage: Save=96.079407ms
[2016.02.25-12.06.51:442][131]LogSavePackage: Moving 'J:/Work/Uni/Year 2/Off The Map/ForestTale/Saved/test_Auto139F1A29448989EF65F08CDB5233701DB.tmp' to 'J:/Work/Uni/Year 2/Off The Map/ForestTale/Saved/Autosaves/Game/Assets/test_Auto1.uasset'
[2016.02.25-12.06.51:443][131]LogSavePackage: Total save time: 112.450123ms
[2016.02.25-12.06.51:443][131]LogSavePackage:Display: Finished SavePackage J:/Work/Uni/Year 2/Off The Map/ForestTale/Saved/Autosaves/Game/Assets/test_Auto1.uasset
[2016.02.25-12.06.51:443][131]LogFileHelpers: Auto-saving content packages took 0.164
[2016.02.25-12.07.51:850][816]LogInit:Warning: CVar named 'r.GenerateMeshDistanceFields' marked up in RendererSettings was not found or is set to read-only
[2016.02.25-12.07.57:328][201]Cmd: CLOSE_SLATE_MAINFRAME
[2016.02.25-12.07.59:074][201]Cmd: OBJ SAVEPACKAGE PACKAGE="/Game/Assets/test" FILE="J:/Work/Uni/Year 2/Off The Map/ForestTale/Content/Assets/test.uasset" SILENT=true
[2016.02.25-12.07.59:097][201]LogSavePackage: Save=21.256350ms
[2016.02.25-12.07.59:097][201]LogSavePackage: Moving 'J:/Work/Uni/Year 2/Off The Map/ForestTale/Saved/test8EAC29B24D18B13AB29E15B3982B712B.tmp' to 'J:/Work/Uni/Year 2/Off The Map/ForestTale/Content/Assets/test.uasset'
[2016.02.25-12.07.59:099][201]LogSavePackage: Total save time: 24.268396ms
[2016.02.25-12.07.59:099][201]LogSavePackage:Display: Finished SavePackage J:/Work/Uni/Year 2/Off The Map/ForestTale/Content/Assets/test.uasset
[2016.02.25-12.07.59:182][201]LogCascade: Quitting Cascade. FXSystem=0x000000722BB34D60
[2016.02.25-12.07.59:325][201]LogWindowsTextInputMethodSystem:Display: IME system now deactivated.
[2016.02.25-12.07.59:599][202]Cmd: QUIT_EDITOR
[2016.02.25-12.07.59:790][202]LogExit: Preparing to exit.
[2016.02.25-12.08.00:482][202]LogExit: Editor shut down
[2016.02.25-12.08.00:482][202]LogExit: Transaction tracking system shut down
[2016.02.25-12.08.00:484][202]LogParticles: Destroying 0 GPU particle simulations for FXSystem 0x000000722B467380
[2016.02.25-12.08.00:484][202]LogParticles: Destroying 0 GPU particle simulations for FXSystem 0x000000720221B880
[2016.02.25-12.08.00:485][202]LogParticles: Destroying 0 GPU particle simulations for FXSystem 0x00000072023D0EA0
[2016.02.25-12.08.00:488][202]LogParticles: Destroying 0 GPU particle simulations for FXSystem 0x000000722B344F40
[2016.02.25-12.08.00:489][202]LogParticles: Destroying 0 GPU particle simulations for FXSystem 0x000000722BB34D60
[2016.02.25-12.08.00:490][202]LogParticles: Destroying 0 GPU particle simulations for FXSystem 0x000000722B344CC0
[2016.02.25-12.08.00:703][202]LogExit: Object subsystem successfully closed.
[2016.02.25-12.08.00:726][202]LogD3D11RHI: Shutdown
[2016.02.25-12.08.00:726][202]LogD3D11RHI: CleanupD3DDevice
[2016.02.25-12.08.00:784][202]LogD3D11RHI: ~FD3D11DynamicRHI
[2016.02.25-12.08.00:797][202]LogModuleManager: Shutting down and abandoning module CookingStats (204)
[2016.02.25-12.08.00:797][202]LogModuleManager: Shutting down and abandoning module DistCurveEditor (203)
[2016.02.25-12.08.00:797][202]LogModuleManager: Shutting down and abandoning module Cascade (202)
[2016.02.25-12.08.00:797][202]LogModuleManager: Shutting down and abandoning module ExternalImagePicker (201)
[2016.02.25-12.08.00:797][202]LogModuleManager: Shutting down and abandoning module CrashTracker (200)
[2016.02.25-12.08.00:797][202]LogModuleManager: Shutting down and abandoning module SceneOutliner (199)
[2016.02.25-12.08.00:797][202]LogModuleManager: Shutting down and abandoning module SuperSearch (198)
[2016.02.25-12.08.00:797][202]LogModuleManager: Shutting down and abandoning module WidgetCarousel (197)
[2016.02.25-12.08.00:797][202]LogModuleManager: Shutting down and abandoning module AddContentDialog (196)
[2016.02.25-12.08.00:800][202]LogModuleManager: Shutting down and abandoning module EditorWidgets (195)
[2016.02.25-12.08.00:800][202]LogModuleManager: Shutting down and abandoning module CollectionManager (194)
[2016.02.25-12.08.00:800][202]LogModuleManager: Shutting down and abandoning module StatsViewer (193)
[2016.02.25-12.08.00:800][202]LogModuleManager: Shutting down and abandoning module FoliageEdit (192)
[2016.02.25-12.08.00:800][202]LogModuleManager: Shutting down and abandoning module LandscapeEditor (191)
[2016.02.25-12.08.00:800][202]LogModuleManager: Shutting down and abandoning module ActorPickerMode (190)
[2016.02.25-12.08.00:800][202]LogModuleManager: Shutting down and abandoning module GeometryMode (189)
[2016.02.25-12.08.00:800][202]LogModuleManager: Shutting down and abandoning module TextureAlignMode (188)
[2016.02.25-12.08.00:800][202]LogModuleManager: Shutting down and abandoning module BspMode (187)
[2016.02.25-12.08.00:800][202]LogModuleManager: Shutting down and abandoning module PlacementMode (186)
[2016.02.25-12.08.00:800][202]LogModuleManager: Shutting down and abandoning module AutomationWorker (185)
[2016.02.25-12.08.00:800][202]LogModuleManager: Shutting down and abandoning module CharacterAI (184)
[2016.02.25-12.08.00:800][202]LogModuleManager: Shutting down and abandoning module SmartSnapping (183)
[2016.02.25-12.08.00:800][202]LogModuleManager: Shutting down and abandoning module ViewportSnapping (182)
[2016.02.25-12.08.00:800][202]LogModuleManager: Shutting down and abandoning module LogVisualizer (181)
[2016.02.25-12.08.00:800][202]LogModuleManager: Shutting down and abandoning module GameProjectGeneration (180)
[2016.02.25-12.08.00:800][202]LogModuleManager: Shutting down and abandoning module IntroTutorials (179)
[2016.02.25-12.08.00:800][202]LogModuleManager: Shutting down and abandoning module EditorLiveStreaming (178)
[2016.02.25-12.08.00:800][202]LogModuleManager: Shutting down and abandoning module IOSPlatformEditor (177)
[2016.02.25-12.08.00:800][202]LogModuleManager: Shutting down and abandoning module HTML5PlatformEditor (176)
[2016.02.25-12.08.00:800][202]LogModuleManager: Shutting down and abandoning module AndroidDeviceDetection (175)
[2016.02.25-12.08.01:761][202]LogModuleManager: Shutting down and abandoning module AndroidPlatformEditor (174)
[2016.02.25-12.08.01:761][202]LogModuleManager: Shutting down and abandoning module IOSRuntimeSettings (173)
[2016.02.25-12.08.01:761][202]LogModuleManager: Shutting down and abandoning module AndroidRuntimeSettings (172)
[2016.02.25-12.08.01:761][202]LogModuleManager: Shutting down and abandoning module MergeActors (171)
[2016.02.25-12.08.01:761][202]LogModuleManager: Shutting down and abandoning module SizeMap (170)
[2016.02.25-12.08.01:761][202]LogModuleManager: Shutting down and abandoning module TreeMap (169)
[2016.02.25-12.08.01:761][202]LogModuleManager: Shutting down and abandoning module ReferenceViewer (168)
[2016.02.25-12.08.01:761][202]LogModuleManager: Shutting down and abandoning module LocalizationService (167)
[2016.02.25-12.08.01:761][202]LogModuleManager: Shutting down and abandoning module LocalizationDashboard (166)
[2016.02.25-12.08.01:761][202]LogModuleManager: Shutting down and abandoning module HardwareTargeting (165)
[2016.02.25-12.08.01:761][202]LogModuleManager: Shutting down and abandoning module DeviceProfileEditor (164)
[2016.02.25-12.08.01:761][202]LogModuleManager: Shutting down and abandoning module UndoHistory (163)
[2016.02.25-12.08.01:761][202]LogModuleManager: Shutting down and abandoning module GameplayTagsEditor (162)
[2016.02.25-12.08.01:761][202]LogModuleManager: Shutting down and abandoning module UserFeedback (161)
[2016.02.25-12.08.01:761][202]LogModuleManager: Shutting down and abandoning module XmlParser (160)
[2016.02.25-12.08.01:761][202]LogModuleManager: Shutting down and abandoning module Blutility (159)
[2016.02.25-12.08.01:761][202]LogModuleManager: Shutting down and abandoning module ProjectTargetPlatformEditor (158)
[2016.02.25-12.08.01:761][202]LogModuleManager: Shutting down and abandoning module ProjectSettingsViewer (157)
[2016.02.25-12.08.01:761][202]LogModuleManager: Shutting down and abandoning module InputBindingEditor (156)
[2016.02.25-12.08.01:761][202]LogModuleManager: Shutting down and abandoning module EditorSettingsViewer (155)
[2016.02.25-12.08.01:761][202]LogModuleManager: Shutting down and abandoning module SettingsEditor (154)
[2016.02.25-12.08.01:761][202]LogModuleManager: Shutting down and abandoning module ProjectLauncher (153)
[2016.02.25-12.08.01:761][202]LogModuleManager: Shutting down and abandoning module SessionFrontend (152)
[2016.02.25-12.08.01:761][202]LogModuleManager: Shutting down and abandoning module ProfilerClient (151)
[2016.02.25-12.08.01:761][202]LogModuleManager: Shutting down and abandoning module TargetDeviceServices (150)
[2016.02.25-12.08.01:761][202]LogModuleManager: Shutting down and abandoning module DeviceManager (149)
[2016.02.25-12.08.01:762][202]LogModuleManager: Shutting down and abandoning module AutomationController (148)
[2016.02.25-12.08.01:762][202]LogModuleManager: Shutting down and abandoning module AutomationWindow (147)
[2016.02.25-12.08.01:762][202]LogModuleManager: Shutting down and abandoning module Layers (146)
[2016.02.25-12.08.01:762][202]LogModuleManager: Shutting down and abandoning module ComponentVisualizers (145)
[2016.02.25-12.08.01:762][202]LogModuleManager: Shutting down and abandoning module DetailCustomizations (144)
[2016.02.25-12.08.01:762][202]LogModuleManager: Shutting down and abandoning module PackagesDialog (143)
[2016.02.25-12.08.01:762][202]LogModuleManager: Shutting down and abandoning module Persona (142)
[2016.02.25-12.08.01:762][202]LogModuleManager: Shutting down and abandoning module Kismet (141)
[2016.02.25-12.08.01:762][202]LogModuleManager: Shutting down and abandoning module GraphEditor (140)
[2016.02.25-12.08.01:762][202]LogModuleManager: Shutting down and abandoning module ClassViewer (139)
[2016.02.25-12.08.01:762][202]LogModuleManager: Shutting down and abandoning module Toolbox (138)
[2016.02.25-12.08.01:762][202]LogModuleManager: Shutting down and abandoning module ModuleUI (137)
[2016.02.25-12.08.01:762][202]LogModuleManager: Shutting down and abandoning module MovieSceneTools (136)
[2016.02.25-12.08.01:762][202]LogModuleManager: Shutting down and abandoning module OutputLog (135)
[2016.02.25-12.08.01:762][202]LogModuleManager: Shutting down and abandoning module GammaUI (134)
[2016.02.25-12.08.01:762][202]LogModuleManager: Shutting down and abandoning module Documentation (133)
[2016.02.25-12.08.01:762][202]LogModuleManager: Shutting down and abandoning module GameLiveStreaming (132)
[2016.02.25-12.08.01:762][202]LogModuleManager: Shutting down and abandoning module StreamingPauseRendering (131)
[2016.02.25-12.08.01:762][202]LogModuleManager: Shutting down and abandoning module AnalyticsET (130)
[2016.02.25-12.08.01:762][202]LogModuleManager: Shutting down and abandoning module Analytics (129)
[2016.02.25-12.08.01:762][202]LogModuleManager: Shutting down and abandoning module AITestSuite (128)
[2016.02.25-12.08.01:762][202]LogModuleManager: Shutting down and abandoning module GameplayDebugger (127)
[2016.02.25-12.08.01:762][202]LogModuleManager: Shutting down and abandoning module AIModule (126)
[2016.02.25-12.08.01:762][202]LogModuleManager: Shutting down and abandoning module ProfilerService (125)
[2016.02.25-12.08.01:975][202]LogModuleManager: Shutting down and abandoning module TaskGraph (124)
[2016.02.25-12.08.01:975][202]LogModuleManager: Shutting down and abandoning module SubstanceEditor (123)
[2016.02.25-12.08.01:975][202]LogModuleManager: Shutting down and abandoning module SlateRemote (122)
[2016.02.25-12.08.01:975][202]LogModuleManager: Shutting down and abandoning module SteamVRController (121)
[2016.02.25-12.08.01:975][202]LogModuleManager: Shutting down and abandoning module SteamVR (120)
[2016.02.25-12.08.01:975][202]LogModuleManager: Shutting down and abandoning module ProceduralMeshComponent (119)
[2016.02.25-12.08.01:975][202]LogModuleManager: Shutting down and abandoning module OculusLibrary (118)
[2016.02.25-12.08.01:975][202]LogModuleManager: Shutting down and abandoning module OculusInput (117)
[2016.02.25-12.08.01:975][202]LogModuleManager: Shutting down and abandoning module LeapMotionController (116)
[2016.02.25-12.08.01:990][202]LogModuleManager: Shutting down and abandoning module CustomMeshComponent (115)
[2016.02.25-12.08.01:990][202]LogModuleManager: Shutting down and abandoning module CableComponent (114)
[2016.02.25-12.08.01:990][202]LogModuleManager: Shutting down and abandoning module ArchVisCharacter (113)
[2016.02.25-12.08.01:990][202]LogModuleManager: Shutting down and abandoning module MessagingDebugger (112)
[2016.02.25-12.08.01:990][202]LogModuleManager: Shutting down and abandoning module MediaPlayerEditor (111)
[2016.02.25-12.08.01:990][202]LogModuleManager: Shutting down and abandoning module HTML5Networking (110)
[2016.02.25-12.08.01:990][202]LogModuleManager: Shutting down and abandoning module SpeedTreeImporter (109)
[2016.02.25-12.08.01:990][202]LogModuleManager: Shutting down and abandoning module PluginBrowser (108)
[2016.02.25-12.08.01:990][202]LogModuleManager: Shutting down and abandoning module EpicSurvey (107)
[2016.02.25-12.08.01:990][202]LogModuleManager: Shutting down and abandoning module DesktopPlatform (106)
[2016.02.25-12.08.01:990][202]LogModuleManager: Shutting down and abandoning module VisualStudioSourceCodeAccess (105)
[2016.02.25-12.08.01:990][202]LogModuleManager: Shutting down and abandoning module UObjectPlugin (104)
[2016.02.25-12.08.01:990][202]LogModuleManager: Shutting down and abandoning module SubversionSourceControl (103)
[2016.02.25-12.08.01:990][202]LogModuleManager: Shutting down and abandoning module PerforceSourceControl (102)
[2016.02.25-12.08.01:990][202]LogModuleManager: Shutting down and abandoning module SourceControl (101)
[2016.02.25-12.08.01:990][202]LogModuleManager: Shutting down and abandoning module GitSourceControl (100)
[2016.02.25-12.08.01:990][202]LogModuleManager: Shutting down and abandoning module LightPropagationVolumeEditor (99)
[2016.02.25-12.08.01:990][202]LogModuleManager: Shutting down and abandoning module PaperTiledImporter (98)
[2016.02.25-12.08.01:990][202]LogModuleManager: Shutting down and abandoning module PaperSpriteSheetImporter (97)
[2016.02.25-12.08.01:990][202]LogModuleManager: Shutting down and abandoning module MeshPaint (96)
[2016.02.25-12.08.01:990][202]LogModuleManager: Shutting down and abandoning module SlateReflector (95)
[2016.02.25-12.08.01:990][202]LogModuleManager: Shutting down and abandoning module HotReload (94)
[2016.02.25-12.08.01:990][202]LogModuleManager: Shutting down and abandoning module MainFrame (93)
[2016.02.25-12.08.01:990][202]LogModuleManager: Shutting down and abandoning module LevelEditor (92)
[2016.02.25-12.08.01:991][202]LogModuleManager: Shutting down and abandoning module ContentBrowser (91)
[2016.02.25-12.08.01:992][202]LogModuleManager: Shutting down and abandoning module Paper2DEditor (90)
[2016.02.25-12.08.01:992][202]LogModuleManager: Shutting down and abandoning module DirectoryWatcher (89)
[2016.02.25-12.08.01:993][202]LogModuleManager: Shutting down and abandoning module AssetRegistry (88)
[2016.02.25-12.08.02:184][202]LogModuleManager: Shutting down and abandoning module SubstanceCore (87)
[2016.02.25-12.08.02:184][202]LogModuleManager: Shutting down and abandoning module UdpMessaging (86)
[2016.02.25-12.08.02:284][202]LogModuleManager: Shutting down and abandoning module LightPropagationVolumeRuntime (85)
[2016.02.25-12.08.02:284][202]LogModuleManager: Shutting down and abandoning module Paper2D (84)
[2016.02.25-12.08.02:284][202]LogModuleManager: Shutting down and abandoning module WindowsMoviePlayer (83)
[2016.02.25-12.08.02:287][202]LogModuleManager: Shutting down and abandoning module Media (82)
[2016.02.25-12.08.02:287][202]LogModuleManager: Shutting down and abandoning module WmfMedia (81)
[2016.02.25-12.08.02:287][202]LogModuleManager: Shutting down and abandoning module OnlineBlueprintSupport (80)
[2016.02.25-12.08.02:287][202]LogModuleManager: Shutting down and abandoning module GameplayTasksEditor (79)
[2016.02.25-12.08.02:287][202]LogModuleManager: Shutting down and abandoning module PropertyEditor (78)
[2016.02.25-12.08.02:287][202]LogModuleManager: Shutting down and abandoning module BehaviorTreeEditor (77)
[2016.02.25-12.08.02:287][202]LogModuleManager: Shutting down and abandoning module FunctionalTesting (76)
[2016.02.25-12.08.02:287][202]LogModuleManager: Shutting down and abandoning module CollisionAnalyzer (75)
[2016.02.25-12.08.02:287][202]LogModuleManager: Shutting down and abandoning module WorkspaceMenuStructure (74)
[2016.02.25-12.08.02:287][202]LogModuleManager: Shutting down and abandoning module MessageLog (73)
[2016.02.25-12.08.02:287][202]LogModuleManager: Shutting down and abandoning module Sequencer (72)
[2016.02.25-12.08.02:287][202]LogModuleManager: Shutting down and abandoning module AssetTools (71)
[2016.02.25-12.08.02:287][202]LogModuleManager: Shutting down and abandoning module UMGEditor (70)
[2016.02.25-12.08.02:287][202]LogModuleManager: Shutting down and abandoning module UMG (69)
[2016.02.25-12.08.02:287][202]LogModuleManager: Shutting down and abandoning module Slate (68)
[2016.02.25-12.08.02:287][202]LogModuleManager: Shutting down and abandoning module EditorStyle (67)
[2016.02.25-12.08.02:288][202]LogModuleManager: Shutting down and abandoning module SessionServices (66)
[2016.02.25-12.08.02:288][202]LogModuleManager: Shutting down and abandoning module SourceCodeAccess (65)
[2016.02.25-12.08.02:288][202]LogModuleManager: Shutting down and abandoning module HeadMountedDisplay (64)
[2016.02.25-12.08.02:288][202]LogModuleManager: Shutting down and abandoning module XAudio2 (63)
[2016.02.25-12.08.02:288][202]LogModuleManager: Shutting down and abandoning module Networking (61)
[2016.02.25-12.08.02:288][202]LogModuleManager: Shutting down and abandoning module Core (60)
[2016.02.25-12.08.02:289][202]LogModuleManager: Shutting down and abandoning module KismetCompiler (59)
[2016.02.25-12.08.02:289][202]LogModuleManager: Shutting down and abandoning module PhysXFormats (58)
[2016.02.25-12.08.02:289][202]LogModuleManager: Shutting down and abandoning module MeshUtilities (57)
[2016.02.25-12.08.02:289][202]LogModuleManager: Shutting down and abandoning module DerivedDataCache (56)
[2016.02.25-12.08.02:292][202]LogDerivedDataCache: Shutdown
[2016.02.25-12.08.02:292][202]LogModuleManager: Shutting down and abandoning module ShaderFormatOpenGL (55)
[2016.02.25-12.08.02:292][202]LogModuleManager: Shutting down and abandoning module ShaderFormatD3D (54)
[2016.02.25-12.08.02:292][202]LogModuleManager: Shutting down and abandoning module MetalShaderFormat (53)
[2016.02.25-12.08.02:292][202]LogModuleManager: Shutting down and abandoning module TextureFormatUncompressed (52)
[2016.02.25-12.08.02:292][202]LogModuleManager: Shutting down and abandoning module TextureFormatPVR (51)
[2016.02.25-12.08.02:293][202]LogModuleManager: Shutting down and abandoning module TextureFormatIntelISPCTexComp (50)
[2016.02.25-12.08.02:293][202]LogModuleManager: Shutting down and abandoning module TextureFormatDXT (49)
[2016.02.25-12.08.02:293][202]LogModuleManager: Shutting down and abandoning module ImageWrapper (48)
[2016.02.25-12.08.02:293][202]LogModuleManager: Shutting down and abandoning module TextureFormatASTC (47)
[2016.02.25-12.08.02:293][202]LogModuleManager: Shutting down and abandoning module TextureFormatAndroid (46)
[2016.02.25-12.08.02:293][202]LogModuleManager: Shutting down and abandoning module AudioFormatOpus (45)
[2016.02.25-12.08.02:293][202]LogModuleManager: Shutting down and abandoning module AudioFormatOgg (44)
[2016.02.25-12.08.02:293][202]LogModuleManager: Shutting down and abandoning module AudioFormatADPCM (43)
[2016.02.25-12.08.02:293][202]LogModuleManager: Shutting down and abandoning module LinuxTargetPlatform (42)
[2016.02.25-12.08.02:293][202]LogModuleManager: Shutting down and abandoning module LinuxServerTargetPlatform (41)
[2016.02.25-12.08.02:293][202]LogModuleManager: Shutting down and abandoning module LinuxNoEditorTargetPlatform (40)
[2016.02.25-12.08.02:293][202]LogModuleManager: Shutting down and abandoning module Messaging (39)
[2016.02.25-12.08.02:293][202]LogModuleManager: Shutting down and abandoning module IOSTargetPlatform (38)
[2016.02.25-12.08.02:293][202]LogModuleManager: Shutting down and abandoning module HTML5TargetPlatform (37)
[2016.02.25-12.08.02:293][202]LogModuleManager: Shutting down and abandoning module AndroidTargetPlatform (36)
[2016.02.25-12.08.02:293][202]LogModuleManager: Shutting down and abandoning module Android_PVRTCTargetPlatform (35)
[2016.02.25-12.08.02:293][202]LogModuleManager: Shutting down and abandoning module Android_MultiTargetPlatform (34)
[2016.02.25-12.08.02:293][202]LogModuleManager: Shutting down and abandoning module Android_ETC2TargetPlatform (33)
[2016.02.25-12.08.02:293][202]LogModuleManager: Shutting down and abandoning module Android_ETC1TargetPlatform (32)
[2016.02.25-12.08.02:293][202]LogModuleManager: Shutting down and abandoning module Android_DXTTargetPlatform (31)
[2016.02.25-12.08.02:293][202]LogModuleManager: Shutting down and abandoning module Android_ATCTargetPlatform (30)
[2016.02.25-12.08.02:293][202]LogModuleManager: Shutting down and abandoning module Android_ASTCTargetPlatform (29)
[2016.02.25-12.08.02:293][202]LogModuleManager: Shutting down and abandoning module WindowsTargetPlatform (28)
[2016.02.25-12.08.02:293][202]LogModuleManager: Shutting down and abandoning module WindowsServerTargetPlatform (27)
[2016.02.25-12.08.02:293][202]LogModuleManager: Shutting down and abandoning module WindowsNoEditorTargetPlatform (26)
[2016.02.25-12.08.02:293][202]LogModuleManager: Shutting down and abandoning module WindowsClientTargetPlatform (25)
[2016.02.25-12.08.02:293][202]LogModuleManager: Shutting down and abandoning module AllDesktopTargetPlatform (24)
[2016.02.25-12.08.02:293][202]LogModuleManager: Shutting down and abandoning module TargetPlatform (23)
[2016.02.25-12.08.02:293][202]LogModuleManager: Shutting down and abandoning module InputCore (22)
[2016.02.25-12.08.02:293][202]LogModuleManager: Shutting down and abandoning module Settings (21)
[2016.02.25-12.08.02:293][202]LogModuleManager: Shutting down and abandoning module OnlineSubsystem (19)
[2016.02.25-12.08.02:293][202]LogModuleManager: Shutting down and abandoning module HTTP (18)
[2016.02.25-12.08.04:295][202]LogModuleManager: Shutting down and abandoning module XMPP (17)
[2016.02.25-12.08.04:295][202]LogModuleManager: Shutting down and abandoning module OculusRift (16)
[2016.02.25-12.08.04:295][202]LogModuleManager: Shutting down and abandoning module ExampleDeviceProfileSelector (15)
[2016.02.25-12.08.04:295][202]LogModuleManager: Shutting down and abandoning module TextureCompressor (14)
[2016.02.25-12.08.04:295][202]LogModuleManager: Shutting down and abandoning module ShaderCore (13)
[2016.02.25-12.08.04:295][202]LogModuleManager: Shutting down and abandoning module Landscape (12)
[2016.02.25-12.08.04:295][202]LogModuleManager: Shutting down and abandoning module SlateRHIRenderer (11)
[2016.02.25-12.08.04:299][202]LogModuleManager: Shutting down and abandoning module OpenGLDrv (10)
[2016.02.25-12.08.04:299][202]LogModuleManager: Shutting down and abandoning module D3D11RHI (9)
[2016.02.25-12.08.04:299][202]LogModuleManager: Shutting down and abandoning module AnimGraphRuntime (8)
[2016.02.25-12.08.04:299][202]LogModuleManager: Shutting down and abandoning module Renderer (7)
[2016.02.25-12.08.04:299][202]LogModuleManager: Shutting down and abandoning module Engine (6)
[2016.02.25-12.08.04:299][202]LogModuleManager: Shutting down and abandoning module CoreUObject (5)
[2016.02.25-12.08.04:299][202]LogModuleManager: Shutting down and abandoning module NetworkFile (4)
[2016.02.25-12.08.04:299][202]LogModuleManager: Shutting down and abandoning module StreamingFile (3)
[2016.02.25-12.08.04:299][202]LogModuleManager: Shutting down and abandoning module SandboxFile (2)
[2016.02.25-12.08.04:299][202]LogModuleManager: Shutting down and abandoning module PakFile (1)
[2016.02.25-12.08.04:300][202]LogExit: Exiting.
[2016.02.25-12.08.04:319][202]Log file closed, 02/25/16 12:08:04
