[2016.02.19-21.27.44:165][  0]Log file open, 02/19/16 21:27:44
[2016.02.19-21.27.44:165][  0]LogInit:Display: Running engine for game: ForestTale
[2016.02.19-21.27.44:165][  0]LogPlatformFile: Not using cached read wrapper
[2016.02.19-21.27.44:165][  0]LogInit:Display: RandInit(1957459168) SRandInit(1957459171).
[2016.02.19-21.27.44:165][  0]LogTaskGraph: Started task graph with 4 named threads and 7 total threads.
[2016.02.19-21.27.44:165][  0]LogStats: Stats thread started at 3.093831
[2016.02.19-21.27.44:165][  0]LogInit: Version: 4.10.2-2818068+++depot+UE4-Releases+4.10
[2016.02.19-21.27.44:165][  0]LogInit: API Version: 2758231
[2016.02.19-21.27.44:165][  0]LogInit: Compiled (64-bit): Jan  6 2016 17:36:42
[2016.02.19-21.27.44:165][  0]LogInit: Compiled with Visual C++: 19.00.23026.00
[2016.02.19-21.27.44:165][  0]LogInit: Build Configuration: Development
[2016.02.19-21.27.44:165][  0]LogInit: Branch Name: ++depot+UE4-Releases+4.10
[2016.02.19-21.27.44:165][  0]LogInit: Command line:  
[2016.02.19-21.27.44:165][  0]LogInit: Base directory: E:/Programs/Epic Games/4.10/Engine/Binaries/Win64/
[2016.02.19-21.27.44:165][  0]LogInit: Rocket: 1
[2016.02.19-21.27.44:257][  0]LogInit: Using libcurl 7.41.0
[2016.02.19-21.27.44:257][  0]LogInit:  - built for x86_64-pc-win32
[2016.02.19-21.27.44:257][  0]LogInit:  - supports SSL with WinSSL
[2016.02.19-21.27.44:257][  0]LogInit:  - other features:
[2016.02.19-21.27.44:257][  0]LogInit:      CURL_VERSION_SSL
[2016.02.19-21.27.44:257][  0]LogInit:      CURL_VERSION_IPV6
[2016.02.19-21.27.44:258][  0]LogInit:      CURL_VERSION_ASYNCHDNS
[2016.02.19-21.27.44:258][  0]LogInit:      CURL_VERSION_LARGEFILE
[2016.02.19-21.27.44:258][  0]LogInit:      CURL_VERSION_IDN
[2016.02.19-21.27.44:259][  0]LogInit:  CurlRequestOptions (configurable via config and command line):
[2016.02.19-21.27.44:259][  0]LogInit:  - bVerifyPeer = true  - Libcurl will verify peer certificate
[2016.02.19-21.27.44:259][  0]LogInit:  - bUseHttpProxy = false  - Libcurl will NOT use HTTP proxy
[2016.02.19-21.27.44:259][  0]LogInit:  - bDontReuseConnections = false  - Libcurl will reuse connections
[2016.02.19-21.27.44:259][  0]LogInit:  - CertBundlePath = nullptr  - Libcurl will use whatever was configured at build time.
[2016.02.19-21.27.44:437][  0]LogInit: Presizing for 0 objects not considered by GC, pre-allocating 0 bytes.
[2016.02.19-21.27.44:608][  0]LogInit: Object subsystem initialized
[2016.02.19-21.27.44:824][  0]LogInit: Selected Device Profile: [Windows]
[2016.02.19-21.27.44:824][  0]LogInit: Applying CVar settings loaded from the selected device profile: [Windows]
[2016.02.19-21.27.44:911][  0]LogInit: Computer: JAC-PC
[2016.02.19-21.27.44:911][  0]LogInit: User: Jac
[2016.02.19-21.27.44:911][  0]LogInit: CPU Page size=4096, Cores=4
[2016.02.19-21.27.44:911][  0]LogInit: High frequency timer resolution =3.423910 MHz
[2016.02.19-21.27.44:911][  0]LogMemory: Memory total: Physical=7.9GB (8GB approx)
[2016.02.19-21.27.44:911][  0]LogMemory: Platform Memory Stats for Windows
[2016.02.19-21.27.44:911][  0]LogMemory: Process Physical Memory: 55.91 MB used, 55.91 MB peak
[2016.02.19-21.27.44:911][  0]LogMemory: Process Virtual Memory: 56.77 MB used, 56.77 MB peak
[2016.02.19-21.27.44:911][  0]LogMemory: Physical Memory: 4286.91 MB used, 8129.75 MB total
[2016.02.19-21.27.44:911][  0]LogMemory: Virtual Memory: 378.68 MB used, 134217728.00 MB total
[2016.02.19-21.27.45:933][  0]LogTextLocalizationManager: No specific translations for ('en-GB') exist, so ('en') translations will be used.
[2016.02.19-21.27.47:700][  0]LogD3D11RHI: Found D3D11 adapter 0: NVIDIA GeForce GTX 770 (Feature Level 11_0)
[2016.02.19-21.27.47:700][  0]LogD3D11RHI: Adapter has 4026MB of dedicated video memory, 0MB of dedicated system memory, and 4064MB of shared system memory, 2 output[s]
[2016.02.19-21.27.47:701][  0]LogD3D11RHI: Found D3D11 adapter 1: Microsoft Basic Render Driver (Feature Level 11_0)
[2016.02.19-21.27.47:701][  0]LogD3D11RHI: Adapter has 0MB of dedicated video memory, 0MB of dedicated system memory, and 4064MB of shared system memory, 0 output[s]
[2016.02.19-21.27.47:701][  0]LogD3D11RHI: Chosen D3D11 Adapter Id = 0
[2016.02.19-21.27.47:708][  0]LogD3D11RHI: !Direct3DDevice
[2016.02.19-21.27.47:708][  0]LogRHI: Texture pool is 1361 MB (70% of 1945 MB)
[2016.02.19-21.27.47:729][  0]LogD3D11RHI: Async texture creation enabled
[2016.02.19-21.27.48:623][  0]LogShaderCompilers: Guid format shader working directory is 3 characters bigger than the processId version (J:/Work/Uni/Year 2/Off The Map/ForestTale/Intermediate/Shaders/WorkingDirectory/9168/).
[2016.02.19-21.27.48:623][  0]LogShaderCompilers: Cleaned the shader compiler working directory 'C:/Users/Jac/AppData/Local/Temp/UnrealShaderWorkingDir/B4637CD8416AC63D851B8A98BD6CACB6/'.
[2016.02.19-21.27.48:627][  0]LogShaderCompilers:Display: Using Local Shader Compiler.
[2016.02.19-21.27.52:471][  0]LogTemp:Display: Loaded TP AllDesktopTargetPlatform
[2016.02.19-21.27.52:479][  0]LogTemp:Display: Loaded TP WindowsClientTargetPlatform
[2016.02.19-21.27.52:483][  0]LogTemp:Display: Loaded TP WindowsNoEditorTargetPlatform
[2016.02.19-21.27.52:487][  0]LogTemp:Display: Loaded TP WindowsServerTargetPlatform
[2016.02.19-21.27.52:498][  0]LogTemp:Display: Loaded TP WindowsTargetPlatform
[2016.02.19-21.27.52:509][  0]LogTemp:Display: Loaded TP Android_ASTCTargetPlatform
[2016.02.19-21.27.52:519][  0]LogTemp:Display: Loaded TP Android_ATCTargetPlatform
[2016.02.19-21.27.52:526][  0]LogTemp:Display: Loaded TP Android_DXTTargetPlatform
[2016.02.19-21.27.52:534][  0]LogTemp:Display: Loaded TP Android_ETC1TargetPlatform
[2016.02.19-21.27.52:545][  0]LogTemp:Display: Loaded TP Android_ETC2TargetPlatform
[2016.02.19-21.27.52:570][  0]LogTemp:Display: Loaded TP Android_MultiTargetPlatform
[2016.02.19-21.27.52:570][  0]LogTemp:Display: Loaded TP Android_PVRTCTargetPlatform
[2016.02.19-21.27.52:610][  0]LogTemp:Display: Loaded TP AndroidTargetPlatform
[2016.02.19-21.27.52:611][  0]LogTemp:Display: Loaded TP HTML5TargetPlatform
[2016.02.19-21.27.52:734][  0]LogTemp:Display: Loaded TP IOSTargetPlatform
[2016.02.19-21.27.52:749][  0]LogTemp:Display: Loaded TP LinuxNoEditorTargetPlatform
[2016.02.19-21.27.52:757][  0]LogTemp:Display: Loaded TP LinuxServerTargetPlatform
[2016.02.19-21.27.52:772][  0]LogTemp:Display: Loaded TP LinuxTargetPlatform
[2016.02.19-21.27.52:772][  0]LogTargetPlatformManager:Display: Building Assets For Windows
[2016.02.19-21.27.53:421][  0]LogDerivedDataCache:Display: Max Cache Size: 512 MB
[2016.02.19-21.27.53:608][  0]LogDerivedDataCache: Loaded boot cache 0.19s 41MB C:/Users/Jac/AppData/Local/UnrealEngine/4.10/DerivedDataCache/Boot.ddc.
[2016.02.19-21.27.53:608][  0]LogDerivedDataCache:Display: Loaded Boot cache: C:/Users/Jac/AppData/Local/UnrealEngine/4.10/DerivedDataCache/Boot.ddc
[2016.02.19-21.27.53:608][  0]LogDerivedDataCache: FDerivedDataBackendGraph:  Pak pak cache file J:/Work/Uni/Year 2/Off The Map/ForestTale/DerivedDataCache/DDC.ddp not found, will not use a pak cache.
[2016.02.19-21.27.53:608][  0]LogDerivedDataCache: Unable to find inner node Pak for hierarchical cache Hierarchy.
[2016.02.19-21.27.53:608][  0]LogDerivedDataCache: FDerivedDataBackendGraph:  CompressedPak pak cache file J:/Work/Uni/Year 2/Off The Map/ForestTale/DerivedDataCache/Compressed.ddp not found, will not use a pak cache.
[2016.02.19-21.27.53:608][  0]LogDerivedDataCache: Unable to find inner node CompressedPak for hierarchical cache Hierarchy.
[2016.02.19-21.27.53:709][  0]LogDerivedDataCache:Display: Pak cache opened for reading ../../../Engine/DerivedDataCache/Compressed.ddp.
[2016.02.19-21.27.53:721][  0]LogDerivedDataCache: Using Local data cache path C:/Users/Jac/AppData/Local/UnrealEngine/Common/DerivedDataCache: Writable
[2016.02.19-21.28.03:915][  0]LogInit: Selected Device Profile: [Windows]
[2016.02.19-21.28.04:088][  0]LogContentStreaming: Texture pool size is 0.000000MB
[2016.02.19-21.28.05:719][  0]LogMeshUtilities: No automatic mesh reduction module available
[2016.02.19-21.28.05:719][  0]LogMeshUtilities: No automatic mesh merging module available
[2016.02.19-21.28.09:737][  0]LogInit: WinSock: version 1.1 (2.2), MaxSocks=32767, MaxUdp=65467
[2016.02.19-21.28.25:595][  0]UdpMessaging: Initializing bridge on interface 0.0.0.0:0 to multicast group 230.0.0.1:6666.
[2016.02.19-21.28.25:829][  0]LogAssetRegistry: FAssetRegistry took 0.0148 seconds to start up
[2016.02.19-21.28.29:406][  0]SourceControl: Info Source control is disabled
[2016.02.19-21.28.29:408][  0]SourceControl: Info Source control is disabled
[2016.02.19-21.28.29:500][  0]SourceControl: Info Source control is disabled
[2016.02.19-21.28.29:586][  0]SourceControl: Info Source control is disabled
[2016.02.19-21.28.31:239][  0]LogObj: 28802 objects as part of root set at end of initial load.
[2016.02.19-21.28.31:239][  0]LogUObjectAllocator: 6129776 out of 0 bytes used by permanent object pool.
[2016.02.19-21.28.32:410][  0]LogEngine: Initializing Engine...
[2016.02.19-21.28.32:475][  0]LogHMD: Can't find Oculus library dev build: is proper Runtime installed? Version: 0.8.0.0
[2016.02.19-21.28.32:517][  0]LogHMD: SteamVR failed to initialize.  Err: 110
[2016.02.19-21.28.33:797][  0]LogAIModule: Creating AISystem for world NewWorld
[2016.02.19-21.28.34:259][  0]LogInit: XAudio2 using 'Speakers (Realtek High Definition Audio)' : 2 channels at 48 kHz using 32 bits per sample (channel mask 0x3)
[2016.02.19-21.28.34:290][  0]LogInit: FAudioDevice initialized.
[2016.02.19-21.28.34:314][  0]LogDerivedDataCache: Saved boot cache 0.02s 41MB C:/Users/Jac/AppData/Local/UnrealEngine/4.10/DerivedDataCache/Boot.ddc.
[2016.02.19-21.28.34:318][  0]LogInit: Texture streaming: Enabled
[2016.02.19-21.28.34:382][  0]LogAnalytics: Creating configured Analytics provider AnalyticsET
[2016.02.19-21.28.34:383][  0]LogAnalytics: [UEEditor.Rocket.Release] APIServer = http://et2.epicgames.com/ET2/. AppVersion = 4.10.2-2818068+++depot+UE4-Releases+4.10
[2016.02.19-21.28.34:383][  0]LogAnalytics: [UEEditor.Rocket.Release] SetUserId dd12ff064be2e9be779117ab2ef6d1ef|10581dceb00340ccaf11fbba5a70d17f|50ebcf47-d9ff-4ee8-b127-44504b2107d0
[2016.02.19-21.28.34:400][  0]LogAnalytics: [UEEditor.Rocket.Release] AnalyticsET::StartSession
[2016.02.19-21.28.34:618][  0]LogInit: Transaction tracking system initialized
[2016.02.19-21.28.35:035][  0]BlueprintLog: New page: Editor Load
[2016.02.19-21.28.37:197][  0]LocalizationService: Info Localization service is disabled
[2016.02.19-21.28.37:870][  0]LogLinker:Warning: Can't find file '/Game/FirstPersonBP/FirstPersonOverview'
[2016.02.19-21.28.37:876][  0]LogLinker:Warning: Can't find file '/Game/FirstPersonBP/FirstPersonOverview'
[2016.02.19-21.28.37:876][  0]LogUObjectGlobals:Warning: Failed to find object 'Class /Game/FirstPersonBP/FirstPersonOverview.FirstPersonOverview_C'
[2016.02.19-21.28.38:205][  0]LogConsoleResponse:Display: 
[2016.02.19-21.28.44:460][  0]LogFileCache: Scanning file cache for directory 'J:/Work/Uni/Year 2/Off The Map/ForestTale/Content/' took 0.28s
[2016.02.19-21.28.44:460][  0]LogCook:Display: Done creating registry. It took  0.00s.
[2016.02.19-21.28.48:382][  0]SourceControl: Info Source control is disabled
[2016.02.19-21.28.48:453][  0]Cmd: MAP LOAD FILE="../../../Engine/Content/Maps/Templates/Template_Default.umap" TEMPLATE=1 SHOWPROGRESS=1 FEATURELEVEL=3
[2016.02.19-21.28.48:512][  0]LightingResults: New page: Lighting Build
[2016.02.19-21.28.48:871][  0]MapCheck: New page: Map Check
[2016.02.19-21.28.48:871][  0]LightingResults: New page: Lighting Build
[2016.02.19-21.28.49:571][  0]LogParticles: Destroying 0 GPU particle simulations for FXSystem 0x000000A66D47AAC0
[2016.02.19-21.28.51:465][  0]LogAIModule: Creating AISystem for world Untitled_1
[2016.02.19-21.28.52:436][  0]LogEditorServer: Finished looking for orphan Actors (0.005 secs)
[2016.02.19-21.28.52:612][  0]Cmd: MAP CHECKDEP NOCLEARLOG
[2016.02.19-21.28.52:706][  0]MapCheck: Info Map check complete: 0 Error(s), 0 Warning(s), took 93.839ms to complete.
[2016.02.19-21.28.52:716][  0]LogFileHelpers: Loading map 'Template_Default' took 4.303
[2016.02.19-21.28.55:522][  0]LogCollectionManager: Loaded 0 collections in 0.001485 seconds
[2016.02.19-21.28.55:750][  0]LogFileCache: Scanning file cache for directory 'J:/Work/Uni/Year 2/Off The Map/ForestTale/Saved/Collections/' took 0.01s
[2016.02.19-21.28.55:750][  0]LogFileCache: Scanning file cache for directory 'J:/Work/Uni/Year 2/Off The Map/ForestTale/Content/Developers/Jac/Collections/' took 0.01s
[2016.02.19-21.28.55:750][  0]LogFileCache: Scanning file cache for directory 'J:/Work/Uni/Year 2/Off The Map/ForestTale/Content/Collections/' took 0.01s
[2016.02.19-21.28.55:750][  0]LogCollectionManager: Rebuilt the GUID cache for 0 collections in 0.000002 seconds
[2016.02.19-21.28.55:796][  0]LogContentBrowser: Native class hierarchy populated in 0.0119 seconds. Added 1908 classes and 344 folders.
[2016.02.19-21.28.56:053][  0]LogContentBrowser: Native class hierarchy updated for 'WidgetCarousel' in 0.0006 seconds. Added 0 classes and 0 folders.
[2016.02.19-21.28.57:546][  0]LogContentBrowser: Native class hierarchy updated for 'AddContentDialog' in 0.0004 seconds. Added 0 classes and 0 folders.
[2016.02.19-21.28.57:716][  0]LogContentBrowser: Native class hierarchy updated for 'SceneOutliner' in 0.0005 seconds. Added 1 classes and 2 folders.
[2016.02.19-21.28.58:430][  0]LogCrashTracker: Crashtracker disabled due to settings.
[2016.02.19-21.28.58:819][  0]LogUObjectGlobals:Warning: Failed to find object 'Class None.'
[2016.02.19-21.28.58:913][  0]LogLoad: Full Startup: 80.92 seconds (BP compile: 1.00 seconds)
[2016.02.19-21.28.59:406][  0]LogOcInput: Can't find Oculus library dev build: is proper Runtime installed? Version: 0.8.0.0
[2016.02.19-21.29.00:485][  0]LogContentStreaming: Texture pool size now 1000 MB
[2016.02.19-21.29.02:162][  0]LogRenderer: Reallocating scene render targets to support 1576x760 (Frame:2).
[2016.02.19-21.29.04:166][  5]LogAssetRegistry: Asset discovery search completed in 38.3490 seconds
[2016.02.19-21.29.04:189][  5]LogCollectionManager: Rebuilt the object cache for 0 collections in 0.000001 seconds (found 0 objects)
[2016.02.19-21.29.04:190][  5]LogCollectionManager: Fixed up redirectors for 0 collections in 0.010977 seconds (updated 0 objects)
[2016.02.19-21.29.08:469][ 90]LogLinker:Warning: Asset 'J:/Work/Uni/Year 2/Off The Map/ForestTale/Content/Mannequin/Animations/ThirdPerson_AnimBP.uasset' has been saved with empty engine version. The asset will be loaded but may be incompatible.
[2016.02.19-21.29.08:477][ 90]LogLinker:Warning: Asset 'J:/Work/Uni/Year 2/Off The Map/ForestTale/Content/Mannequin/Animations/ThirdPerson_Jump.uasset' has been saved with empty engine version. The asset will be loaded but may be incompatible.
[2016.02.19-21.29.08:504][ 90]LogLinker:Warning: Asset 'J:/Work/Uni/Year 2/Off The Map/ForestTale/Content/Mannequin/Animations/ThirdPersonJump_Loop.uasset' has been saved with empty engine version. The asset will be loaded but may be incompatible.
[2016.02.19-21.29.08:507][ 90]LogLinker:Warning: Asset 'J:/Work/Uni/Year 2/Off The Map/ForestTale/Content/Mannequin/Animations/ThirdPersonJump_Start.uasset' has been saved with empty engine version. The asset will be loaded but may be incompatible.
[2016.02.19-21.29.08:510][ 90]LogLinker:Warning: Asset 'J:/Work/Uni/Year 2/Off The Map/ForestTale/Content/Mannequin/Animations/ThirdPerson_IdleRun_2D.uasset' has been saved with empty engine version. The asset will be loaded but may be incompatible.
[2016.02.19-21.29.08:516][ 90]LogLinker:Warning: Asset 'J:/Work/Uni/Year 2/Off The Map/ForestTale/Content/Mannequin/Animations/ThirdPersonIdle.uasset' has been saved with empty engine version. The asset will be loaded but may be incompatible.
[2016.02.19-21.29.08:520][ 90]LogLinker:Warning: Asset 'J:/Work/Uni/Year 2/Off The Map/ForestTale/Content/Mannequin/Animations/ThirdPersonRun.uasset' has been saved with empty engine version. The asset will be loaded but may be incompatible.
[2016.02.19-21.29.08:524][ 90]LogLinker:Warning: Asset 'J:/Work/Uni/Year 2/Off The Map/ForestTale/Content/Mannequin/Animations/ThirdPersonWalk.uasset' has been saved with empty engine version. The asset will be loaded but may be incompatible.
[2016.02.19-21.29.10:889][ 90]LogAIModule: Creating AISystem for world ThirdPersonExampleMap
[2016.02.19-21.29.11:527][ 90]Cmd: MAP LOAD FILE="J:/Work/Uni/Year 2/Off The Map/ForestTale/Content/Maps/ThirdPersonExampleMap.umap" TEMPLATE=0 SHOWPROGRESS=1 FEATURELEVEL=3
[2016.02.19-21.29.11:528][ 90]LightingResults: New page: Lighting Build
[2016.02.19-21.29.11:571][ 90]LoadErrors: New page: Loading map: ThirdPersonExampleMap.umap
[2016.02.19-21.29.11:688][ 90]MapCheck: New page: Map Check
[2016.02.19-21.29.11:688][ 90]LightingResults: New page: Lighting Build
[2016.02.19-21.29.11:752][ 90]LogParticles: Destroying 0 GPU particle simulations for FXSystem 0x000000A65AD43920
[2016.02.19-21.29.11:995][ 90]LogEditorServer: Finished looking for orphan Actors (0.000 secs)
[2016.02.19-21.29.12:054][ 90]Cmd: MAP CHECKDEP NOCLEARLOG
[2016.02.19-21.29.12:095][ 90]MapCheck: Info Map check complete: 0 Error(s), 0 Warning(s), took 40.72ms to complete.
[2016.02.19-21.29.12:095][ 90]LogFileHelpers: Loading map 'ThirdPersonExampleMap' took 0.675
[2016.02.19-21.29.19:639][599]LogBlueprintUserMessages: Early PlayInEditor Detection: Level '/Game/Maps/ThirdPersonExampleMap.ThirdPersonExampleMap:PersistentLevel' has LevelScriptBlueprint '/Game/Maps/ThirdPersonExampleMap.ThirdPersonExampleMap:PersistentLevel.ThirdPersonExampleMap' with GeneratedClass '/Game/Maps/ThirdPersonExampleMap.ThirdPersonExampleMap_C' with ClassGeneratedBy '/Game/Maps/ThirdPersonExampleMap.ThirdPersonExampleMap:PersistentLevel.ThirdPersonExampleMap'
[2016.02.19-21.29.19:672][599]LogPlayLevel: PlayLevel: No blueprints needed recompiling
[2016.02.19-21.29.19:706][599]PIE: New page: PIE session: ThirdPersonExampleMap (19 Feb 2016 21:29:19)
[2016.02.19-21.29.19:728][599]LogPlayLevel: Creating play world package: /Game/Maps/UEDPIE_0_ThirdPersonExampleMap
[2016.02.19-21.29.19:911][599]LogPlayLevel: PIE: StaticDuplicateObject took: (0.182344s)
[2016.02.19-21.29.19:912][599]LogAIModule: Creating AISystem for world ThirdPersonExampleMap
[2016.02.19-21.29.19:912][599]LogPlayLevel: PIE: World Init took: (0.000732s)
[2016.02.19-21.29.19:919][599]LogPlayLevel: PIE: Created PIE world by copying editor world from /Game/Maps/ThirdPersonExampleMap.ThirdPersonExampleMap to /Game/Maps/UEDPIE_0_ThirdPersonExampleMap.ThirdPersonExampleMap (0.200138s)
[2016.02.19-21.29.19:935][599]LogActorComponent: UnregisterComponent: (/Engine/Transient.CharMoveComp) Not registered. Aborting.
[2016.02.19-21.29.19:992][599]LogInit: XAudio2 using 'Speakers (Realtek High Definition Audio)' : 2 channels at 48 kHz using 32 bits per sample (channel mask 0x3)
[2016.02.19-21.29.20:009][599]LogInit: FAudioDevice initialized.
[2016.02.19-21.29.20:254][599]LogWorld: Game class is 'GameMode'
[2016.02.19-21.29.20:467][599]LogWorld: Bringing World /Game/Maps/UEDPIE_0_ThirdPersonExampleMap.ThirdPersonExampleMap up for play (max tick rate 0) at 2016.02.19-21.29.20
[2016.02.19-21.29.20:467][599]LogActor:Warning: GameSession /Game/Maps/UEDPIE_0_ThirdPersonExampleMap.ThirdPersonExampleMap:PersistentLevel.GameSession_0 has natively added scene component(s), but none of them were set as the actor's RootComponent - picking one arbitrarily
[2016.02.19-21.29.20:487][599]LogActor:Warning: GameNetworkManager /Game/Maps/UEDPIE_0_ThirdPersonExampleMap.ThirdPersonExampleMap:PersistentLevel.GameNetworkManager_0 has natively added scene component(s), but none of them were set as the actor's RootComponent - picking one arbitrarily
[2016.02.19-21.29.20:568][599]LogWorld: Bringing up level for play took: 0.113619
[2016.02.19-21.29.20:921][599]PIE: Info Play in editor start time for /Game/Maps/UEDPIE_0_ThirdPersonExampleMap 1.719
[2016.02.19-21.29.20:922][599]LogBlueprintUserMessages: Late PlayInEditor Detection: Level '/Game/Maps/ThirdPersonExampleMap.ThirdPersonExampleMap:PersistentLevel' has LevelScriptBlueprint '/Game/Maps/ThirdPersonExampleMap.ThirdPersonExampleMap:PersistentLevel.ThirdPersonExampleMap' with GeneratedClass '/Game/Maps/ThirdPersonExampleMap.ThirdPersonExampleMap_C' with ClassGeneratedBy '/Game/Maps/ThirdPersonExampleMap.ThirdPersonExampleMap:PersistentLevel.ThirdPersonExampleMap'
[2016.02.19-21.29.24:122][820]LogBlueprintUserMessages: [ThirdPersonCharacter_C_14] TRUE
[2016.02.19-21.29.24:184][824]LogBlueprintUserMessages: [ThirdPersonCharacter_C_14] TRUE
[2016.02.19-21.29.24:190][825]LogBlueprintUserMessages: [ThirdPersonCharacter_C_14] TRUE
[2016.02.19-21.29.24:200][826]LogBlueprintUserMessages: [ThirdPersonCharacter_C_14] TRUE
[2016.02.19-21.29.24:208][827]LogBlueprintUserMessages: [ThirdPersonCharacter_C_14] TRUE
[2016.02.19-21.29.24:216][828]LogBlueprintUserMessages: [ThirdPersonCharacter_C_14] TRUE
[2016.02.19-21.29.24:224][829]LogBlueprintUserMessages: [ThirdPersonCharacter_C_14] TRUE
[2016.02.19-21.29.24:233][830]LogBlueprintUserMessages: [ThirdPersonCharacter_C_14] TRUE
[2016.02.19-21.29.24:241][831]LogBlueprintUserMessages: [ThirdPersonCharacter_C_14] TRUE
[2016.02.19-21.29.24:250][832]LogBlueprintUserMessages: [ThirdPersonCharacter_C_14] TRUE
[2016.02.19-21.29.25:188][912]LogBlueprintUserMessages: [ThirdPersonCharacter_C_14] TRUE
[2016.02.19-21.29.31:485][505]LogBlueprintUserMessages: [ThirdPersonCharacter_C_14] TRUE
[2016.02.19-21.29.34:671][821]LogBlueprintUserMessages: [ThirdPersonCharacter_C_14] TRUE
[2016.02.19-21.29.34:680][822]LogBlueprintUserMessages: [ThirdPersonCharacter_C_14] TRUE
[2016.02.19-21.29.34:688][823]LogBlueprintUserMessages: [ThirdPersonCharacter_C_14] TRUE
[2016.02.19-21.29.34:698][824]LogBlueprintUserMessages: [ThirdPersonCharacter_C_14] TRUE
[2016.02.19-21.29.34:706][825]LogBlueprintUserMessages: [ThirdPersonCharacter_C_14] TRUE
[2016.02.19-21.29.34:715][826]LogBlueprintUserMessages: [ThirdPersonCharacter_C_14] TRUE
[2016.02.19-21.29.34:723][827]LogBlueprintUserMessages: [ThirdPersonCharacter_C_14] TRUE
[2016.02.19-21.29.34:732][828]LogBlueprintUserMessages: [ThirdPersonCharacter_C_14] TRUE
[2016.02.19-21.29.34:740][829]LogBlueprintUserMessages: [ThirdPersonCharacter_C_14] TRUE
[2016.02.19-21.29.34:748][830]LogBlueprintUserMessages: [ThirdPersonCharacter_C_14] TRUE
[2016.02.19-21.29.34:771][831]LogBlueprintUserMessages: [ThirdPersonCharacter_C_14] TRUE
[2016.02.19-21.29.34:780][832]LogBlueprintUserMessages: [ThirdPersonCharacter_C_14] TRUE
[2016.02.19-21.29.34:788][833]LogBlueprintUserMessages: [ThirdPersonCharacter_C_14] TRUE
[2016.02.19-21.29.34:799][834]LogBlueprintUserMessages: [ThirdPersonCharacter_C_14] TRUE
[2016.02.19-21.29.34:806][835]LogBlueprintUserMessages: [ThirdPersonCharacter_C_14] TRUE
[2016.02.19-21.29.34:815][836]LogBlueprintUserMessages: [ThirdPersonCharacter_C_14] TRUE
[2016.02.19-21.29.34:823][837]LogBlueprintUserMessages: [ThirdPersonCharacter_C_14] TRUE
[2016.02.19-21.29.34:831][838]LogBlueprintUserMessages: [ThirdPersonCharacter_C_14] TRUE
[2016.02.19-21.29.34:840][839]LogBlueprintUserMessages: [ThirdPersonCharacter_C_14] TRUE
[2016.02.19-21.29.34:848][840]LogBlueprintUserMessages: [ThirdPersonCharacter_C_14] TRUE
[2016.02.19-21.29.34:871][841]LogBlueprintUserMessages: [ThirdPersonCharacter_C_14] TRUE
[2016.02.19-21.29.34:880][842]LogBlueprintUserMessages: [ThirdPersonCharacter_C_14] TRUE
[2016.02.19-21.29.34:887][843]LogBlueprintUserMessages: [ThirdPersonCharacter_C_14] TRUE
[2016.02.19-21.29.34:899][844]LogBlueprintUserMessages: [ThirdPersonCharacter_C_14] TRUE
[2016.02.19-21.29.34:906][845]LogBlueprintUserMessages: [ThirdPersonCharacter_C_14] TRUE
[2016.02.19-21.29.34:915][846]LogBlueprintUserMessages: [ThirdPersonCharacter_C_14] TRUE
[2016.02.19-21.29.34:923][847]LogBlueprintUserMessages: [ThirdPersonCharacter_C_14] TRUE
[2016.02.19-21.29.34:932][848]LogBlueprintUserMessages: [ThirdPersonCharacter_C_14] TRUE
[2016.02.19-21.29.34:940][849]LogBlueprintUserMessages: [ThirdPersonCharacter_C_14] TRUE
[2016.02.19-21.29.46:232][855]LogBlueprintUserMessages: [ThirdPersonCharacter_C_14] MovableObj
[2016.02.19-21.29.51:022][299]LogBlueprintUserMessages: [ThirdPersonCharacter_C_14] MovableObj
[2016.02.19-21.30.00:878][184]LogBlueprintUserMessages: [ThirdPersonCharacter_C_14] MovableObj
[2016.02.19-21.30.07:574][745]LogBlueprintUserMessages: [ThirdPersonCharacter_C_14] MovableObj
[2016.02.19-21.30.10:497][ 12]LogBlueprintUserMessages: [ThirdPersonCharacter_C_14] MovableObj
[2016.02.19-21.30.11:659][114]LogBlueprintUserMessages: [ThirdPersonCharacter_C_14] TRUE
[2016.02.19-21.30.13:716][318]LogBlueprintUserMessages: [ThirdPersonCharacter_C_14] TRUE
[2016.02.19-21.30.16:327][547]LogBlueprintUserMessages: [ThirdPersonCharacter_C_14] MovableObj
[2016.02.19-21.30.17:332][641]LogBlueprintUserMessages: [ThirdPersonCharacter_C_14] TRUE
[2016.02.19-21.30.17:340][642]LogBlueprintUserMessages: [ThirdPersonCharacter_C_14] TRUE
[2016.02.19-21.30.17:348][643]LogBlueprintUserMessages: [ThirdPersonCharacter_C_14] TRUE
[2016.02.19-21.30.17:373][644]LogBlueprintUserMessages: [ThirdPersonCharacter_C_14] TRUE
[2016.02.19-21.30.17:702][671]LogBlueprintUserMessages: [ThirdPersonCharacter_C_14] MovableObj
[2016.02.19-21.30.19:447][826]LogBlueprintUserMessages: [ThirdPersonCharacter_C_14] MovableObj
[2016.02.19-21.30.20:621][931]LogBlueprintUserMessages: [ThirdPersonCharacter_C_14] TRUE
[2016.02.19-21.30.20:629][932]LogBlueprintUserMessages: [ThirdPersonCharacter_C_14] TRUE
[2016.02.19-21.30.20:637][933]LogBlueprintUserMessages: [ThirdPersonCharacter_C_14] TRUE
[2016.02.19-21.30.20:646][934]LogBlueprintUserMessages: [ThirdPersonCharacter_C_14] TRUE
[2016.02.19-21.30.21:926][ 45]LogBlueprintUserMessages: [ThirdPersonCharacter_C_14] MovableObj
[2016.02.19-21.30.22:143][ 59]LogBlueprintUserMessages: [ThirdPersonCharacter_C_14] MovableObj
[2016.02.19-21.30.23:238][159]LogBlueprintUserMessages: [ThirdPersonCharacter_C_14] MovableObj
[2016.02.19-21.30.23:478][179]LogBlueprintUserMessages: [ThirdPersonCharacter_C_14] TRUE
[2016.02.19-21.30.23:486][180]LogBlueprintUserMessages: [ThirdPersonCharacter_C_14] TRUE
[2016.02.19-21.30.23:495][181]LogBlueprintUserMessages: [ThirdPersonCharacter_C_14] TRUE
[2016.02.19-21.30.23:503][182]LogBlueprintUserMessages: [ThirdPersonCharacter_C_14] TRUE
[2016.02.19-21.30.23:511][183]LogBlueprintUserMessages: [ThirdPersonCharacter_C_14] TRUE
[2016.02.19-21.30.23:519][184]LogBlueprintUserMessages: [ThirdPersonCharacter_C_14] TRUE
[2016.02.19-21.30.23:527][185]LogBlueprintUserMessages: [ThirdPersonCharacter_C_14] TRUE
[2016.02.19-21.30.23:536][186]LogBlueprintUserMessages: [ThirdPersonCharacter_C_14] TRUE
[2016.02.19-21.30.23:544][187]LogBlueprintUserMessages: [ThirdPersonCharacter_C_14] TRUE
[2016.02.19-21.30.23:579][188]LogBlueprintUserMessages: [ThirdPersonCharacter_C_14] TRUE
[2016.02.19-21.30.23:586][189]LogBlueprintUserMessages: [ThirdPersonCharacter_C_14] TRUE
[2016.02.19-21.30.29:684][758]LogBlueprintUserMessages: [ThirdPersonCharacter_C_14] MovableObj
[2016.02.19-21.30.33:447][132]LogBlueprintUserMessages: [ThirdPersonCharacter_C_14] MovableObj
[2016.02.19-21.30.36:733][458]LogBlueprintUserMessages: [ThirdPersonCharacter_C_14] MovableObj
[2016.02.19-21.30.38:449][623]LogBlueprintUserMessages: [ThirdPersonCharacter_C_14] MovableObj
[2016.02.19-21.30.41:022][858]LogBlueprintUserMessages: [ThirdPersonCharacter_C_14] MovableObj
[2016.02.19-21.30.42:478][988]LogBlueprintUserMessages: [ThirdPersonCharacter_C_14] MovableObj
[2016.02.19-21.30.45:398][249]LogBlueprintUserMessages: [ThirdPersonCharacter_C_14] MovableObj
[2016.02.19-21.30.56:292][254]LogBlueprintUserMessages: Early EndPlayMap Detection: Level '/Game/Maps/ThirdPersonExampleMap.ThirdPersonExampleMap:PersistentLevel' has LevelScriptBlueprint '/Game/Maps/ThirdPersonExampleMap.ThirdPersonExampleMap:PersistentLevel.ThirdPersonExampleMap' with GeneratedClass '/Game/Maps/ThirdPersonExampleMap.ThirdPersonExampleMap_C' with ClassGeneratedBy '/Game/Maps/ThirdPersonExampleMap.ThirdPersonExampleMap:PersistentLevel.ThirdPersonExampleMap'
[2016.02.19-21.30.56:550][254]LogBlueprintUserMessages: Late EndPlayMap Detection: Level '/Game/Maps/ThirdPersonExampleMap.ThirdPersonExampleMap:PersistentLevel' has LevelScriptBlueprint '/Game/Maps/ThirdPersonExampleMap.ThirdPersonExampleMap:PersistentLevel.ThirdPersonExampleMap' with GeneratedClass '/Game/Maps/ThirdPersonExampleMap.ThirdPersonExampleMap_C' with ClassGeneratedBy '/Game/Maps/ThirdPersonExampleMap.ThirdPersonExampleMap:PersistentLevel.ThirdPersonExampleMap'
[2016.02.19-21.30.56:746][255]LogParticles: Destroying 0 GPU particle simulations for FXSystem 0x000000A66775BBA0
[2016.02.19-21.30.57:905][353]LogEditorViewport: Clicking on Actor (LMB): StaticMeshActor (Floor)
[2016.02.19-21.31.03:519][618]LogEditorViewport: Clicking on Actor (LMB): StaticMeshActor (Floor)
[2016.02.19-21.31.04:290][672]LogBlueprintUserMessages: Early PlayInEditor Detection: Level '/Game/Maps/ThirdPersonExampleMap.ThirdPersonExampleMap:PersistentLevel' has LevelScriptBlueprint '/Game/Maps/ThirdPersonExampleMap.ThirdPersonExampleMap:PersistentLevel.ThirdPersonExampleMap' with GeneratedClass '/Game/Maps/ThirdPersonExampleMap.ThirdPersonExampleMap_C' with ClassGeneratedBy '/Game/Maps/ThirdPersonExampleMap.ThirdPersonExampleMap:PersistentLevel.ThirdPersonExampleMap'
[2016.02.19-21.31.04:290][672]LogPlayLevel: PlayLevel: No blueprints needed recompiling
[2016.02.19-21.31.04:290][672]PIE: New page: PIE session: ThirdPersonExampleMap (19 Feb 2016 21:31:04)
[2016.02.19-21.31.04:290][672]LogPlayLevel: Creating play world package: /Game/Maps/UEDPIE_0_ThirdPersonExampleMap
[2016.02.19-21.31.04:312][672]LogPlayLevel: PIE: StaticDuplicateObject took: (0.021266s)
[2016.02.19-21.31.04:313][672]LogAIModule: Creating AISystem for world ThirdPersonExampleMap
[2016.02.19-21.31.04:313][672]LogPlayLevel: PIE: World Init took: (0.000959s)
[2016.02.19-21.31.04:313][672]LogPlayLevel: PIE: Created PIE world by copying editor world from /Game/Maps/ThirdPersonExampleMap.ThirdPersonExampleMap to /Game/Maps/UEDPIE_0_ThirdPersonExampleMap.ThirdPersonExampleMap (0.022459s)
[2016.02.19-21.31.04:397][672]LogInit: XAudio2 using 'Speakers (Realtek High Definition Audio)' : 2 channels at 48 kHz using 32 bits per sample (channel mask 0x3)
[2016.02.19-21.31.04:413][672]LogInit: FAudioDevice initialized.
[2016.02.19-21.31.04:450][672]LogWorld: Game class is 'GameMode'
[2016.02.19-21.31.04:458][672]LogWorld: Bringing World /Game/Maps/UEDPIE_0_ThirdPersonExampleMap.ThirdPersonExampleMap up for play (max tick rate 0) at 2016.02.19-21.31.04
[2016.02.19-21.31.04:458][672]LogActor:Warning: GameSession /Game/Maps/UEDPIE_0_ThirdPersonExampleMap.ThirdPersonExampleMap:PersistentLevel.GameSession_1 has natively added scene component(s), but none of them were set as the actor's RootComponent - picking one arbitrarily
[2016.02.19-21.31.04:459][672]LogActor:Warning: GameNetworkManager /Game/Maps/UEDPIE_0_ThirdPersonExampleMap.ThirdPersonExampleMap:PersistentLevel.GameNetworkManager_1 has natively added scene component(s), but none of them were set as the actor's RootComponent - picking one arbitrarily
[2016.02.19-21.31.04:459][672]LogWorld: Bringing up level for play took: 0.008736
[2016.02.19-21.31.04:466][672]PIE: Info Play in editor start time for /Game/Maps/UEDPIE_0_ThirdPersonExampleMap -0.737
[2016.02.19-21.31.04:466][672]LogBlueprintUserMessages: Late PlayInEditor Detection: Level '/Game/Maps/ThirdPersonExampleMap.ThirdPersonExampleMap:PersistentLevel' has LevelScriptBlueprint '/Game/Maps/ThirdPersonExampleMap.ThirdPersonExampleMap:PersistentLevel.ThirdPersonExampleMap' with GeneratedClass '/Game/Maps/ThirdPersonExampleMap.ThirdPersonExampleMap_C' with ClassGeneratedBy '/Game/Maps/ThirdPersonExampleMap.ThirdPersonExampleMap:PersistentLevel.ThirdPersonExampleMap'
[2016.02.19-21.31.06:297][833]Cmd: LevelEditor.ToggleImmersive
[2016.02.19-21.31.06:630][834]LogRenderer: Reallocating scene render targets to support 2500x1440 (Frame:9866).
[2016.02.19-21.31.06:679][836]LogRenderTargetPool:Warning: r.RenderTargetPoolMin exceeded 574/400 MB (ok in editor, bad on fixed memory platform)
[2016.02.19-21.31.13:187][124]LogBlueprintUserMessages: [ThirdPersonCharacter_C_14] MovableObj
[2016.02.19-21.31.49:711][713]LogBlueprintUserMessages: [ThirdPersonCharacter_C_14] TRUE
[2016.02.19-21.31.55:845][957]LogBlueprintUserMessages: [ThirdPersonCharacter_C_14] TRUE
[2016.02.19-21.31.59:127][120]LogBlueprintUserMessages: [ThirdPersonCharacter_C_14] TRUE
[2016.02.19-21.32.03:548][343]LogBlueprintUserMessages: [ThirdPersonCharacter_C_14] TRUE
[2016.02.19-21.32.05:748][456]LogBlueprintUserMessages: [ThirdPersonCharacter_C_14] TRUE
[2016.02.19-21.32.21:819][272]LogBlueprintUserMessages: [ThirdPersonCharacter_C_14] TRUE
[2016.02.19-21.32.36:226][ 17]LogBlueprintUserMessages: [ThirdPersonCharacter_C_14] TRUE
[2016.02.19-21.32.52:549][660]LogBlueprintUserMessages: [ThirdPersonCharacter_C_14] TRUE
[2016.02.19-21.32.52:603][661]LogBlueprintUserMessages: [ThirdPersonCharacter_C_14] TRUE
[2016.02.19-21.32.52:616][662]LogBlueprintUserMessages: [ThirdPersonCharacter_C_14] TRUE
[2016.02.19-21.32.52:632][663]LogBlueprintUserMessages: [ThirdPersonCharacter_C_14] TRUE
[2016.02.19-21.32.52:649][664]LogBlueprintUserMessages: [ThirdPersonCharacter_C_14] TRUE
[2016.02.19-21.32.58:742][968]LogBlueprintUserMessages: [ThirdPersonCharacter_C_14] TRUE
[2016.02.19-21.32.58:791][969]LogBlueprintUserMessages: [ThirdPersonCharacter_C_14] TRUE
[2016.02.19-21.32.58:803][970]LogBlueprintUserMessages: [ThirdPersonCharacter_C_14] TRUE
[2016.02.19-21.32.58:818][971]LogBlueprintUserMessages: [ThirdPersonCharacter_C_14] TRUE
[2016.02.19-21.32.58:829][972]LogBlueprintUserMessages: [ThirdPersonCharacter_C_14] TRUE
[2016.02.19-21.32.58:843][973]LogBlueprintUserMessages: [ThirdPersonCharacter_C_14] TRUE
[2016.02.19-21.32.58:891][974]LogBlueprintUserMessages: [ThirdPersonCharacter_C_14] TRUE
[2016.02.19-21.32.58:902][975]LogBlueprintUserMessages: [ThirdPersonCharacter_C_14] TRUE
[2016.02.19-21.32.58:916][976]LogBlueprintUserMessages: [ThirdPersonCharacter_C_14] TRUE
[2016.02.19-21.32.58:928][977]LogBlueprintUserMessages: [ThirdPersonCharacter_C_14] TRUE
[2016.02.19-21.32.58:943][978]LogBlueprintUserMessages: [ThirdPersonCharacter_C_14] TRUE
[2016.02.19-21.32.58:991][979]LogBlueprintUserMessages: [ThirdPersonCharacter_C_14] TRUE
[2016.02.19-21.32.59:002][980]LogBlueprintUserMessages: [ThirdPersonCharacter_C_14] TRUE
[2016.02.19-21.32.59:015][981]LogBlueprintUserMessages: [ThirdPersonCharacter_C_14] TRUE
[2016.02.19-21.32.59:029][982]LogBlueprintUserMessages: [ThirdPersonCharacter_C_14] TRUE
[2016.02.19-21.32.59:044][983]LogBlueprintUserMessages: [ThirdPersonCharacter_C_14] TRUE
[2016.02.19-21.33.23:290][852]LogBlueprintUserMessages: [ThirdPersonCharacter_C_14] TRUE
[2016.02.19-21.33.23:306][853]LogBlueprintUserMessages: [ThirdPersonCharacter_C_14] TRUE
[2016.02.19-21.33.23:324][854]LogBlueprintUserMessages: [ThirdPersonCharacter_C_14] TRUE
[2016.02.19-21.33.23:340][855]LogBlueprintUserMessages: [ThirdPersonCharacter_C_14] TRUE
[2016.02.19-21.33.23:378][856]LogBlueprintUserMessages: [ThirdPersonCharacter_C_14] TRUE
[2016.02.19-21.33.23:391][857]LogBlueprintUserMessages: [ThirdPersonCharacter_C_14] TRUE
[2016.02.19-21.33.25:381][952]LogBlueprintUserMessages: [ThirdPersonCharacter_C_14] TRUE
[2016.02.19-21.33.25:392][953]LogBlueprintUserMessages: [ThirdPersonCharacter_C_14] TRUE
[2016.02.19-21.33.25:406][954]LogBlueprintUserMessages: [ThirdPersonCharacter_C_14] TRUE
[2016.02.19-21.33.25:422][955]LogBlueprintUserMessages: [ThirdPersonCharacter_C_14] TRUE
[2016.02.19-21.33.25:436][956]LogBlueprintUserMessages: [ThirdPersonCharacter_C_14] TRUE
[2016.02.19-21.33.25:451][957]LogBlueprintUserMessages: [ThirdPersonCharacter_C_14] TRUE
[2016.02.19-21.33.28:583][129]LogBlueprintUserMessages: [ThirdPersonCharacter_C_14] TRUE
[2016.02.19-21.33.28:594][130]LogBlueprintUserMessages: [ThirdPersonCharacter_C_14] TRUE
[2016.02.19-21.33.28:607][131]LogBlueprintUserMessages: [ThirdPersonCharacter_C_14] TRUE
[2016.02.19-21.33.28:621][132]LogBlueprintUserMessages: [ThirdPersonCharacter_C_14] TRUE
[2016.02.19-21.33.28:635][133]LogBlueprintUserMessages: [ThirdPersonCharacter_C_14] TRUE
[2016.02.19-21.33.28:650][134]LogBlueprintUserMessages: [ThirdPersonCharacter_C_14] TRUE
[2016.02.19-21.33.28:683][135]LogBlueprintUserMessages: [ThirdPersonCharacter_C_14] TRUE
[2016.02.19-21.33.28:694][136]LogBlueprintUserMessages: [ThirdPersonCharacter_C_14] TRUE
[2016.02.19-21.33.28:708][137]LogBlueprintUserMessages: [ThirdPersonCharacter_C_14] TRUE
[2016.02.19-21.33.28:721][138]LogBlueprintUserMessages: [ThirdPersonCharacter_C_14] TRUE
[2016.02.19-21.33.28:736][139]LogBlueprintUserMessages: [ThirdPersonCharacter_C_14] TRUE
[2016.02.19-21.33.28:783][140]LogBlueprintUserMessages: [ThirdPersonCharacter_C_14] TRUE
[2016.02.19-21.33.28:795][141]LogBlueprintUserMessages: [ThirdPersonCharacter_C_14] TRUE
[2016.02.19-21.33.28:810][142]LogBlueprintUserMessages: [ThirdPersonCharacter_C_14] TRUE
[2016.02.19-21.33.28:821][143]LogBlueprintUserMessages: [ThirdPersonCharacter_C_14] TRUE
[2016.02.19-21.33.28:836][144]LogBlueprintUserMessages: [ThirdPersonCharacter_C_14] TRUE
[2016.02.19-21.33.28:883][145]LogBlueprintUserMessages: [ThirdPersonCharacter_C_14] TRUE
[2016.02.19-21.33.28:894][146]LogBlueprintUserMessages: [ThirdPersonCharacter_C_14] TRUE
[2016.02.19-21.33.28:907][147]LogBlueprintUserMessages: [ThirdPersonCharacter_C_14] TRUE
[2016.02.19-21.33.28:923][148]LogBlueprintUserMessages: [ThirdPersonCharacter_C_14] TRUE
[2016.02.19-21.33.32:027][305]LogBlueprintUserMessages: [ThirdPersonCharacter_C_14] TRUE
[2016.02.19-21.33.32:042][306]LogBlueprintUserMessages: [ThirdPersonCharacter_C_14] TRUE
[2016.02.19-21.33.32:086][307]LogBlueprintUserMessages: [ThirdPersonCharacter_C_14] TRUE
[2016.02.19-21.33.32:097][308]LogBlueprintUserMessages: [ThirdPersonCharacter_C_14] TRUE
[2016.02.19-21.33.32:111][309]LogBlueprintUserMessages: [ThirdPersonCharacter_C_14] TRUE
[2016.02.19-21.33.32:124][310]LogBlueprintUserMessages: [ThirdPersonCharacter_C_14] TRUE
[2016.02.19-21.33.32:140][311]LogBlueprintUserMessages: [ThirdPersonCharacter_C_14] TRUE
[2016.02.19-21.33.32:186][312]LogBlueprintUserMessages: [ThirdPersonCharacter_C_14] TRUE
[2016.02.19-21.33.32:197][313]LogBlueprintUserMessages: [ThirdPersonCharacter_C_14] TRUE
[2016.02.19-21.33.32:211][314]LogBlueprintUserMessages: [ThirdPersonCharacter_C_14] TRUE
[2016.02.19-21.33.32:224][315]LogBlueprintUserMessages: [ThirdPersonCharacter_C_14] TRUE
[2016.02.19-21.33.32:240][316]LogBlueprintUserMessages: [ThirdPersonCharacter_C_14] TRUE
[2016.02.19-21.33.32:286][317]LogBlueprintUserMessages: [ThirdPersonCharacter_C_14] TRUE
[2016.02.19-21.33.32:297][318]LogBlueprintUserMessages: [ThirdPersonCharacter_C_14] TRUE
[2016.02.19-21.33.33:622][386]LogBlueprintUserMessages: [ThirdPersonCharacter_C_14] TRUE
[2016.02.19-21.33.38:842][649]LogBlueprintUserMessages: [ThirdPersonCharacter_C_14] TRUE
[2016.02.19-21.33.48:131][100]LogBlueprintUserMessages: [ThirdPersonCharacter_C_14] TRUE
[2016.02.19-21.33.51:597][298]LogBlueprintUserMessages: [ThirdPersonCharacter_C_14] TRUE
[2016.02.19-21.33.56:089][523]LogBlueprintUserMessages: [ThirdPersonCharacter_C_14] TRUE
[2016.02.19-21.33.56:100][524]LogBlueprintUserMessages: [ThirdPersonCharacter_C_14] TRUE
[2016.02.19-21.33.56:116][525]LogBlueprintUserMessages: [ThirdPersonCharacter_C_14] TRUE
[2016.02.19-21.33.56:129][526]LogBlueprintUserMessages: [ThirdPersonCharacter_C_14] TRUE
[2016.02.19-21.33.56:146][527]LogBlueprintUserMessages: [ThirdPersonCharacter_C_14] TRUE
[2016.02.19-21.33.56:189][528]LogBlueprintUserMessages: [ThirdPersonCharacter_C_14] TRUE
[2016.02.19-21.33.56:200][529]LogBlueprintUserMessages: [ThirdPersonCharacter_C_14] TRUE
[2016.02.19-21.33.56:214][530]LogBlueprintUserMessages: [ThirdPersonCharacter_C_14] TRUE
[2016.02.19-21.33.56:230][531]LogBlueprintUserMessages: [ThirdPersonCharacter_C_14] TRUE
[2016.02.19-21.33.56:246][532]LogBlueprintUserMessages: [ThirdPersonCharacter_C_14] TRUE
[2016.02.19-21.33.56:289][533]LogBlueprintUserMessages: [ThirdPersonCharacter_C_14] TRUE
[2016.02.19-21.33.56:300][534]LogBlueprintUserMessages: [ThirdPersonCharacter_C_14] TRUE
[2016.02.19-21.33.56:316][535]LogBlueprintUserMessages: [ThirdPersonCharacter_C_14] TRUE
[2016.02.19-21.33.56:333][536]LogBlueprintUserMessages: [ThirdPersonCharacter_C_14] TRUE
[2016.02.19-21.33.56:348][537]LogBlueprintUserMessages: [ThirdPersonCharacter_C_14] TRUE
[2016.02.19-21.33.56:390][538]LogBlueprintUserMessages: [ThirdPersonCharacter_C_14] TRUE
[2016.02.19-21.33.56:400][539]LogBlueprintUserMessages: [ThirdPersonCharacter_C_14] TRUE
[2016.02.19-21.33.56:415][540]LogBlueprintUserMessages: [ThirdPersonCharacter_C_14] TRUE
[2016.02.19-21.34.01:796][805]LogBlueprintUserMessages: Early EndPlayMap Detection: Level '/Game/Maps/ThirdPersonExampleMap.ThirdPersonExampleMap:PersistentLevel' has LevelScriptBlueprint '/Game/Maps/ThirdPersonExampleMap.ThirdPersonExampleMap:PersistentLevel.ThirdPersonExampleMap' with GeneratedClass '/Game/Maps/ThirdPersonExampleMap.ThirdPersonExampleMap_C' with ClassGeneratedBy '/Game/Maps/ThirdPersonExampleMap.ThirdPersonExampleMap:PersistentLevel.ThirdPersonExampleMap'
[2016.02.19-21.34.01:866][805]LogBlueprintUserMessages: Late EndPlayMap Detection: Level '/Game/Maps/ThirdPersonExampleMap.ThirdPersonExampleMap:PersistentLevel' has LevelScriptBlueprint '/Game/Maps/ThirdPersonExampleMap.ThirdPersonExampleMap:PersistentLevel.ThirdPersonExampleMap' with GeneratedClass '/Game/Maps/ThirdPersonExampleMap.ThirdPersonExampleMap_C' with ClassGeneratedBy '/Game/Maps/ThirdPersonExampleMap.ThirdPersonExampleMap:PersistentLevel.ThirdPersonExampleMap'
[2016.02.19-21.34.01:897][805]LogParticles: Destroying 0 GPU particle simulations for FXSystem 0x000000A6178AAF20
[2016.02.19-21.34.05:381][933]Cmd: SELECT NONE
[2016.02.19-21.34.17:121][657]LogTexture:Display: Building textures: T_ML_Rubber_Blue_01_D (DXT1)
[2016.02.19-21.34.17:320][657]LogTexture:Display: Building textures: T_ML_Rubber_Blue_01_N (BC5)
[2016.02.19-21.34.17:368][657]LogTexture:Display: Building textures: T_ML_Aluminum01 (DXT1)
[2016.02.19-21.34.17:508][657]LogTexture:Display: Building textures: T_ML_Aluminum01_N (BC5)
[2016.02.19-21.34.17:546][657]LogTexture:Display: Building textures: UE4_Mannequin_MAT_MASKA (AutoDXT)
[2016.02.19-21.34.17:813][657]LogTexture:Display: Building textures: UE4_Mannequin__normals (BC5)
[2016.02.19-21.34.18:299][657]LogTexture:Display: Building textures: UE4_Mannequin_occlusion_Mobile (DXT1)
[2016.02.19-21.34.18:405][657]LogMaterial: Missing cached shader map for material M_UE4Man_Body, compiling. 
[2016.02.19-21.34.18:696][657]LogTexture:Display: Building textures: UE4Man_Logo_N (BC5)
[2016.02.19-21.34.18:723][657]LogMaterial: Missing cached shader map for material M_UE4Man_Body, compiling. 
[2016.02.19-21.34.34:730][365]LogMaterial:Warning: Material /Game/Materials/moss.moss needed to have new flag set bUsedWithSkeletalMesh !
[2016.02.19-21.34.34:739][365]LogMaterial: Missing cached shader map for material moss, compiling. 
[2016.02.19-21.34.34:819][365]LogMaterial: 0.014283 seconds spent updating 1 materials, 1 interfaces, 1 instances, 0 with static permutations.
[2016.02.19-21.35.36:950][345]LogRenderTargetPool:Warning: r.RenderTargetPoolMin exceeded 625/400 MB (ok in editor, bad on fixed memory platform)
[2016.02.19-21.36.00:386][ 18]LogEditorViewport: Clicking on Actor (LMB): SkeletalMeshActor (SK_Mannequin)
[2016.02.19-21.36.17:312][112]Cmd: TRANSACTION UNDO
[2016.02.19-21.36.17:312][112]LogEditorTransaction: Undo Move Actors
[2016.02.19-21.36.17:408][112]Cmd: TRANSACTION UNDO
[2016.02.19-21.36.17:408][112]LogEditorTransaction: Undo Rotate Actors
[2016.02.19-21.36.17:974][150]Cmd: TRANSACTION UNDO
[2016.02.19-21.36.17:974][150]LogEditorTransaction: Undo Move Actors
[2016.02.19-21.36.36:022][423]LogEditorViewport: Clicking on Actor (LMB): SkeletalMeshActor (SK_Mannequin)
[2016.02.19-21.36.36:966][474]Cmd: DELETE
[2016.02.19-21.36.36:966][474]Cmd: ACTOR DELETE
[2016.02.19-21.36.36:998][474]LogEditorActor: Deleted Actor: SkeletalMeshActor
[2016.02.19-21.36.36:999][474]LogActorComponent: UnregisterComponent: (/Engine/Transient.CharMoveComp) Not registered. Aborting.
[2016.02.19-21.36.37:012][474]LogEditorActor: Deleted 1 Actors (0.042 secs)
[2016.02.19-21.37.53:590][362]LogRenderTargetPool:Warning: r.RenderTargetPoolMin exceeded 625/400 MB (ok in editor, bad on fixed memory platform)
[2016.02.19-21.38.29:688][343]LogRenderTargetPool:Warning: r.RenderTargetPoolMin exceeded 625/400 MB (ok in editor, bad on fixed memory platform)
[2016.02.19-21.39.04:473][632]LogRenderTargetPool:Warning: r.RenderTargetPoolMin exceeded 625/400 MB (ok in editor, bad on fixed memory platform)
[2016.02.19-21.39.06:835][794]LogLinker:Warning: Can't find file '/Game/StarterContent/Props/Materials/M_Rock'
[2016.02.19-21.39.06:835][794]LogLinker:Warning: Can't find file for asset '/Game/StarterContent/Props/Materials/M_Rock' while loading J:/Work/Uni/Year 2/Off The Map/ForestTale/Content/SM_Rock.uasset.
[2016.02.19-21.39.06:880][794]LoadErrors:Error: Error /Game/SM_Rock : Can't find file for asset. /Game/StarterContent/Props/Materials/M_Rock
[2016.02.19-21.39.06:880][794]LogLinker:Warning: Can't find file '/Game/StarterContent/Props/Materials/M_Rock'
[2016.02.19-21.39.06:880][794]LogLinker:Warning: Can't find file for asset '/Game/StarterContent/Props/Materials/M_Rock' while loading J:/Work/Uni/Year 2/Off The Map/ForestTale/Content/SM_Rock.uasset.
[2016.02.19-21.39.06:900][794]LogLinker:Warning: Can't find file '/Game/StarterContent/Props/Materials/M_Rock'
[2016.02.19-21.39.06:900][794]LoadErrors: Info Failed to load /Game/StarterContent/Props/Materials/M_Rock.M_Rock Referenced by SM_Rock
[2016.02.19-21.39.06:900][794]LogLinker:Warning: Can't find file for asset '/Game/StarterContent/Props/Materials/M_Rock' while loading NULL.
[2016.02.19-21.39.06:988][794]LogActorFactory: Actor Factory created SM_Rock
[2016.02.19-21.39.07:651][835]LogActorFactory: Actor Factory created SM_Rock
[2016.02.19-21.39.16:035][422]LogEditorViewport: Clicking on Actor (LMB): StaticMeshActor (SM_Rock)
[2016.02.19-21.39.36:395][974]Cmd: TRANSACTION UNDO
[2016.02.19-21.39.36:395][974]LogEditorTransaction: Undo Rotate Actors
[2016.02.19-21.39.55:005][414]Cmd: TRANSACTION UNDO
[2016.02.19-21.39.55:005][414]LogEditorTransaction: Undo Scale Actors
[2016.02.19-21.39.55:018][414]Cmd: EDIT CUT
[2016.02.19-21.39.55:073][414]LogEditorActor: Deleted Actor: StaticMeshActor
[2016.02.19-21.39.55:073][414]LogActorComponent: UnregisterComponent: (/Engine/Transient.CharMoveComp) Not registered. Aborting.
[2016.02.19-21.39.55:098][414]LogEditorActor: Deleted 1 Actors (0.026 secs)
[2016.02.19-21.39.55:927][464]LogEditorViewport: Clicking on Actor (LMB): StaticMeshActor (SM_Rock2)
[2016.02.19-21.40.20:055][334]LogLinker:Warning: Can't find file '/Game/StarterContent/Props/SM_Rock'
[2016.02.19-21.40.20:056][334]LogLinker:Warning: Can't find file '/Game/StarterContent/Props/SM_Rock'
[2016.02.19-21.40.20:076][334]LogUObjectGlobals:Warning: Failed to find object 'Object /Game/StarterContent/Props/SM_Rock.SM_Rock'
[2016.02.19-21.41.20:177][158]LogEditorViewport: Clicking on Actor (LMB): StaticMeshActor (SM_Rock2)
[2016.02.19-21.41.20:776][195]Cmd: DELETE
[2016.02.19-21.41.20:776][195]Cmd: ACTOR DELETE
[2016.02.19-21.41.20:777][195]LogEditorActor: Deleted Actor: StaticMeshActor
[2016.02.19-21.41.20:795][195]LogEditorActor: Deleted 1 Actors (0.019 secs)
[2016.02.19-21.41.21:336][230]LogEditorViewport: Clicking on Actor (LMB): StaticMeshActor (SM_Rock)
[2016.02.19-21.41.21:361][230]Cmd: DELETE
[2016.02.19-21.41.21:361][230]Cmd: ACTOR DELETE
[2016.02.19-21.41.21:362][230]LogEditorActor: Deleted Actor: StaticMeshActor
[2016.02.19-21.41.21:371][230]LogEditorActor: Deleted 1 Actors (0.010 secs)
[2016.02.19-21.41.25:208][429]LogRenderTargetPool:Warning: r.RenderTargetPoolMin exceeded 639/400 MB (ok in editor, bad on fixed memory platform)
[2016.02.19-21.41.42:033][601]LogEditorViewport: Clicking on Actor (LMB): MovableObj_C (MovableObj)
[2016.02.19-21.41.57:475][718]LogEditorViewport: Clicking on Actor (LMB): StaticMeshActor (Floor)
[2016.02.19-21.42.04:680][267]LogEditorViewport: Clicking on Actor (LMB): StaticMeshActor (Floor)
[2016.02.19-21.42.25:006][798]Cmd: TRANSACTION UNDO
[2016.02.19-21.42.25:006][798]LogEditorTransaction: Undo Create Actors
[2016.02.19-21.42.27:883][993]LogEditorViewport: Clicking on Actor (LMB): ThirdPersonCharacter_C (ThirdPersonCharacter)
[2016.02.19-21.42.37:713][568]LogActorComponent: UnregisterComponent: (/Engine/Transient.CharMoveComp) Not registered. Aborting.
[2016.02.19-21.42.37:825][568]LogParticles: Destroying 0 GPU particle simulations for FXSystem 0x000000A667758360
[2016.02.19-21.42.39:210][568]LogWindowsTextInputMethodSystem:Display: IME system now deactivated.
[2016.02.19-21.42.39:691][569]Cmd: QUIT_EDITOR
[2016.02.19-21.42.40:782][569]LogExit: Preparing to exit.
[2016.02.19-21.42.41:470][569]LogExit: Editor shut down
[2016.02.19-21.42.41:473][569]LogExit: Transaction tracking system shut down
[2016.02.19-21.42.41:476][569]LogParticles: Destroying 0 GPU particle simulations for FXSystem 0x000000A6184F0D60
[2016.02.19-21.42.41:476][569]LogParticles: Destroying 0 GPU particle simulations for FXSystem 0x000000A675B54E00
[2016.02.19-21.42.41:478][569]LogParticles: Destroying 0 GPU particle simulations for FXSystem 0x000000A65A8E6480
[2016.02.19-21.42.41:554][569]LogParticles: Destroying 0 GPU particle simulations for FXSystem 0x000000A61883BF60
[2016.02.19-21.42.41:554][569]LogParticles: Destroying 0 GPU particle simulations for FXSystem 0x000000A667748180
[2016.02.19-21.42.41:554][569]LogParticles: Destroying 0 GPU particle simulations for FXSystem 0x000000A6184F0A40
[2016.02.19-21.42.42:952][569]LogParticles: Destroying 0 GPU particle simulations for FXSystem 0x000000A676929800
[2016.02.19-21.42.42:952][569]LogExit: Object subsystem successfully closed.
[2016.02.19-21.42.43:151][569]LogD3D11RHI: Shutdown
[2016.02.19-21.42.43:151][569]LogD3D11RHI: CleanupD3DDevice
[2016.02.19-21.42.43:301][569]LogD3D11RHI: ~FD3D11DynamicRHI
[2016.02.19-21.42.43:979][569]LogModuleManager: Shutting down and abandoning module MaterialEditor (201)
[2016.02.19-21.42.43:982][569]LogModuleManager: Shutting down and abandoning module CrashTracker (200)
[2016.02.19-21.42.43:982][569]LogModuleManager: Shutting down and abandoning module SceneOutliner (199)
[2016.02.19-21.42.43:982][569]LogModuleManager: Shutting down and abandoning module SuperSearch (198)
[2016.02.19-21.42.43:982][569]LogModuleManager: Shutting down and abandoning module WidgetCarousel (197)
[2016.02.19-21.42.43:990][569]LogModuleManager: Shutting down and abandoning module AddContentDialog (196)
[2016.02.19-21.42.44:007][569]LogModuleManager: Shutting down and abandoning module EditorWidgets (195)
[2016.02.19-21.42.44:007][569]LogModuleManager: Shutting down and abandoning module CollectionManager (194)
[2016.02.19-21.42.44:034][569]LogModuleManager: Shutting down and abandoning module StatsViewer (193)
[2016.02.19-21.42.44:056][569]LogModuleManager: Shutting down and abandoning module FoliageEdit (192)
[2016.02.19-21.42.44:070][569]LogModuleManager: Shutting down and abandoning module LandscapeEditor (191)
[2016.02.19-21.42.44:096][569]LogModuleManager: Shutting down and abandoning module ActorPickerMode (190)
[2016.02.19-21.42.44:096][569]LogModuleManager: Shutting down and abandoning module GeometryMode (189)
[2016.02.19-21.42.44:096][569]LogModuleManager: Shutting down and abandoning module TextureAlignMode (188)
[2016.02.19-21.42.44:096][569]LogModuleManager: Shutting down and abandoning module BspMode (187)
[2016.02.19-21.42.44:096][569]LogModuleManager: Shutting down and abandoning module PlacementMode (186)
[2016.02.19-21.42.44:096][569]LogModuleManager: Shutting down and abandoning module AutomationWorker (185)
[2016.02.19-21.42.44:096][569]LogModuleManager: Shutting down and abandoning module CharacterAI (184)
[2016.02.19-21.42.44:096][569]LogModuleManager: Shutting down and abandoning module SmartSnapping (183)
[2016.02.19-21.42.44:096][569]LogModuleManager: Shutting down and abandoning module ViewportSnapping (182)
[2016.02.19-21.42.44:096][569]LogModuleManager: Shutting down and abandoning module LogVisualizer (181)
[2016.02.19-21.42.44:121][569]LogModuleManager: Shutting down and abandoning module GameProjectGeneration (180)
[2016.02.19-21.42.44:158][569]LogModuleManager: Shutting down and abandoning module IntroTutorials (179)
[2016.02.19-21.42.44:180][569]LogModuleManager: Shutting down and abandoning module EditorLiveStreaming (178)
[2016.02.19-21.42.44:180][569]LogModuleManager: Shutting down and abandoning module IOSPlatformEditor (177)
[2016.02.19-21.42.44:191][569]LogModuleManager: Shutting down and abandoning module HTML5PlatformEditor (176)
[2016.02.19-21.42.44:192][569]LogModuleManager: Shutting down and abandoning module AndroidDeviceDetection (175)
[2016.02.19-21.42.44:863][569]LogModuleManager: Shutting down and abandoning module AndroidPlatformEditor (174)
[2016.02.19-21.42.44:863][569]LogModuleManager: Shutting down and abandoning module IOSRuntimeSettings (173)
[2016.02.19-21.42.44:863][569]LogModuleManager: Shutting down and abandoning module AndroidRuntimeSettings (172)
[2016.02.19-21.42.44:863][569]LogModuleManager: Shutting down and abandoning module MergeActors (171)
[2016.02.19-21.42.44:902][569]LogModuleManager: Shutting down and abandoning module SizeMap (170)
[2016.02.19-21.42.44:902][569]LogModuleManager: Shutting down and abandoning module TreeMap (169)
[2016.02.19-21.42.44:926][569]LogModuleManager: Shutting down and abandoning module ReferenceViewer (168)
[2016.02.19-21.42.44:938][569]LogModuleManager: Shutting down and abandoning module LocalizationService (167)
[2016.02.19-21.42.44:951][569]LogModuleManager: Shutting down and abandoning module LocalizationDashboard (166)
[2016.02.19-21.42.44:957][569]LogModuleManager: Shutting down and abandoning module HardwareTargeting (165)
[2016.02.19-21.42.44:970][569]LogModuleManager: Shutting down and abandoning module DeviceProfileEditor (164)
[2016.02.19-21.42.44:991][569]LogModuleManager: Shutting down and abandoning module UndoHistory (163)
[2016.02.19-21.42.45:000][569]LogModuleManager: Shutting down and abandoning module GameplayTagsEditor (162)
[2016.02.19-21.42.45:004][569]LogModuleManager: Shutting down and abandoning module UserFeedback (161)
[2016.02.19-21.42.45:004][569]LogModuleManager: Shutting down and abandoning module XmlParser (160)
[2016.02.19-21.42.45:005][569]LogModuleManager: Shutting down and abandoning module Blutility (159)
[2016.02.19-21.42.45:005][569]LogModuleManager: Shutting down and abandoning module ProjectTargetPlatformEditor (158)
[2016.02.19-21.42.45:011][569]LogModuleManager: Shutting down and abandoning module ProjectSettingsViewer (157)
[2016.02.19-21.42.45:011][569]LogModuleManager: Shutting down and abandoning module InputBindingEditor (156)
[2016.02.19-21.42.45:023][569]LogModuleManager: Shutting down and abandoning module EditorSettingsViewer (155)
[2016.02.19-21.42.45:023][569]LogModuleManager: Shutting down and abandoning module SettingsEditor (154)
[2016.02.19-21.42.45:035][569]LogModuleManager: Shutting down and abandoning module ProjectLauncher (153)
[2016.02.19-21.42.45:043][569]LogModuleManager: Shutting down and abandoning module SessionFrontend (152)
[2016.02.19-21.42.45:060][569]LogModuleManager: Shutting down and abandoning module ProfilerClient (151)
[2016.02.19-21.42.45:064][569]LogModuleManager: Shutting down and abandoning module TargetDeviceServices (150)
[2016.02.19-21.42.45:086][569]LogModuleManager: Shutting down and abandoning module DeviceManager (149)
[2016.02.19-21.42.45:097][569]LogModuleManager: Shutting down and abandoning module AutomationController (148)
[2016.02.19-21.42.45:107][569]LogModuleManager: Shutting down and abandoning module AutomationWindow (147)
[2016.02.19-21.42.45:119][569]LogModuleManager: Shutting down and abandoning module Layers (146)
[2016.02.19-21.42.45:148][569]LogModuleManager: Shutting down and abandoning module ComponentVisualizers (145)
[2016.02.19-21.42.45:148][569]LogModuleManager: Shutting down and abandoning module DetailCustomizations (144)
[2016.02.19-21.42.45:148][569]LogModuleManager: Shutting down and abandoning module PackagesDialog (143)
[2016.02.19-21.42.45:149][569]LogModuleManager: Shutting down and abandoning module Persona (142)
[2016.02.19-21.42.45:240][569]LogModuleManager: Shutting down and abandoning module Kismet (141)
[2016.02.19-21.42.45:256][569]LogModuleManager: Shutting down and abandoning module GraphEditor (140)
[2016.02.19-21.42.45:306][569]LogModuleManager: Shutting down and abandoning module ClassViewer (139)
[2016.02.19-21.42.45:314][569]LogModuleManager: Shutting down and abandoning module Toolbox (138)
[2016.02.19-21.42.45:314][569]LogModuleManager: Shutting down and abandoning module ModuleUI (137)
[2016.02.19-21.42.45:325][569]LogModuleManager: Shutting down and abandoning module MovieSceneTools (136)
[2016.02.19-21.42.45:340][569]LogModuleManager: Shutting down and abandoning module OutputLog (135)
[2016.02.19-21.42.45:340][569]LogModuleManager: Shutting down and abandoning module GammaUI (134)
[2016.02.19-21.42.45:343][569]LogModuleManager: Shutting down and abandoning module Documentation (133)
[2016.02.19-21.42.45:343][569]LogModuleManager: Shutting down and abandoning module GameLiveStreaming (132)
[2016.02.19-21.42.45:346][569]LogModuleManager: Shutting down and abandoning module StreamingPauseRendering (131)
[2016.02.19-21.42.45:346][569]LogModuleManager: Shutting down and abandoning module AnalyticsET (130)
[2016.02.19-21.42.45:346][569]LogModuleManager: Shutting down and abandoning module Analytics (129)
[2016.02.19-21.42.45:346][569]LogModuleManager: Shutting down and abandoning module AITestSuite (128)
[2016.02.19-21.42.45:359][569]LogModuleManager: Shutting down and abandoning module GameplayDebugger (127)
[2016.02.19-21.42.45:373][569]LogModuleManager: Shutting down and abandoning module AIModule (126)
[2016.02.19-21.42.45:373][569]LogModuleManager: Shutting down and abandoning module ProfilerService (125)
[2016.02.19-21.42.45:508][569]LogModuleManager: Shutting down and abandoning module TaskGraph (124)
[2016.02.19-21.42.45:541][569]LogModuleManager: Shutting down and abandoning module SubstanceEditor (123)
[2016.02.19-21.42.45:546][569]LogModuleManager: Shutting down and abandoning module SlateRemote (122)
[2016.02.19-21.42.45:546][569]LogModuleManager: Shutting down and abandoning module SteamVRController (121)
[2016.02.19-21.42.45:546][569]LogModuleManager: Shutting down and abandoning module SteamVR (120)
[2016.02.19-21.42.45:546][569]LogModuleManager: Shutting down and abandoning module ProceduralMeshComponent (119)
[2016.02.19-21.42.45:546][569]LogModuleManager: Shutting down and abandoning module OculusLibrary (118)
[2016.02.19-21.42.45:546][569]LogModuleManager: Shutting down and abandoning module OculusInput (117)
[2016.02.19-21.42.45:546][569]LogModuleManager: Shutting down and abandoning module LeapMotionController (116)
[2016.02.19-21.42.45:583][569]LogModuleManager: Shutting down and abandoning module CustomMeshComponent (115)
[2016.02.19-21.42.45:583][569]LogModuleManager: Shutting down and abandoning module CableComponent (114)
[2016.02.19-21.42.45:590][569]LogModuleManager: Shutting down and abandoning module ArchVisCharacter (113)
[2016.02.19-21.42.45:590][569]LogModuleManager: Shutting down and abandoning module MessagingDebugger (112)
[2016.02.19-21.42.45:628][569]LogModuleManager: Shutting down and abandoning module MediaPlayerEditor (111)
[2016.02.19-21.42.45:659][569]LogModuleManager: Shutting down and abandoning module HTML5Networking (110)
[2016.02.19-21.42.45:659][569]LogModuleManager: Shutting down and abandoning module SpeedTreeImporter (109)
[2016.02.19-21.42.45:659][569]LogModuleManager: Shutting down and abandoning module PluginBrowser (108)
[2016.02.19-21.42.45:687][569]LogModuleManager: Shutting down and abandoning module EpicSurvey (107)
[2016.02.19-21.42.45:696][569]LogModuleManager: Shutting down and abandoning module DesktopPlatform (106)
[2016.02.19-21.42.45:706][569]LogModuleManager: Shutting down and abandoning module VisualStudioSourceCodeAccess (105)
[2016.02.19-21.42.45:706][569]LogModuleManager: Shutting down and abandoning module UObjectPlugin (104)
[2016.02.19-21.42.45:706][569]LogModuleManager: Shutting down and abandoning module SubversionSourceControl (103)
[2016.02.19-21.42.45:718][569]LogModuleManager: Shutting down and abandoning module PerforceSourceControl (102)
[2016.02.19-21.42.45:752][569]LogModuleManager: Shutting down and abandoning module SourceControl (101)
[2016.02.19-21.42.45:779][569]LogModuleManager: Shutting down and abandoning module GitSourceControl (100)
[2016.02.19-21.42.45:787][569]LogModuleManager: Shutting down and abandoning module LightPropagationVolumeEditor (99)
[2016.02.19-21.42.45:787][569]LogModuleManager: Shutting down and abandoning module PaperTiledImporter (98)
[2016.02.19-21.42.45:797][569]LogModuleManager: Shutting down and abandoning module PaperSpriteSheetImporter (97)
[2016.02.19-21.42.45:798][569]LogModuleManager: Shutting down and abandoning module MeshPaint (96)
[2016.02.19-21.42.45:798][569]LogModuleManager: Shutting down and abandoning module SlateReflector (95)
[2016.02.19-21.42.45:828][569]LogModuleManager: Shutting down and abandoning module HotReload (94)
[2016.02.19-21.42.45:834][569]LogModuleManager: Shutting down and abandoning module MainFrame (93)
[2016.02.19-21.42.45:834][569]LogModuleManager: Shutting down and abandoning module LevelEditor (92)
[2016.02.19-21.42.45:848][569]LogModuleManager: Shutting down and abandoning module ContentBrowser (91)
[2016.02.19-21.42.45:849][569]LogModuleManager: Shutting down and abandoning module Paper2DEditor (90)
[2016.02.19-21.42.45:874][569]LogModuleManager: Shutting down and abandoning module DirectoryWatcher (89)
[2016.02.19-21.42.45:877][569]LogModuleManager: Shutting down and abandoning module AssetRegistry (88)
[2016.02.19-21.42.46:047][569]LogModuleManager: Shutting down and abandoning module SubstanceCore (87)
[2016.02.19-21.42.46:082][569]LogModuleManager: Shutting down and abandoning module UdpMessaging (86)
[2016.02.19-21.42.46:183][569]LogModuleManager: Shutting down and abandoning module LightPropagationVolumeRuntime (85)
[2016.02.19-21.42.46:183][569]LogModuleManager: Shutting down and abandoning module Paper2D (84)
[2016.02.19-21.42.46:200][569]LogModuleManager: Shutting down and abandoning module WindowsMoviePlayer (83)
[2016.02.19-21.42.46:204][569]LogModuleManager: Shutting down and abandoning module Media (82)
[2016.02.19-21.42.46:204][569]LogModuleManager: Shutting down and abandoning module WmfMedia (81)
[2016.02.19-21.42.46:210][569]LogModuleManager: Shutting down and abandoning module OnlineBlueprintSupport (80)
[2016.02.19-21.42.46:210][569]LogModuleManager: Shutting down and abandoning module GameplayTasksEditor (79)
[2016.02.19-21.42.46:210][569]LogModuleManager: Shutting down and abandoning module PropertyEditor (78)
[2016.02.19-21.42.46:210][569]LogModuleManager: Shutting down and abandoning module BehaviorTreeEditor (77)
[2016.02.19-21.42.46:238][569]LogModuleManager: Shutting down and abandoning module FunctionalTesting (76)
[2016.02.19-21.42.46:238][569]LogModuleManager: Shutting down and abandoning module CollisionAnalyzer (75)
[2016.02.19-21.42.46:250][569]LogModuleManager: Shutting down and abandoning module WorkspaceMenuStructure (74)
[2016.02.19-21.42.46:250][569]LogModuleManager: Shutting down and abandoning module MessageLog (73)
[2016.02.19-21.42.46:250][569]LogModuleManager: Shutting down and abandoning module Sequencer (72)
[2016.02.19-21.42.46:318][569]LogModuleManager: Shutting down and abandoning module AssetTools (71)
[2016.02.19-21.42.46:342][569]LogModuleManager: Shutting down and abandoning module UMGEditor (70)
[2016.02.19-21.42.46:372][569]LogModuleManager: Shutting down and abandoning module UMG (69)
[2016.02.19-21.42.46:394][569]LogModuleManager: Shutting down and abandoning module Slate (68)
[2016.02.19-21.42.46:394][569]LogModuleManager: Shutting down and abandoning module EditorStyle (67)
[2016.02.19-21.42.46:395][569]LogModuleManager: Shutting down and abandoning module SessionServices (66)
[2016.02.19-21.42.46:395][569]LogModuleManager: Shutting down and abandoning module SourceCodeAccess (65)
[2016.02.19-21.42.46:395][569]LogModuleManager: Shutting down and abandoning module HeadMountedDisplay (64)
[2016.02.19-21.42.46:395][569]LogModuleManager: Shutting down and abandoning module XAudio2 (63)
[2016.02.19-21.42.46:395][569]LogModuleManager: Shutting down and abandoning module Networking (61)
[2016.02.19-21.42.46:395][569]LogModuleManager: Shutting down and abandoning module Core (60)
[2016.02.19-21.42.46:395][569]LogModuleManager: Shutting down and abandoning module KismetCompiler (59)
[2016.02.19-21.42.46:395][569]LogModuleManager: Shutting down and abandoning module PhysXFormats (58)
[2016.02.19-21.42.46:395][569]LogModuleManager: Shutting down and abandoning module MeshUtilities (57)
[2016.02.19-21.42.46:436][569]LogModuleManager: Shutting down and abandoning module DerivedDataCache (56)
[2016.02.19-21.42.46:453][569]LogDerivedDataCache: Shutdown
[2016.02.19-21.42.46:453][569]LogModuleManager: Shutting down and abandoning module ShaderFormatOpenGL (55)
[2016.02.19-21.42.46:466][569]LogModuleManager: Shutting down and abandoning module ShaderFormatD3D (54)
[2016.02.19-21.42.46:466][569]LogModuleManager: Shutting down and abandoning module MetalShaderFormat (53)
[2016.02.19-21.42.46:474][569]LogModuleManager: Shutting down and abandoning module TextureFormatUncompressed (52)
[2016.02.19-21.42.46:475][569]LogModuleManager: Shutting down and abandoning module TextureFormatPVR (51)
[2016.02.19-21.42.46:475][569]LogModuleManager: Shutting down and abandoning module TextureFormatIntelISPCTexComp (50)
[2016.02.19-21.42.46:475][569]LogModuleManager: Shutting down and abandoning module TextureFormatDXT (49)
[2016.02.19-21.42.46:475][569]LogModuleManager: Shutting down and abandoning module ImageWrapper (48)
[2016.02.19-21.42.46:475][569]LogModuleManager: Shutting down and abandoning module TextureFormatASTC (47)
[2016.02.19-21.42.46:475][569]LogModuleManager: Shutting down and abandoning module TextureFormatAndroid (46)
[2016.02.19-21.42.46:475][569]LogModuleManager: Shutting down and abandoning module AudioFormatOpus (45)
[2016.02.19-21.42.46:478][569]LogModuleManager: Shutting down and abandoning module AudioFormatOgg (44)
[2016.02.19-21.42.46:479][569]LogModuleManager: Shutting down and abandoning module AudioFormatADPCM (43)
[2016.02.19-21.42.46:479][569]LogModuleManager: Shutting down and abandoning module LinuxTargetPlatform (42)
[2016.02.19-21.42.46:479][569]LogModuleManager: Shutting down and abandoning module LinuxServerTargetPlatform (41)
[2016.02.19-21.42.46:479][569]LogModuleManager: Shutting down and abandoning module LinuxNoEditorTargetPlatform (40)
[2016.02.19-21.42.46:479][569]LogModuleManager: Shutting down and abandoning module Messaging (39)
[2016.02.19-21.42.46:479][569]LogModuleManager: Shutting down and abandoning module IOSTargetPlatform (38)
[2016.02.19-21.42.46:479][569]LogModuleManager: Shutting down and abandoning module HTML5TargetPlatform (37)
[2016.02.19-21.42.46:479][569]LogModuleManager: Shutting down and abandoning module AndroidTargetPlatform (36)
[2016.02.19-21.42.46:479][569]LogModuleManager: Shutting down and abandoning module Android_PVRTCTargetPlatform (35)
[2016.02.19-21.42.46:479][569]LogModuleManager: Shutting down and abandoning module Android_MultiTargetPlatform (34)
[2016.02.19-21.42.46:479][569]LogModuleManager: Shutting down and abandoning module Android_ETC2TargetPlatform (33)
[2016.02.19-21.42.46:479][569]LogModuleManager: Shutting down and abandoning module Android_ETC1TargetPlatform (32)
[2016.02.19-21.42.46:479][569]LogModuleManager: Shutting down and abandoning module Android_DXTTargetPlatform (31)
[2016.02.19-21.42.46:479][569]LogModuleManager: Shutting down and abandoning module Android_ATCTargetPlatform (30)
[2016.02.19-21.42.46:479][569]LogModuleManager: Shutting down and abandoning module Android_ASTCTargetPlatform (29)
[2016.02.19-21.42.46:479][569]LogModuleManager: Shutting down and abandoning module WindowsTargetPlatform (28)
[2016.02.19-21.42.46:479][569]LogModuleManager: Shutting down and abandoning module WindowsServerTargetPlatform (27)
[2016.02.19-21.42.46:479][569]LogModuleManager: Shutting down and abandoning module WindowsNoEditorTargetPlatform (26)
[2016.02.19-21.42.46:480][569]LogModuleManager: Shutting down and abandoning module WindowsClientTargetPlatform (25)
[2016.02.19-21.42.46:480][569]LogModuleManager: Shutting down and abandoning module AllDesktopTargetPlatform (24)
[2016.02.19-21.42.46:480][569]LogModuleManager: Shutting down and abandoning module TargetPlatform (23)
[2016.02.19-21.42.46:480][569]LogModuleManager: Shutting down and abandoning module InputCore (22)
[2016.02.19-21.42.46:480][569]LogModuleManager: Shutting down and abandoning module Settings (21)
[2016.02.19-21.42.46:480][569]LogModuleManager: Shutting down and abandoning module OnlineSubsystem (19)
[2016.02.19-21.42.46:480][569]LogModuleManager: Shutting down and abandoning module HTTP (18)
[2016.02.19-21.42.48:483][569]LogModuleManager: Shutting down and abandoning module XMPP (17)
[2016.02.19-21.42.48:555][569]LogModuleManager: Shutting down and abandoning module OculusRift (16)
[2016.02.19-21.42.48:570][569]LogModuleManager: Shutting down and abandoning module ExampleDeviceProfileSelector (15)
[2016.02.19-21.42.48:570][569]LogModuleManager: Shutting down and abandoning module TextureCompressor (14)
[2016.02.19-21.42.48:570][569]LogModuleManager: Shutting down and abandoning module ShaderCore (13)
[2016.02.19-21.42.48:570][569]LogModuleManager: Shutting down and abandoning module Landscape (12)
[2016.02.19-21.42.48:570][569]LogModuleManager: Shutting down and abandoning module SlateRHIRenderer (11)
[2016.02.19-21.42.48:589][569]LogModuleManager: Shutting down and abandoning module OpenGLDrv (10)
[2016.02.19-21.42.48:603][569]LogModuleManager: Shutting down and abandoning module D3D11RHI (9)
[2016.02.19-21.42.48:603][569]LogModuleManager: Shutting down and abandoning module AnimGraphRuntime (8)
[2016.02.19-21.42.48:617][569]LogModuleManager: Shutting down and abandoning module Renderer (7)
[2016.02.19-21.42.48:617][569]LogModuleManager: Shutting down and abandoning module Engine (6)
[2016.02.19-21.42.48:617][569]LogModuleManager: Shutting down and abandoning module CoreUObject (5)
[2016.02.19-21.42.48:617][569]LogModuleManager: Shutting down and abandoning module NetworkFile (4)
[2016.02.19-21.42.48:625][569]LogModuleManager: Shutting down and abandoning module StreamingFile (3)
[2016.02.19-21.42.48:626][569]LogModuleManager: Shutting down and abandoning module SandboxFile (2)
[2016.02.19-21.42.48:630][569]LogModuleManager: Shutting down and abandoning module PakFile (1)
[2016.02.19-21.42.48:640][569]LogExit: Exiting.
[2016.02.19-21.42.48:647][569]Log file closed, 02/19/16 21:42:48
