[2016.02.19-18.16.09:056][  0]Log file open, 02/19/16 18:16:09
[2016.02.19-18.16.09:056][  0]LogInit:Display: Running engine for game: ForestTale
[2016.02.19-18.16.09:056][  0]LogPlatformFile: Not using cached read wrapper
[2016.02.19-18.16.09:056][  0]LogInit:Display: RandInit(1155245415) SRandInit(1155245415).
[2016.02.19-18.16.09:056][  0]LogTaskGraph: Started task graph with 4 named threads and 7 total threads.
[2016.02.19-18.16.09:056][  0]LogStats: Stats thread started at 3.182677
[2016.02.19-18.16.09:056][  0]LogExit: Preparing to exit.
[2016.02.19-18.16.09:221][  0]LogModuleManager: Shutting down and abandoning module TextureCompressor (14)
[2016.02.19-18.16.09:222][  0]LogModuleManager: Shutting down and abandoning module ShaderCore (13)
[2016.02.19-18.16.09:222][  0]LogModuleManager: Shutting down and abandoning module Landscape (12)
[2016.02.19-18.16.09:222][  0]LogModuleManager: Shutting down and abandoning module SlateRHIRenderer (11)
[2016.02.19-18.16.09:245][  0]LogModuleManager: Shutting down and abandoning module OpenGLDrv (10)
[2016.02.19-18.16.09:270][  0]LogModuleManager: Shutting down and abandoning module D3D11RHI (9)
[2016.02.19-18.16.09:270][  0]LogModuleManager: Shutting down and abandoning module AnimGraphRuntime (8)
[2016.02.19-18.16.09:284][  0]LogModuleManager: Shutting down and abandoning module Renderer (7)
[2016.02.19-18.16.09:307][  0]LogModuleManager: Shutting down and abandoning module Engine (6)
[2016.02.19-18.16.09:307][  0]LogModuleManager: Shutting down and abandoning module CoreUObject (5)
[2016.02.19-18.16.09:307][  0]LogModuleManager: Shutting down and abandoning module NetworkFile (4)
[2016.02.19-18.16.09:315][  0]LogModuleManager: Shutting down and abandoning module StreamingFile (3)
[2016.02.19-18.16.09:315][  0]LogModuleManager: Shutting down and abandoning module SandboxFile (2)
[2016.02.19-18.16.09:315][  0]LogModuleManager: Shutting down and abandoning module PakFile (1)
[2016.02.19-18.16.09:349][  0]LogExit: Exiting.
[2016.02.19-18.16.09:350][  0]Log file closed, 02/19/16 18:16:09
