[2016.02.16-13.17.33:146][  0]Log file open, 02/16/16 13:17:33
[2016.02.16-13.17.33:146][  0]LogInit:Display: Running engine for game: ForestTale
[2016.02.16-13.17.33:146][  0]LogPlatformFile: Not using cached read wrapper
[2016.02.16-13.17.33:146][  0]LogInit:Display: RandInit(-850856436) SRandInit(-850856433).
[2016.02.16-13.17.33:146][  0]LogTaskGraph: Started task graph with 4 named threads and 7 total threads.
[2016.02.16-13.17.33:146][  0]LogStats: Stats thread started at 20.327098
[2016.02.16-13.17.33:146][  0]LogExit: Preparing to exit.
[2016.02.16-13.17.33:410][  0]LogModuleManager: Shutting down and abandoning module TextureCompressor (14)
[2016.02.16-13.17.33:410][  0]LogModuleManager: Shutting down and abandoning module ShaderCore (13)
[2016.02.16-13.17.33:410][  0]LogModuleManager: Shutting down and abandoning module Landscape (12)
[2016.02.16-13.17.33:410][  0]LogModuleManager: Shutting down and abandoning module SlateRHIRenderer (11)
[2016.02.16-13.17.33:455][  0]LogModuleManager: Shutting down and abandoning module OpenGLDrv (10)
[2016.02.16-13.17.33:522][  0]LogModuleManager: Shutting down and abandoning module D3D11RHI (9)
[2016.02.16-13.17.33:522][  0]LogModuleManager: Shutting down and abandoning module AnimGraphRuntime (8)
[2016.02.16-13.17.33:566][  0]LogModuleManager: Shutting down and abandoning module Renderer (7)
[2016.02.16-13.17.33:585][  0]LogModuleManager: Shutting down and abandoning module Engine (6)
[2016.02.16-13.17.33:608][  0]LogModuleManager: Shutting down and abandoning module CoreUObject (5)
[2016.02.16-13.17.33:621][  0]LogModuleManager: Shutting down and abandoning module NetworkFile (4)
[2016.02.16-13.17.33:625][  0]LogModuleManager: Shutting down and abandoning module StreamingFile (3)
[2016.02.16-13.17.33:625][  0]LogModuleManager: Shutting down and abandoning module SandboxFile (2)
[2016.02.16-13.17.33:625][  0]LogModuleManager: Shutting down and abandoning module PakFile (1)
[2016.02.16-13.17.33:675][  0]LogExit: Exiting.
[2016.02.16-13.17.33:676][  0]Log file closed, 02/16/16 13:17:33
